\BOOKMARK [1][-]{section.1}{TODO}{}% 1
\BOOKMARK [1][-]{section.2}{Important Notes to Self}{}% 2
\BOOKMARK [2][-]{subsection.2.1}{Common Mistakes}{section.2}% 3
\BOOKMARK [1][-]{section.3}{Measure Theory Definitions and Theorems}{}% 4
\BOOKMARK [2][-]{subsection.3.1}{Integration}{section.3}% 5
\BOOKMARK [2][-]{subsection.3.2}{Convergence in Measure \(WIP\)}{section.3}% 6
\BOOKMARK [2][-]{subsection.3.3}{Lebesgue-Radon-Nikodym}{section.3}% 7
\BOOKMARK [2][-]{subsection.3.4}{Lebesgue Differentiation}{section.3}% 8
\BOOKMARK [2][-]{subsection.3.5}{Egorov's and Lusin's Theorems \(WIP\)}{section.3}% 9
\BOOKMARK [2][-]{subsection.3.6}{\200}{section.3}% 10
\BOOKMARK [1][-]{section.4}{Convergence Theorems for Lebesgue Integrals}{}% 11
\BOOKMARK [2][-]{subsection.4.1}{A Few Remarks on Measurable Limits}{section.4}% 12
\BOOKMARK [2][-]{subsection.4.2}{The Main Lemma}{section.4}% 13
\BOOKMARK [2][-]{subsection.4.3}{The Main Theorems}{section.4}% 14
\BOOKMARK [2][-]{subsection.4.4}{Scheff\351's Lemma}{section.4}% 15
\BOOKMARK [1][-]{section.5}{Functional Analysis Theorems}{}% 16
\BOOKMARK [2][-]{subsection.5.1}{Banach-Steinhaus}{section.5}% 17
\BOOKMARK [2][-]{subsection.5.2}{Hahn-Banach}{section.5}% 18
\BOOKMARK [2][-]{subsection.5.3}{Open Mapping Theorem}{section.5}% 19
\BOOKMARK [1][-]{section.6}{Closed Image Theorem}{}% 20
\BOOKMARK [2][-]{subsection.6.1}{Closed Range Theorem}{section.6}% 21
\BOOKMARK [1][-]{section.7}{Examples of Banach Spaces}{}% 22
\BOOKMARK [1][-]{section.8}{Locally Convex Analysis}{}% 23
\BOOKMARK [1][-]{section.9}{Stone-Weierstrass Theorem}{}% 24
\BOOKMARK [1][-]{section.10}{Duals and Weak-* Topology}{}% 25
\BOOKMARK [2][-]{subsection.10.1}{Definitions}{section.10}% 26
\BOOKMARK [2][-]{subsection.10.2}{Reflexive Spaces}{section.10}% 27
\BOOKMARK [2][-]{subsection.10.3}{Weak Convergence}{section.10}% 28
\BOOKMARK [2][-]{subsection.10.4}{The Weak-* Topology}{section.10}% 29
\BOOKMARK [1][-]{section.11}{Measure Theory}{}% 30
\BOOKMARK [1][-]{section.12}{Spectral Theory}{}% 31
\BOOKMARK [2][-]{subsection.12.1}{Some Lemmas}{section.12}% 32
\BOOKMARK [2][-]{subsection.12.2}{Basic Properties}{section.12}% 33
\BOOKMARK [2][-]{subsection.12.3}{Spectral Radius}{section.12}% 34
\BOOKMARK [2][-]{subsection.12.4}{Some More Properties of the Spectrum}{section.12}% 35
\BOOKMARK [1][-]{section.13}{Compact Operators on Normed Spaces}{}% 36
\BOOKMARK [2][-]{subsection.13.1}{Definition and Basic Properties}{section.13}% 37
\BOOKMARK [2][-]{subsection.13.2}{Examples and Ascoli's Theorem}{section.13}% 38
\BOOKMARK [2][-]{subsection.13.3}{Spectrum of Compact Operators}{section.13}% 39
\BOOKMARK [2][-]{subsection.13.4}{The Approximation Property}{section.13}% 40
\BOOKMARK [1][-]{section.14}{Spectral Theory of Self-Adjoint Operators \(WORK IN PROGRESSS!!!\)}{}% 41
\BOOKMARK [1][-]{section.15}{Some Facts about Lp Space}{}% 42
\BOOKMARK [1][-]{section.16}{Fourier Series}{}% 43
\BOOKMARK [1][-]{section.17}{Operator Topologies}{}% 44
\BOOKMARK [1][-]{section.18}{Proving Sets Are Meager}{}% 45
