\BOOKMARK [1][-]{section.1}{\376\377\000L\000a\000n\000g\000-\000N\000i\000s\000h\000i\000m\000u\000r\000a}{}% 1
\BOOKMARK [1][-]{section.2}{\376\377\000E\0008\000\040\000l\000a\000t\000t\000i\000c\000e}{}% 2
\BOOKMARK [1][-]{section.3}{\376\377\000R\000o\000o\000t\000\040\000S\000t\000a\000c\000k\000s}{}% 3
\BOOKMARK [1][-]{section.4}{\376\377\000W\000e\000i\000e\000r\000s\000t\000r\000a\000s\000s\000\040\000P\000o\000i\000n\000t\000s}{}% 4
\BOOKMARK [1][-]{section.5}{\376\377\000M\000A\000P\000P}{}% 5
\BOOKMARK [1][-]{section.6}{\376\377\000E\000t\000a\000l\000e\000\040\000f\000u\000n\000d\000a\000m\000e\000n\000t\000a\000l\000\040\000g\000r\000o\000u\000p\000s\000\040\000a\000r\000e\000\040\000N\000O\000T\000\040\000p\000r\000o\000f\000i\000n\000i\000t\000e\000l\000y\000\040\000c\000o\000m\000p\000l\000e\000t\000e}{}% 6
\BOOKMARK [1][-]{section.7}{\376\377\000G\000r\000o\000t\000h\000e\000n\000d\000i\000e\000c\000k\000\040\000A\000b\000e\000l\000i\000a\000n\000\040\000C\000a\000t\000e\000g\000o\000r\000i\000e\000s}{}% 7
\BOOKMARK [1][-]{section.8}{\376\377\000G\000r\000i\000f\000f\000i\000t\000h\000s\000\040\000C\000o\000n\000j\000e\000c\000t\000u\000r\000e}{}% 8
\BOOKMARK [1][-]{section.9}{\376\377\000I\000n\000f\000i\000n\000i\000t\000e\000\040\000P\000r\000o\000d\000u\000c\000t\000s\000\040\000a\000r\000e\000\040\000n\000o\000t\000\040\000q\000u\000a\000s\000i\000-\000c\000o\000h\000e\000r\000e\000n\000t}{}% 9
\BOOKMARK [1][-]{section.10}{\376\377\000P\000o\000s\000i\000t\000r\000o\000n\000i\000u\000m\000\040\000L\000i\000f\000e\000t\000i\000m\000e\000s}{}% 10
\BOOKMARK [2][-]{subsection.10.1}{\376\377\000S\000e\000l\000e\000c\000t\000i\000o\000n\000\040\000r\000u\000l\000e\000s\000\040\000f\000o\000r\000\040\0002\000-\000p\000h\000o\000t\000o\000n\000\040\000a\000n\000n\000i\000h\000i\000l\000a\000t\000i\000o\000n}{section.10}% 11
\BOOKMARK [2][-]{subsection.10.2}{\376\377\000P\000o\000s\000i\000t\000r\000o\000n\000i\000u\000m\000\040\000D\000e\000c\000a\000y\000\040\000R\000a\000t\000e}{section.10}% 12
\BOOKMARK [2][-]{subsection.10.3}{\376\377\000D\000e\000c\000a\000y\000\040\000t\000o\000\040\000M\000a\000s\000s\000i\000v\000e\000\040\000B}{section.10}% 13
\BOOKMARK [1][-]{section.11}{\376\377\000P\000a\000r\000i\000t\000y\000\040\000\050\000a\000n\000d\000\040\000C\000\051\000\040\000V\000i\000o\000l\000a\000t\000i\000n\000g\000\040\000D\000e\000c\000a\000y}{}% 14
\BOOKMARK [2][-]{subsection.11.1}{\376\377\000e\000-\000\040\000+\000\040\000e\000+\000\040\000B}{section.11}% 15
\BOOKMARK [2][-]{subsection.11.2}{\376\377\000e\000-\000\040\000+\000\040\000e\000+\000\040\0002\000\040\000B}{section.11}% 16
\BOOKMARK [1][-]{section.12}{\376\377\000W\000e\000i\000g\000h\000t\000s}{}% 17
\BOOKMARK [2][-]{subsection.12.1}{\376\377\000T\000h\000e\000\040\000W\000e\000y\000l\000\040\000G\000r\000o\000u\000p\000\040\000A\000c\000t\000i\000o\000n}{section.12}% 18
\BOOKMARK [2][-]{subsection.12.2}{\376\377\000K\000i\000l\000l\000i\000n\000g\000\040\000F\000o\000r\000m}{section.12}% 19
\BOOKMARK [2][-]{subsection.12.3}{\376\377\000S\000U\000\050\0002\000\051}{section.12}% 20
\BOOKMARK [2][-]{subsection.12.4}{\376\377\000S\000U\000\050\0003\000\051}{section.12}% 21
\BOOKMARK [1][-]{section.13}{\376\377\000A\000p\000p\000e\000a\000r\000e\000n\000c\000e\000\040\000o\000f\000\040\000t\000h\000e\000\040\000a\000d\000j\000o\000i\000n\000t\000\040\000r\000e\000p\000r\000e\000s\000e\000n\000t\000a\000t\000i\000o\000n\000\040\000f\000o\000r\000\040\000m\000e\000s\000o\000n\000s}{}% 22
\BOOKMARK [1][-]{section.14}{\376\377\000T\000h\000e\000\040\000W\000a\000r\000d\000\040\000I\000d\000e\000n\000t\000i\000t\000y}{}% 23
\BOOKMARK [1][-]{section.15}{\376\377\000C\000o\000u\000l\000o\000m\000b\000\040\000S\000c\000a\000t\000t\000i\000n\000g\000\040\000i\000n\000\040\000Q\000F\000T\000\040\000\050\000P\000e\000s\000k\000i\000n\000\040\0004\000.\0004\000\040\000a\000n\000d\000\040\0005\000.\0001\000\051}{}% 24
\BOOKMARK [2][-]{subsection.15.1}{\376\377\000T\000i\000m\000e\000-\000i\000n\000d\000e\000p\000e\000n\000d\000e\000n\000t\000\040\000p\000o\000t\000e\000n\000t\000i\000a\000l\000s}{section.15}% 25
\BOOKMARK [2][-]{subsection.15.2}{\376\377\000B\000u\000i\000l\000d\000i\000n\000g\000\040\000W\000a\000v\000e\000p\000a\000c\000k\000e\000t\000s}{section.15}% 26
\BOOKMARK [2][-]{subsection.15.3}{\376\377\000C\000o\000u\000l\000o\000m\000b\000\040\000P\000o\000t\000e\000n\000t\000i\000a\000l}{section.15}% 27
\BOOKMARK [2][-]{subsection.15.4}{\376\377\000T\000h\000e\000\040\000s\000c\000a\000t\000t\000e\000r\000i\000n\000g\000\040\000a\000m\000p\000l\000t\000i\000t\000u\000d\000e}{section.15}% 28
\BOOKMARK [2][-]{subsection.15.5}{\376\377\000H\000e\000l\000i\000c\000i\000t\000y\000\040\000S\000t\000r\000u\000c\000t\000u\000r\000e\000\040\000o\000f\000\040\000t\000h\000e\000\040\000S\000c\000a\000t\000t\000e\000r\000i\000n\000g\000\040\000C\000r\000o\000s\000s\000\040\000S\000e\000c\000t\000i\000o\000n}{section.15}% 29
\BOOKMARK [1][-]{section.16}{\376\377\000Q\000F\000T\000\040\000n\000o\000t\000e\000s}{}% 30
\BOOKMARK [2][-]{subsection.16.1}{\376\377\000Q\000E\000D\000\040\000c\000o\000n\000s\000e\000r\000v\000e\000s\000\040\000c\000h\000i\000r\000a\000l\000i\000t\000y}{section.16}% 31
\BOOKMARK [2][-]{subsection.16.2}{\376\377\000W\000e\000i\000n\000b\000e\000r\000g\000-\000W\000i\000t\000t\000e\000n\000\040\000T\000h\000e\000o\000r\000e\000m}{section.16}% 32
\BOOKMARK [1][-]{section.17}{\376\377\000H\000o\000m\000o\000l\000o\000g\000i\000c\000a\000l\000.\000\040\000n\000u\000m\000e\000r\000i\000c\000a\000l\000,\000\040\000a\000n\000d\000\040\000a\000l\000g\000e\000b\000r\000a\000i\000c\000\040\000e\000q\000u\000i\000v\000a\000l\000e\000n\000c\000e}{}% 33
\BOOKMARK [1][-]{section.18}{\376\377\000F\000i\000b\000r\000a\000l\000\040\000C\000o\000n\000d\000i\000t\000i\000o\000n\000s}{}% 34
\BOOKMARK [2][-]{subsection.18.1}{\376\377\000C\000o\000n\000r\000a\000d\000\040\000M\000a\000t\000h\000\040\0002\0004\0008\000B\000\040\000H\000o\000m\000e\000w\000o\000r\000k\000\040\0008\000\040\000P\000r\000o\000b\000l\000e\000m\000\040\0002}{section.18}% 35
\BOOKMARK [2][-]{subsection.18.2}{\376\377\000\050\000i\000\051}{section.18}% 36
\BOOKMARK [2][-]{subsection.18.3}{\376\377\000\050\000i\000i\000\051}{section.18}% 37
\BOOKMARK [2][-]{subsection.18.4}{\376\377\000\050\000i\000i\000i\000\051}{section.18}% 38
\BOOKMARK [2][-]{subsection.18.5}{\376\377\000\050\000i\000v\000\051}{section.18}% 39
\BOOKMARK [2][-]{subsection.18.6}{\376\377\000S\000o\000m\000e\000\040\000L\000e\000m\000m\000a}{section.18}% 40
\BOOKMARK [2][-]{subsection.18.7}{\376\377\000T\000y\000p\000e\000\040\000\050\000a\000\051\000\040\000f\000i\000b\000r\000a\000l\000\040\000f\000i\000n\000i\000t\000e\000n\000e\000s\000s\000\040\000a\000n\000d\000\040\000i\000s\000o\000m\000o\000r\000p\000h\000s\000i\000s\000m}{section.18}% 41
\BOOKMARK [2][-]{subsection.18.8}{\376\377\000T\000y\000p\000e\000\040\000\050\000b\000\051\000\040\000F\000i\000b\000r\000a\000l\000\040\000P\000r\000o\000p\000e\000r\000n\000e\000s\000s\000\040\000a\000n\000d\000\040\000I\000s\000o\000m\000o\000r\000p\000h\000i\000s\000m}{section.18}% 42
\BOOKMARK [1][-]{section.19}{\376\377\000F\000l\000a\000t\000n\000e\000s\000s\000\040\000o\000f\000\040\000H\000i\000l\000b\000e\000r\000t\000\040\000a\000n\000d\000\040\000P\000i\000c\000a\000r\000d\000\040\000S\000c\000h\000e\000m\000e\000s}{}% 43
\BOOKMARK [1][-]{section.20}{\376\377\000N\000o\000t\000e\000s}{}% 44
\BOOKMARK [1][-]{section.21}{\376\377\000N\000e\000u\000t\000r\000i\000n\000o\000\040\000C\000o\000s\000m\000i\000c\000\040\000B\000a\000c\000k\000g\000r\000o\000u\000n\000d}{}% 45
\BOOKMARK [2][-]{subsection.21.1}{\376\377\000R\000e\000l\000a\000t\000i\000v\000i\000s\000t\000i\000c\000\040\000G\000a\000s}{section.21}% 46
\BOOKMARK [2][-]{subsection.21.2}{\376\377\000N\000e\000u\000t\000r\000i\000n\000o\000\040\000D\000e\000c\000o\000u\000p\000l\000i\000n\000g}{section.21}% 47
\BOOKMARK [1][-]{section.22}{\376\377\000M\000I\000T\000\040\000O\000C\000W\000\040\0008\000.\0000\0006\000\040\000D\000a\000r\000w\000i\000n\000\040\000T\000e\000r\000m}{}% 48
\BOOKMARK [2][-]{subsection.22.1}{\376\377\000H\000M\000\040\0002\000.\0004}{section.22}% 49
\BOOKMARK [2][-]{subsection.22.2}{\376\377\000H\000W\000\040\0003\000.\0002}{section.22}% 50
\BOOKMARK [2][-]{subsection.22.3}{\376\377\000T\000h\000e\000\040\000D\000a\000r\000w\000i\000n\000\040\000T\000e\000r\000m}{section.22}% 51
\BOOKMARK [1][-]{section.23}{\376\377\000S\000e\000m\000i\000s\000i\000m\000p\000l\000e\000\040\000A\000l\000g\000e\000b\000r\000a\000s}{}% 52
\BOOKMARK [2][-]{subsection.23.1}{\376\377\000J\000a\000c\000o\000b\000s\000o\000n\000\040\000R\000a\000d\000i\000c\000a\000l}{section.23}% 53
\BOOKMARK [2][-]{subsection.23.2}{\376\377\000N\000i\000l\000p\000o\000t\000e\000n\000c\000e}{section.23}% 54
\BOOKMARK [2][-]{subsection.23.3}{\376\377\000S\000e\000m\000i\000s\000i\000m\000p\000l\000e\000\040\000R\000i\000n\000g\000s}{section.23}% 55
\BOOKMARK [2][-]{subsection.23.4}{\376\377\000A\000r\000t\000i\000n\000-\000W\000e\000d\000d\000e\000r\000b\000u\000r\000n\000\040\000T\000h\000e\000o\000r\000e\000m}{section.23}% 56
\BOOKMARK [1][-]{section.24}{\376\377\000T\000E\000S\000T}{}% 57
