\BOOKMARK [1][-]{section.1}{TODO!!}{}% 1
\BOOKMARK [1][-]{section.2}{What I Want to Think About}{}% 2
\BOOKMARK [1][-]{section.3}{Some Questions I Have}{}% 3
\BOOKMARK [1][-]{section.4}{The Tautological Bundle}{}% 4
\BOOKMARK [1][-]{section.5}{MATH 275A 2021 Lecture 2}{}% 5
\BOOKMARK [2][-]{subsubsection.5.0.1}{Operators}{section.5}% 6
\BOOKMARK [3][-]{subsubsection.5.0.2}{Uncertainty Principle}{subsubsection.5.0.1}% 7
\BOOKMARK [3][-]{subsubsection.5.0.3}{Angular Momentum}{subsubsection.5.0.1}% 8
\BOOKMARK [1][-]{section.6}{The Tautological Bundle}{}% 9
\BOOKMARK [1][-]{section.7}{Some Connection Musings}{}% 10
\BOOKMARK [1][-]{section.8}{Counterexamples In Geometry}{}% 11
\BOOKMARK [1][-]{section.9}{Questions I was asked in interviews}{}% 12
\BOOKMARK [2][-]{subsection.9.1}{Oxford}{section.9}% 13
\BOOKMARK [2][-]{subsection.9.2}{LSGNT}{section.9}% 14
\BOOKMARK [1][-]{section.10}{Questions}{}% 15
\BOOKMARK [1][-]{section.11}{The Universal Elliptic Curve and Modular Forms}{}% 16
\BOOKMARK [1][-]{section.12}{How many nodes does a curve in \2663 have when projected to \2662}{}% 17
\BOOKMARK [1][-]{section.13}{Viewpoints on Cech Cohomology}{}% 18
\BOOKMARK [2][-]{subsection.13.1}{Cech Cohomology as the Cohomology of a Complex}{section.13}% 19
\BOOKMARK [2][-]{subsection.13.2}{Cech Cohomology as a Canonical Resolution}{section.13}% 20
\BOOKMARK [2][-]{subsection.13.3}{Cech Cohomology as a Derived Functor on Presheaves}{section.13}% 21
\BOOKMARK [2][-]{subsection.13.4}{The Degree 1 Case}{section.13}% 22
\BOOKMARK [1][-]{section.14}{Orientibility versus Two-Sidedness}{}% 23
\BOOKMARK [1][-]{section.15}{Stable Parallelizability of Spheres}{}% 24
\BOOKMARK [1][-]{section.16}{Some Questions}{}% 25
\BOOKMARK [2][-]{subsection.16.1}{Can I use Miracle Flatness at Only Closed Points}{section.16}% 26
\BOOKMARK [2][-]{subsection.16.2}{Do Regular Functions Separate Points}{section.16}% 27
\BOOKMARK [3][-]{subsubsection.16.2.1}{The Integral Case}{subsection.16.2}% 28
\BOOKMARK [1][-]{section.17}{Finite Intersection Property}{}% 29
\BOOKMARK [1][-]{section.18}{When Are Isometries Smooth}{}% 30
\BOOKMARK [1][-]{section.19}{Tangent Spaces a la EGA}{}% 31
\BOOKMARK [2][-]{subsubsection.19.0.1}{The Submersion Theorem}{section.19}% 32
\BOOKMARK [1][-]{section.20}{Genus and Reduction}{}% 33
\BOOKMARK [2][-]{subsection.20.1}{The Application to Projective Cones}{section.20}% 34
\BOOKMARK [1][-]{section.21}{Local Systems}{}% 35
\BOOKMARK [2][-]{subsection.21.1}{The Case of a Topological Space}{section.21}% 36
\BOOKMARK [2][-]{subsection.21.2}{The General Case of a Site}{section.21}% 37
\BOOKMARK [1][-]{section.22}{Images of Maximal Ideals}{}% 38
\BOOKMARK [1][-]{section.23}{Degree of a Pullback of Curves}{}% 39
\BOOKMARK [1][-]{section.24}{Unimodular Lattices}{}% 40
\BOOKMARK [1][-]{section.25}{Gradient Descent}{}% 41
\BOOKMARK [2][-]{subsection.25.1}{Convex Functions}{section.25}% 42
\BOOKMARK [2][-]{subsection.25.2}{Lipschitz Condition}{section.25}% 43
\BOOKMARK [1][-]{section.26}{Relationships between Geometric Categories}{}% 44
\BOOKMARK [1][-]{section.27}{G-Structure on the Cotangent Bundle}{}% 45
\BOOKMARK [1][-]{section.28}{Vector Bundles on Vector Bundles}{}% 46
\BOOKMARK [1][-]{section.29}{Why the Stabilizers in the Moduli Space of Elliptic Curves are important}{}% 47
\BOOKMARK [1][-]{section.30}{E-Fibrations}{}% 48
\BOOKMARK [1][-]{section.31}{Review of Basics}{}% 49
\BOOKMARK [1][-]{section.32}{Factoring Through a Point}{}% 50
\BOOKMARK [1][-]{section.33}{The Stack of All Curves is Not Separated}{}% 51
\BOOKMARK [2][-]{subsection.33.1}{The Stack of All Curves}{section.33}% 52
\BOOKMARK [1][-]{section.34}{Moduli of Smooth Fanos}{}% 53
\BOOKMARK [1][-]{section.35}{Isotrivial Families}{}% 54
\BOOKMARK [2][-]{subsection.35.1}{Using the Gerbes}{section.35}% 55
\BOOKMARK [2][-]{subsection.35.2}{WORK TO DO}{section.35}% 56
\BOOKMARK [1][-]{section.36}{Is Syntomic the topology that was promised?}{}% 57
\BOOKMARK [1][-]{section.37}{Connections on Principle Bundles}{}% 58
\BOOKMARK [1][-]{section.38}{When are Flag Varities Toric?}{}% 59
