\BOOKMARK [1][-]{section.1}{Local Cohomology}{}% 1
\BOOKMARK [1][-]{section.2}{Action on Fibres of Fibration}{}% 2
\BOOKMARK [1][-]{section.3}{Serre - Vanishing}{}% 3
\BOOKMARK [1][-]{section.4}{Computing Ext and Tor in the Second Argument}{}% 4
\BOOKMARK [2][-]{subsection.4.1}{Ext}{section.4}% 5
\BOOKMARK [2][-]{subsection.4.2}{Tor}{section.4}% 6
\BOOKMARK [2][-]{subsection.4.3}{Acyclicity}{section.4}% 7
\BOOKMARK [2][-]{subsection.4.4}{Tor for Sheaves}{section.4}% 8
\BOOKMARK [1][-]{section.5}{Depth of Field}{}% 9
\BOOKMARK [2][-]{subsection.5.1}{Hyperfocal Distance}{section.5}% 10
\BOOKMARK [1][-]{section.6}{Morphisms from Proper to Affine Schemes}{}% 11
\BOOKMARK [1][-]{section.7}{Irreducible Polynomials over Z}{}% 12
\BOOKMARK [1][-]{section.8}{Normalization}{}% 13
\BOOKMARK [1][-]{section.9}{A Very Werid Scheme}{}% 14
\BOOKMARK [1][-]{section.10}{Coproducts in the Category of Schemes}{}% 15
\BOOKMARK [1][-]{section.11}{NOTE LOOK UP THE PROOF FOR PROJ -> LOCALLY FREE}{}% 16
\BOOKMARK [1][-]{section.12}{Ravi Excersies}{}% 17
\BOOKMARK [2][-]{subsection.12.1}{6.5 F}{section.12}% 18
\BOOKMARK [2][-]{subsection.12.2}{6.5 G}{section.12}% 19
\BOOKMARK [2][-]{subsection.12.3}{6.5 H}{section.12}% 20
\BOOKMARK [2][-]{subsection.12.4}{6.5 I}{section.12}% 21
\BOOKMARK [2][-]{subsection.12.5}{6.5 J}{section.12}% 22
\BOOKMARK [1][-]{section.13}{Which Hypersurfaces are Isomorphic to Projective Space?}{}% 23
\BOOKMARK [1][-]{section.14}{Random Comalg Facts}{}% 24
\BOOKMARK [1][-]{section.15}{Open Questions}{}% 25
\BOOKMARK [1][-]{section.16}{To Do on Thesis}{}% 26
\BOOKMARK [1][-]{section.17}{When is a Sheaf a Pushforward}{}% 27
\BOOKMARK [1][-]{section.18}{Cayley-Hamilton}{}% 28
\BOOKMARK [1][-]{section.19}{Quasi-Compactness and Noetherian Spaces}{}% 29
\BOOKMARK [2][-]{subsection.19.1}{Irreducible Components}{section.19}% 30
\BOOKMARK [2][-]{subsection.19.2}{The Case for Schemes}{section.19}% 31
\BOOKMARK [2][-]{subsection.19.3}{Quasi-Compact Morphisms}{section.19}% 32
\BOOKMARK [1][-]{section.20}{Affine Morphisms}{}% 33
\BOOKMARK [1][-]{section.21}{Separatedness}{}% 34
\BOOKMARK [1][-]{section.22}{Sets Cut Out By Some Function}{}% 35
\BOOKMARK [1][-]{section.23}{The Topology of Schemes}{}% 36
\BOOKMARK [1][-]{section.24}{Ample Invertible Sheaves}{}% 37
\BOOKMARK [2][-]{subsection.24.1}{ of Ample Divisor is Affine}{section.24}% 38
\BOOKMARK [1][-]{section.25}{test}{}% 39
\BOOKMARK [1][-]{section.26}{Backup}{}% 40
\BOOKMARK [1][-]{section.27}{Rational Maps}{}% 41
\BOOKMARK [2][-]{subsection.27.1}{Glueing Rational Maps}{section.27}% 42
\BOOKMARK [2][-]{subsection.27.2}{The Locus on Which Morphisms Agree}{section.27}% 43
\BOOKMARK [2][-]{subsection.27.3}{Dominant Morphisms}{section.27}% 44
\BOOKMARK [2][-]{subsection.27.4}{Rational Functions}{section.27}% 45
\BOOKMARK [2][-]{subsection.27.5}{Birational Maps}{section.27}% 46
\BOOKMARK [2][-]{subsection.27.6}{Rational Varieties}{section.27}% 47
\BOOKMARK [2][-]{subsection.27.7}{Extending Rational Maps}{section.27}% 48
\BOOKMARK [2][-]{subsection.27.8}{Lemmas}{section.27}% 49
\BOOKMARK [1][-]{section.28}{Reflexive Sheaves}{}% 50
\BOOKMARK [1][-]{section.29}{Smooth Morphisms}{}% 51
\BOOKMARK [2][-]{subsection.29.1}{Kahler Differentials}{section.29}% 52
\BOOKMARK [2][-]{subsection.29.2}{Smooth Ring Maps}{section.29}% 53
\BOOKMARK [2][-]{subsection.29.3}{Smooth Morphisms of Schemes}{section.29}% 54
\BOOKMARK [2][-]{subsection.29.4}{Formal Maps}{section.29}% 55
\BOOKMARK [2][-]{subsection.29.5}{Intuition}{section.29}% 56
\BOOKMARK [1][-]{section.30}{Maps between Curves}{}% 57
\BOOKMARK [2][-]{subsection.30.1}{Maps of a Proper Curve are Finite}{section.30}% 58
\BOOKMARK [2][-]{subsection.30.2}{Maps of Normal Curves Are Flat}{section.30}% 59
\BOOKMARK [1][-]{section.31}{Serre Duality}{}% 60
\BOOKMARK [2][-]{subsection.31.1}{Some Homological Algebra}{section.31}% 61
\BOOKMARK [2][-]{subsection.31.2}{Tensor-Hom Adjunction Done Right}{section.31}% 62
\BOOKMARK [2][-]{subsection.31.3}{Tensor-Hom Adjunction for Sheaves}{section.31}% 63
\BOOKMARK [2][-]{subsection.31.4}{Depth and Cohen-Macaulayness}{section.31}% 64
\BOOKMARK [2][-]{subsection.31.5}{Serre Duality}{section.31}% 65
\BOOKMARK [1][-]{section.32}{The Koszul Complex}{}% 66
\BOOKMARK [2][-]{subsection.32.1}{Complete Intersections}{section.32}% 67
\BOOKMARK [1][-]{section.33}{Degree Zoo}{}% 68
\BOOKMARK [2][-]{subsection.33.1}{Degree of a Finite Map}{section.33}% 69
\BOOKMARK [2][-]{subsection.33.2}{The Case for Complete Varieties}{section.33}% 70
\BOOKMARK [2][-]{subsection.33.3}{Degree on Curves}{section.33}% 71
\BOOKMARK [2][-]{subsection.33.4}{Scheme Theoretic Image}{section.33}% 72
\BOOKMARK [2][-]{subsection.33.5}{Projective Degree}{section.33}% 73
\BOOKMARK [2][-]{subsection.33.6}{Relations Between Degrees}{section.33}% 74
\BOOKMARK [1][-]{section.34}{Some Counter Examples}{}% 75
\BOOKMARK [1][-]{section.35}{Stein Factorization}{}% 76
\BOOKMARK [1][-]{section.36}{Zariski's Main Theorem}{}% 77
\BOOKMARK [1][-]{section.37}{When is Pullback on Cohomology Injective}{}% 78
\BOOKMARK [1][-]{section.38}{Birational Invariance of Plurigenera}{}% 79
\BOOKMARK [1][-]{section.39}{Automorphisms and Closed Subschemes}{}% 80
\BOOKMARK [2][-]{subsection.39.1}{Proof of Picard Scheme Action Relation}{section.39}% 81
\BOOKMARK [1][-]{section.40}{Finite Maps}{}% 82
\BOOKMARK [2][-]{subsection.40.1}{Finite Locally Free Morphisms}{section.40}% 83
\BOOKMARK [2][-]{subsection.40.2}{Ramification}{section.40}% 84
\BOOKMARK [1][-]{section.41}{Some General Properties of Morphisms}{}% 85
\BOOKMARK [2][-]{subsection.41.1}{Monomorphisms}{section.41}% 86
\BOOKMARK [2][-]{subsection.41.2}{Implication of Properties}{section.41}% 87
\BOOKMARK [3][-]{subsubsection.41.2.1}{Categorical Pullback Properties}{subsection.41.2}% 88
\BOOKMARK [3][-]{subsubsection.41.2.2}{Properties of The Graph Morphism of Schemes}{subsection.41.2}% 89
\BOOKMARK [3][-]{subsubsection.41.2.3}{Implication of Properties}{subsection.41.2}% 90
\BOOKMARK [3][-]{subsubsection.41.2.4}{Application to the Category of Schemes}{subsection.41.2}% 91
\BOOKMARK [1][-]{section.42}{Quasi-Projective Morphisms}{}% 92
\BOOKMARK [2][-]{subsection.42.1}{Proper and Universally Closed Morphisms}{section.42}% 93
\BOOKMARK [1][-]{section.43}{Interesting Flasque Resolutions on Curves}{}% 94
\BOOKMARK [2][-]{subsection.43.1}{Godement Resolution}{section.43}% 95
\BOOKMARK [2][-]{subsection.43.2}{Subsheaves of Godement}{section.43}% 96
\BOOKMARK [2][-]{subsection.43.3}{The Case for Curves}{section.43}% 97
\BOOKMARK [2][-]{subsection.43.4}{Resolutions on Curves}{section.43}% 98
\BOOKMARK [1][-]{section.44}{Submodules of Locally Free Modules}{}% 99
\BOOKMARK [2][-]{subsection.44.1}{Computing \(Co\)Normal Bundles}{section.44}% 100
\BOOKMARK [1][-]{section.45}{Canonical Forms}{}% 101
\BOOKMARK [1][-]{section.46}{There is only one conic in \2662}{}% 102
\BOOKMARK [1][-]{section.47}{Connected Etale Covers}{}% 103
\BOOKMARK [1][-]{section.48}{Hilbert Spaces}{}% 104
\BOOKMARK [2][-]{subsection.48.1}{Basic Definitions}{section.48}% 105
\BOOKMARK [2][-]{subsection.48.2}{Operators}{section.48}% 106
\BOOKMARK [2][-]{subsection.48.3}{Basic Topological Properties}{section.48}% 107
\BOOKMARK [2][-]{subsection.48.4}{Dual Spaces}{section.48}% 108
\BOOKMARK [2][-]{subsection.48.5}{Adjoints}{section.48}% 109
\BOOKMARK [2][-]{subsection.48.6}{Weak Convergence}{section.48}% 110
\BOOKMARK [1][-]{section.49}{Soft Sheaves}{}% 111
\BOOKMARK [1][-]{section.50}{Acyclicity}{}% 112
\BOOKMARK [1][-]{section.51}{Classifying Principal G-bundles}{}% 113
\BOOKMARK [2][-]{subsection.51.1}{The Connected Case}{section.51}% 114
\BOOKMARK [2][-]{subsection.51.2}{Group Cohomology and Cocycles}{section.51}% 115
\BOOKMARK [3][-]{subsubsection.51.2.1}{Low Degree Computations}{subsection.51.2}% 116
\BOOKMARK [2][-]{subsection.51.3}{The General Case}{section.51}% 117
\BOOKMARK [2][-]{subsection.51.4}{Examples}{section.51}% 118
\BOOKMARK [1][-]{section.52}{Low Degree Terms of Specral Sequences}{}% 119
\BOOKMARK [2][-]{subsection.52.1}{Conormal Sheaves}{section.52}% 120
\BOOKMARK [2][-]{subsection.52.2}{Relative Differentials}{section.52}% 121
\BOOKMARK [1][-]{section.53}{Six Functors}{}% 122
\BOOKMARK [1][-]{section.54}{Locally Free Resolutions}{}% 123
\BOOKMARK [1][-]{section.55}{Finitely Presented Modules}{}% 124
\BOOKMARK [1][-]{section.56}{Incidence Correspondences}{}% 125
\BOOKMARK [2][-]{subsection.56.1}{Incidence Correspondence for Linear Systems}{section.56}% 126
\BOOKMARK [2][-]{subsection.56.2}{Incidence Correspondence in Higher Degrees}{section.56}% 127
\BOOKMARK [2][-]{subsection.56.3}{Incidence Correspondence For Projective Bundles}{section.56}% 128
\BOOKMARK [2][-]{subsection.56.4}{General Pencil Contains How Many Tangent Points to a Fixed Curve}{section.56}% 129
\BOOKMARK [1][-]{section.57}{Automorphisms of Functors}{}% 130
\BOOKMARK [1][-]{section.58}{The Meaning of Etale Local}{}% 131
\BOOKMARK [2][-]{subsection.58.1}{Examples}{section.58}% 132
\BOOKMARK [1][-]{section.59}{Cech Cohomology of G-covers}{}% 133
\BOOKMARK [1][-]{section.60}{Singularities of Holomorphic Functions}{}% 134
\BOOKMARK [1][-]{section.61}{Extending Entire Functions}{}% 135
\BOOKMARK [1][-]{section.62}{Conformal Geometry}{}% 136
\BOOKMARK [2][-]{subsection.62.1}{The Two Dimensional Case}{section.62}% 137
\BOOKMARK [1][-]{section.63}{Blow Ups and Canonical Bundles}{}% 138
\BOOKMARK [1][-]{section.64}{Groups acting on Schemes, Torsors, and Covers}{}% 139
\BOOKMARK [2][-]{subsection.64.1}{Surjective Torsors}{section.64}% 140
\BOOKMARK [2][-]{subsection.64.2}{Locally Trivial Torsors}{section.64}% 141
\BOOKMARK [2][-]{subsection.64.3}{G-Covers and Galois Covers}{section.64}% 142
\BOOKMARK [1][-]{section.65}{Some Random Notes on Categories and Stuff}{}% 143
\BOOKMARK [2][-]{subsection.65.1}{Group Objects in a Monoidal Category?}{section.65}% 144
\BOOKMARK [2][-]{subsection.65.2}{Monoidal Category acting on a Category}{section.65}% 145
\BOOKMARK [2][-]{subsection.65.3}{Modules for a Monoid}{section.65}% 146
\BOOKMARK [1][-]{section.66}{Descending Properties for Faithfully Flat Maps}{}% 147
\BOOKMARK [1][-]{section.67}{Local Freeness and Cohomology and Base Change}{}% 148
\BOOKMARK [2][-]{subsection.67.1}{Cohomology and Base Change}{section.67}% 149
\BOOKMARK [2][-]{subsection.67.2}{Ravi Exercises}{section.67}% 150
\BOOKMARK [2][-]{subsection.67.3}{Local Freeness}{section.67}% 151
\BOOKMARK [1][-]{section.68}{Some Ordinal Facts}{}% 152
\BOOKMARK [1][-]{section.69}{Some Facts about Orbits}{}% 153
\BOOKMARK [1][-]{section.70}{Perspectives on Derived Functors}{}% 154
\BOOKMARK [2][-]{subsection.70.1}{Hypercohomology Spectral Sequence}{section.70}% 155
\BOOKMARK [1][-]{section.71}{Reflective Subcategory}{}% 156
\BOOKMARK [1][-]{section.72}{Torsors don't have two commuting actions}{}% 157
\BOOKMARK [1][-]{section.73}{Notes on the action 1\(Y\) \040 [origin=c]-90 \040[X, Y]* }{}% 158
\BOOKMARK [1][-]{section.74}{Some Questions}{}% 159
\BOOKMARK [1][-]{section.75}{Action of the Lorentz Group on Celestial Sphere}{}% 160
