\BOOKMARK [1][-]{section.1}{\376\377\000T\000h\000o\000u\000g\000h\000t\000s\000\040\000O\000n\000\040\000U\000n\000i\000f\000o\000r\000m\000i\000z\000a\000t\000i\000o\000n}{}% 1
\BOOKMARK [1][-]{section.2}{\376\377\000T\000h\000e\000\040\000O\000n\000l\000y\000\040\000C\000o\000m\000m\000p\000a\000c\000t\000\040\000C\000o\000n\000n\000e\000c\000t\000e\000d\000\040\000C\000o\000m\000p\000l\000e\000x\000\040\000L\000i\000e\000\040\000G\000r\000o\000u\000p\000s\000\040\000a\000r\000e\000\040\000T\000o\000r\000i}{}% 2
\BOOKMARK [1][-]{section.3}{\376\377\000G\000-\000S\000t\000r\000u\000c\000t\000u\000r\000e\000s\000\040\000o\000n\000\040\000M\000a\000n\000i\000f\000o\000l\000d\000s}{}% 3
\BOOKMARK [1][-]{section.4}{\376\377\000I\000d\000e\000a\000s\000\040\000f\000o\000r\000\040\000S\000p\000l\000a\000s\000h}{}% 4
\BOOKMARK [2][-]{subsection.4.1}{\376\377\000A\000c\000t\000u\000a\000l\000l\000y\000,\000\040\000H\000o\000m\000o\000l\000o\000g\000y\000\040\000i\000s\000\040\000j\000u\000s\000t\000\040\000t\000h\000e\000\040\000E\000u\000l\000e\000r\000\040\000C\000h\000a\000r\000a\000c\000t\000e\000r\000i\000s\000t\000i\000c\000\040\000b\000u\000t\000\040\000M\000o\000r\000e}{section.4}% 5
\BOOKMARK [2][-]{subsection.4.2}{\376\377\000I\000n\000t\000e\000r\000s\000e\000c\000t\000i\000o\000n\000\040\000N\000u\000m\000b\000e\000r\000s\000:\000\040\000T\000h\000e\000\040\000N\000o\000n\000s\000e\000n\000s\000e\000\040\000B\000e\000g\000i\000n\000s}{section.4}% 6
\BOOKMARK [2][-]{subsection.4.3}{\376\377\000P\000o\000i\000n\000c\000a\000r\000e\000-\000H\000o\000p\000f\000:\000\040\000a\000\040\000T\000r\000e\000a\000t\000i\000c\000e\000\040\000o\000f\000\040\000P\000i\000c\000t\000o\000r\000i\000a\000l\000\040\000H\000a\000n\000d\000w\000a\000v\000e\000r\000y}{section.4}% 7
\BOOKMARK [2][-]{subsection.4.4}{\376\377\000T\000h\000e\000\040\000H\000a\000i\000r\000y\000\040\000B\000a\000l\000l\000\040\000T\000h\000e\000o\000r\000e\000m}{section.4}% 8
\BOOKMARK [2][-]{subsection.4.5}{\376\377\000C\000o\000m\000p\000l\000e\000x\000\040\000G\000e\000o\000m\000e\000t\000r\000y\000\040\0001\0000\0001\000:\000\040\000w\000h\000y\000\040\000i\000s\000\040\000e\000v\000e\000r\000y\000t\000h\000i\000n\000g\000\040\000s\000o\000\040\000R\000i\000g\000i\000d\000?}{section.4}% 9
\BOOKMARK [2][-]{subsection.4.6}{\376\377\000P\000l\000e\000a\000s\000e\000\040\000D\000o\000n\000'\000t\000\040\000T\000e\000l\000l\000\040\000M\000e\000\040\000Y\000o\000u\000'\000r\000e\000\040\000G\000o\000i\000n\000g\000\040\000t\000o\000\040\000T\000a\000l\000k\000\040\000A\000b\000o\000u\000t\000\040\000S\000c\000h\000e\000m\000e\000s\000!\000?}{section.4}% 10
\BOOKMARK [1][-]{section.5}{\376\377\000W\000h\000y\000\040\000S\000c\000h\000e\000m\000e\000s\000,\000\040\000W\000h\000y\000\040\000S\000h\000e\000a\000v\000e\000s}{}% 11
\BOOKMARK [1][-]{section.6}{\376\377\000T\000r\000a\000f\000f\000i\000c}{}% 12
\BOOKMARK [1][-]{section.7}{\376\377\000G\000a\000s\000e\000s}{}% 13
\BOOKMARK [1][-]{section.8}{\376\377\000R\000a\000d\000i\000a\000t\000i\000o\000n}{}% 14
\BOOKMARK [2][-]{subsection.8.1}{\376\377\000T\000h\000e\000\040\000W\000a\000v\000e\000\040\000E\000q\000u\000a\000t\000i\000o\000n\000s}{section.8}% 15
\BOOKMARK [2][-]{subsection.8.2}{\376\377\000T\000h\000e\000\040\000W\000a\000v\000e\000\040\000E\000q\000u\000a\000t\000i\000o\000n\000s\000\040\000f\000o\000r\000\040\000F\000i\000e\000l\000d\000s}{section.8}% 16
\BOOKMARK [2][-]{subsection.8.3}{\376\377\000T\000h\000e\000\040\000W\000a\000v\000e\000\040\000E\000q\000u\000a\000t\000i\000o\000n\000s\000\040\000f\000o\000r\000\040\000P\000o\000t\000e\000n\000t\000i\000a\000l\000s}{section.8}% 17
\BOOKMARK [2][-]{subsection.8.4}{\376\377\000R\000a\000d\000i\000a\000l\000\040\000S\000o\000l\000u\000t\000i\000o\000n\000\040\000t\000o\000\040\000t\000h\000e\000\040\000W\000a\000v\000e\000\040\000E\000q\000u\000a\000t\000i\000o\000n}{section.8}% 18
\BOOKMARK [2][-]{subsection.8.5}{\376\377\000C\000o\000m\000p\000u\000t\000i\000n\000g\000\040\000t\000h\000e\000\040\000S\000c\000a\000l\000a\000r\000\040\000P\000o\000t\000e\000n\000t\000i\000a\000l}{section.8}% 19
\BOOKMARK [2][-]{subsection.8.6}{\376\377\000C\000o\000m\000p\000u\000t\000i\000n\000g\000\040\000t\000h\000e\000\040\000F\000i\000e\000l\000d\000s}{section.8}% 20
\BOOKMARK [2][-]{subsection.8.7}{\376\377\000T\000h\000e\000\040\000P\000o\000y\000n\000t\000i\000n\000g\000\040\000V\000e\000c\000t\000o\000r}{section.8}% 21
\BOOKMARK [2][-]{subsection.8.8}{\376\377\000C\000o\000m\000p\000u\000t\000i\000n\000g\000\040\000t\000h\000e\000\040\000P\000o\000y\000n\000t\000i\000n\000g\000\040\000V\000e\000c\000t\000o\000r}{section.8}% 22
\BOOKMARK [2][-]{subsection.8.9}{\376\377\000S\000c\000a\000t\000t\000e\000r\000i\000n\000g}{section.8}% 23
\BOOKMARK [2][-]{subsection.8.10}{\376\377\000S\000c\000a\000t\000t\000e\000r\000i\000n\000g\000\040\000a\000\040\000L\000i\000n\000e\000a\000r\000l\000y\000\040\000P\000o\000l\000a\000r\000i\000z\000e\000d\000\040\000W\000a\000v\000e}{section.8}% 24
\BOOKMARK [2][-]{subsection.8.11}{\376\377\000S\000c\000a\000t\000t\000e\000r\000i\000n\000g\000\040\000w\000i\000t\000h\000\040\000A\000r\000b\000i\000t\000r\000a\000r\000y\000\040\000P\000o\000l\000a\000r\000i\000z\000a\000t\000i\000o\000n}{section.8}% 25
\BOOKMARK [2][-]{subsection.8.12}{\376\377\000T\000h\000e\000\040\000A\000v\000e\000r\000a\000g\000e\000d\000\040\000S\000c\000a\000t\000t\000e\000r\000i\000n\000g\000\040\000C\000r\000o\000s\000s\000\040\000S\000e\000c\000t\000i\000o\000n\000s}{section.8}% 26
\BOOKMARK [2][-]{subsection.8.13}{\376\377\000R\000a\000d\000i\000a\000t\000i\000o\000n\000\040\000F\000r\000o\000m\000\040\000a\000\040\000R\000e\000l\000a\000t\000i\000v\000i\000s\000t\000i\000c\000\040\000P\000a\000r\000t\000i\000c\000l\000e}{section.8}% 27
\BOOKMARK [2][-]{subsection.8.14}{\376\377\000Q\000E\000D\000\040\000C\000a\000l\000c\000u\000l\000a\000t\000i\000o\000n\000\040\000o\000f\000\040\000E\000l\000e\000c\000t\000r\000o\000n\000-\000P\000h\000o\000t\000o\000n\000\040\000S\000c\000a\000t\000t\000e\000r\000i\000n\000g}{section.8}% 28
\BOOKMARK [1][-]{section.9}{\376\377\000S\000y\000s\000t\000e\000m\000s\000\040\000o\000f\000\040\000L\000i\000n\000e\000a\000r\000\040\000O\000D\000E\000s}{}% 29
\BOOKMARK [1][-]{section.10}{\376\377\000H\000a\000r\000m\000o\000n\000i\000c\000\040\000F\000u\000n\000c\000t\000i\000o\000n\000s}{}% 30
\BOOKMARK [1][-]{section.11}{\376\377\000T\000h\000e\000\040\000M\000u\000l\000t\000i\000p\000o\000l\000e\000\040\000E\000x\000p\000a\000n\000s\000i\000o\000n}{}% 31
\BOOKMARK [2][-]{subsection.11.1}{\376\377\000T\000h\000e\000\040\000Z\000e\000r\000o\000t\000h\000\040\000M\000u\000l\000t\000i\000p\000o\000l\000e}{section.11}% 32
\BOOKMARK [2][-]{subsection.11.2}{\376\377\000T\000h\000e\000\040\000F\000i\000r\000s\000t\000\040\000M\000u\000l\000t\000i\000p\000o\000l\000e}{section.11}% 33
\BOOKMARK [2][-]{subsection.11.3}{\376\377\000T\000h\000e\000\040\000S\000e\000c\000o\000n\000d\000\040\000M\000u\000l\000t\000i\000p\000o\000l\000e}{section.11}% 34
\BOOKMARK [2][-]{subsection.11.4}{\376\377\000F\000o\000r\000c\000e\000\040\000a\000n\000d\000\040\000T\000o\000r\000q\000u\000e\000\040\000E\000q\000u\000a\000t\000i\000o\000n\000s}{section.11}% 35
\BOOKMARK [2][-]{subsection.11.5}{\376\377\000T\000h\000e\000\040\000D\000i\000p\000o\000l\000e\000\040\000F\000i\000e\000l\000d\000s}{section.11}% 36
\BOOKMARK [1][-]{section.12}{\376\377\000E\000l\000e\000c\000t\000r\000o\000m\000a\000g\000n\000e\000t\000i\000s\000m\000\040\000i\000n\000\040\000M\000a\000t\000e\000r}{}% 37
\BOOKMARK [2][-]{subsection.12.1}{\376\377\000D\000i\000p\000o\000l\000e\000\040\000D\000e\000n\000s\000i\000t\000i\000e\000s}{section.12}% 38
\BOOKMARK [2][-]{subsection.12.2}{\376\377\000T\000h\000e\000\040\000W\000a\000v\000e\000\040\000E\000q\000u\000a\000t\000i\000o\000n\000s}{section.12}% 39
\BOOKMARK [3][-]{subsubsection.12.2.1}{\376\377\000W\000a\000v\000e\000s\000\040\000I\000n\000\040\000L\000i\000n\000e\000a\000r\000\040\000M\000e\000d\000i\000a}{subsection.12.2}% 40
\BOOKMARK [2][-]{subsection.12.3}{\376\377\000M\000a\000c\000r\000o\000s\000c\000o\000p\000i\000c\000\040\000M\000a\000x\000w\000e\000l\000l\000\040\000E\000q\000u\000a\000t\000i\000o\000n\000s}{section.12}% 41
\BOOKMARK [2][-]{subsection.12.4}{\376\377\000M\000a\000c\000r\000o\000s\000c\000o\000p\000i\000c\000\040\000W\000a\000v\000e\000\040\000E\000q\000u\000a\000t\000i\000o\000n\000s}{section.12}% 42
\BOOKMARK [2][-]{subsection.12.5}{\376\377\000T\000h\000e\000\040\000D\000i\000e\000l\000e\000c\000t\000r\000i\000c\000\040\000S\000p\000h\000e\000r\000e}{section.12}% 43
\BOOKMARK [2][-]{subsection.12.6}{\376\377\000R\000a\000y\000l\000i\000e\000g\000h\000\040\000S\000c\000a\000t\000t\000e\000r\000i\000n\000g}{section.12}% 44
\BOOKMARK [1][-]{section.13}{\376\377\000F\000r\000e\000n\000s\000e\000l\000\040\000E\000q\000u\000a\000t\000i\000o\000n\000s}{}% 45
\BOOKMARK [1][-]{section.14}{\376\377\000C\000o\000n\000t\000i\000n\000u\000i\000t\000y\000\040\000a\000t\000\040\000a\000\040\000P\000o\000i\000n\000t}{}% 46
\BOOKMARK [1][-]{section.15}{\376\377\000L\000o\000c\000a\000l\000\040\000D\000i\000f\000f\000e\000o\000m\000o\000r\000p\000h\000i\000s\000m\000s}{}% 47
\BOOKMARK [1][-]{section.16}{\376\377\000I\000n\000d\000u\000c\000t\000i\000o\000n\000\040\000a\000n\000d\000\040\000C\000o\000I\000n\000d\000u\000c\000t\000i\000o\000n}{}% 48
\BOOKMARK [1][-]{section.17}{\376\377\000G\000r\000o\000u\000p\000\040\000C\000o\000h\000o\000m\000o\000l\000o\000g\000y}{}% 49
\BOOKMARK [1][-]{section.18}{\376\377\000O\000r\000i\000e\000n\000t\000a\000t\000i\000o\000n}{}% 50
\BOOKMARK [1][-]{section.19}{\376\377\000I\000s\000o\000m\000e\000t\000r\000i\000e\000s}{}% 51
\BOOKMARK [2][-]{subsection.19.1}{\376\377\000M\000a\000n\000i\000f\000o\000l\000d\000s\000\040\000o\000f\000\040\000Q\000u\000a\000d\000r\000a\000t\000i\000c\000\040\000F\000o\000r\000m\000s}{section.19}% 52
\BOOKMARK [1][-]{section.20}{\376\377\000C\000o\000r\000i\000o\000l\000i\000s\000\040\000F\000o\000r\000c\000e\000\040\000o\000n\000\040\000a\000\040\000S\000p\000h\000e\000r\000e}{}% 53
\BOOKMARK [1][-]{section.21}{\376\377\000L\000a\000n\000d\000a\000u\000\040\000L\000e\000v\000e\000l\000s}{}% 54
\BOOKMARK [1][-]{section.22}{\376\377\000C\000o\000n\000n\000e\000c\000t\000e\000d\000\040\000S\000e\000t\000s}{}% 55
\BOOKMARK [2][-]{subsection.22.1}{\376\377\000C\000o\000n\000n\000e\000c\000t\000e\000d\000\040\000C\000o\000m\000p\000o\000n\000e\000n\000t\000s}{section.22}% 56
\BOOKMARK [1][-]{section.23}{\376\377\000O\000s\000c\000i\000l\000l\000a\000t\000o\000r\000s}{}% 57
\BOOKMARK [2][-]{subsection.23.1}{\376\377\000F\000o\000u\000r\000i\000e\000r\000\040\000a\000n\000d\000\040\000L\000a\000p\000l\000a\000c\000e\000\040\000T\000r\000a\000n\000s\000f\000o\000r\000m\000s}{section.23}% 58
\BOOKMARK [2][-]{subsection.23.2}{\376\377\000L\000i\000n\000e\000a\000r\000\040\000T\000i\000m\000e\000\040\000I\000n\000v\000a\000r\000i\000a\000n\000t\000\040\000S\000y\000s\000t\000e\000m\000s}{section.23}% 59
\BOOKMARK [2][-]{subsection.23.3}{\376\377\000T\000h\000e\000\040\000D\000a\000m\000p\000e\000d\000\040\000H\000a\000r\000m\000o\000n\000i\000c\000\040\000O\000s\000c\000i\000l\000l\000a\000t\000o\000r}{section.23}% 60
\BOOKMARK [2][-]{subsection.23.4}{\376\377\000R\000e\000s\000o\000n\000a\000n\000c\000e}{section.23}% 61
\BOOKMARK [2][-]{subsection.23.5}{\376\377\000E\000n\000e\000r\000g\000y\000\040\000a\000n\000d\000\040\000Q\000u\000a\000l\000i\000t\000y\000\040\000o\000f\000\040\000R\000e\000s\000o\000n\000a\000t\000o\000r\000s}{section.23}% 62
\BOOKMARK [2][-]{subsection.23.6}{\376\377\000A\000t\000o\000m\000i\000c\000\040\000T\000r\000a\000n\000s\000i\000t\000i\000o\000n\000\040\000L\000i\000n\000e\000s}{section.23}% 63
\BOOKMARK [2][-]{subsection.23.7}{\376\377\000T\000h\000e\000\040\000L\000i\000n\000e\000\040\000P\000r\000o\000f\000i\000l\000e\000\040\000F\000o\000r\000\040\000E\000m\000i\000s\000s\000i\000o\000n\000\040\000a\000n\000d\000\040\000S\000c\000a\000t\000t\000e\000r\000i\000n\000g}{section.23}% 64
\BOOKMARK [1][-]{section.24}{\376\377\000T\000i\000m\000e\000-\000D\000e\000p\000e\000n\000d\000e\000n\000t\000\040\000P\000e\000r\000t\000u\000r\000b\000a\000t\000i\000o\000n\000\040\000T\000h\000e\000o\000r\000y}{}% 65
\BOOKMARK [1][-]{section.25}{\376\377\000T\000w\000o\000\040\000S\000t\000a\000t\000e\000\040\000S\000y\000s\000t\000e\000m\000s}{}% 66
\BOOKMARK [1][-]{section.26}{\376\377\000C\000o\000m\000\040\000A\000l\000g\000\040\000S\000t\000u\000f\000f}{}% 67
\BOOKMARK [2][-]{subsection.26.1}{\376\377\000S\000y\000m\000m\000e\000t\000r\000i\000c\000\040\000P\000o\000l\000y\000n\000o\000m\000i\000a\000l\000s}{section.26}% 68
\BOOKMARK [1][-]{section.27}{\376\377\000J\000a\000c\000o\000b\000i\000n\000s\000o\000n\000\040\000R\000a\000d\000i\000c\000a\000l}{}% 69
\BOOKMARK [1][-]{section.28}{\376\377\000H\000o\000p\000f\000\040\000F\000i\000b\000r\000a\000t\000i\000o\000n\000\040\000a\000n\000d\000\040\000S\000p\000i\000n}{}% 70
\BOOKMARK [1][-]{section.29}{\376\377\000G\000e\000n\000e\000r\000a\000l\000i\000z\000e\000d\000\040\000H\000o\000p\000f\000\040\000F\000i\000b\000r\000a\000t\000i\000o\000n}{}% 71
\BOOKMARK [1][-]{section.30}{\376\377\000F\000u\000n\000c\000t\000o\000r\000i\000a\000l\000\040\000M\000a\000p\000s\000\040\000o\000n\000\040\000C\000o\000h\000o\000m\000o\000l\000o\000g\000y}{}% 72
\BOOKMARK [2][-]{subsection.30.1}{\376\377\000T\000h\000e\000\040\000C\000a\000s\000e\000\040\000f\000o\000r\000\040\000M\000o\000d\000u\000l\000e\000s}{section.30}% 73
\BOOKMARK [2][-]{subsection.30.2}{\376\377\000A\000p\000p\000l\000i\000c\000a\000t\000i\000o\000n\000\040\000t\000o\000\040\000D\000i\000v\000i\000s\000o\000r\000s}{section.30}% 74
\BOOKMARK [2][-]{subsection.30.3}{\376\377\000T\000h\000e\000\040\000G\000r\000o\000t\000h\000e\000n\000d\000i\000e\000c\000k\000\040\000S\000p\000e\000c\000t\000r\000a\000l\000\040\000S\000e\000q\000u\000e\000n\000c\000e}{section.30}% 75
\BOOKMARK [1][-]{section.31}{\376\377\000N\000o\000r\000m\000a\000l\000i\000z\000a\000t\000i\000o\000n\000\040\000o\000f\000\040\000S\000c\000h\000e\000m\000e\000s}{}% 76
\BOOKMARK [1][-]{section.32}{\376\377\000T\000a\000l\000k\000\040\000N\000o\000v\000\040\0001}{}% 77
\BOOKMARK [1][-]{section.33}{\376\377\000R\000e\000g\000u\000l\000a\000r\000\040\000F\000u\000n\000c\000t\000i\000o\000n\000s}{}% 78
\BOOKMARK [1][-]{section.34}{\376\377\000J\000a\000c\000o\000b\000s\000o\000n\000\040\000R\000i\000n\000g\000s}{}% 79
\BOOKMARK [1][-]{section.35}{\376\377\000V\000e\000r\000s\000i\000o\000n\000s\000\040\000o\000f\000\040\000H\000i\000l\000b\000e\000r\000t\000'\000s\000\040\000N\000u\000l\000l\000s\000t\000e\000l\000l\000e\000n\000s\000a\000t\000z}{}% 80
\BOOKMARK [1][-]{section.36}{\376\377\000T\000h\000e\000\040\000E\000x\000p\000o\000n\000e\000n\000t\000i\000a\000l\000\040\000S\000e\000q\000u\000e\000n\000c\000e\000\040\000o\000f\000\040\000S\000h\000e\000a\000v\000e\000s}{}% 81
\BOOKMARK [1][-]{section.37}{\376\377\000C\000o\000l\000i\000n\000e\000a\000r\000\040\000P\000o\000i\000n\000t\000s\000\040\000F\000o\000r\000m\000\040\000a\000n\000\040\000A\000l\000g\000e\000b\000r\000a\000i\000c\000\040\000S\000u\000b\000s\000e\000t}{}% 82
\BOOKMARK [1][-]{section.38}{\376\377\000O\000n\000\040\000t\000h\000e\000\040\000H\000o\000d\000g\000e\000\040\000C\000o\000n\000j\000e\000c\000t\000u\000r\000e}{}% 83
\BOOKMARK [1][-]{section.39}{\376\377\000A\000b\000e\000l\000i\000a\000n\000\040\000V\000a\000r\000i\000e\000t\000i\000e\000s}{}% 84
\BOOKMARK [1][-]{section.40}{\376\377\000D\000e\000r\000i\000v\000e\000d\000\040\000N\000o\000n\000s\000e\000n\000s\000e}{}% 85
\BOOKMARK [1][-]{section.41}{\376\377\000C\000a\000r\000t\000e\000s\000i\000a\000n\000\040\000a\000n\000d\000\040\000C\000l\000o\000s\000e\000d\000\040\000C\000a\000t\000e\000g\000o\000r\000i\000e\000s}{}% 86
\BOOKMARK [2][-]{subsection.41.1}{\376\377\000C\000l\000o\000s\000e\000d\000\040\000C\000a\000t\000e\000g\000o\000r\000i\000e\000s}{section.41}% 87
\BOOKMARK [2][-]{subsection.41.2}{\376\377\000C\000a\000r\000t\000e\000s\000i\000a\000n\000\040\000C\000a\000t\000e\000g\000o\000r\000i\000e\000s}{section.41}% 88
\BOOKMARK [2][-]{subsection.41.3}{\376\377\000C\000o\000e\000x\000p\000o\000n\000e\000n\000t\000i\000a\000l\000\040\000O\000b\000j\000e\000c\000t\000s}{section.41}% 89
\BOOKMARK [1][-]{section.42}{\376\377\000C\000o\000n\000c\000r\000e\000t\000e\000\040\000C\000a\000t\000e\000g\000o\000i\000e\000s}{}% 90
\BOOKMARK [1][-]{section.43}{\376\377\000T\000h\000u\000r\000s\000t\000o\000n\000'\000s\000\040\000G\000e\000o\000m\000e\000t\000r\000i\000z\000a\000t\000i\000o\000n}{}% 91
\BOOKMARK [1][-]{section.44}{\376\377\000P\000r\000o\000d\000u\000c\000t\000s\000\040\000o\000f\000\040\000S\000c\000h\000e\000m\000e\000s\000\040\000\050\000W\000W\000I\000P\000\051}{}% 92
\BOOKMARK [2][-]{subsection.44.1}{\376\377\000G\000e\000n\000e\000r\000i\000c\000\040\000F\000l\000a\000t\000n\000e\000s\000s\000\040\000\050\000W\000I\000P\000\051}{section.44}% 93
\BOOKMARK [1][-]{section.45}{\376\377\000K\000a\000h\000l\000e\000r\000\040\000D\000i\000f\000f\000e\000r\000e\000n\000t\000i\000a\000l\000s\000\040\000\050\000W\000I\000P\000\051}{}% 94
\BOOKMARK [1][-]{section.46}{\376\377\000F\000i\000n\000i\000t\000e\000\040\000L\000o\000c\000a\000l\000l\000y\000\040\000F\000r\000e\000e\000\040\000M\000o\000d\000u\000l\000e\000s\000\040\000\050\000W\000I\000P\000\051}{}% 95
\BOOKMARK [1][-]{section.47}{\376\377\000L\000i\000n\000e\000\040\000B\000u\000n\000d\000l\000e\000s\000\040\000\050\000W\000I\000P\000\051}{}% 96
\BOOKMARK [1][-]{section.48}{\376\377\000C\000o\000m\000p\000a\000c\000t\000i\000f\000i\000c\000a\000t\000i\000o\000n\000s}{}% 97
\BOOKMARK [1][-]{section.49}{\376\377\000T\000h\000e\000\040\000S\000p\000i\000n\000\040\000S\000t\000a\000t\000i\000s\000t\000i\000c\000s\000\040\000T\000h\000e\000o\000r\000e\000m\000\040\000\050\000W\000I\000P\000\051}{}% 98
\BOOKMARK [1][-]{section.50}{\376\377\000R\000e\000p\000r\000e\000s\000e\000n\000t\000a\000t\000i\000o\000n\000\040\000T\000h\000e\000o\000r\000y\000:\000\040\000A\000n\000\040\000A\000n\000n\000o\000y\000i\000n\000g\000\040\000T\000a\000l\000e\000\040\000o\000f\000\040\000P\000h\000y\000s\000i\000c\000s\000\040\000N\000o\000t\000a\000t\000i\000o\000n}{}% 99
\BOOKMARK [1][-]{section.51}{\376\377\000M\000o\000d\000u\000l\000i\000\040\000S\000p\000a\000c\000e\000s\000\040\000\050\000W\000I\000P\000\051}{}% 100
\BOOKMARK [1][-]{section.52}{\376\377\000A\000b\000e\000l\000i\000a\000n\000\040\000V\000a\000r\000i\000e\000t\000i\000e\000s\000\040\000H\000a\000v\000e\000\040\000a\000\040\000U\000n\000i\000q\000u\000e\000\040\000G\000r\000o\000u\000p\000\040\000L\000a\000w\000\040\000\050\000W\000I\000P\000\051}{}% 101
\BOOKMARK [1][-]{section.53}{\376\377\000F\000i\000n\000e\000\040\000S\000h\000e\000a\000v\000e\000s}{}% 102
\BOOKMARK [1][-]{section.54}{\376\377\000L\000i\000e\000\040\000A\000l\000g\000e\000b\000r\000a\000\040\000C\000o\000h\000o\000m\000o\000l\000o\000g\000y}{}% 103
\BOOKMARK [2][-]{subsection.54.1}{\376\377\000T\000h\000e\000\040\000R\000e\000l\000a\000t\000i\000o\000n\000s\000h\000i\000p\000\040\000w\000i\000t\000h\000\040\000d\000e\000R\000h\000a\000m\000\040\000C\000o\000h\000o\000m\000o\000l\000o\000g\000y}{section.54}% 104
\BOOKMARK [1][-]{section.55}{\376\377\000P\000r\000o\000j\000e\000c\000t\000i\000v\000e\000\040\000R\000e\000p\000r\000e\000s\000e\000n\000t\000a\000t\000i\000o\000n\000s}{}% 105
\BOOKMARK [1][-]{section.56}{\376\377\000C\000o\000m\000p\000l\000e\000x\000i\000f\000i\000e\000d\000\040\000L\000i\000e\000\040\000G\000r\000o\000u\000p\000s\000\040\000a\000n\000d\000\040\000R\000e\000p\000r\000e\000s\000e\000n\000t\000a\000t\000i\000o\000n\000s}{}% 106
\BOOKMARK [1][-]{section.57}{\376\377\000M\000a\000g\000n\000e\000t\000i\000z\000a\000t\000i\000o\000n}{}% 107
\BOOKMARK [1][-]{section.58}{\376\377\000G\000e\000n\000e\000r\000i\000c\000\040\000S\000m\000o\000o\000t\000h\000n\000e\000s\000s}{}% 108
\BOOKMARK [1][-]{section.59}{\376\377\000M\000y\000s\000t\000e\000r\000i\000o\000u\000s\000l\000y\000\040\000H\000i\000g\000h\000e\000r\000\040\000G\000e\000n\000u\000s\000\040\000C\000u\000r\000v\000e\000s}{}% 109
\BOOKMARK [1][-]{section.60}{\376\377\000W\000h\000y\000\040\000D\000o\000e\000s\000\040\000T\000e\000n\000s\000o\000r\000\040\000P\000r\000o\000d\000u\000c\000t\000\040\000D\000i\000s\000t\000r\000i\000b\000u\000t\000e\000\040\000o\000v\000e\000r\000\040\000F\000i\000n\000i\000t\000e\000\040\000S\000u\000m\000s\000?}{}% 110
\BOOKMARK [2][-]{subsection.60.1}{\376\377\000W\000h\000y\000\040\000D\000o\000e\000s\000\040\000T\000h\000i\000s\000\040\000O\000n\000l\000y\000\040\000W\000o\000r\000k\000\040\000o\000n\000\040\000A\000f\000f\000i\000n\000e\000\040\000S\000c\000h\000e\000m\000e\000s\000?}{section.60}% 111
\BOOKMARK [1][-]{section.61}{\376\377\000S\000t\000u\000f\000f\000\040\000W\000i\000t\000h\000\040\000A\000f\000f\000i\000n\000e\000s}{}% 112
\BOOKMARK [1][-]{section.62}{\376\377\000Q\000u\000a\000s\000i\000-\000C\000o\000h\000e\000r\000e\000n\000t\000\040\000M\000o\000d\000u\000l\000e\000s}{}% 113
\BOOKMARK [1][-]{section.63}{\376\377\000H\000o\000m\000o\000t\000o\000p\000y\000\040\000a\000n\000d\000\040\000C\000a\000t\000e\000g\000o\000r\000y\000\040\000o\000f\000\040\000V\000e\000c\000t\000o\000r\000\040\000B\000u\000n\000d\000l\000e\000s}{}% 114
\BOOKMARK [1][-]{section.64}{\376\377\000R\000e\000m\000a\000r\000k\000\040\000o\000n\000\040\000S\000h\000e\000a\000v\000e\000s\000\040\000A\000s\000s\000o\000c\000i\000a\000t\000e\000d\000\040\000t\000o\000\040\000M\000o\000d\000u\000l\000e\000s}{}% 115
\BOOKMARK [1][-]{section.65}{\376\377\000T\000h\000o\000u\000g\000h\000t\000s\000\040\000o\000n\000\040\000S\000u\000b\000s\000c\000h\000e\000m\000e\000s\000\040\000c\000u\000t\000\040\000o\000u\000t\000\040\000b\000y\000\040\000s\000e\000c\000t\000i\000o\000n\000s\000\040\000o\000f\000\040\000L\000i\000n\000e\000\040\000B\000u\000n\000d\000l\000e\000s\000\040\000a\000n\000d\000\040\000M\000o\000r\000e\000\040\000G\000e\000n\000e\000r\000a\000l\000l\000y\000\040\000b\000y\000\040\000C\000o\000h\000e\000r\000e\000n\000t\000\040\000S\000h\000e\000a\000v\000e\000s}{}% 116
\BOOKMARK [1][-]{section.66}{\376\377\000C\000o\000h\000e\000r\000e\000n\000t\000\040\000S\000h\000e\000a\000v\000e\000s\000\040\000A\000r\000e\000\040\000G\000e\000n\000e\000r\000a\000t\000e\000d\000\040\000B\000y\000\040\000T\000w\000i\000s\000t\000s\000\040\000o\000f\000\040\000A\000m\000p\000l\000e\000\040\000S\000h\000e\000a\000f}{}% 117
\BOOKMARK [1][-]{section.67}{\376\377\000R\000e\000g\000u\000l\000a\000r\000\040\000R\000i\000n\000g\000s\000\040\000a\000n\000d\000\040\000S\000c\000h\000e\000m\000e\000s}{}% 118
\BOOKMARK [1][-]{section.68}{\376\377\000P\000i\000c\000a\000r\000d\000\040\000G\000r\000o\000u\000p\000s\000\040\000o\000f\000\040\000M\000o\000d\000e\000l\000s}{}% 119
\BOOKMARK [1][-]{section.69}{\376\377\000N\000e\000r\000o\000n\000\040\000M\000o\000d\000e\000l}{}% 120
\BOOKMARK [1][-]{section.70}{\376\377\000A\000u\000t\000o\000m\000o\000r\000p\000h\000i\000s\000m\000s}{}% 121
