\BOOKMARK [1][-]{section.1}{\376\377\000P\000C\000M\000I\000\040\000N\000o\000t\000e\000s}{}% 1
\BOOKMARK [2][-]{subsection.1.1}{\376\377\000G\000r\000o\000t\000h\000e\000n\000d\000i\000e\000c\000k\000\040\000S\000p\000e\000c\000i\000a\000l\000i\000z\000a\000t\000i\000o\000n\000\040\000f\000o\000r\000\040\000F\000u\000n\000d\000a\000m\000e\000n\000t\000a\000l\000\040\000G\000r\000o\000u\000p\000s}{section.1}% 2
\BOOKMARK [2][-]{subsection.1.2}{\376\377\000O\000p\000e\000n\000\040\000Q\000u\000e\000s\000t\000i\000o\000n\000s}{section.1}% 3
\BOOKMARK [1][-]{section.2}{\376\377\000L\000e\000c\000t\000u\000r\000e\000\040\0001\000\040\000F\000a\000b\000i\000e\000n\000\040\000M\000o\000r\000e\000l}{}% 4
\BOOKMARK [2][-]{subsection.2.1}{\376\377\000A\0001\000-\000a\000l\000g\000e\000b\000r\000a\000i\000c\000\040\000t\000o\000p\000o\000l\000o\000g\000y\000\040\000o\000v\000e\000r\000\040\000a\000\040\000f\000i\000e\000l\000d\000\040\000k}{section.2}% 5
\BOOKMARK [1][-]{section.3}{\376\377\000A\000r\000a\000v\000i\000n\000d\000\040\000A\000s\000o\000k\000\040\000\050\000U\000S\000C\000\051}{}% 6
\BOOKMARK [2][-]{subsection.3.1}{\376\377\000S\000p\000l\000i\000t\000t\000i\000n\000g\000\040\000a\000l\000g\000e\000b\000r\000a\000i\000c\000\040\000v\000e\000c\000t\000o\000r\000\040\000b\000u\000n\000d\000l\000e\000s\000\040\000I}{section.3}% 7
\BOOKMARK [2][-]{subsection.3.2}{\376\377\000V\000e\000c\000t\000o\000r\000\040\000B\000u\000n\000d\000l\000e\000s\000\040\000a\000n\000d\000\040\000M\000o\000t\000i\000v\000i\000c\000\040\000H\000o\000m\000o\000t\000o\000p\000y\000\040\000T\000h\000e\000o\000r\000y}{section.3}% 8
\BOOKMARK [1][-]{section.4}{\376\377\000N\000o\000t\000e\000s}{}% 9
\BOOKMARK [2][-]{subsection.4.1}{\376\377\000I\000r\000r\000e\000d\000u\000c\000i\000b\000l\000e\000\040\000R\000e\000p\000r\000e\000s\000e\000n\000t\000a\000t\000i\000o\000n\000s}{section.4}% 10
\BOOKMARK [2][-]{subsection.4.2}{\376\377\000H\000e\000l\000e\000n\000e\000\040\000a\000n\000d\000\040\000d\000e\000\040\000J\000o\000n\000g\000\040\000s\000h\000o\000w}{section.4}% 11
\BOOKMARK [1][-]{section.5}{\376\377\000A\000l\000e\000x\000a\000n\000d\000e\000r\000\040\000M\000e\000r\000k\000u\000r\000j\000e\000v\000\040\000l\000e\000c\000t\000u\000r\000e\000\040\0001}{}% 12
\BOOKMARK [1][-]{section.6}{\376\377\000B\000u\000r\000t\000\040\000T\000o\000t\000a\000r\000o\000\040\000I}{}% 13
\BOOKMARK [2][-]{subsection.6.1}{\376\377\000C\000l\000a\000s\000s\000i\000f\000y\000i\000n\000g\000\040\000S\000p\000a\000c\000e}{section.6}% 14
\BOOKMARK [2][-]{subsection.6.2}{\376\377\000C\000h\000o\000w\000\040\000G\000r\000o\000u\000p\000s}{section.6}% 15
\BOOKMARK [2][-]{subsection.6.3}{\376\377\000M\000o\000t\000i\000v\000i\000c\000\040\000C\000o\000h\000o\000m\000o\000l\000o\000g\000y}{section.6}% 16
\BOOKMARK [2][-]{subsection.6.4}{\376\377\000C\000h\000e\000r\000n\000\040\000c\000l\000a\000s\000s\000e\000s}{section.6}% 17
\BOOKMARK [2][-]{subsection.6.5}{\376\377\000C\000o\000b\000o\000r\000d\000i\000s\000m}{section.6}% 18
\BOOKMARK [1][-]{section.7}{\376\377\000B\000u\000r\000t\000\040\000L\000e\000c\000t\000u\000r\000e\000\040\0002}{}% 19
\BOOKMARK [1][-]{section.8}{\376\377\000D\000e\000\040\000J\000o\000n\000g\000'\000s\000\040\000C\000o\000n\000j\000e\000c\000t\000u\000r\000e}{}% 20
\BOOKMARK [1][-]{section.9}{\376\377\000U\000n\000d\000e\000r\000s\000t\000a\000n\000d\000i\000n\000g\000\040\000E\000s\000n\000a\000u\000l\000t\000-\000d\000e\000\040\000J\000o\000n\000g}{}% 21
\BOOKMARK [2][-]{subsection.9.1}{\376\377\000R\000u\000m\000e\000l\000y\000'\000s\000\040\000L\000o\000c\000a\000l\000-\000G\000l\000o\000b\000a\000l\000\040\000T\000h\000e\000o\000r\000e\000m}{section.9}% 22
\BOOKMARK [1][-]{section.10}{\376\377\000A\000r\000i\000t\000h\000m\000e\000t\000i\000c\000\040\000L\000o\000c\000a\000l\000\040\000S\000y\000s\000t\000e\000m\000s}{}% 23
\BOOKMARK [2][-]{subsection.10.1}{\376\377\000T\000h\000e\000o\000r\000e\000m\000s\000\040\000o\000n\000\040\000A\000r\000i\000t\000h\000m\000e\000t\000i\000c\000\040\000L\000o\000c\000a\000l\000\040\000S\000y\000s\000t\000e\000m\000s}{section.10}% 24
\BOOKMARK [1][-]{section.11}{\376\377\000C\000o\000m\000p\000a\000n\000i\000o\000n\000s}{}% 25
\BOOKMARK [2][-]{subsection.11.1}{\376\377\000D\000e\000s\000c\000r\000i\000b\000i\000n\000g\000\040\000t\000h\000e\000\040\000S\000i\000m\000p\000l\000e\000\040\000O\000b\000j\000e\000c\000t\000s}{section.11}% 26
\BOOKMARK [2][-]{subsection.11.2}{\376\377\000C\000o\000m\000p\000a\000i\000o\000n\000s\000\040\000T\000a\000k\000e\000\040\000I\000I\000:\000\040\000K\000e\000d\000l\000a\000y\000a}{section.11}% 27
\BOOKMARK [2][-]{subsection.11.3}{\376\377\000C\000o\000m\000p\000a\000n\000i\000o\000n\000s\000\040\000T\000a\000k\000e\000\040\000I\000I\000I\000:\000\040\000E\000s\000n\000a\000u\000l\000t}{section.11}% 28
\BOOKMARK [2][-]{subsection.11.4}{\376\377\000U\000s\000e\000\040\000o\000f\000\040\000M\000a\000z\000u\000r\000'\000s\000\040\000D\000e\000f\000o\000r\000m\000a\000t\000i\000o\000n\000\040\000S\000p\000a\000c\000e}{section.11}% 29
\BOOKMARK [2][-]{subsection.11.5}{\376\377\000U\000s\000i\000n\000g\000\040\000C\000o\000m\000p\000a\000i\000o\000n\000s}{section.11}% 30
\BOOKMARK [1][-]{section.12}{\376\377\000T\000o\000t\000a\000r\000o\000\040\000I\000I\000I}{}% 31
\BOOKMARK [1][-]{section.13}{\376\377\000H\000e\000l\000e\000n\000e\000'\000s\000\040\000L\000e\000c\000t\000u\000r\000e\000\040\000I\000I\000I}{}% 32
\BOOKMARK [1][-]{section.14}{\376\377\000B\000u\000r\000t\000\040\000I\000V}{}% 33
\BOOKMARK [1][-]{section.15}{\376\377\000W\000i\000c\000k\000e\000l\000g\000r\000e\000n}{}% 34
\BOOKMARK [1][-]{section.16}{\376\377\000P\000r\000o\000b\000l\000e\000m\000s}{}% 35
\BOOKMARK [2][-]{subsection.16.1}{\376\377\0001}{section.16}% 36
\BOOKMARK [2][-]{subsection.16.2}{\376\377\000P\000r\000o\000b\000l\000e\000m\000\040\0002}{section.16}% 37
\BOOKMARK [2][-]{subsection.16.3}{\376\377\000P\000r\000o\000b\000l\000e\000m\000\040\0003}{section.16}% 38
\BOOKMARK [3][-]{subsubsection.16.3.1}{\376\377\000\050\000a\000\051}{subsection.16.3}% 39
\BOOKMARK [3][-]{subsubsection.16.3.2}{\376\377\000\050\000b\000\051}{subsection.16.3}% 40
\BOOKMARK [1][-]{section.17}{\376\377\000M\000o\000t\000i\000v\000i\000c\000\040\000B\000r\000a\000u\000e\000r\000\040\000D\000e\000g\000r\000e\000e}{}% 41
\BOOKMARK [1][-]{section.18}{\376\377\000K\000i\000r\000s\000t\000e\000n\000'\000s\000\040\000P\000r\000o\000b\000l\000e\000m\000s}{}% 42
\BOOKMARK [2][-]{subsection.18.1}{\376\377\000P\000r\000o\000b\000l\000e\000m\000\040\0001}{section.18}% 43
\BOOKMARK [3][-]{subsubsection.18.1.1}{\376\377\000P\000r\000o\000b\000l\000e\000m\000\040\0002}{subsection.18.1}% 44
\BOOKMARK [3][-]{subsubsection.18.1.2}{\376\377\000P\000r\000o\000b\000l\000e\000m\000\040\0003}{subsection.18.1}% 45
\BOOKMARK [3][-]{subsubsection.18.1.3}{\376\377\000P\000r\000o\000b\000l\000e\000m\000\040\0004}{subsection.18.1}% 46
\BOOKMARK [3][-]{subsubsection.18.1.4}{\376\377\000P\000r\000o\000b\000l\000e\000m\000\040\0005}{subsection.18.1}% 47
\BOOKMARK [1][-]{section.19}{\376\377\000T\000o\000r\000s\000o\000r\000s\000\040\000o\000v\000e\000r\000\040\000a\000f\000f\000i\000n\000e\000\040\000c\000u\000r\000v\000e\000s\000\040\000I\000I}{}% 48
\BOOKMARK [2][-]{subsection.19.1}{\376\377\0004}{section.19}% 49
\BOOKMARK [1][-]{section.20}{\376\377\000A\000y\000o\000u\000b\000\040\000P\000r\000o\000b\000l\000e\000m\000s}{}% 50
\BOOKMARK [2][-]{subsection.20.1}{\376\377\0001}{section.20}% 51
\BOOKMARK [2][-]{subsection.20.2}{\376\377\0002}{section.20}% 52
\BOOKMARK [2][-]{subsection.20.3}{\376\377\0003}{section.20}% 53
\BOOKMARK [2][-]{subsection.20.4}{\376\377\0004}{section.20}% 54
\BOOKMARK [2][-]{subsection.20.5}{\376\377\0005}{section.20}% 55
\BOOKMARK [3][-]{subsubsection.20.5.1}{\376\377\000\050\000a\000\051}{subsection.20.5}% 56
\BOOKMARK [2][-]{subsection.20.6}{\376\377\000\050\000b\000\051}{section.20}% 57
\BOOKMARK [1][-]{section.21}{\376\377\000W\000i\000c\000k\000e\000l\000g\000r\000e\000n\000\040\000I\000I}{}% 58
\BOOKMARK [1][-]{section.22}{\376\377\000A\000y\000o\000u\000b\000\040\000P\000r\000o\000b\000l\000e\000m\000s\000\040\000I\000I}{}% 59
\BOOKMARK [2][-]{subsection.22.1}{\376\377\0001}{section.22}% 60
\BOOKMARK [2][-]{subsection.22.2}{\376\377\0002}{section.22}% 61
\BOOKMARK [2][-]{subsection.22.3}{\376\377\0003}{section.22}% 62
\BOOKMARK [2][-]{subsection.22.4}{\376\377\0004}{section.22}% 63
\BOOKMARK [1][-]{section.23}{\376\377\000G\000i\000l\000l\000e\000s\000\040\000I\000I\000I}{}% 64
\BOOKMARK [1][-]{section.24}{\376\377\000G\000i\000l\000l\000e\000s\000\040\000I\000V}{}% 65
\BOOKMARK [1][-]{section.25}{\376\377\000K\000i\000r\000s\000t\000e\000n\000\040\000P\000r\000o\000b\000l\000e\000m\000s\000\040\000I\000I\000I}{}% 66
\BOOKMARK [1][-]{section.26}{\376\377\000A\000y\000o\000u\000b\000\040\000P\000r\000o\000b\000l\000e\000m\000s\000\040\000I\000I\000I}{}% 67
\BOOKMARK [1][-]{section.27}{\376\377\0001}{}% 68
\BOOKMARK [1][-]{section.28}{\376\377\0002}{}% 69
\BOOKMARK [1][-]{section.29}{\376\377\0003}{}% 70
\BOOKMARK [1][-]{section.30}{\376\377\000G\000i\000l\000l\000e\000s\000\040\000P\000r\000o\000b\000l\000e\000s\000m\000\040\000I\000V}{}% 71
\BOOKMARK [2][-]{subsection.30.1}{\376\377\0001}{section.30}% 72
\BOOKMARK [3][-]{subsubsection.30.1.1}{\376\377\0001}{subsection.30.1}% 73
\BOOKMARK [3][-]{subsubsection.30.1.2}{\376\377\0002}{subsection.30.1}% 74
\BOOKMARK [3][-]{subsubsection.30.1.3}{\376\377\0003}{subsection.30.1}% 75
\BOOKMARK [3][-]{subsubsection.30.1.4}{\376\377\0004}{subsection.30.1}% 76
\BOOKMARK [3][-]{subsubsection.30.1.5}{\376\377\0005}{subsection.30.1}% 77
\BOOKMARK [3][-]{subsubsection.30.1.6}{\376\377\0006}{subsection.30.1}% 78
\BOOKMARK [3][-]{subsubsection.30.1.7}{\376\377\0007}{subsection.30.1}% 79
\BOOKMARK [2][-]{subsection.30.2}{\376\377\0002}{section.30}% 80
\BOOKMARK [2][-]{subsection.30.3}{\376\377\0003}{section.30}% 81
\BOOKMARK [2][-]{subsection.30.4}{\376\377\0004}{section.30}% 82
\BOOKMARK [1][-]{section.31}{\376\377\000M\000o\000r\000e\000l}{}% 83
\BOOKMARK [2][-]{subsection.31.1}{\376\377\000O\000n\000\040\0001\000A\0001}{section.31}% 84
\BOOKMARK [1][-]{section.32}{\376\377\000D\000e\000g\000l\000i\000s\000e\000\040\000I}{}% 85
\BOOKMARK [1][-]{section.33}{\376\377\000C\000h\000a\000r\000a\000c\000t\000e\000r\000i\000s\000t\000i\000c\000\040\000C\000l\000a\000s\000s\000e\000s\000\040\000I}{}% 86
\BOOKMARK [1][-]{section.34}{\376\377\000F\000i\000e\000l\000d\000\040\000A\000r\000i\000t\000h\000m\000e\000t\000i\000c\000\040\000a\000n\000d\000\040\000G\000a\000l\000o\000i\000s\000\040\000C\000o\000h\000o\000m\000o\000l\000o\000g\000y}{}% 87
\BOOKMARK [2][-]{subsection.34.1}{\376\377\000M\000i\000l\000n\000o\000r\000\040\000C\000o\000n\000j\000e\000c\000t\000u\000r\000e}{section.34}% 88
\BOOKMARK [1][-]{section.35}{\376\377\000R\000e\000m\000a\000r\000k\000\040\000o\000n\000\040\000L\000A\0001}{}% 89
\BOOKMARK [1][-]{section.36}{\376\377\000D\000e\000g\000l\000i\000s\000e\000\040\000I\000I}{}% 90
\BOOKMARK [2][-]{subsection.36.1}{\376\377\000C\000o\000b\000o\000r\000d\000i\000s\000m}{section.36}% 91
\BOOKMARK [2][-]{subsection.36.2}{\376\377\000M\000i\000l\000n\000o\000r\000\040\000s\000e\000q\000u\000e\000n\000c\000e}{section.36}% 92
\BOOKMARK [1][-]{section.37}{\376\377\000D\000e\000g\000l\000i\000s\000e\000\040\000I\000I\000\040\000P\000r\000o\000b\000l\000e\000m\000s}{}% 93
\BOOKMARK [2][-]{subsection.37.1}{\376\377\000T\000h\000e\000\040\000L\000a\000z\000a\000r\000d\000\040\000R\000i\000n\000g}{section.37}% 94
\BOOKMARK [3][-]{subsubsection.37.1.1}{\376\377\0002}{subsection.37.1}% 95
\BOOKMARK [3][-]{subsubsection.37.1.2}{\376\377\0004}{subsection.37.1}% 96
\BOOKMARK [3][-]{subsubsection.37.1.3}{\376\377\0005}{subsection.37.1}% 97
\BOOKMARK [1][-]{section.38}{\376\377\000S\000o\000m\000e\000\040\000N\000o\000t\000e\000s}{}% 98
\BOOKMARK [1][-]{section.39}{\376\377\000A\000l\000g\000e\000b\000r\000a\000i\000c\000\040\000K\000-\000T\000h\000e\000o\000r\000y}{}% 99
\BOOKMARK [2][-]{subsection.39.1}{\376\377\000N\000o\000t\000e\000s}{section.39}% 100
\BOOKMARK [1][-]{section.40}{\376\377\000G\000i\000l\000l\000e}{}% 101
\BOOKMARK [2][-]{subsection.40.1}{\376\377\000P\000a\000r\000t\000\040\0001}{section.40}% 102
\BOOKMARK [2][-]{subsection.40.2}{\376\377\000S\000t\000r\000o\000n\000g\000\040\000A\000p\000p\000r\000o\000x\000i\000m\000a\000t\000i\000o\000n}{section.40}% 103
\BOOKMARK [2][-]{subsection.40.3}{\376\377\000P\000a\000r\000t\000\040\0002}{section.40}% 104
\BOOKMARK [2][-]{subsection.40.4}{\376\377\000T\000o\000d\000o}{section.40}% 105
\BOOKMARK [1][-]{section.41}{\376\377\000R\000e\000a\000l\000\040\000P\000o\000i\000n\000t\000e\000d\000\040\000M\000o\000t\000i\000v\000i\000c\000\040\000E\000i\000l\000e\000n\000b\000e\000r\000g\000-\000M\000a\000c\000L\000a\000n\000e\000\040\000s\000p\000a\000c\000e\000s}{}% 106
\BOOKMARK [2][-]{subsection.41.1}{\376\377\000O\000r\000i\000e\000n\000t\000a\000t\000i\000o\000n}{section.41}% 107
\BOOKMARK [3][-]{subsubsection.41.1.1}{\376\377\000R\000e\000a\000l\000i\000z\000a\000t\000i\000o\000n\000s}{subsection.41.1}% 108
\BOOKMARK [3][-]{subsubsection.41.1.2}{\376\377\000-\000r\000e\000a\000l\000i\000z\000a\000t\000i\000o\000n}{subsection.41.1}% 109
\BOOKMARK [3][-]{subsubsection.41.1.3}{\376\377\000R\000a\000t\000i\000o\000n\000a\000l\000\040\000P\000a\000r\000t}{subsection.41.1}% 110
\BOOKMARK [2][-]{subsection.41.2}{\376\377\000M\000a\000i\000n\000\040\000r\000e\000s\000u\000l\000t}{section.41}% 111
