\BOOKMARK [1][-]{section.1}{\376\377\000F\000o\000l\000i\000a\000t\000i\000o\000n\000-\000o\000b\000s\000t\000r\000u\000c\000t\000i\000o\000n\000\040\000s\000e\000t\000u\000p}{}% 1
\BOOKMARK [1][-]{section.2}{\376\377\000B\000i\000g\000n\000e\000s\000s\000\040\000o\000f\000\040\000K\000F}{}% 2
\BOOKMARK [1][-]{section.3}{\376\377\000F\000o\000l\000i\000a\000t\000i\000o\000n\000\040\000B\000a\000s\000i\000c\000s}{}% 3
\BOOKMARK [1][-]{section.4}{\376\377\000S\000u\000r\000f\000a\000c\000e\000s\000\040\000o\000v\000e\000r\000\040\000Z}{}% 4
\BOOKMARK [1][-]{section.5}{\376\377\000S\000u\000r\000f\000a\000c\000e\000s\000\040\000t\000o\000\040\000T\000r\000y}{}% 5
\BOOKMARK [2][-]{subsection.5.1}{\376\377\000H\000o\000r\000i\000k\000a\000w\000a\000\040\000s\000u\000r\000f\000a\000c\000e\000s}{section.5}% 6
\BOOKMARK [2][-]{subsection.5.2}{\376\377\000H\000i\000l\000b\000e\000r\000t\000\040\000M\000o\000d\000u\000l\000a\000r\000\040\000S\000u\000r\000f\000a\000c\000e\000s}{section.5}% 7
\BOOKMARK [2][-]{subsection.5.3}{\376\377\000Q\000u\000o\000t\000i\000e\000n\000t\000\040\000o\000f\000\040\000P\000r\000o\000d\000u\000c\000t\000s\000\040\000o\000f\000\040\000C\000u\000r\000v\000e\000s}{section.5}% 8
\BOOKMARK [2][-]{subsection.5.4}{\376\377\000L\000i\000n\000e\000\040\000A\000r\000r\000a\000n\000g\000e\000m\000e\000n\000t\000\040\000V\000a\000r\000i\000t\000i\000e\000s}{section.5}% 9
\BOOKMARK [2][-]{subsection.5.5}{\376\377\000E\000x\000p\000l\000i\000c\000i\000t\000\040\000C\000o\000m\000p\000l\000e\000t\000e\000\040\000I\000n\000t\000e\000r\000s\000e\000c\000t\000i\000o\000n\000s}{section.5}% 10
\BOOKMARK [2][-]{subsection.5.6}{\376\377\000R\000E\000U\000\040\000E\000x\000a\000m\000p\000l\000e\000s}{section.5}% 11
\BOOKMARK [1][-]{section.6}{\376\377\000F\000o\000l\000i\000a\000t\000i\000o\000n\000s\000\040\000M\000e\000t\000h\000o\000d\000o\000l\000o\000g\000y}{}% 12
\BOOKMARK [2][-]{subsection.6.1}{\376\377\000W\000h\000a\000t\000\040\000p\000e\000o\000p\000l\000e\000\040\000s\000a\000y\000\040\000a\000b\000o\000u\000t\000\040\000M\000c\000Q\000u\000i\000l\000l\000a\000n\000'\000s\000\040\000p\000a\000p\000e\000r}{section.6}% 13
\BOOKMARK [3][-]{subsubsection.6.1.1}{\376\377\000A\000N\000\040\000E\000X\000P\000L\000I\000C\000I\000T\000\040\000B\000O\000U\000N\000D\000\040\000F\000O\000R\000\040\000T\000H\000E\000\040\000L\000O\000G\000-\000C\000A\000N\000O\000N\000I\000C\000A\000L\000\040\000D\000E\000G\000R\000E\000E\000\040\000O\000F\000\040\000C\000U\000R\000V\000E\000S\000\040\000O\000N\000\040\000O\000P\000E\000N\000\040\000S\000U\000R\000F\000A\000C\000E\000S}{subsection.6.1}% 14
\BOOKMARK [3][-]{subsubsection.6.1.2}{\376\377\000E\000f\000f\000e\000c\000t\000i\000v\000e\000\040\000a\000l\000g\000e\000b\000r\000a\000i\000c\000\040\000i\000n\000t\000e\000g\000r\000a\000t\000i\000o\000n\000\040\000i\000n\000\040\000b\000o\000u\000n\000d\000e\000d\000\040\000g\000e\000n\000u\000s\000,\000\040\000M\000o\000s\000t\000\040\000i\000n\000t\000e\000r\000e\000s\000t\000i\000n\000g\000\040\000p\000a\000r\000t\000\040\000o\000f\000\040\000M\000c\000Q\000u\000i\000l\000l\000a\000n\000'\000s\000\040\000c\000l\000a\000s\000s\000i\000f\000i\000c\000a\000t\000i\000o\000n\000\040\000o\000f\000\040\000f\000o\000l\000i\000a\000t\000i\000o\000n\000s}{subsection.6.1}% 15
\BOOKMARK [3][-]{subsubsection.6.1.3}{\376\377\000D\000e\000f\000i\000n\000i\000t\000i\000o\000n\000s}{subsection.6.1}% 16
\BOOKMARK [1][-]{section.7}{\376\377\000P\000l\000a\000c\000e\000\040\000t\000o\000\040\000C\000o\000l\000l\000e\000c\000t\000\040\000F\000o\000l\000i\000a\000t\000i\000o\000n\000\040\000R\000e\000s\000u\000l\000t\000s}{}% 17
\BOOKMARK [2][-]{subsubsection.7.0.1}{\376\377\000P\000a\000p\000e\000r\000\040\000o\000f\000\040\000L\000a\000n\000g\000e\000r}{section.7}% 18
\BOOKMARK [2][-]{subsection.7.1}{\376\377\000F\000o\000l\000i\000a\000i\000t\000o\000n\000s\000\040\000T\000o\000\040\000R\000e\000a\000d}{section.7}% 19
\BOOKMARK [1][-]{section.8}{\376\377\000P\000r\000o\000d\000u\000c\000t\000-\000Q\000u\000o\000t\000i\000e\000n\000t\000\040\000S\000u\000r\000f\000a\000c\000e\000s}{}% 20
\BOOKMARK [2][-]{subsection.8.1}{\376\377\000S\000i\000n\000g\000u\000l\000a\000r\000i\000t\000y\000\040\000T\000y\000p\000e\000s}{section.8}% 21
\BOOKMARK [2][-]{subsection.8.2}{\376\377\000S\000u\000r\000f\000a\000c\000e\000s\000\040\000w\000i\000t\000h\000\040\000p\000g\000\040\000=\000\040\0000\000\040\000a\000n\000d\000\040\000c\0001\0002\000\040\000=\000\040\000c\0002}{section.8}% 22
\BOOKMARK [2][-]{subsection.8.3}{\376\377\000B\000i\000g\000n\000e\000s\000s\000\040\000o\000f\000\040\000t\000h\000e\000\040\000C\000o\000t\000a\000n\000g\000e\000n\000t\000\040\000B\000u\000n\000d\000l\000e}{section.8}% 23
\BOOKMARK [1][-]{section.9}{\376\377\000E\000x\000p\000l\000i\000c\000i\000t\000\040\000F\000o\000r\000m\000u\000l\000a\000s\000\040\000f\000o\000r\000\040\000B\000i\000g\000n\000e\000s\000s}{}% 24
\BOOKMARK [2][-]{subsection.9.1}{\376\377\000O\000r\000b\000i\000f\000o\000l\000d}{section.9}% 25
\BOOKMARK [2][-]{subsection.9.2}{\376\377\000L\000o\000c\000a\000l\000\040\000E\000u\000l\000e\000r\000\040\000C\000h\000a\000r\000a\000c\000t\000e\000r\000i\000s\000t\000i\000c}{section.9}% 26
\BOOKMARK [2][-]{subsection.9.3}{\376\377\000C\000o\000m\000p\000l\000e\000t\000e\000\040\000I\000n\000t\000e\000r\000s\000e\000c\000t\000i\000o\000n\000s\000\040\000o\000f\000\040\000Q\000u\000a\000d\000r\000i\000c\000s}{section.9}% 27
\BOOKMARK [1][-]{section.10}{\376\377\000S\000u\000r\000f\000a\000c\000e\000s\000\040\000w\000i\000t\000h\000\040\000M\000a\000n\000y\000\040\000N\000o\000d\000e\000s}{}% 28
\BOOKMARK [2][-]{subsection.10.1}{\376\377\000S\000u\000r\000f\000a\000c\000e\000\040\000o\000f\000\040\000d\000e\000g\000r\000e\000\040\0005\000\040\000w\000i\000t\000h\000\040\000f\000o\000u\000r\000\040\000A\0009\000\040\000s\000i\000n\000g\000u\000l\000a\000r\000i\000t\000i\000e\000s}{section.10}% 29
\BOOKMARK [1][-]{section.11}{\376\377\000Q\000u\000e\000s\000t\000i\000o\000n\000s}{}% 30
