\BOOKMARK [1][-]{section.1}{\376\377\000F\000a\000c\000t\000s\000\040\000A\000b\000o\000u\000t\000\040\000t\000h\000e\000\040\000P\000i\000c\000a\000r\000d\000\040\000S\000c\000h\000e\000m\000e}{}% 1
\BOOKMARK [2][-]{subsection.1.1}{\376\377\000S\000o\000m\000e\000\040\000R\000e\000m\000a\000r\000k\000s\000\040\000A\000b\000o\000u\000t\000\040\000S\000i\000t\000e\000s}{section.1}% 2
\BOOKMARK [2][-]{subsection.1.2}{\376\377\000E\000x\000c\000e\000p\000t\000i\000o\000n\000a\000l\000\040\000P\000u\000s\000h\000f\000o\000r\000w\000a\000r\000d}{section.1}% 3
\BOOKMARK [1][-]{section.2}{\376\377\000R\000e\000m\000a\000r\000k\000s\000\040\000a\000b\000o\000u\000t\000\040\000M\000o\000d\000u\000l\000i\000\040\000T\000h\000e\000o\000r\000y}{}% 4
\BOOKMARK [1][-]{section.3}{\376\377\000A\000b\000e\000l\000i\000a\000n\000\040\000S\000c\000h\000e\000m\000e\000s}{}% 5
\BOOKMARK [2][-]{subsection.3.1}{\376\377\000T\000h\000e\000\040\000R\000e\000l\000a\000t\000i\000v\000e\000\040\000C\000a\000s\000e}{section.3}% 6
\BOOKMARK [1][-]{section.4}{\376\377\000E\000x\000a\000m\000p\000l\000e\000s}{}% 7
\BOOKMARK [2][-]{subsubsection.4.0.1}{\376\377\000C\000l\000a\000i\000m\000\040\0001}{section.4}% 8
\BOOKMARK [3][-]{subsubsection.4.0.2}{\376\377\000C\000l\000a\000i\000m\000\040\0002}{subsubsection.4.0.1}% 9
\BOOKMARK [3][-]{subsubsection.4.0.3}{\376\377\000C\000l\000a\000i\000m\000\040\0003}{subsubsection.4.0.1}% 10
\BOOKMARK [3][-]{subsubsection.4.0.4}{\376\377\000C\000l\000a\000i\000m\000\040\0004}{subsubsection.4.0.1}% 11
\BOOKMARK [1][-]{section.5}{\376\377\000T\000o\000r\000s\000o\000r\000s\000\040\000F\000o\000r\000\040\000A\000b\000e\000l\000i\000a\000n\000\040\000S\000c\000h\000e\000m\000e\000s}{}% 12
\BOOKMARK [1][-]{section.6}{\376\377\000P\000r\000o\000o\000f\000\040\000o\000f\000\040\000T\000h\000e\000\040\000M\000a\000i\000n\000\040\000T\000h\000e\000o\000r\000e\000m}{}% 13
\BOOKMARK [2][-]{subsubsection.6.0.1}{\376\377\000S\000t\000e\000p\000\040\0001}{section.6}% 14
\BOOKMARK [3][-]{subsubsection.6.0.2}{\376\377\000S\000t\000e\000p\000\040\0002}{subsubsection.6.0.1}% 15
\BOOKMARK [3][-]{subsubsection.6.0.3}{\376\377\000S\000t\000e\000p\000\040\0003}{subsubsection.6.0.1}% 16
\BOOKMARK [3][-]{subsubsection.6.0.4}{\376\377\000S\000o\000m\000e\000\040\000D\000e\000f\000o\000r\000m\000a\000t\000i\000o\000n\000\040\000T\000h\000e\000o\000r\000y}{subsubsection.6.0.1}% 17
\BOOKMARK [3][-]{subsubsection.6.0.5}{\376\377\000\050\000T\000O\000D\000O\000\051\000\040\000S\000t\000e\000p\000\040\0005\000\040\000D\000e\000f\000o\000r\000m\000a\000t\000i\000o\000n\000\040\000T\000h\000e\000o\000r\000y\000\040\000o\000f\000\040\000P\000r\000o\000d\000u\000c\000t\000s}{subsubsection.6.0.1}% 18
\BOOKMARK [3][-]{subsubsection.6.0.6}{\376\377\000S\000t\000e\000p\000\040\0006}{subsubsection.6.0.1}% 19
\BOOKMARK [1][-]{section.7}{\376\377\000G\000o\000a\000l\000s}{}% 20
\BOOKMARK [2][-]{subsection.7.1}{\376\377\000k\000l\000t\000\040\000L\000o\000g\000\040\000P\000a\000i\000r\000s}{section.7}% 21
\BOOKMARK [2][-]{subsection.7.2}{\376\377\000A\000p\000p\000l\000i\000c\000a\000t\000i\000o\000n\000s\000\040\000t\000o\000\040\000t\000h\000e\000\040\000I\000i\000t\000a\000k\000a\000\040\000f\000i\000b\000r\000a\000t\000i\000o\000n}{section.7}% 22
\BOOKMARK [1][-]{section.8}{\376\377\000D\000e\000f\000o\000r\000m\000a\000t\000i\000o\000n\000\040\000T\000h\000e\000o\000r\000y}{}% 23
\BOOKMARK [1][-]{section.9}{\376\377\000D\000e\000f\000o\000r\000m\000a\000t\000i\000o\000n\000\040\000T\000h\000e\000o\000r\000y\000\040\000a\000\040\000l\000a\000\040\000A\000b\000r\000a\000m\000o\000v\000i\000c\000h\000-\000H\000a\000s\000s\000e\000t}{}% 24
\BOOKMARK [2][-]{subsection.9.1}{\376\377\000Q\000-\000G\000o\000r\000e\000n\000s\000t\000e\000i\000n\000\040\000D\000e\000f\000o\000r\000m\000a\000t\000i\000o\000n\000s}{section.9}% 25
\BOOKMARK [2][-]{subsection.9.2}{\376\377\000R\000e\000f\000e\000r\000e\000n\000c\000e\000s}{section.9}% 26
\BOOKMARK [1][-]{section.10}{\376\377\000T\000a\000l\000k}{}% 27
\BOOKMARK [2][-]{subsection.10.1}{\376\377\000M\000o\000t\000i\000v\000a\000t\000i\000o\000n\000:\000\040\000u\000n\000i\000r\000a\000t\000i\000o\000n\000a\000l\000i\000t\000y}{section.10}% 28
\BOOKMARK [3][-]{subsubsection.10.1.1}{\376\377\000C\000h\000a\000r\000a\000c\000t\000e\000r\000i\000s\000t\000i\000c\000\040\000Z\000e\000r\000o}{subsection.10.1}% 29
\BOOKMARK [2][-]{subsection.10.2}{\376\377\000F\000u\000n\000d\000a\000m\000e\000n\000t\000a\000l\000\040\000G\000r\000o\000u\000p\000s}{section.10}% 30
\BOOKMARK [2][-]{subsection.10.3}{\376\377\000S\000h\000i\000o\000d\000a\000'\000s\000\040\000E\000x\000a\000m\000p\000l\000e}{section.10}% 31
\BOOKMARK [2][-]{subsection.10.4}{\376\377\000J\000e\000t\000\040\000O\000b\000s\000t\000r\000u\000c\000t\000i\000o\000n\000s}{section.10}% 32
\BOOKMARK [2][-]{subsection.10.5}{\376\377\000H\000y\000p\000e\000r\000b\000o\000l\000i\000c\000i\000t\000y}{section.10}% 33
