\BOOKMARK [1][-]{section.1}{\376\377\000C\000l\000e\000m\000e\000n\000s\000\040\000C\000o\000n\000j\000e\000c\000t\000u\000r\000e}{}% 1
\BOOKMARK [2][-]{subsection.1.1}{\376\377\000N\000o\000t\000a\000t\000i\000o\000n\000:\000\040\000M\000o\000r\000i\000\040\000d\000e\000g\000e\000n\000e\000r\000a\000t\000i\000o\000n}{section.1}% 2
\BOOKMARK [1][-]{section.2}{\376\377\000C\000h\000a\000n\000g\000\040\000a\000n\000d\000\040\000R\000a\000n}{}% 3
\BOOKMARK [2][-]{subsection.2.1}{\376\377\000\050\000a\000\051}{section.2}% 4
\BOOKMARK [1][-]{section.3}{\376\377\000W\000a\000n\000g\000\040\0002\0000\0000\0000}{}% 5
\BOOKMARK [2][-]{subsection.3.1}{\376\377\000R\000e\000f\000l\000e\000x\000i\000v\000e\000\040\000S\000h\000e\000a\000v\000e\000s}{section.3}% 6
\BOOKMARK [2][-]{subsection.3.2}{\376\377\000T\000h\000e\000\040\000P\000r\000o\000o\000f}{section.3}% 7
\BOOKMARK [2][-]{subsection.3.3}{\376\377\000M\000a\000i\000n\000\040\000T\000h\000e\000o\000r\000e\000m}{section.3}% 8
\BOOKMARK [1][-]{section.4}{\376\377\000I\000d\000e\000a\000s}{}% 9
\BOOKMARK [1][-]{section.5}{\376\377\000C\000o\000n\000i\000c\000\040\000C\000o\000m\000p\000l\000e\000x\000i\000t\000y}{}% 10
\BOOKMARK [1][-]{section.6}{\376\377\000G\000A\000e\000L\000\040\000T\000a\000l\000k}{}% 11
\BOOKMARK [2][-]{subsection.6.1}{\376\377\000M\000e\000a\000s\000u\000r\000e\000s\000\040\000o\000f\000\040\000I\000r\000r\000a\000t\000i\000o\000n\000a\000l\000i\000t\000y}{section.6}% 12
\BOOKMARK [2][-]{subsection.6.2}{\376\377\000I\000d\000e\000a\000\040\000o\000f\000\040\000t\000h\000e\000\040\000R\000e\000d\000u\000c\000t\000i\000o\000n\000\040\000o\000f\000\040\000T\000h\000e\000o\000r\000e\000m\000\040\000B\000\040\000t\000o\000\040\000T\000h\000e\000o\000r\000e\000m\000\040\000A}{section.6}% 13
\BOOKMARK [2][-]{subsection.6.3}{\376\377\000P\000r\000o\000o\000f\000\040\000o\000f\000\040\000T\000h\000e\000o\000r\000e\000m\000\040\000A}{section.6}% 14
\BOOKMARK [1][-]{section.7}{\376\377\000G\000a\000e\000l}{}% 15
\BOOKMARK [2][-]{subsection.7.1}{\376\377\000R\000i\000g\000h\000t\000\040\000B\000i\000r\000a\000t\000i\000o\000n\000a\000l\000i\000t\000y\000\040\000F\000o\000r\000\040\000O\000p\000e\000n\000\040\000V\000a\000r\000i\000t\000i\000e\000s}{section.7}% 16
\BOOKMARK [2][-]{subsection.7.2}{\376\377\000J\000u\000n\000e\000\040\0001\0009}{section.7}% 17
\BOOKMARK [1][-]{section.8}{\376\377\000L\000o\000g\000\040\000B\000l\000o\000w\000u\000p\000s}{}% 18
\BOOKMARK [2][-]{subsection.8.1}{\376\377\000N\000o\000n\000-\000t\000o\000r\000i\000c\000\040\000e\000x\000a\000m\000p\000l\000e}{section.8}% 19
\BOOKMARK [2][-]{subsection.8.2}{\376\377\000M\000o\000d\000u\000l\000i\000\040\000o\000f\000\040\000l\000o\000g\000-\000c\000u\000r\000v\000e\000s}{section.8}% 20
\BOOKMARK [1][-]{section.9}{\376\377\000G\000e\000n\000e\000r\000i\000c\000\040\000V\000a\000n\000i\000s\000h\000i\000n\000g}{}% 21
\BOOKMARK [2][-]{subsection.9.1}{\376\377\000P\000o\000p\000a\000-\000S\000c\000h\000n\000e\000l\000l}{section.9}% 22
\BOOKMARK [1][-]{section.10}{\376\377\000L\000e\000c\000t\000u\000r\000e\000\040\0004}{}% 23
\BOOKMARK [1][-]{section.11}{\376\377\000I\000d\000e\000a\000s}{}% 24
\BOOKMARK [1][-]{section.12}{\376\377\000P\000C\000M\000I\000\040\000N\000o\000t\000e\000s}{}% 25
\BOOKMARK [2][-]{subsection.12.1}{\376\377\000G\000r\000o\000t\000h\000e\000n\000d\000i\000e\000c\000k\000\040\000S\000p\000e\000c\000i\000a\000l\000i\000z\000a\000t\000i\000o\000n\000\040\000f\000o\000r\000\040\000F\000u\000n\000d\000a\000m\000e\000n\000t\000a\000l\000\040\000G\000r\000o\000u\000p\000s}{section.12}% 26
\BOOKMARK [2][-]{subsection.12.2}{\376\377\000O\000p\000e\000n\000\040\000Q\000u\000e\000s\000t\000i\000o\000n\000s}{section.12}% 27
\BOOKMARK [1][-]{section.13}{\376\377\000S\000o\000m\000e\000\040\000r\000e\000f\000e\000r\000e\000n\000c\000e\000s}{}% 28
\BOOKMARK [1][-]{section.14}{\376\377\000Q\000u\000o\000t\000i\000e\000n\000t\000\040\000S\000i\000n\000g\000u\000l\000a\000r\000i\000t\000i\000e\000s}{}% 29
\BOOKMARK [1][-]{section.15}{\376\377\000c\000l\000a\000s\000s\000i\000f\000i\000c\000a\000t\000i\000o\000n\000\040\000a\000n\000d\000\040\0001\000-\000f\000o\000r\000m\000s}{}% 30
\BOOKMARK [2][-]{subsection.15.1}{\376\377\000T\000h\000e\000\040\000m\000a\000i\000n\000\040\000t\000e\000c\000h\000n\000i\000c\000a\000l\000\040\000r\000e\000s\000u\000l\000t}{section.15}% 31
\BOOKMARK [2][-]{subsection.15.2}{\376\377\000T\000y\000p\000e\000s\000\040\000o\000f\000\040\000C\000o\000n\000t\000r\000a\000c\000t\000i\000o\000n\000s}{section.15}% 32
\BOOKMARK [2][-]{subsection.15.3}{\376\377\000P\000r\000o\000p\000e\000r\000t\000i\000e\000s\000\040\000o\000f\000\040\0001\000-\000f\000o\000r\000m\000s}{section.15}% 33
\BOOKMARK [2][-]{subsection.15.4}{\376\377\000C\000o\000n\000j\000e\000c\000t\000u\000r\000e\000:\000\040\000H\000a\000o}{section.15}% 34
\BOOKMARK [2][-]{subsection.15.5}{\376\377\000C\000o\000n\000j\000e\000c\000t\000u\000r\000e\000:\000\040\000M\000e}{section.15}% 35
\BOOKMARK [2][-]{subsection.15.6}{\376\377\000C\000o\000n\000j\000e\000c\000t\000u\000r\000e\000:\000\040\000H\000a\000o\000\040\000+\000\040\000S\000c\000h\000r\000e\000i\000e\000d\000e\000r\000\040\000C\000o\000n\000j\000e\000c\000t\000u\000r\000e\000\040\0001\000.\0008}{section.15}% 36
\BOOKMARK [2][-]{subsection.15.7}{\376\377\000C\000o\000n\000j\000e\000c\000t\000u\000r\000e\000:\000\040\000H\000a\000o\000\040\000+\000\040\000S\000c\000h\000r\000e\000i\000e\000d\000e\000r\000\040\000C\000o\000n\000j\000e\000c\000t\000u\000r\000e\000\040\0001\000.\0007}{section.15}% 37
\BOOKMARK [1][-]{section.16}{\376\377\000U\000p\000p\000e\000r\000\040\000T\000r\000i\000a\000n\000g\000u\000l\000a\000r\000\040\000A\000u\000t\000o\000m\000o\000r\000p\000h\000i\000s\000m\000s}{}% 38
\BOOKMARK [1][-]{section.17}{\376\377\000M\000e\000n\000g\000-\000P\000o\000p\000a\000\040\000C\000o\000n\000j\000e\000c\000t\000u\000r\000e\000\040\000C}{}% 39
\BOOKMARK [1][-]{section.18}{\376\377\000H\000a\000o\000'\000s\000\040\000C\000o\000n\000j\000e\000c\000t\000u\000r\000e\000\040\000R\000e\000d\000u\000x}{}% 40
\BOOKMARK [1][-]{section.19}{\376\377\000Q\000u\000e\000s\000t\000i\000o\000n\000s\000\040\000t\000o\000\040\000P\000o\000n\000d\000e\000r}{}% 41
\BOOKMARK [1][-]{section.20}{\376\377\000S\000o\000m\000e\000\040\000I\000n\000t\000e\000r\000e\000s\000t\000i\000n\000g\000\040\000P\000a\000p\000e\000r\000s}{}% 42
\BOOKMARK [1][-]{section.21}{\376\377\000S\000o\000m\000e\000\040\000G\000o\000o\000d\000\040\000M\000a\000t\000h\000o\000v\000e\000r\000f\000l\000o\000w\000\040\000r\000e\000f\000e\000r\000e\000n\000c\000e\000s}{}% 43
\BOOKMARK [1][-]{section.22}{\376\377\000T\000o\000\040\000R\000e\000a\000d\000\040\000A\000b\000o\000u\000t\000\040\000m\000a\000p\000s\000\040\000t\000o\000\040\000A\000b\000e\000l\000i\000a\000n\000\040\000V\000a\000r\000i\000e\000t\000i\000e\000s\000\040\000a\000n\000d\000\040\000D\000e\000r\000i\000v\000e\000d\000\040\000C\000a\000t\000e\000g\000o\000r\000i\000e\000s}{}% 44
\BOOKMARK [1][-]{section.23}{\376\377\000T\000o\000\040\000R\000e\000a\000d\000\040\000A\000b\000o\000u\000t\000\040\000C\000o\000n\000i\000c\000\040\000B\000u\000n\000d\000l\000e\000s\000\040\000a\000n\000d\000\040\000d\000e\000l\000\040\000P\000e\000z\000z\000o\000\040\000F\000i\000b\000r\000a\000t\000i\000o\000n\000s}{}% 45
\BOOKMARK [1][-]{section.24}{\376\377\000E\000x\000e\000r\000c\000i\000s\000e\000s\000\040\000o\000n\000\040\000C\000o\000h\000e\000r\000e\000n\000t\000\040\000M\000o\000d\000u\000l\000e\000s}{}% 46
\BOOKMARK [2][-]{subsubsection.24.0.1}{\376\377\0001\0003\000.\0006\000.\000B}{section.24}% 47
\BOOKMARK [3][-]{subsubsection.24.0.2}{\376\377\0001\0003\000.\0008\000.\000A}{subsubsection.24.0.1}% 48
\BOOKMARK [3][-]{subsubsection.24.0.3}{\376\377\0001\0003\000.\0008\000.\000B}{subsubsection.24.0.1}% 49
\BOOKMARK [2][-]{subsection.24.1}{\376\377\000C\000-\000I}{section.24}% 50
\BOOKMARK [3][-]{subsubsection.24.1.1}{\376\377\0001\0003\000.\0008\000.\000C}{subsection.24.1}% 51
\BOOKMARK [3][-]{subsubsection.24.1.2}{\376\377\0001\0003\000.\0008\000.\000D}{subsection.24.1}% 52
\BOOKMARK [3][-]{subsubsection.24.1.3}{\376\377\0001\0003\000.\0008\000.\000E}{subsection.24.1}% 53
\BOOKMARK [3][-]{subsubsection.24.1.4}{\376\377\0001\0003\000.\0008\000.\000F}{subsection.24.1}% 54
\BOOKMARK [3][-]{subsubsection.24.1.5}{\376\377\0001\0003\000.\0008\000.\000G}{subsection.24.1}% 55
\BOOKMARK [3][-]{subsubsection.24.1.6}{\376\377\0001\0003\000.\0008\000.\000H}{subsection.24.1}% 56
\BOOKMARK [3][-]{subsubsection.24.1.7}{\376\377\0001\0003\000.\0008\000.\000I}{subsection.24.1}% 57
\BOOKMARK [3][-]{subsubsection.24.1.8}{\376\377\0001\0003\000.\0008\000.\000J}{subsection.24.1}% 58
\BOOKMARK [3][-]{subsubsection.24.1.9}{\376\377\0001\0003\000.\0008\000.\000K}{subsection.24.1}% 59
\BOOKMARK [3][-]{subsubsection.24.1.10}{\376\377\0001\0003\000.\0008\000.\000L}{subsection.24.1}% 60
\BOOKMARK [3][-]{subsubsection.24.1.11}{\376\377\0001\0003\000.\0008\000.\000M}{subsection.24.1}% 61
\BOOKMARK [3][-]{subsubsection.24.1.12}{\376\377\0001\0003\000.\0008\000.\000N}{subsection.24.1}% 62
\BOOKMARK [3][-]{subsubsection.24.1.13}{\376\377\0001\0003\000.\0008\000.\000O}{subsection.24.1}% 63
\BOOKMARK [3][-]{subsubsection.24.1.14}{\376\377\0001\0003\000.\0008\000.\000P}{subsection.24.1}% 64
\BOOKMARK [3][-]{subsubsection.24.1.15}{\376\377\0001\0003\000.\0008\000.\000Q}{subsection.24.1}% 65
\BOOKMARK [3][-]{subsubsection.24.1.16}{\376\377\0001\0003\000.\0008\000.\000R}{subsection.24.1}% 66
\BOOKMARK [3][-]{subsubsection.24.1.17}{\376\377\0001\0003\000.\0008\000.\000S}{subsection.24.1}% 67
\BOOKMARK [1][-]{section.25}{\376\377\000T\000a\000l\000k\000\040\000H\000a\000r\000v\000a\000r\000d\000-\000M\000I\000T}{}% 68
\BOOKMARK [2][-]{subsection.25.1}{\376\377\000P\000r\000e\000t\000a\000l\000k}{section.25}% 69
\BOOKMARK [3][-]{subsubsection.25.1.1}{\376\377\000S\000t\000a\000b\000l\000e\000\040\000M\000a\000p\000s}{subsection.25.1}% 70
\BOOKMARK [3][-]{subsubsection.25.1.2}{\376\377\000C\000o\000v\000e\000r\000i\000n\000g\000\040\000G\000o\000n\000a\000l\000i\000t\000y\000\040\000a\000n\000d\000\040\000S\000e\000p\000a\000r\000a\000t\000i\000n\000g\000\040\000P\000o\000i\000n\000t\000s}{subsection.25.1}% 71
\BOOKMARK [3][-]{subsubsection.25.1.3}{\376\377\000M\000u\000l\000t\000i\000p\000l\000i\000e\000r\000\040\000I\000d\000e\000a\000l\000s}{subsection.25.1}% 72
\BOOKMARK [2][-]{subsection.25.2}{\376\377\000I\000n\000t\000r\000o\000d\000u\000c\000t\000i\000o\000n}{section.25}% 73
\BOOKMARK [2][-]{subsection.25.3}{\376\377\000M\000e\000a\000s\000u\000r\000e\000s\000\040\000o\000f\000\040\000I\000r\000r\000a\000t\000i\000o\000n\000a\000l\000i\000t\000y}{section.25}% 74
