\BOOKMARK [1][-]{section.1}{\376\377\000T\000O\000D\000O\000!\000!}{}% 1
\BOOKMARK [1][-]{section.2}{\376\377\000W\000h\000a\000t\000\040\000I\000\040\000W\000a\000n\000t\000\040\000t\000o\000\040\000T\000h\000i\000n\000k\000\040\000A\000b\000o\000u\000t}{}% 2
\BOOKMARK [1][-]{section.3}{\376\377\000S\000o\000m\000e\000\040\000Q\000u\000e\000s\000t\000i\000o\000n\000s\000\040\000I\000\040\000H\000a\000v\000e}{}% 3
\BOOKMARK [1][-]{section.4}{\376\377\000P\000r\000o\000j\000e\000c\000t}{}% 4
\BOOKMARK [1][-]{section.5}{\376\377\000F\000o\000l\000i\000a\000t\000i\000o\000n\000s}{}% 5
\BOOKMARK [2][-]{subsection.5.1}{\376\377\000R\000i\000e\000m\000a\000n\000n\000i\000a\000n\000\040\000F\000o\000l\000i\000a\000t\000i\000o\000n\000s}{section.5}% 6
\BOOKMARK [2][-]{subsection.5.2}{\376\377\000H\000o\000l\000o\000n\000o\000m\000y}{section.5}% 7
\BOOKMARK [2][-]{subsection.5.3}{\376\377\000L\000i\000n\000e\000a\000r\000i\000z\000a\000t\000i\000o\000n}{section.5}% 8
\BOOKMARK [1][-]{section.6}{\376\377\000F\000i\000n\000d\000i\000n\000g\000\040\000A\000\040\000L\000e\000a\000f}{}% 9
\BOOKMARK [1][-]{section.7}{\376\377\000C\000o\000n\000t\000r\000a\000c\000t\000i\000n\000g\000\040\000F\000i\000b\000e\000r\000s}{}% 10
\BOOKMARK [1][-]{section.8}{\376\377\000R\000a\000t\000i\000o\000n\000a\000l\000\040\000m\000a\000p\000\040\000i\000s\000\040\000M\000o\000r\000p\000h\000i\000s\000m\000\040\000C\000a\000n\000\040\000B\000e\000\040\000C\000h\000e\000c\000k\000e\000d\000\040\000A\000f\000t\000e\000r\000\040\000F\000i\000n\000i\000t\000e\000\040\000C\000o\000m\000p\000o\000s\000i\000t\000i\000o\000n}{}% 11
\BOOKMARK [1][-]{section.9}{\376\377\000C\000h\000o\000w\000\040\000R\000i\000n\000g\000\040\000S\000t\000r\000u\000c\000t\000u\000r\000e}{}% 12
\BOOKMARK [2][-]{subsection.9.1}{\376\377\000V\000a\000n\000i\000s\000h\000i\000n\000g\000\040\000L\000e\000m\000m\000a\000s}{section.9}% 13
\BOOKMARK [2][-]{subsection.9.2}{\376\377\000R\000i\000n\000g\000\040\000S\000t\000r\000u\000c\000t\000u\000r\000e}{section.9}% 14
\BOOKMARK [1][-]{section.10}{\376\377\000C\000u\000r\000v\000e\000s\000\040\000o\000n\000\040\000F\000a\000n\000o\000s}{}% 15
\BOOKMARK [2][-]{subsection.10.1}{\376\377\000E\000x\000t\000\040\000o\000n\000\040\000S\000t\000a\000b\000l\000e\000\040\000C\000u\000r\000v\000e\000s}{section.10}% 16
\BOOKMARK [2][-]{subsection.10.2}{\376\377\000D\000e\000f\000o\000r\000m\000a\000t\000i\000o\000n\000\040\000T\000h\000e\000o\000r\000y}{section.10}% 17
\BOOKMARK [1][-]{section.11}{\376\377\000S\000m\000o\000o\000t\000h\000i\000n\000g\000\040\000S\000i\000n\000g\000u\000l\000a\000r\000i\000t\000i\000e\000s}{}% 18
\BOOKMARK [1][-]{section.12}{\376\377\000R\000e\000l\000a\000t\000i\000v\000e\000\040\000K\000a\000w\000a\000m\000a\000t\000a}{}% 19
\BOOKMARK [1][-]{section.13}{\376\377\000A\000m\000a\000z\000i\000n\000g\000\040\000K\000-\000t\000h\000e\000o\000r\000y\000\040\000F\000a\000c\000t\000s}{}% 20
\BOOKMARK [2][-]{subsection.13.1}{\376\377\000M\000i\000l\000n\000o\000r\000\040\000K\000-\000T\000h\000e\000o\000r\000y}{section.13}% 21
\BOOKMARK [2][-]{subsection.13.2}{\376\377\000L\000o\000g\000\040\000D\000i\000f\000f\000e\000r\000e\000n\000t\000i\000a\000l\000\040\000F\000o\000r\000m\000s}{section.13}% 22
\BOOKMARK [1][-]{section.14}{\376\377\000C\000a\000r\000t\000i\000e\000r\000\040\000O\000p\000e\000r\000a\000t\000o\000r}{}% 23
\BOOKMARK [2][-]{subsection.14.1}{\376\377\000C\000o\000h\000o\000m\000o\000l\000o\000g\000y\000\040\000o\000f\000\040\000d\000e\000\040\000R\000h\000a\000m\000\040\000-\000\040\000W\000i\000t\000t\000\040\000C\000o\000m\000p\000l\000e\000x}{section.14}% 24
\BOOKMARK [1][-]{section.15}{\376\377\000G\000r\000a\000s\000s\000i\000-\000W\000e\000n}{}% 25
\BOOKMARK [2][-]{subsection.15.1}{\376\377\000G\000e\000n\000e\000r\000a\000l\000i\000z\000e\000d\000\040\000G\000r\000a\000s\000s\000i\000-\000W\000e\000n}{section.15}% 26
\BOOKMARK [1][-]{section.16}{\376\377\000L\000C\000I\000\040\000T\000h\000i\000n\000g\000s}{}% 27
\BOOKMARK [1][-]{section.17}{\376\377\000F\000i\000x\000i\000n\000g\000\040\000t\000h\000e\000\040\000S\000m\000o\000o\000t\000h\000n\000e\000s\000s\000\040\000P\000r\000o\000b\000l\000e\000m}{}% 28
\BOOKMARK [1][-]{section.18}{\376\377\000C\000o\000m\000p\000l\000e\000t\000i\000n\000g\000\040\000t\000h\000e\000\040\000P\000r\000o\000o\000f}{}% 29
\BOOKMARK [1][-]{section.19}{\376\377\000E\000f\000f\000e\000c\000t\000i\000v\000e\000\040\000D\000e\000s\000c\000e\000n\000t}{}% 30
\BOOKMARK [1][-]{section.20}{\376\377\000C\000o\000u\000n\000t\000i\000n\000g\000\040\000P\000o\000i\000n\000t\000s\000\040\000o\000n\000\040\000S\000t\000a\000c\000k\000s\000\040\000o\000v\000e\000r\000\040\000F\000p}{}% 31
\BOOKMARK [1][-]{section.21}{\376\377\000S\000e\000p\000a\000r\000a\000b\000l\000e\000\040\000M\000o\000r\000p\000h\000i\000s\000m\000s}{}% 32
\BOOKMARK [1][-]{section.22}{\376\377\000W\000o\000r\000k\000s\000h\000e\000e\000t\000:\000\040\000R\000a\000t\000i\000o\000n\000a\000l\000i\000t\000y\000\040\000a\000n\000d\000\040\000U\000n\000i\000r\000a\000t\000i\000o\000n\000a\000l\000i\000t\000y}{}% 33
\BOOKMARK [2][-]{subsection.22.1}{\376\377\000L\000u\000r\000o\000t\000h\000\040\000a\000n\000d\000\040\000S\000h\000i\000o\000d\000a}{section.22}% 34
\BOOKMARK [1][-]{section.23}{\376\377\000F\000i\000x\000i\000n\000g\000\040\000t\000h\000e\000\040\000A\000r\000g\000u\000m\000e\000n\000t\000\040\000f\000o\000r\000\040\000t\000h\000e\000\040\000M\000a\000i\000n\000\040\000I\000n\000e\000q\000u\000a\000l\000i\000t\000i\000e\000s}{}% 35
\BOOKMARK [1][-]{section.24}{\376\377\000T\000h\000e\000\040\000c\000o\000n\000j\000e\000c\000t\000u\000r\000e\000\040\000f\000o\000r\000\040\000s\000m\000o\000o\000t\000h\000\040\000m\000a\000p\000s\000\040\000t\000o\000\040\000a\000b\000e\000l\000i\000a\000n\000\040\000v\000a\000r\000i\000t\000i\000e\000s}{}% 36
\BOOKMARK [1][-]{section.25}{\376\377\000P\000o\000i\000n\000t\000s\000\040\000o\000f\000\040\000T\000o\000p\000o\000i}{}% 37
\BOOKMARK [1][-]{section.26}{\376\377\000h\000-\000D\000i\000f\000f\000e\000r\000e\000n\000t\000i\000a\000l\000s}{}% 38
\BOOKMARK [2][-]{subsection.26.1}{\376\377\000R\000e\000f\000l\000e\000x\000i\000v\000e\000\040\000D\000i\000f\000f\000e\000r\000e\000n\000t\000i\000a\000l\000s}{section.26}% 39
\BOOKMARK [2][-]{subsection.26.2}{\376\377\000B\000a\000c\000k\000\040\000t\000o\000\040\000t\000h\000e\000\040\000h\000-\000T\000o\000p\000o\000l\000o\000g\000y}{section.26}% 40
\BOOKMARK [1][-]{section.27}{\376\377\000G\000e\000t\000t\000i\000n\000g\000\040\000r\000i\000d\000\040\000o\000f\000\040\000"\000g\000o\000o\000d\000\040\000m\000i\000n\000i\000m\000a\000l\000\040\000m\000o\000d\000e\000l\000"}{}% 41
\BOOKMARK [1][-]{section.28}{\376\377\000R\000i\000g\000i\000d\000i\000t\000y\000\040\000L\000e\000m\000m\000a}{}% 42
\BOOKMARK [1][-]{section.29}{\376\377\000G\000o\000d\000e\000a\000u\000x\000-\000S\000e\000r\000r\000e\000\040\000a\000n\000d\000\040\0001\000-\000f\000o\000r\000m\000s\000\040\000\050\000T\000O\000T\000A\000L\000L\000Y\000\040\000W\000R\000O\000N\000G\000\051}{}% 43
\BOOKMARK [1][-]{section.30}{\376\377\000S\000t\000a\000b\000l\000e\000\040\000M\000a\000p\000s\000\040\000T\000a\000n\000g\000e\000n\000t\000\040\000S\000p\000a\000c\000e\000\040\000C\000a\000l\000c\000u\000l\000a\000t\000i\000o\000n}{}% 44
\BOOKMARK [1][-]{section.31}{\376\377\000R\000a\000t\000i\000o\000n\000a\000l\000\040\000S\000i\000n\000g\000u\000l\000a\000r\000i\000t\000i\000e\000s\000\040\000a\000n\000d\000\040\000E\000x\000t\000e\000n\000d\000i\000n\000g\000\040\000m\000a\000p\000s\000\040\000t\000o\000\040\000A\000b\000e\000l\000i\000a\000n\000\040\000V\000a\000r\000i\000e\000t\000i\000e\000s}{}% 45
\BOOKMARK [1][-]{section.32}{\376\377\000J\000e\000t\000\040\000B\000u\000n\000d\000l\000e\000s}{}% 46
\BOOKMARK [1][-]{section.33}{\376\377\000U\000n\000r\000a\000m\000i\000f\000i\000e\000d\000\040\000P\000r\000i\000s\000m\000a\000t\000i\000c\000\040\000C\000o\000h\000o\000m\000o\000l\000o\000g\000y}{}% 47
\BOOKMARK [1][-]{section.34}{\376\377\000D\000e\000f\000o\000r\000m\000i\000n\000g\000\040\000E\000l\000l\000i\000p\000t\000i\000c\000\040\000F\000i\000b\000r\000a\000t\000i\000o\000n}{}% 48
\BOOKMARK [1][-]{section.35}{\376\377\000P\000a\000r\000t\000i\000a\000l\000\040\000F\000o\000l\000i\000a\000t\000i\000o\000n\000s\000\040\000R\000e\000m\000o\000v\000i\000n\000g\000\040\000S\000o\000m\000e\000\040\000A\000l\000g\000e\000b\000r\000a\000i\000c\000\040\000P\000a\000r\000t}{}% 49
\BOOKMARK [1][-]{section.36}{\376\377\000M\000R\000C}{}% 50
\BOOKMARK [1][-]{section.37}{\376\377\000D\000e\000f\000o\000r\000m\000i\000n\000g\000\040\000G\000e\000n\000u\000s\000\040\0001\000\040\000F\000i\000b\000r\000a\000t\000i\000o\000n}{}% 51
\BOOKMARK [1][-]{section.38}{\376\377\000P\000S\0001\0004\000\040\000b\000u\000t\000\040\000b\000e\000t\000t\000e\000r}{}% 52
\BOOKMARK [2][-]{subsection.38.1}{\376\377\000T\000h\000e\000\040\000C\000o\000m\000p\000l\000e\000x}{section.38}% 53
\BOOKMARK [1][-]{section.39}{\376\377\000t\000-\000C\000o\000n\000n\000e\000c\000t\000i\000o\000n\000s\000\040\000a\000n\000d\000\040\000t\000h\000e\000\040\000c\000o\000m\000p\000l\000e\000x\000\040\000C\000X}{}% 54
\BOOKMARK [1][-]{section.40}{\376\377\000W\000r\000i\000t\000e\000\040\000U\000p}{}% 55
\BOOKMARK [1][-]{section.41}{\376\377\000t\000-\000C\000o\000n\000n\000e\000c\000t\000i\000o\000n\000s\000\040\000a\000n\000d\000\040\000t\000h\000e\000\040\000c\000o\000m\000p\000l\000e\000x\000\040\000C\000X}{}% 56
\BOOKMARK [1][-]{section.42}{\376\377\000R\000e\000f\000i\000n\000i\000n\000g\000\040\000V\000a\000n\000i\000s\000h\000i\000n\000g\000\040\000o\000f\000\040\0001\000-\000f\000o\000r\000m\000s}{}% 57
\BOOKMARK [2][-]{subsection.42.1}{\376\377\000N\000o\000t\000e\000s\000\040\000t\000o\000\040\000S\000e\000l\000f}{section.42}% 58
\BOOKMARK [2][-]{subsection.42.2}{\376\377\000T\000h\000e\000\040\000C\000o\000m\000p\000l\000e\000x}{section.42}% 59
\BOOKMARK [1][-]{section.43}{\376\377\000W\000r\000i\000t\000e\000\040\000U\000p}{}% 60
\BOOKMARK [1][-]{section.44}{\376\377\000A\000m\000p\000l\000e\000\040\0001\000X\000\040\000a\000n\000d\000\040\000S\000h\000i\000o\000d\000a}{}% 61
\BOOKMARK [1][-]{section.45}{\376\377\000R\000u\000n\000n\000i\000n\000g\000\040\000L\000i\000s\000t\000\040\000o\000f\000\040\000I\000d\000e\000a\000s\000\040\000t\000o\000\040\000w\000o\000r\000k\000\040\000o\000n}{}% 62
\BOOKMARK [1][-]{section.46}{\376\377\000D\000e\000f\000o\000r\000m\000i\000n\000g\000\040\000o\000n\000\040\000t\000h\000e\000\040\000H\000o\000m\000\040\000S\000c\000h\000e\000m\000e}{}% 63
\BOOKMARK [1][-]{section.47}{\376\377\000h\000-\000t\000o\000p\000o\000l\000o\000g\000y}{}% 64
\BOOKMARK [1][-]{section.48}{\376\377\000R\000e\000a\000d\000i\000n\000g\000\040\000L\000i\000s\000t}{}% 65
\BOOKMARK [1][-]{section.49}{\376\377\000R\000u\000l\000e\000\040\000o\000u\000t\000\040\000g\000e\000n\000u\000s\000\040\0001\000\040\000f\000i\000b\000r\000a\000t\000i\000o\000n\000s\000\040\000w\000i\000t\000h\000o\000u\000t\000\040\000a\000\040\000s\000e\000c\000t\000i\000o\000n}{}% 66
\BOOKMARK [1][-]{section.50}{\376\377\000R\000e\000m\000e\000d\000i\000a\000l\000\040\000C\000u\000r\000v\000e\000\040\000T\000h\000e\000o\000r\000y}{}% 67
\BOOKMARK [2][-]{subsection.50.1}{\376\377\000G\000e\000o\000m\000e\000t\000r\000i\000c\000a\000l\000l\000y\000\040\000I\000r\000r\000e\000d\000u\000c\000i\000b\000l\000e}{section.50}% 68
\BOOKMARK [2][-]{subsection.50.2}{\376\377\000M\000o\000r\000p\000h\000i\000s\000m\000s\000\040\000o\000f\000\040\000C\000u\000r\000v\000e\000s}{section.50}% 69
\BOOKMARK [2][-]{subsection.50.3}{\376\377\000D\000e\000g\000e\000n\000e\000r\000a\000t\000i\000o\000n\000s\000\040\000o\000f\000\040\000C\000u\000r\000v\000e\000s}{section.50}% 70
\BOOKMARK [1][-]{section.51}{\376\377\000R\000e\000d\000u\000c\000t\000i\000o\000n\000\040\000i\000s\000\040\000q\000u\000a\000s\000i\000-\000a\000f\000f\000i\000n\000e\000\040\000d\000o\000e\000s\000\040\000n\000o\000t\000\040\000i\000m\000p\000l\000y\000\040\000q\000u\000a\000s\000i\000-\000a\000f\000f\000i\000n\000e}{}% 71
\BOOKMARK [1][-]{section.52}{\376\377\000I\000s\000o\000t\000r\000i\000v\000i\000a\000l\000\040\000F\000a\000m\000i\000l\000i\000e\000s\000\040\000o\000f\000\040\000A\000b\000e\000l\000i\000a\000n\000\040\000V\000a\000r\000i\000t\000i\000e\000s}{}% 72
\BOOKMARK [1][-]{section.53}{\376\377\000T\000a\000l\000k\000\040\000f\000o\000r\000\040\000A\000G\000\040\000s\000e\000m\000i\000n\000a\000r}{}% 73
\BOOKMARK [2][-]{subsection.53.1}{\376\377\000M\000a\000i\000n\000\040\000T\000h\000e\000o\000r\000e\000m}{section.53}% 74
\BOOKMARK [2][-]{subsection.53.2}{\376\377\000S\000t\000e\000p\000\040\0001\000:\000\040\000f\000a\000c\000t\000o\000r\000\040\000t\000h\000e\000\040\000A\000l\000b\000a\000n\000e\000s\000e}{section.53}% 75
\BOOKMARK [2][-]{subsection.53.3}{\376\377\000S\000t\000e\000p\000\040\0002\000:\000\040\000M\000M\000P}{section.53}% 76
\BOOKMARK [2][-]{subsection.53.4}{\376\377\000F\000u\000r\000t\000h\000e\000r\000\040\000R\000e\000s\000u\000l\000t\000s}{section.53}% 77
\BOOKMARK [1][-]{section.54}{\376\377\000S\000p\000l\000i\000t\000t\000i\000n\000g\000\040\000I\000s\000o\000t\000r\000i\000v\000i\000a\000l\000\040\000F\000a\000m\000i\000l\000i\000e\000s}{}% 78
\BOOKMARK [1][-]{section.55}{\376\377\000I\000n\000t\000e\000r\000e\000s\000t\000i\000n\000g\000\040\000E\000x\000a\000m\000p\000l\000e\000s\000\040\000o\000f\000\040\000F\000a\000n\000o\000\040\000F\000i\000b\000r\000a\000t\000i\000o\000n\000s}{}% 79
\BOOKMARK [1][-]{section.56}{\376\377\000Q\000u\000e\000s\000t\000i\000o\000n\000:\000\040\000W\000h\000e\000n\000\040\000i\000s\000\040\000Z\000M\000T\000\040\000j\000u\000s\000t\000\040\000n\000o\000r\000m\000a\000l\000i\000z\000a\000t\000i\000o\000n\000?}{}% 80
\BOOKMARK [1][-]{section.57}{\376\377\000C\000o\000m\000p\000o\000s\000i\000t\000i\000o\000n\000a\000l\000\040\000S\000q\000u\000a\000r\000e\000\040\000R\000o\000o\000t\000s}{}% 81
\BOOKMARK [2][-]{subsection.57.1}{\376\377\000S\000e\000t\000-\000t\000h\000e\000o\000r\000e\000t\000i\000c\000\040\000s\000q\000u\000a\000r\000e\000-\000r\000o\000o\000t}{section.57}% 82
\BOOKMARK [2][-]{subsection.57.2}{\376\377\000C\000o\000n\000t\000i\000n\000u\000o\000u\000s\000\040\000s\000q\000u\000a\000r\000e\000\040\000r\000o\000o\000t\000s}{section.57}% 83
\BOOKMARK [2][-]{subsection.57.3}{\376\377\000H\000o\000l\000o\000m\000o\000r\000p\000h\000i\000c}{section.57}% 84
\BOOKMARK [2][-]{subsection.57.4}{\376\377\000T\000e\000t\000r\000a\000t\000i\000o\000n\000\040\000w\000i\000t\000h\000\040\000n\000o\000n\000-\000i\000n\000t\000e\000g\000e\000r\000\040\000a\000r\000g\000u\000m\000e\000n\000t\000s}{section.57}% 85
\BOOKMARK [2][-]{subsection.57.5}{\376\377\000O\000-\000m\000i\000n\000i\000m\000a\000l\000i\000t\000y}{section.57}% 86
\BOOKMARK [1][-]{section.58}{\376\377\000A\000b\000e\000l\000i\000a\000n\000\040\000S\000c\000h\000e\000m\000e\000s}{}% 87
\BOOKMARK [1][-]{section.59}{\376\377\000C\000h\000a\000r\000a\000c\000t\000e\000r\000i\000s\000t\000i\000c\000\040\000p\000\040\000M\000M\000P}{}% 88
\BOOKMARK [1][-]{section.60}{\376\377\000S\000u\000b\000s\000c\000h\000e\000m\000e\000s\000\040\000o\000f\000\040\000F\000i\000n\000i\000t\000e\000\040\000E\000t\000a\000l\000e\000\040\000S\000c\000h\000e\000m\000e\000s}{}% 89
\BOOKMARK [1][-]{section.61}{\376\377\000D\000i\000a\000g\000r\000a\000m\000s}{}% 90
