\BOOKMARK [1][-]{section.1}{\376\377\000A\000p\000r\000i\000l\000\040\0004\000:\000\040\000P\000o\000l}{}% 1
\BOOKMARK [2][-]{subsection.1.1}{\376\377\000M\000o\000t\000i\000v\000a\000t\000i\000o\000n}{section.1}% 2
\BOOKMARK [2][-]{subsection.1.2}{\376\377\000C\000o\000n\000d\000e\000n\000s\000e\000d\000\040\000S\000e\000t\000s}{section.1}% 3
\BOOKMARK [2][-]{subsection.1.3}{\376\377\000M\000o\000t\000i\000v\000a\000t\000i\000o\000n\000\040\0002}{section.1}% 4
\BOOKMARK [2][-]{subsection.1.4}{\376\377\000M\000o\000t\000i\000v\000a\000t\000i\000o\000n\000\040\0003}{section.1}% 5
\BOOKMARK [1][-]{section.2}{\376\377\000A\000p\000r\000i\000l\000\040\0004\000:\000\040\000P\000a\000r\000t\000\040\000I\000I\000,\000\040\000C\000a\000t\000e\000g\000o\000r\000y\000\040\000T\000h\000e\000o\000r\000y}{}% 6
\BOOKMARK [2][-]{subsection.2.1}{\376\377\000S\000h\000e\000a\000v\000e\000s}{section.2}% 7
\BOOKMARK [2][-]{subsection.2.2}{\376\377\000T\000h\000e\000\040\000s\000i\000t\000e\000\040\000o\000f\000\040\000p\000r\000o\000f\000i\000n\000i\000t\000e\000\040\000s\000e\000t\000s}{section.2}% 8
\BOOKMARK [2][-]{subsection.2.3}{\376\377\000C\000o\000n\000s\000e\000q\000u\000e\000n\000c\000e\000s}{section.2}% 9
\BOOKMARK [1][-]{section.3}{\376\377\000C\000o\000n\000d\000e\000n\000s\000e\000d\000\040\000A\000b\000e\000l\000i\000a\000n\000\040\000G\000r\000o\000u\000p\000s}{}% 10
\BOOKMARK [2][-]{subsection.3.1}{\376\377\000-\000c\000o\000n\000d\000e\000n\000s\000e\000d\000\040\000a\000b\000e\000l\000i\000a\000n\000\040\000g\000r\000o\000u\000p\000s}{section.3}% 11
\BOOKMARK [2][-]{subsection.3.2}{\376\377\000R\000e\000v\000i\000e\000w}{section.3}% 12
\BOOKMARK [2][-]{subsection.3.3}{\376\377\000S\000e\000t\000-\000T\000h\000e\000o\000r\000e\000t\000i\000c\000\040\000I\000s\000s\000u\000e\000s}{section.3}% 13
\BOOKMARK [1][-]{section.4}{\376\377\000C\000o\000h\000o\000m\000o\000l\000o\000g\000y}{}% 14
\BOOKMARK [2][-]{subsection.4.1}{\376\377\000S\000i\000m\000p\000l\000i\000c\000i\000a\000l\000\040\000H\000y\000p\000e\000r\000c\000o\000v\000e\000r\000s}{section.4}% 15
\BOOKMARK [2][-]{subsection.4.2}{\376\377\000H\000y\000p\000e\000r\000c\000o\000v\000e\000r\000s\000,\000\040\000A\000c\000y\000c\000l\000i\000c\000i\000t\000y\000,\000\040\000a\000n\000d\000\040\000H\000o\000m\000o\000l\000o\000g\000y}{section.4}% 16
\BOOKMARK [2][-]{subsection.4.3}{\376\377\000C\000o\000h\000o\000m\000o\000l\000o\000g\000y\000\040\000a\000n\000d\000\040\000H\000y\000p\000e\000r\000c\000o\000v\000e\000r\000s}{section.4}% 17
\BOOKMARK [2][-]{subsection.4.4}{\376\377\000C\000o\000h\000o\000m\000o\000l\000o\000g\000y\000\040\000I\000n\000t\000e\000r\000n\000a\000l\000\040\000t\000o\000\040\000a\000\040\000T\000o\000p\000o\000s\000\040\000\050\000S\000K\000I\000P\000\040\000T\000H\000I\000S\000!\000!\000\051}{section.4}% 18
\BOOKMARK [2][-]{subsection.4.5}{\376\377\000C\000o\000n\000d\000e\000n\000s\000e\000d\000\040\000C\000o\000h\000o\000m\000o\000l\000o\000g\000y}{section.4}% 19
\BOOKMARK [2][-]{subsection.4.6}{\376\377\000C\000o\000m\000p\000a\000r\000i\000s\000o\000n\000s}{section.4}% 20
\BOOKMARK [1][-]{section.5}{\376\377\000A\000p\000r\000i\000l\000\040\0002\0005\000\040\000L\000o\000c\000a\000l\000l\000y\000\040\000C\000o\000m\000p\000a\000c\000t\000\040\000A\000b\000e\000l\000i\000a\000n\000\040\000G\000r\000o\000u\000p\000s}{}% 21
\BOOKMARK [1][-]{section.6}{\376\377\000S\000o\000l\000i\000d\000\040\000A\000b\000e\000l\000i\000a\000n\000\040\000G\000r\000o\000u\000p\000s}{}% 22
