\BOOKMARK [1][-]{section.1}{Homework 1}{}% 1
\BOOKMARK [2][-]{subsection.1.1}{1}{section.1}% 2
\BOOKMARK [3][-]{subsubsection.1.1.1}{1}{subsection.1.1}% 3
\BOOKMARK [3][-]{subsubsection.1.1.2}{2}{subsection.1.1}% 4
\BOOKMARK [3][-]{subsubsection.1.1.3}{3}{subsection.1.1}% 5
\BOOKMARK [3][-]{subsubsection.1.1.4}{4}{subsection.1.1}% 6
\BOOKMARK [2][-]{subsection.1.2}{2}{section.1}% 7
\BOOKMARK [3][-]{subsubsection.1.2.1}{1}{subsection.1.2}% 8
\BOOKMARK [3][-]{subsubsection.1.2.2}{2}{subsection.1.2}% 9
\BOOKMARK [3][-]{subsubsection.1.2.3}{3}{subsection.1.2}% 10
\BOOKMARK [3][-]{subsubsection.1.2.4}{4}{subsection.1.2}% 11
\BOOKMARK [2][-]{subsection.1.3}{3}{section.1}% 12
\BOOKMARK [3][-]{subsubsection.1.3.1}{1 DO!!}{subsection.1.3}% 13
\BOOKMARK [3][-]{subsubsection.1.3.2}{2}{subsection.1.3}% 14
\BOOKMARK [2][-]{subsection.1.4}{4 DO THIS}{section.1}% 15
\BOOKMARK [3][-]{subsubsection.1.4.1}{1}{subsection.1.4}% 16
\BOOKMARK [3][-]{subsubsection.1.4.2}{2}{subsection.1.4}% 17
\BOOKMARK [3][-]{subsubsection.1.4.3}{3}{subsection.1.4}% 18
\BOOKMARK [3][-]{subsubsection.1.4.4}{4}{subsection.1.4}% 19
\BOOKMARK [1][-]{section.2}{Homework 2}{}% 20
\BOOKMARK [2][-]{subsection.2.1}{1}{section.2}% 21
\BOOKMARK [3][-]{subsubsection.2.1.1}{1}{subsection.2.1}% 22
\BOOKMARK [3][-]{subsubsection.2.1.2}{2}{subsection.2.1}% 23
\BOOKMARK [2][-]{subsection.2.2}{2}{section.2}% 24
\BOOKMARK [3][-]{subsubsection.2.2.1}{1}{subsection.2.2}% 25
\BOOKMARK [3][-]{subsubsection.2.2.2}{2}{subsection.2.2}% 26
\BOOKMARK [3][-]{subsubsection.2.2.3}{3}{subsection.2.2}% 27
\BOOKMARK [2][-]{subsection.2.3}{3}{section.2}% 28
\BOOKMARK [3][-]{subsubsection.2.3.1}{1 ACTUALLY DO THIS}{subsection.2.3}% 29
\BOOKMARK [3][-]{subsubsection.2.3.2}{2}{subsection.2.3}% 30
\BOOKMARK [3][-]{subsubsection.2.3.3}{3 DO THIS ACTUALL}{subsection.2.3}% 31
\BOOKMARK [2][-]{subsection.2.4}{4}{section.2}% 32
\BOOKMARK [3][-]{subsubsection.2.4.1}{1}{subsection.2.4}% 33
\BOOKMARK [3][-]{subsubsection.2.4.2}{2}{subsection.2.4}% 34
\BOOKMARK [3][-]{subsubsection.2.4.3}{\(iii\)}{subsection.2.4}% 35
\BOOKMARK [2][-]{subsection.2.5}{5}{section.2}% 36
\BOOKMARK [3][-]{subsubsection.2.5.1}{25.3 DO THIS!!!}{subsection.2.5}% 37
\BOOKMARK [3][-]{subsubsection.2.5.2}{25.4}{subsection.2.5}% 38
\BOOKMARK [3][-]{subsubsection.2.5.3}{2}{subsection.2.5}% 39
\BOOKMARK [3][-]{subsubsection.2.5.4}{3}{subsection.2.5}% 40
\BOOKMARK [1][-]{section.3}{Homework 3}{}% 41
\BOOKMARK [2][-]{subsection.3.1}{1}{section.3}% 42
\BOOKMARK [2][-]{subsection.3.2}{2}{section.3}% 43
\BOOKMARK [3][-]{subsubsection.3.2.1}{3}{subsection.3.2}% 44
\BOOKMARK [2][-]{subsection.3.3}{2}{section.3}% 45
\BOOKMARK [3][-]{subsubsection.3.3.1}{1}{subsection.3.3}% 46
\BOOKMARK [3][-]{subsubsection.3.3.2}{2}{subsection.3.3}% 47
\BOOKMARK [3][-]{subsubsection.3.3.3}{3}{subsection.3.3}% 48
\BOOKMARK [2][-]{subsection.3.4}{3 DO THIS}{section.3}% 49
\BOOKMARK [3][-]{subsubsection.3.4.1}{1}{subsection.3.4}% 50
\BOOKMARK [3][-]{subsubsection.3.4.2}{2}{subsection.3.4}% 51
\BOOKMARK [3][-]{subsubsection.3.4.3}{3}{subsection.3.4}% 52
\BOOKMARK [2][-]{subsection.3.5}{4}{section.3}% 53
\BOOKMARK [3][-]{subsubsection.3.5.1}{1 FINISH THIS!!}{subsection.3.5}% 54
\BOOKMARK [3][-]{subsubsection.3.5.2}{2}{subsection.3.5}% 55
\BOOKMARK [3][-]{subsubsection.3.5.3}{3}{subsection.3.5}% 56
\BOOKMARK [1][-]{section.4}{Homework 4}{}% 57
\BOOKMARK [2][-]{subsection.4.1}{1}{section.4}% 58
\BOOKMARK [2][-]{subsection.4.2}{2}{section.4}% 59
\BOOKMARK [2][-]{subsection.4.3}{3}{section.4}% 60
\BOOKMARK [2][-]{subsection.4.4}{4}{section.4}% 61
\BOOKMARK [2][-]{subsection.4.5}{5}{section.4}% 62
\BOOKMARK [1][-]{section.5}{Homework 5}{}% 63
\BOOKMARK [2][-]{subsection.5.1}{1 DO}{section.5}% 64
\BOOKMARK [2][-]{subsection.5.2}{2}{section.5}% 65
\BOOKMARK [3][-]{subsubsection.5.2.1}{\(i\) DO }{subsection.5.2}% 66
\BOOKMARK [3][-]{subsubsection.5.2.2}{\(ii\)}{subsection.5.2}% 67
\BOOKMARK [2][-]{subsection.5.3}{3}{section.5}% 68
\BOOKMARK [3][-]{subsubsection.5.3.1}{\(i\) DO}{subsection.5.3}% 69
\BOOKMARK [3][-]{subsubsection.5.3.2}{\(ii\)}{subsection.5.3}% 70
\BOOKMARK [3][-]{subsubsection.5.3.3}{\(iii\)}{subsection.5.3}% 71
\BOOKMARK [3][-]{subsubsection.5.3.4}{\(iv\) DO}{subsection.5.3}% 72
\BOOKMARK [2][-]{subsection.5.4}{4}{section.5}% 73
\BOOKMARK [3][-]{subsubsection.5.4.1}{\(i\)}{subsection.5.4}% 74
\BOOKMARK [3][-]{subsubsection.5.4.2}{\(ii\)}{subsection.5.4}% 75
\BOOKMARK [3][-]{subsubsection.5.4.3}{\(iii\)}{subsection.5.4}% 76
\BOOKMARK [3][-]{subsubsection.5.4.4}{\(iv\) DO}{subsection.5.4}% 77
\BOOKMARK [3][-]{subsubsection.5.4.5}{\(v\)}{subsection.5.4}% 78
\BOOKMARK [3][-]{subsubsection.5.4.6}{\(vi\) DO}{subsection.5.4}% 79
\BOOKMARK [2][-]{subsection.5.5}{5}{section.5}% 80
\BOOKMARK [3][-]{subsubsection.5.5.1}{\(i\)}{subsection.5.5}% 81
\BOOKMARK [3][-]{subsubsection.5.5.2}{\(ii\) DO}{subsection.5.5}% 82
\BOOKMARK [3][-]{subsubsection.5.5.3}{\(iii\) DO}{subsection.5.5}% 83
\BOOKMARK [3][-]{subsubsection.5.5.4}{\(iv\) DO}{subsection.5.5}% 84
\BOOKMARK [1][-]{section.6}{Homework 6}{}% 85
\BOOKMARK [2][-]{subsection.6.1}{1 DO THIS}{section.6}% 86
\BOOKMARK [2][-]{subsection.6.2}{2}{section.6}% 87
\BOOKMARK [3][-]{subsubsection.6.2.1}{\(i\)}{subsection.6.2}% 88
\BOOKMARK [3][-]{subsubsection.6.2.2}{\(ii\)}{subsection.6.2}% 89
\BOOKMARK [3][-]{subsubsection.6.2.3}{\(iii\)}{subsection.6.2}% 90
\BOOKMARK [3][-]{subsubsection.6.2.4}{\(iv\)}{subsection.6.2}% 91
\BOOKMARK [2][-]{subsection.6.3}{3}{section.6}% 92
\BOOKMARK [3][-]{subsubsection.6.3.1}{\(i\)}{subsection.6.3}% 93
\BOOKMARK [3][-]{subsubsection.6.3.2}{\(ii\)}{subsection.6.3}% 94
\BOOKMARK [2][-]{subsection.6.4}{4}{section.6}% 95
\BOOKMARK [3][-]{subsubsection.6.4.1}{\(i\) DO THIS!!}{subsection.6.4}% 96
\BOOKMARK [3][-]{subsubsection.6.4.2}{\(ii\) DO THIS}{subsection.6.4}% 97
\BOOKMARK [2][-]{subsection.6.5}{5}{section.6}% 98
\BOOKMARK [3][-]{subsubsection.6.5.1}{\(i\)}{subsection.6.5}% 99
\BOOKMARK [3][-]{subsubsection.6.5.2}{\(ii\) DO THIS}{subsection.6.5}% 100
\BOOKMARK [1][-]{section.7}{Homework 7}{}% 101
\BOOKMARK [2][-]{subsection.7.1}{1}{section.7}% 102
\BOOKMARK [3][-]{subsubsection.7.1.1}{\(i\)}{subsection.7.1}% 103
\BOOKMARK [3][-]{subsubsection.7.1.2}{\(ii\)}{subsection.7.1}% 104
\BOOKMARK [3][-]{subsubsection.7.1.3}{\(iii\) HMMM}{subsection.7.1}% 105
\BOOKMARK [2][-]{subsection.7.2}{2}{section.7}% 106
\BOOKMARK [3][-]{subsubsection.7.2.1}{\(i\) WRITE DOWN THE FORMS}{subsection.7.2}% 107
\BOOKMARK [3][-]{subsubsection.7.2.2}{\(ii\)}{subsection.7.2}% 108
\BOOKMARK [3][-]{subsubsection.7.2.3}{\(iii\) DO THIS!!}{subsection.7.2}% 109
\BOOKMARK [2][-]{subsection.7.3}{3}{section.7}% 110
\BOOKMARK [3][-]{subsubsection.7.3.1}{\(i\)}{subsection.7.3}% 111
\BOOKMARK [3][-]{subsubsection.7.3.2}{\(ii\)}{subsection.7.3}% 112
\BOOKMARK [3][-]{subsubsection.7.3.3}{\(iii\) DO!!}{subsection.7.3}% 113
\BOOKMARK [2][-]{subsection.7.4}{4}{section.7}% 114
\BOOKMARK [3][-]{subsubsection.7.4.1}{\(i\) HMM}{subsection.7.4}% 115
\BOOKMARK [3][-]{subsubsection.7.4.2}{\(ii\) DO}{subsection.7.4}% 116
\BOOKMARK [3][-]{subsubsection.7.4.3}{\(iii\) DO}{subsection.7.4}% 117
\BOOKMARK [2][-]{subsection.7.5}{5}{section.7}% 118
\BOOKMARK [3][-]{subsubsection.7.5.1}{\(i\)}{subsection.7.5}% 119
\BOOKMARK [3][-]{subsubsection.7.5.2}{\(ii\) DO THIS}{subsection.7.5}% 120
\BOOKMARK [3][-]{subsubsection.7.5.3}{\(iii\)}{subsection.7.5}% 121
\BOOKMARK [3][-]{subsubsection.7.5.4}{\(iv\) DO THIS}{subsection.7.5}% 122
\BOOKMARK [1][-]{section.8}{Homework 8}{}% 123
\BOOKMARK [2][-]{subsection.8.1}{1 DO THIS}{section.8}% 124
\BOOKMARK [3][-]{subsubsection.8.1.1}{\(i\)}{subsection.8.1}% 125
\BOOKMARK [2][-]{subsection.8.2}{2}{section.8}% 126
\BOOKMARK [2][-]{subsection.8.3}{3 DO THIS}{section.8}% 127
\BOOKMARK [3][-]{subsubsection.8.3.1}{\(i\)}{subsection.8.3}% 128
\BOOKMARK [3][-]{subsubsection.8.3.2}{\(ii\)}{subsection.8.3}% 129
\BOOKMARK [3][-]{subsubsection.8.3.3}{\(iii\)}{subsection.8.3}% 130
\BOOKMARK [3][-]{subsubsection.8.3.4}{4}{subsection.8.3}% 131
\BOOKMARK [3][-]{subsubsection.8.3.5}{\(i\)}{subsection.8.3}% 132
\BOOKMARK [3][-]{subsubsection.8.3.6}{\(ii\)}{subsection.8.3}% 133
\BOOKMARK [3][-]{subsubsection.8.3.7}{\(iii\)}{subsection.8.3}% 134
\BOOKMARK [3][-]{subsubsection.8.3.8}{\(iv\)}{subsection.8.3}% 135
\BOOKMARK [3][-]{subsubsection.8.3.9}{5 DO THIS}{subsection.8.3}% 136
\BOOKMARK [3][-]{subsubsection.8.3.10}{\(i\)}{subsection.8.3}% 137
\BOOKMARK [3][-]{subsubsection.8.3.11}{\(ii\)}{subsection.8.3}% 138
\BOOKMARK [3][-]{subsubsection.8.3.12}{\(iii\)}{subsection.8.3}% 139
\BOOKMARK [1][-]{section.9}{Homework 9}{}% 140
\BOOKMARK [2][-]{subsection.9.1}{1}{section.9}% 141
\BOOKMARK [2][-]{subsection.9.2}{2}{section.9}% 142
\BOOKMARK [2][-]{subsection.9.3}{3}{section.9}% 143
\BOOKMARK [3][-]{subsubsection.9.3.1}{\(i\)}{subsection.9.3}% 144
\BOOKMARK [3][-]{subsubsection.9.3.2}{\(ii\)}{subsection.9.3}% 145
\BOOKMARK [2][-]{subsection.9.4}{4}{section.9}% 146
\BOOKMARK [3][-]{subsubsection.9.4.1}{\(i\)}{subsection.9.4}% 147
\BOOKMARK [3][-]{subsubsection.9.4.2}{\(ii\)}{subsection.9.4}% 148
\BOOKMARK [2][-]{subsection.9.5}{5}{section.9}% 149
\BOOKMARK [3][-]{subsubsection.9.5.1}{\(i\)}{subsection.9.5}% 150
\BOOKMARK [3][-]{subsubsection.9.5.2}{\(ii\)}{subsection.9.5}% 151
\BOOKMARK [3][-]{subsubsection.9.5.3}{\(iii\)}{subsection.9.5}% 152
\BOOKMARK [2][-]{subsection.9.6}{6 DO THIS}{section.9}% 153
\BOOKMARK [3][-]{subsubsection.9.6.1}{\(i\)}{subsection.9.6}% 154
\BOOKMARK [3][-]{subsubsection.9.6.2}{\(ii\)}{subsection.9.6}% 155
\BOOKMARK [3][-]{subsubsection.9.6.3}{\(iii\)}{subsection.9.6}% 156
\BOOKMARK [3][-]{subsubsection.9.6.4}{\(iv\)}{subsection.9.6}% 157
\BOOKMARK [1][-]{section.10}{Homework 10}{}% 158
\BOOKMARK [2][-]{subsection.10.1}{1}{section.10}% 159
\BOOKMARK [3][-]{subsubsection.10.1.1}{\(i\) DO THIS!!}{subsection.10.1}% 160
\BOOKMARK [3][-]{subsubsection.10.1.2}{\(ii\)}{subsection.10.1}% 161
\BOOKMARK [3][-]{subsubsection.10.1.3}{\(iii\)}{subsection.10.1}% 162
\BOOKMARK [2][-]{subsection.10.2}{2}{section.10}% 163
\BOOKMARK [3][-]{subsubsection.10.2.1}{\(i\)}{subsection.10.2}% 164
\BOOKMARK [3][-]{subsubsection.10.2.2}{\(ii\)}{subsection.10.2}% 165
\BOOKMARK [2][-]{subsection.10.3}{3}{section.10}% 166
\BOOKMARK [3][-]{subsubsection.10.3.1}{\(i\)}{subsection.10.3}% 167
\BOOKMARK [3][-]{subsubsection.10.3.2}{\(ii\) DO THIS}{subsection.10.3}% 168
\BOOKMARK [3][-]{subsubsection.10.3.3}{\(iii\)}{subsection.10.3}% 169
\BOOKMARK [3][-]{subsubsection.10.3.4}{\(iv\)}{subsection.10.3}% 170
\BOOKMARK [2][-]{subsection.10.4}{4}{section.10}% 171
\BOOKMARK [2][-]{subsection.10.5}{5 DO THIS}{section.10}% 172
\BOOKMARK [2][-]{subsection.10.6}{6 DO THIS}{section.10}% 173
\BOOKMARK [2][-]{subsection.10.7}{7}{section.10}% 174
\BOOKMARK [2][-]{subsection.10.8}{8}{section.10}% 175
\BOOKMARK [3][-]{subsubsection.10.8.1}{\(i\)}{subsection.10.8}% 176
\BOOKMARK [3][-]{subsubsection.10.8.2}{\(ii\)}{subsection.10.8}% 177
\BOOKMARK [1][-]{section.11}{Questions}{}% 178
\BOOKMARK [2][-]{subsection.11.1}{Questions}{section.11}% 179
\BOOKMARK [2][-]{subsection.11.2}{When is Weil Restriction of Gm a Torus}{section.11}% 180
\BOOKMARK [2][-]{subsection.11.3}{Lemma 7.2.1.}{section.11}% 181
\BOOKMARK [2][-]{subsection.11.4}{NOW!}{section.11}% 182
\BOOKMARK [2][-]{subsection.11.5}{Example 7.2.2.}{section.11}% 183
\BOOKMARK [2][-]{subsection.11.6}{Is it Enough to Check Geometrically Reduced at one Point}{section.11}% 184
\BOOKMARK [2][-]{subsection.11.7}{When does an Artin local ring contain its residue field?}{section.11}% 185
\BOOKMARK [2][-]{subsection.11.8}{Does Infinitessimal Lifting alow lifing along any quotient of an Artin ring?}{section.11}% 186
\BOOKMARK [1][-]{section.12}{Questions for Oct. 19}{}% 187
