\BOOKMARK [1][-]{section.1}{Week 1}{}% 1
\BOOKMARK [2][-]{subsection.1.1}{Bhatt \(Problems 1\)}{section.1}% 2
\BOOKMARK [2][-]{subsection.1.2}{Bhatt Lectures}{section.1}% 3
\BOOKMARK [1][-]{section.2}{Week 2}{}% 4
\BOOKMARK [2][-]{subsection.2.1}{Bhatt \(Problems 1\)}{section.2}% 5
\BOOKMARK [2][-]{subsection.2.2}{Bhatt \(Problems 2\)}{section.2}% 6
\BOOKMARK [2][-]{subsection.2.3}{Bhatt \(Lectures\)}{section.2}% 7
\BOOKMARK [2][-]{subsection.2.4}{Tsai \(Problems\)}{section.2}% 8
\BOOKMARK [1][-]{section.3}{Week 4}{}% 9
\BOOKMARK [2][-]{subsection.3.1}{Bhatt \(Problems 3\)}{section.3}% 10
\BOOKMARK [1][-]{section.4}{Week 4}{}% 11
\BOOKMARK [1][-]{section.5}{Week 7}{}% 12
\BOOKMARK [2][-]{subsection.5.1}{Tsai \(Problems 1\)}{section.5}% 13
\BOOKMARK [2][-]{subsection.5.2}{Tsai \(Problems 2\)}{section.5}% 14
\BOOKMARK [1][-]{section.6}{The Perverse t-structure}{}% 15
\BOOKMARK [2][-]{subsubsection.6.0.1}{Intermediate Extensions}{section.6}% 16
\BOOKMARK [2][-]{subsection.6.1}{Comparison}{section.6}% 17
\BOOKMARK [3][-]{subsubsection.6.1.1}{Finiteness properties of Perv\( X \)}{subsection.6.1}% 18
\BOOKMARK [3][-]{subsubsection.6.1.2}{Exactness Theorems}{subsection.6.1}% 19
\BOOKMARK [3][-]{subsubsection.6.1.3}{The Fourier Transform}{subsection.6.1}% 20
\BOOKMARK [1][-]{section.7}{Oct. 12}{}% 21
\BOOKMARK [2][-]{subsection.7.1}{Decomposition Theorem \(Gabber\)}{section.7}% 22
\BOOKMARK [1][-]{section.8}{Oct. 19}{}% 23
\BOOKMARK [1][-]{section.9}{Oct. 26}{}% 24
