\BOOKMARK [1][-]{section.1}{Topics}{}% 1
\BOOKMARK [1][-]{section.2}{Homotopy Theory}{}% 2
\BOOKMARK [2][-]{subsection.2.1}{Basic Operations on Spaces}{section.2}% 3
\BOOKMARK [1][-]{section.3}{Relative Groups}{}% 4
\BOOKMARK [1][-]{section.4}{Results on CW Complexes}{}% 5
\BOOKMARK [1][-]{section.5}{More Results on CW Complexes \(01/29\)}{}% 6
\BOOKMARK [1][-]{section.6}{Spectra}{}% 7
\BOOKMARK [1][-]{section.7}{Feb 12}{}% 8
\BOOKMARK [2][-]{subsection.7.1}{Cohomology of K\(G, n\)}{section.7}% 9
\BOOKMARK [1][-]{section.8}{Feb 17}{}% 10
\BOOKMARK [2][-]{subsection.8.1}{Generalizations}{section.8}% 11
\BOOKMARK [3][-]{subsubsection.8.1.1}{Primary Obstruction}{subsection.8.1}% 12
\BOOKMARK [1][-]{section.9}{Vector Bundles}{}% 13
\BOOKMARK [2][-]{subsection.9.1}{Stiefel-Whitney Classes}{section.9}% 14
\BOOKMARK [1][-]{section.10}{Characteristic Classes}{}% 15
\BOOKMARK [1][-]{section.11}{Classifying Spaces}{}% 16
\BOOKMARK [1][-]{section.12}{K-Theory}{}% 17
\BOOKMARK [2][-]{subsection.12.1}{Mar 2}{section.12}% 18
\BOOKMARK [2][-]{subsection.12.2}{Long Exact Sequence of a Pair}{section.12}% 19
\BOOKMARK [1][-]{section.13}{Mar 4}{}% 20
\BOOKMARK [2][-]{subsection.13.1}{Proof of Bott's Theorem}{section.13}% 21
\BOOKMARK [2][-]{subsection.13.2}{K-Theory in the Real Case}{section.13}% 22
\BOOKMARK [1][-]{section.14}{K-Theory and Cohomology}{}% 23
\BOOKMARK [2][-]{subsection.14.1}{The Splitting Principle}{section.14}% 24
\BOOKMARK [1][-]{section.15}{The Hopf Invariant}{}% 25
\BOOKMARK [1][-]{section.16}{Mar 30}{}% 26
\BOOKMARK [2][-]{subsection.16.1}{Proof of Adam's Theorem}{section.16}% 27
\BOOKMARK [2][-]{subsection.16.2}{Adams Operations}{section.16}% 28
\BOOKMARK [1][-]{section.17}{Proof of Adams Theorem}{}% 29
\BOOKMARK [1][-]{section.18}{How Many Lineary Independent Vector Fields are on Sn-1}{}% 30
\BOOKMARK [2][-]{subsection.18.1}{Clifford Algebras}{section.18}% 31
