\BOOKMARK [1][-]{section.1}{Jan. 10}{}% 1
\BOOKMARK [1][-]{section.2}{Jan. 12}{}% 2
\BOOKMARK [2][-]{subsection.2.1}{Grassmannian Bundle}{section.2}% 3
\BOOKMARK [2][-]{subsection.2.2}{Flag Variety}{section.2}% 4
\BOOKMARK [2][-]{subsection.2.3}{The Hilbert Scheme}{section.2}% 5
\BOOKMARK [1][-]{section.3}{Jan. 19}{}% 6
\BOOKMARK [2][-]{subsection.3.1}{Hilbert Functor}{section.3}% 7
\BOOKMARK [2][-]{subsection.3.2}{Flatening Stratification}{section.3}% 8
\BOOKMARK [1][-]{section.4}{Jan. 21}{}% 9
\BOOKMARK [2][-]{subsection.4.1}{Some Motivation}{section.4}% 10
\BOOKMARK [2][-]{subsection.4.2}{Flatening Stratification}{section.4}% 11
\BOOKMARK [1][-]{section.5}{Jan. 24}{}% 12
\BOOKMARK [2][-]{subsection.5.1}{Hilbert Polynomials are Constant in Flat Families}{section.5}% 13
\BOOKMARK [2][-]{subsection.5.2}{Cohomology and Base Change}{section.5}% 14
\BOOKMARK [3][-]{subsubsection.5.2.1}{A Corollary}{subsection.5.2}% 15
\BOOKMARK [2][-]{subsection.5.3}{The Proof of Constancy of Hilbert Polynomials}{section.5}% 16
\BOOKMARK [1][-]{section.6}{Jan. 28}{}% 17
\BOOKMARK [1][-]{section.7}{Jan. 31}{}% 18
\BOOKMARK [2][-]{subsection.7.1}{Big Theorem}{section.7}% 19
\BOOKMARK [1][-]{section.8}{Feb. 2}{}% 20
\BOOKMARK [1][-]{section.9}{Feb. 4}{}% 21
\BOOKMARK [2][-]{subsection.9.1}{The Mumford Complex}{section.9}% 22
\BOOKMARK [2][-]{subsection.9.2}{Grauert's Theorem}{section.9}% 23
\BOOKMARK [2][-]{subsection.9.3}{The Main Cohomology and Base Change Theorem}{section.9}% 24
\BOOKMARK [2][-]{subsection.9.4}{Constant Rank Maps}{section.9}% 25
\BOOKMARK [2][-]{subsection.9.5}{Proof of Grauert's Theorem}{section.9}% 26
\BOOKMARK [2][-]{subsection.9.6}{Proof of Cohomology and Base Change}{section.9}% 27
\BOOKMARK [1][-]{section.10}{Feb. 9}{}% 28
\BOOKMARK [2][-]{subsection.10.1}{The Quot Scheme}{section.10}% 29
\BOOKMARK [1][-]{section.11}{Feb. 16}{}% 30
\BOOKMARK [2][-]{subsection.11.1}{Flatness Facts}{section.11}% 31
\BOOKMARK [2][-]{subsection.11.2}{Proof of the Theorem}{section.11}% 32
\BOOKMARK [1][-]{section.12}{Feb. 21}{}% 33
\BOOKMARK [1][-]{section.13}{Feb.}{}% 34
\BOOKMARK [1][-]{section.14}{Feb. 28}{}% 35
