\BOOKMARK [1][-]{section.1}{Mar. 30}{}% 1
\BOOKMARK [1][-]{section.2}{Geometry on PSh}{}% 2
\BOOKMARK [2][-]{subsection.2.1}{Fiber Products}{section.2}% 3
\BOOKMARK [1][-]{section.3}{April 4}{}% 4
\BOOKMARK [1][-]{section.4}{April 6}{}% 5
\BOOKMARK [2][-]{subsection.4.1}{Complex Analytic Spaces}{section.4}% 6
\BOOKMARK [2][-]{subsection.4.2}{Sheafification}{section.4}% 7
\BOOKMARK [1][-]{section.5}{April 8}{}% 8
\BOOKMARK [1][-]{section.6}{April \204}{}% 9
\BOOKMARK [1][-]{section.7}{April 13}{}% 10
\BOOKMARK [1][-]{section.8}{April 20}{}% 11
\BOOKMARK [2][-]{subsection.8.1}{Quasi-Coherent Sheaves on Algebraic Spaces}{section.8}% 12
\BOOKMARK [2][-]{subsection.8.2}{Cech Cohomology}{section.8}% 13
\BOOKMARK [1][-]{section.9}{Example}{}% 14
\BOOKMARK [1][-]{section.10}{April 25}{}% 15
\BOOKMARK [2][-]{subsection.10.1}{Example}{section.10}% 16
\BOOKMARK [1][-]{section.11}{April 27}{}% 17
\BOOKMARK [1][-]{section.12}{May 6}{}% 18
\BOOKMARK [2][-]{subsection.12.1}{How do we tell if a stack is DM}{section.12}% 19
\BOOKMARK [1][-]{section.13}{May. 9}{}% 20
\BOOKMARK [1][-]{section.14}{May 11}{}% 21
\BOOKMARK [2][-]{subsection.14.1}{Stack of Algebraic Curves}{section.14}% 22
\BOOKMARK [1][-]{section.15}{May 13}{}% 23
