\BOOKMARK [1][-]{section.1}{Mar. 30}{}% 1
\BOOKMARK [2][-]{subsection.1.1}{Lifting to Characteristic zero}{section.1}% 2
\BOOKMARK [2][-]{subsection.1.2}{Katz-Lubin Canonical Subgroup}{section.1}% 3
\BOOKMARK [1][-]{section.2}{April 1}{}% 4
\BOOKMARK [2][-]{subsection.2.1}{Finishing the Calculation for the Formal Group}{section.2}% 5
\BOOKMARK [1][-]{section.3}{Rigid Analytic Geometry}{}% 6
\BOOKMARK [2][-]{subsection.3.1}{Topologies}{section.3}% 7
\BOOKMARK [1][-]{section.4}{April 4}{}% 8
\BOOKMARK [2][-]{subsection.4.1}{Admissible Covers}{section.4}% 9
\BOOKMARK [2][-]{subsection.4.2}{Rigid Spaces}{section.4}% 10
\BOOKMARK [2][-]{subsection.4.3}{Raynaud's Generic Fiber}{section.4}% 11
\BOOKMARK [1][-]{section.5}{April 6}{}% 12
\BOOKMARK [2][-]{subsection.5.1}{The Story mod p}{section.5}% 13
\BOOKMARK [2][-]{subsection.5.2}{How to Draw the Rigid Spaces}{section.5}% 14
\BOOKMARK [1][-]{section.6}{April 8}{}% 15
\BOOKMARK [2][-]{subsection.6.1}{Coordinates on supersingular disc in X}{section.6}% 16
\BOOKMARK [2][-]{subsection.6.2}{Coordinates on supersingular anulus in X0\(p\)}{section.6}% 17
\BOOKMARK [2][-]{subsection.6.3}{Interpretation of the Valuation}{section.6}% 18
\BOOKMARK [1][-]{section.7}{April 11}{}% 19
\BOOKMARK [2][-]{subsection.7.1}{Atkin-Lehener Involution}{section.7}% 20
\BOOKMARK [2][-]{subsection.7.2}{Serre p-adic Modular Forms}{section.7}% 21
\BOOKMARK [2][-]{subsection.7.3}{Hecke Up Operator}{section.7}% 22
\BOOKMARK [1][-]{section.8}{April 13}{}% 23
\BOOKMARK [2][-]{subsection.8.1}{The Up operator}{section.8}% 24
\BOOKMARK [2][-]{subsection.8.2}{An Eigenvalue Issue}{section.8}% 25
\BOOKMARK [2][-]{subsection.8.3}{Katz p-adic modular forms}{section.8}% 26
\BOOKMARK [1][-]{section.9}{April 15}{}% 27
\BOOKMARK [2][-]{subsection.9.1}{Eigenfunctions as Overconvergent Forrms}{section.9}% 28
\BOOKMARK [2][-]{subsection.9.2}{Going Past the Canonical Locus}{section.9}% 29
\BOOKMARK [2][-]{subsection.9.3}{Higher Levels at p}{section.9}% 30
\BOOKMARK [1][-]{section.10}{April 18}{}% 31
\BOOKMARK [2][-]{subsection.10.1}{Buzzard Classicality}{section.10}% 32
\BOOKMARK [1][-]{section.11}{April 20}{}% 33
\BOOKMARK [2][-]{subsection.11.1}{Buzzard Classicality}{section.11}% 34
\BOOKMARK [1][-]{section.12}{Totally Real Fields}{}% 35
\BOOKMARK [2][-]{subsection.12.1}{Complex Abelian Varieties with Real Multiplication}{section.12}% 36
\BOOKMARK [2][-]{subsection.12.2}{Constructing Abelian Varieties with Real Multiplication}{section.12}% 37
\BOOKMARK [2][-]{subsection.12.3}{Riemann Forms on 2}{section.12}% 38
\BOOKMARK [2][-]{subsection.12.4}{Polarization Classes}{section.12}% 39
\BOOKMARK [2][-]{subsection.12.5}{Families of AB with RM}{section.12}% 40
\BOOKMARK [1][-]{section.13}{April 25}{}% 41
\BOOKMARK [1][-]{section.14}{April 27}{}% 42
\BOOKMARK [2][-]{subsection.14.1}{Compactification}{section.14}% 43
\BOOKMARK [2][-]{subsection.14.2}{Hilbert Modular Forms}{section.14}% 44
\BOOKMARK [2][-]{subsection.14.3}{q-Expansions}{section.14}% 45
\BOOKMARK [1][-]{section.15}{May 6}{}% 46
\BOOKMARK [2][-]{subsection.15.1}{Tate Periods}{section.15}% 47
\BOOKMARK [2][-]{subsection.15.2}{q-Expansions}{section.15}% 48
\BOOKMARK [2][-]{subsection.15.3}{Constructing Toroidal Compactifications}{section.15}% 49
