\BOOKMARK [1][-]{section.1}{Spring 2009 Part II}{}% 1
\BOOKMARK [2][-]{subsection.1.1}{5}{section.1}% 2
\BOOKMARK [3][-]{subsubsection.1.1.1}{a}{subsection.1.1}% 3
\BOOKMARK [3][-]{subsubsection.1.1.2}{b}{subsection.1.1}% 4
\BOOKMARK [1][-]{section.2}{Fall 2009 Part I}{}% 5
\BOOKMARK [2][-]{subsection.2.1}{4}{section.2}% 6
\BOOKMARK [1][-]{section.3}{Fall 2010 Part I}{}% 7
\BOOKMARK [2][-]{subsection.3.1}{1}{section.3}% 8
\BOOKMARK [3][-]{subsubsection.3.1.1}{a}{subsection.3.1}% 9
\BOOKMARK [3][-]{subsubsection.3.1.2}{b}{subsection.3.1}% 10
\BOOKMARK [2][-]{subsection.3.2}{3}{section.3}% 11
\BOOKMARK [2][-]{subsection.3.3}{4}{section.3}% 12
\BOOKMARK [3][-]{subsubsection.3.3.1}{a}{subsection.3.3}% 13
\BOOKMARK [3][-]{subsubsection.3.3.2}{b}{subsection.3.3}% 14
\BOOKMARK [3][-]{subsubsection.3.3.3}{c}{subsection.3.3}% 15
\BOOKMARK [2][-]{subsection.3.4}{4}{section.3}% 16
\BOOKMARK [3][-]{subsubsection.3.4.1}{a}{subsection.3.4}% 17
\BOOKMARK [3][-]{subsubsection.3.4.2}{b}{subsection.3.4}% 18
\BOOKMARK [3][-]{subsubsection.3.4.3}{c}{subsection.3.4}% 19
\BOOKMARK [2][-]{subsection.3.5}{5}{section.3}% 20
\BOOKMARK [3][-]{subsubsection.3.5.1}{a}{subsection.3.5}% 21
\BOOKMARK [3][-]{subsubsection.3.5.2}{b}{subsection.3.5}% 22
\BOOKMARK [3][-]{subsubsection.3.5.3}{c}{subsection.3.5}% 23
\BOOKMARK [1][-]{section.4}{Fall 2010 Part II}{}% 24
\BOOKMARK [2][-]{subsection.4.1}{1}{section.4}% 25
\BOOKMARK [2][-]{subsection.4.2}{2}{section.4}% 26
\BOOKMARK [3][-]{subsubsection.4.2.1}{a}{subsection.4.2}% 27
\BOOKMARK [3][-]{subsubsection.4.2.2}{b}{subsection.4.2}% 28
\BOOKMARK [2][-]{subsection.4.3}{4}{section.4}% 29
\BOOKMARK [3][-]{subsubsection.4.3.1}{a}{subsection.4.3}% 30
\BOOKMARK [3][-]{subsubsection.4.3.2}{b}{subsection.4.3}% 31
\BOOKMARK [2][-]{subsection.4.4}{5}{section.4}% 32
\BOOKMARK [3][-]{subsubsection.4.4.1}{a}{subsection.4.4}% 33
\BOOKMARK [3][-]{subsubsection.4.4.2}{b}{subsection.4.4}% 34
\BOOKMARK [1][-]{section.5}{Spring 2010 Part I}{}% 35
\BOOKMARK [2][-]{subsection.5.1}{1}{section.5}% 36
\BOOKMARK [3][-]{subsubsection.5.1.1}{a}{subsection.5.1}% 37
\BOOKMARK [3][-]{subsubsection.5.1.2}{b}{subsection.5.1}% 38
\BOOKMARK [2][-]{subsection.5.2}{2}{section.5}% 39
\BOOKMARK [2][-]{subsection.5.3}{3}{section.5}% 40
\BOOKMARK [2][-]{subsection.5.4}{4}{section.5}% 41
\BOOKMARK [3][-]{subsubsection.5.4.1}{a}{subsection.5.4}% 42
\BOOKMARK [3][-]{subsubsection.5.4.2}{b}{subsection.5.4}% 43
\BOOKMARK [3][-]{subsubsection.5.4.3}{c}{subsection.5.4}% 44
\BOOKMARK [2][-]{subsection.5.5}{5 \(WRITE THIS UP\)}{section.5}% 45
\BOOKMARK [1][-]{section.6}{Spring 2010 Part II}{}% 46
\BOOKMARK [2][-]{subsection.6.1}{1}{section.6}% 47
\BOOKMARK [2][-]{subsection.6.2}{2}{section.6}% 48
\BOOKMARK [3][-]{subsubsection.6.2.1}{a}{subsection.6.2}% 49
\BOOKMARK [3][-]{subsubsection.6.2.2}{b}{subsection.6.2}% 50
\BOOKMARK [3][-]{subsubsection.6.2.3}{c}{subsection.6.2}% 51
\BOOKMARK [2][-]{subsection.6.3}{3}{section.6}% 52
\BOOKMARK [2][-]{subsection.6.4}{4}{section.6}% 53
\BOOKMARK [3][-]{subsubsection.6.4.1}{a HOW TO DO IT?}{subsection.6.4}% 54
\BOOKMARK [3][-]{subsubsection.6.4.2}{b}{subsection.6.4}% 55
\BOOKMARK [2][-]{subsection.6.5}{5}{section.6}% 56
\BOOKMARK [1][-]{section.7}{Fall 2011 Part I}{}% 57
\BOOKMARK [2][-]{subsection.7.1}{1}{section.7}% 58
\BOOKMARK [3][-]{subsubsection.7.1.1}{a}{subsection.7.1}% 59
\BOOKMARK [3][-]{subsubsection.7.1.2}{b}{subsection.7.1}% 60
\BOOKMARK [2][-]{subsection.7.2}{2}{section.7}% 61
\BOOKMARK [3][-]{subsubsection.7.2.1}{a}{subsection.7.2}% 62
\BOOKMARK [3][-]{subsubsection.7.2.2}{b}{subsection.7.2}% 63
\BOOKMARK [2][-]{subsection.7.3}{3}{section.7}% 64
\BOOKMARK [3][-]{subsubsection.7.3.1}{a}{subsection.7.3}% 65
\BOOKMARK [3][-]{subsubsection.7.3.2}{b}{subsection.7.3}% 66
\BOOKMARK [2][-]{subsection.7.4}{4}{section.7}% 67
\BOOKMARK [3][-]{subsubsection.7.4.1}{a}{subsection.7.4}% 68
\BOOKMARK [3][-]{subsubsection.7.4.2}{b}{subsection.7.4}% 69
\BOOKMARK [2][-]{subsection.7.5}{5}{section.7}% 70
\BOOKMARK [3][-]{subsubsection.7.5.1}{a}{subsection.7.5}% 71
\BOOKMARK [3][-]{subsubsection.7.5.2}{b}{subsection.7.5}% 72
\BOOKMARK [1][-]{section.8}{Fall 2011 Part II}{}% 73
\BOOKMARK [2][-]{subsection.8.1}{1}{section.8}% 74
\BOOKMARK [3][-]{subsubsection.8.1.1}{a}{subsection.8.1}% 75
\BOOKMARK [3][-]{subsubsection.8.1.2}{b}{subsection.8.1}% 76
\BOOKMARK [2][-]{subsection.8.2}{4}{section.8}% 77
\BOOKMARK [3][-]{subsubsection.8.2.1}{a}{subsection.8.2}% 78
\BOOKMARK [3][-]{subsubsection.8.2.2}{b}{subsection.8.2}% 79
\BOOKMARK [2][-]{subsection.8.3}{3}{section.8}% 80
\BOOKMARK [2][-]{subsection.8.4}{5}{section.8}% 81
\BOOKMARK [3][-]{subsubsection.8.4.1}{a}{subsection.8.4}% 82
\BOOKMARK [3][-]{subsubsection.8.4.2}{b}{subsection.8.4}% 83
\BOOKMARK [3][-]{subsubsection.8.4.3}{c}{subsection.8.4}% 84
\BOOKMARK [1][-]{section.9}{Spring 2011 Part I}{}% 85
\BOOKMARK [2][-]{subsection.9.1}{1}{section.9}% 86
\BOOKMARK [3][-]{subsubsection.9.1.1}{a}{subsection.9.1}% 87
\BOOKMARK [3][-]{subsubsection.9.1.2}{b}{subsection.9.1}% 88
\BOOKMARK [2][-]{subsection.9.2}{2}{section.9}% 89
\BOOKMARK [3][-]{subsubsection.9.2.1}{a}{subsection.9.2}% 90
\BOOKMARK [3][-]{subsubsection.9.2.2}{b HOW TO DO THIS??}{subsection.9.2}% 91
\BOOKMARK [2][-]{subsection.9.3}{3}{section.9}% 92
\BOOKMARK [3][-]{subsubsection.9.3.1}{a}{subsection.9.3}% 93
\BOOKMARK [3][-]{subsubsection.9.3.2}{b}{subsection.9.3}% 94
\BOOKMARK [2][-]{subsection.9.4}{4}{section.9}% 95
\BOOKMARK [3][-]{subsubsection.9.4.1}{a}{subsection.9.4}% 96
\BOOKMARK [3][-]{subsubsection.9.4.2}{b}{subsection.9.4}% 97
\BOOKMARK [1][-]{section.10}{Spring 2011 Part II}{}% 98
\BOOKMARK [2][-]{subsection.10.1}{1}{section.10}% 99
\BOOKMARK [3][-]{subsubsection.10.1.1}{a}{subsection.10.1}% 100
\BOOKMARK [3][-]{subsubsection.10.1.2}{b}{subsection.10.1}% 101
\BOOKMARK [1][-]{section.11}{Fall 2014 Part II}{}% 102
\BOOKMARK [2][-]{subsection.11.1}{1 CHECK THIS}{section.11}% 103
\BOOKMARK [2][-]{subsection.11.2}{3}{section.11}% 104
\BOOKMARK [3][-]{subsubsection.11.2.1}{a}{subsection.11.2}% 105
\BOOKMARK [3][-]{subsubsection.11.2.2}{b}{subsection.11.2}% 106
\BOOKMARK [2][-]{subsection.11.3}{4}{section.11}% 107
\BOOKMARK [3][-]{subsubsection.11.3.1}{a}{subsection.11.3}% 108
\BOOKMARK [3][-]{subsubsection.11.3.2}{b}{subsection.11.3}% 109
\BOOKMARK [3][-]{subsubsection.11.3.3}{c}{subsection.11.3}% 110
\BOOKMARK [2][-]{subsection.11.4}{5}{section.11}% 111
\BOOKMARK [3][-]{subsubsection.11.4.1}{a}{subsection.11.4}% 112
\BOOKMARK [3][-]{subsubsection.11.4.2}{b}{subsection.11.4}% 113
\BOOKMARK [3][-]{subsubsection.11.4.3}{c}{subsection.11.4}% 114
\BOOKMARK [1][-]{section.12}{Spring 2012 Part I}{}% 115
\BOOKMARK [2][-]{subsection.12.1}{1}{section.12}% 116
\BOOKMARK [3][-]{subsubsection.12.1.1}{a}{subsection.12.1}% 117
\BOOKMARK [3][-]{subsubsection.12.1.2}{b}{subsection.12.1}% 118
\BOOKMARK [2][-]{subsection.12.2}{4}{section.12}% 119
\BOOKMARK [3][-]{subsubsection.12.2.1}{a}{subsection.12.2}% 120
\BOOKMARK [3][-]{subsubsection.12.2.2}{b}{subsection.12.2}% 121
\BOOKMARK [1][-]{section.13}{Spring 2012 Part II}{}% 122
\BOOKMARK [2][-]{subsection.13.1}{1}{section.13}% 123
\BOOKMARK [3][-]{subsubsection.13.1.1}{a}{subsection.13.1}% 124
\BOOKMARK [3][-]{subsubsection.13.1.2}{b}{subsection.13.1}% 125
\BOOKMARK [2][-]{subsection.13.2}{3}{section.13}% 126
\BOOKMARK [3][-]{subsubsection.13.2.1}{a}{subsection.13.2}% 127
\BOOKMARK [3][-]{subsubsection.13.2.2}{b}{subsection.13.2}% 128
\BOOKMARK [2][-]{subsection.13.3}{4}{section.13}% 129
\BOOKMARK [2][-]{subsection.13.4}{a}{section.13}% 130
\BOOKMARK [3][-]{subsubsection.13.4.1}{b}{subsection.13.4}% 131
\BOOKMARK [2][-]{subsection.13.5}{5}{section.13}% 132
\BOOKMARK [3][-]{subsubsection.13.5.1}{a}{subsection.13.5}% 133
\BOOKMARK [3][-]{subsubsection.13.5.2}{b DO THIS PROPERLY}{subsection.13.5}% 134
\BOOKMARK [1][-]{section.14}{Fall 2012 Part I}{}% 135
\BOOKMARK [2][-]{subsection.14.1}{1 DO THIS!!}{section.14}% 136
\BOOKMARK [2][-]{subsection.14.2}{2 DO THIS FUCKER}{section.14}% 137
\BOOKMARK [3][-]{subsubsection.14.2.1}{a}{subsection.14.2}% 138
\BOOKMARK [3][-]{subsubsection.14.2.2}{b}{subsection.14.2}% 139
\BOOKMARK [2][-]{subsection.14.3}{3 DO THIS FUCKER}{section.14}% 140
\BOOKMARK [2][-]{subsection.14.4}{4}{section.14}% 141
\BOOKMARK [3][-]{subsubsection.14.4.1}{a}{subsection.14.4}% 142
\BOOKMARK [3][-]{subsubsection.14.4.2}{b}{subsection.14.4}% 143
\BOOKMARK [3][-]{subsubsection.14.4.3}{c}{subsection.14.4}% 144
\BOOKMARK [2][-]{subsection.14.5}{5 DO THIS FUCKER}{section.14}% 145
\BOOKMARK [3][-]{subsubsection.14.5.1}{a}{subsection.14.5}% 146
\BOOKMARK [1][-]{section.15}{Fall 2012 Part II}{}% 147
\BOOKMARK [2][-]{subsection.15.1}{9}{section.15}% 148
\BOOKMARK [3][-]{subsubsection.15.1.1}{a}{subsection.15.1}% 149
\BOOKMARK [3][-]{subsubsection.15.1.2}{b}{subsection.15.1}% 150
\BOOKMARK [3][-]{subsubsection.15.1.3}{c BETTER PROOF?}{subsection.15.1}% 151
\BOOKMARK [1][-]{section.16}{Fall 2013 Part I}{}% 152
\BOOKMARK [2][-]{subsection.16.1}{1}{section.16}% 153
\BOOKMARK [3][-]{subsubsection.16.1.1}{a}{subsection.16.1}% 154
\BOOKMARK [3][-]{subsubsection.16.1.2}{b}{subsection.16.1}% 155
\BOOKMARK [2][-]{subsection.16.2}{2}{section.16}% 156
\BOOKMARK [3][-]{subsubsection.16.2.1}{a}{subsection.16.2}% 157
\BOOKMARK [3][-]{subsubsection.16.2.2}{b}{subsection.16.2}% 158
\BOOKMARK [2][-]{subsection.16.3}{3}{section.16}% 159
\BOOKMARK [3][-]{subsubsection.16.3.1}{a}{subsection.16.3}% 160
\BOOKMARK [3][-]{subsubsection.16.3.2}{b}{subsection.16.3}% 161
\BOOKMARK [2][-]{subsection.16.4}{4}{section.16}% 162
\BOOKMARK [3][-]{subsubsection.16.4.1}{a}{subsection.16.4}% 163
\BOOKMARK [3][-]{subsubsection.16.4.2}{b}{subsection.16.4}% 164
\BOOKMARK [3][-]{subsubsection.16.4.3}{c}{subsection.16.4}% 165
\BOOKMARK [1][-]{section.17}{Fall 2013 Part II}{}% 166
\BOOKMARK [2][-]{subsection.17.1}{1}{section.17}% 167
\BOOKMARK [3][-]{subsubsection.17.1.1}{a}{subsection.17.1}% 168
\BOOKMARK [3][-]{subsubsection.17.1.2}{b}{subsection.17.1}% 169
\BOOKMARK [2][-]{subsection.17.2}{3}{section.17}% 170
\BOOKMARK [3][-]{subsubsection.17.2.1}{a}{subsection.17.2}% 171
\BOOKMARK [3][-]{subsubsection.17.2.2}{b}{subsection.17.2}% 172
\BOOKMARK [3][-]{subsubsection.17.2.3}{c}{subsection.17.2}% 173
\BOOKMARK [3][-]{subsubsection.17.2.4}{4}{subsection.17.2}% 174
\BOOKMARK [3][-]{subsubsection.17.2.5}{a}{subsection.17.2}% 175
\BOOKMARK [3][-]{subsubsection.17.2.6}{b}{subsection.17.2}% 176
\BOOKMARK [3][-]{subsubsection.17.2.7}{c}{subsection.17.2}% 177
\BOOKMARK [3][-]{subsubsection.17.2.8}{5}{subsection.17.2}% 178
\BOOKMARK [3][-]{subsubsection.17.2.9}{a}{subsection.17.2}% 179
\BOOKMARK [3][-]{subsubsection.17.2.10}{b}{subsection.17.2}% 180
\BOOKMARK [3][-]{subsubsection.17.2.11}{c}{subsection.17.2}% 181
\BOOKMARK [1][-]{section.18}{Spring 2013 Part I}{}% 182
\BOOKMARK [2][-]{subsection.18.1}{1}{section.18}% 183
\BOOKMARK [3][-]{subsubsection.18.1.1}{a}{subsection.18.1}% 184
\BOOKMARK [3][-]{subsubsection.18.1.2}{b}{subsection.18.1}% 185
\BOOKMARK [3][-]{subsubsection.18.1.3}{c}{subsection.18.1}% 186
\BOOKMARK [2][-]{subsection.18.2}{2}{section.18}% 187
\BOOKMARK [3][-]{subsubsection.18.2.1}{a}{subsection.18.2}% 188
\BOOKMARK [3][-]{subsubsection.18.2.2}{b}{subsection.18.2}% 189
\BOOKMARK [2][-]{subsection.18.3}{3}{section.18}% 190
\BOOKMARK [3][-]{subsubsection.18.3.1}{a}{subsection.18.3}% 191
\BOOKMARK [3][-]{subsubsection.18.3.2}{b}{subsection.18.3}% 192
\BOOKMARK [3][-]{subsubsection.18.3.3}{c}{subsection.18.3}% 193
\BOOKMARK [2][-]{subsection.18.4}{5}{section.18}% 194
\BOOKMARK [3][-]{subsubsection.18.4.1}{a}{subsection.18.4}% 195
\BOOKMARK [3][-]{subsubsection.18.4.2}{b}{subsection.18.4}% 196
\BOOKMARK [1][-]{section.19}{Spring 2013 Part II}{}% 197
\BOOKMARK [2][-]{subsection.19.1}{1}{section.19}% 198
\BOOKMARK [3][-]{subsubsection.19.1.1}{a}{subsection.19.1}% 199
\BOOKMARK [3][-]{subsubsection.19.1.2}{b}{subsection.19.1}% 200
\BOOKMARK [3][-]{subsubsection.19.1.3}{c}{subsection.19.1}% 201
\BOOKMARK [2][-]{subsection.19.2}{3}{section.19}% 202
\BOOKMARK [3][-]{subsubsection.19.2.1}{a DO THIS!!}{subsection.19.2}% 203
\BOOKMARK [3][-]{subsubsection.19.2.2}{b}{subsection.19.2}% 204
\BOOKMARK [3][-]{subsubsection.19.2.3}{4}{subsection.19.2}% 205
\BOOKMARK [3][-]{subsubsection.19.2.4}{a}{subsection.19.2}% 206
\BOOKMARK [3][-]{subsubsection.19.2.5}{b}{subsection.19.2}% 207
\BOOKMARK [3][-]{subsubsection.19.2.6}{c}{subsection.19.2}% 208
\BOOKMARK [1][-]{section.20}{Fall 2012 Part II}{}% 209
\BOOKMARK [2][-]{subsection.20.1}{10}{section.20}% 210
\BOOKMARK [3][-]{subsubsection.20.1.1}{a}{subsection.20.1}% 211
\BOOKMARK [3][-]{subsubsection.20.1.2}{b}{subsection.20.1}% 212
\BOOKMARK [1][-]{section.21}{Spring 2014 Part I}{}% 213
\BOOKMARK [2][-]{subsection.21.1}{1}{section.21}% 214
\BOOKMARK [3][-]{subsubsection.21.1.1}{a}{subsection.21.1}% 215
\BOOKMARK [3][-]{subsubsection.21.1.2}{b}{subsection.21.1}% 216
\BOOKMARK [3][-]{subsubsection.21.1.3}{c}{subsection.21.1}% 217
\BOOKMARK [2][-]{subsection.21.2}{2}{section.21}% 218
\BOOKMARK [3][-]{subsubsection.21.2.1}{a}{subsection.21.2}% 219
\BOOKMARK [3][-]{subsubsection.21.2.2}{b}{subsection.21.2}% 220
\BOOKMARK [3][-]{subsubsection.21.2.3}{c DO THIS BETTER}{subsection.21.2}% 221
\BOOKMARK [2][-]{subsection.21.3}{3}{section.21}% 222
\BOOKMARK [3][-]{subsubsection.21.3.1}{a}{subsection.21.3}% 223
\BOOKMARK [3][-]{subsubsection.21.3.2}{b}{subsection.21.3}% 224
\BOOKMARK [3][-]{subsubsection.21.3.3}{c}{subsection.21.3}% 225
\BOOKMARK [2][-]{subsection.21.4}{4}{section.21}% 226
\BOOKMARK [3][-]{subsubsection.21.4.1}{a}{subsection.21.4}% 227
\BOOKMARK [3][-]{subsubsection.21.4.2}{b}{subsection.21.4}% 228
\BOOKMARK [2][-]{subsection.21.5}{5}{section.21}% 229
\BOOKMARK [3][-]{subsubsection.21.5.1}{a}{subsection.21.5}% 230
\BOOKMARK [3][-]{subsubsection.21.5.2}{b}{subsection.21.5}% 231
\BOOKMARK [3][-]{subsubsection.21.5.3}{c}{subsection.21.5}% 232
\BOOKMARK [3][-]{subsubsection.21.5.4}{d}{subsection.21.5}% 233
\BOOKMARK [1][-]{section.22}{Spring 2014 Part II}{}% 234
\BOOKMARK [2][-]{subsection.22.1}{1 DO THIS!!!}{section.22}% 235
\BOOKMARK [3][-]{subsubsection.22.1.1}{a}{subsection.22.1}% 236
\BOOKMARK [3][-]{subsubsection.22.1.2}{b}{subsection.22.1}% 237
\BOOKMARK [3][-]{subsubsection.22.1.3}{c}{subsection.22.1}% 238
\BOOKMARK [2][-]{subsection.22.2}{3}{section.22}% 239
\BOOKMARK [3][-]{subsubsection.22.2.1}{a}{subsection.22.2}% 240
\BOOKMARK [3][-]{subsubsection.22.2.2}{b FINISH THIS}{subsection.22.2}% 241
\BOOKMARK [2][-]{subsection.22.3}{5}{section.22}% 242
\BOOKMARK [1][-]{section.23}{Fall 2015 Part I}{}% 243
\BOOKMARK [2][-]{subsection.23.1}{1}{section.23}% 244
\BOOKMARK [3][-]{subsubsection.23.1.1}{a}{subsection.23.1}% 245
\BOOKMARK [3][-]{subsubsection.23.1.2}{b}{subsection.23.1}% 246
\BOOKMARK [3][-]{subsubsection.23.1.3}{c REALLY DO THIS}{subsection.23.1}% 247
\BOOKMARK [2][-]{subsection.23.2}{2}{section.23}% 248
\BOOKMARK [3][-]{subsubsection.23.2.1}{a}{subsection.23.2}% 249
\BOOKMARK [3][-]{subsubsection.23.2.2}{b}{subsection.23.2}% 250
\BOOKMARK [3][-]{subsubsection.23.2.3}{c}{subsection.23.2}% 251
\BOOKMARK [2][-]{subsection.23.3}{3 DO THIS ONE!!}{section.23}% 252
\BOOKMARK [3][-]{subsubsection.23.3.1}{a}{subsection.23.3}% 253
\BOOKMARK [3][-]{subsubsection.23.3.2}{b}{subsection.23.3}% 254
\BOOKMARK [3][-]{subsubsection.23.3.3}{c}{subsection.23.3}% 255
\BOOKMARK [2][-]{subsection.23.4}{4}{section.23}% 256
\BOOKMARK [3][-]{subsubsection.23.4.1}{a}{subsection.23.4}% 257
\BOOKMARK [3][-]{subsubsection.23.4.2}{b DO THIS!!}{subsection.23.4}% 258
\BOOKMARK [3][-]{subsubsection.23.4.3}{c DO THIS!!}{subsection.23.4}% 259
\BOOKMARK [1][-]{section.24}{Spring 2015 Part I}{}% 260
\BOOKMARK [2][-]{subsection.24.1}{1}{section.24}% 261
\BOOKMARK [3][-]{subsubsection.24.1.1}{a}{subsection.24.1}% 262
\BOOKMARK [3][-]{subsubsection.24.1.2}{b}{subsection.24.1}% 263
\BOOKMARK [2][-]{subsection.24.2}{2}{section.24}% 264
\BOOKMARK [3][-]{subsubsection.24.2.1}{a}{subsection.24.2}% 265
\BOOKMARK [3][-]{subsubsection.24.2.2}{b}{subsection.24.2}% 266
\BOOKMARK [2][-]{subsection.24.3}{4}{section.24}% 267
\BOOKMARK [3][-]{subsubsection.24.3.1}{a}{subsection.24.3}% 268
\BOOKMARK [2][-]{subsection.24.4}{5}{section.24}% 269
\BOOKMARK [3][-]{subsubsection.24.4.1}{a}{subsection.24.4}% 270
\BOOKMARK [3][-]{subsubsection.24.4.2}{b}{subsection.24.4}% 271
\BOOKMARK [1][-]{section.25}{Spring 2015 Part II}{}% 272
\BOOKMARK [2][-]{subsection.25.1}{2 DO THIS ONE BETTER}{section.25}% 273
\BOOKMARK [3][-]{subsubsection.25.1.1}{a}{subsection.25.1}% 274
\BOOKMARK [3][-]{subsubsection.25.1.2}{b}{subsection.25.1}% 275
\BOOKMARK [2][-]{subsection.25.2}{4}{section.25}% 276
\BOOKMARK [3][-]{subsubsection.25.2.1}{a}{subsection.25.2}% 277
\BOOKMARK [3][-]{subsubsection.25.2.2}{b}{subsection.25.2}% 278
\BOOKMARK [3][-]{subsubsection.25.2.3}{c}{subsection.25.2}% 279
\BOOKMARK [2][-]{subsection.25.3}{5 HOW TO DO THIS!!!}{section.25}% 280
\BOOKMARK [3][-]{subsubsection.25.3.1}{a}{subsection.25.3}% 281
\BOOKMARK [3][-]{subsubsection.25.3.2}{b}{subsection.25.3}% 282
\BOOKMARK [1][-]{section.26}{Fall 2015 Part II}{}% 283
\BOOKMARK [2][-]{subsubsection.26.0.1}{6}{section.26}% 284
\BOOKMARK [3][-]{subsubsection.26.0.2}{a}{subsubsection.26.0.1}% 285
\BOOKMARK [3][-]{subsubsection.26.0.3}{b}{subsubsection.26.0.1}% 286
\BOOKMARK [3][-]{subsubsection.26.0.4}{c}{subsubsection.26.0.1}% 287
\BOOKMARK [2][-]{subsection.26.1}{7}{section.26}% 288
\BOOKMARK [3][-]{subsubsection.26.1.1}{a}{subsection.26.1}% 289
\BOOKMARK [3][-]{subsubsection.26.1.2}{b}{subsection.26.1}% 290
\BOOKMARK [3][-]{subsubsection.26.1.3}{c}{subsection.26.1}% 291
\BOOKMARK [2][-]{subsection.26.2}{8}{section.26}% 292
\BOOKMARK [3][-]{subsubsection.26.2.1}{a}{subsection.26.2}% 293
\BOOKMARK [3][-]{subsubsection.26.2.2}{b}{subsection.26.2}% 294
\BOOKMARK [2][-]{subsection.26.3}{9}{section.26}% 295
\BOOKMARK [3][-]{subsubsection.26.3.1}{a}{subsection.26.3}% 296
\BOOKMARK [3][-]{subsubsection.26.3.2}{b}{subsection.26.3}% 297
\BOOKMARK [3][-]{subsubsection.26.3.3}{c}{subsection.26.3}% 298
\BOOKMARK [2][-]{subsection.26.4}{10}{section.26}% 299
\BOOKMARK [3][-]{subsubsection.26.4.1}{a}{subsection.26.4}% 300
\BOOKMARK [3][-]{subsubsection.26.4.2}{b}{subsection.26.4}% 301
\BOOKMARK [3][-]{subsubsection.26.4.3}{c}{subsection.26.4}% 302
\BOOKMARK [1][-]{section.27}{Fall 2016 Part I}{}% 303
\BOOKMARK [2][-]{subsection.27.1}{1 DO THIS!!}{section.27}% 304
\BOOKMARK [2][-]{subsection.27.2}{2}{section.27}% 305
\BOOKMARK [3][-]{subsubsection.27.2.1}{a}{subsection.27.2}% 306
\BOOKMARK [3][-]{subsubsection.27.2.2}{b}{subsection.27.2}% 307
\BOOKMARK [2][-]{subsection.27.3}{3}{section.27}% 308
\BOOKMARK [3][-]{subsubsection.27.3.1}{a DO THIS PART!!}{subsection.27.3}% 309
\BOOKMARK [3][-]{subsubsection.27.3.2}{b}{subsection.27.3}% 310
\BOOKMARK [2][-]{subsection.27.4}{4}{section.27}% 311
\BOOKMARK [3][-]{subsubsection.27.4.1}{a}{subsection.27.4}% 312
\BOOKMARK [3][-]{subsubsection.27.4.2}{b}{subsection.27.4}% 313
\BOOKMARK [2][-]{subsection.27.5}{5}{section.27}% 314
\BOOKMARK [3][-]{subsubsection.27.5.1}{a}{subsection.27.5}% 315
\BOOKMARK [3][-]{subsubsection.27.5.2}{b}{subsection.27.5}% 316
\BOOKMARK [3][-]{subsubsection.27.5.3}{c}{subsection.27.5}% 317
\BOOKMARK [1][-]{section.28}{Fall 2016 Part II}{}% 318
\BOOKMARK [2][-]{subsection.28.1}{5}{section.28}% 319
\BOOKMARK [3][-]{subsubsection.28.1.1}{a}{subsection.28.1}% 320
\BOOKMARK [3][-]{subsubsection.28.1.2}{b}{subsection.28.1}% 321
\BOOKMARK [2][-]{subsection.28.2}{2}{section.28}% 322
\BOOKMARK [3][-]{subsubsection.28.2.1}{a}{subsection.28.2}% 323
\BOOKMARK [3][-]{subsubsection.28.2.2}{b}{subsection.28.2}% 324
\BOOKMARK [3][-]{subsubsection.28.2.3}{c}{subsection.28.2}% 325
\BOOKMARK [2][-]{subsection.28.3}{3 DO THIS}{section.28}% 326
\BOOKMARK [2][-]{subsection.28.4}{4 DO THIS}{section.28}% 327
\BOOKMARK [2][-]{subsection.28.5}{5 DO THIS}{section.28}% 328
\BOOKMARK [1][-]{section.29}{Spring 2016 Part I}{}% 329
\BOOKMARK [2][-]{subsection.29.1}{2 FINISH THIS!!}{section.29}% 330
\BOOKMARK [3][-]{subsubsection.29.1.1}{a}{subsection.29.1}% 331
\BOOKMARK [3][-]{subsubsection.29.1.2}{b}{subsection.29.1}% 332
\BOOKMARK [2][-]{subsection.29.2}{3}{section.29}% 333
\BOOKMARK [3][-]{subsubsection.29.2.1}{a}{subsection.29.2}% 334
\BOOKMARK [3][-]{subsubsection.29.2.2}{b}{subsection.29.2}% 335
\BOOKMARK [3][-]{subsubsection.29.2.3}{c}{subsection.29.2}% 336
\BOOKMARK [2][-]{subsection.29.3}{5}{section.29}% 337
\BOOKMARK [3][-]{subsubsection.29.3.1}{a}{subsection.29.3}% 338
\BOOKMARK [3][-]{subsubsection.29.3.2}{b}{subsection.29.3}% 339
\BOOKMARK [3][-]{subsubsection.29.3.3}{c}{subsection.29.3}% 340
\BOOKMARK [1][-]{section.30}{Spring 2016 Part II}{}% 341
\BOOKMARK [2][-]{subsection.30.1}{1}{section.30}% 342
\BOOKMARK [2][-]{subsection.30.2}{2}{section.30}% 343
\BOOKMARK [3][-]{subsubsection.30.2.1}{a}{subsection.30.2}% 344
\BOOKMARK [3][-]{subsubsection.30.2.2}{b}{subsection.30.2}% 345
\BOOKMARK [3][-]{subsubsection.30.2.3}{c}{subsection.30.2}% 346
\BOOKMARK [2][-]{subsection.30.3}{4}{section.30}% 347
\BOOKMARK [3][-]{subsubsection.30.3.1}{a}{subsection.30.3}% 348
\BOOKMARK [3][-]{subsubsection.30.3.2}{b}{subsection.30.3}% 349
\BOOKMARK [3][-]{subsubsection.30.3.3}{c}{subsection.30.3}% 350
\BOOKMARK [3][-]{subsubsection.30.3.4}{d}{subsection.30.3}% 351
\BOOKMARK [2][-]{subsection.30.4}{5}{section.30}% 352
\BOOKMARK [3][-]{subsubsection.30.4.1}{a}{subsection.30.4}% 353
\BOOKMARK [3][-]{subsubsection.30.4.2}{b}{subsection.30.4}% 354
\BOOKMARK [3][-]{subsubsection.30.4.3}{c}{subsection.30.4}% 355
\BOOKMARK [1][-]{section.31}{Fall 2018 Part II}{}% 356
\BOOKMARK [2][-]{subsection.31.1}{1}{section.31}% 357
\BOOKMARK [2][-]{subsection.31.2}{4}{section.31}% 358
\BOOKMARK [3][-]{subsubsection.31.2.1}{a}{subsection.31.2}% 359
\BOOKMARK [1][-]{section.32}{Fall 2019 Part I}{}% 360
\BOOKMARK [2][-]{subsection.32.1}{1}{section.32}% 361
\BOOKMARK [3][-]{subsubsection.32.1.1}{a}{subsection.32.1}% 362
\BOOKMARK [3][-]{subsubsection.32.1.2}{b}{subsection.32.1}% 363
\BOOKMARK [2][-]{subsection.32.2}{2}{section.32}% 364
\BOOKMARK [3][-]{subsubsection.32.2.1}{a}{subsection.32.2}% 365
\BOOKMARK [3][-]{subsubsection.32.2.2}{b}{subsection.32.2}% 366
\BOOKMARK [3][-]{subsubsection.32.2.3}{c}{subsection.32.2}% 367
\BOOKMARK [2][-]{subsection.32.3}{3}{section.32}% 368
\BOOKMARK [3][-]{subsubsection.32.3.1}{a}{subsection.32.3}% 369
\BOOKMARK [3][-]{subsubsection.32.3.2}{b}{subsection.32.3}% 370
\BOOKMARK [2][-]{subsection.32.4}{4}{section.32}% 371
\BOOKMARK [3][-]{subsubsection.32.4.1}{a}{subsection.32.4}% 372
\BOOKMARK [3][-]{subsubsection.32.4.2}{b}{subsection.32.4}% 373
\BOOKMARK [2][-]{subsection.32.5}{5}{section.32}% 374
\BOOKMARK [3][-]{subsubsection.32.5.1}{a}{subsection.32.5}% 375
\BOOKMARK [3][-]{subsubsection.32.5.2}{b}{subsection.32.5}% 376
\BOOKMARK [1][-]{section.33}{Fall 2019 Part II}{}% 377
\BOOKMARK [2][-]{subsection.33.1}{1}{section.33}% 378
\BOOKMARK [3][-]{subsubsection.33.1.1}{a}{subsection.33.1}% 379
\BOOKMARK [3][-]{subsubsection.33.1.2}{b}{subsection.33.1}% 380
\BOOKMARK [2][-]{subsection.33.2}{7}{section.33}% 381
\BOOKMARK [3][-]{subsubsection.33.2.1}{a}{subsection.33.2}% 382
\BOOKMARK [3][-]{subsubsection.33.2.2}{b}{subsection.33.2}% 383
\BOOKMARK [3][-]{subsubsection.33.2.3}{c}{subsection.33.2}% 384
\BOOKMARK [2][-]{subsection.33.3}{8}{section.33}% 385
\BOOKMARK [3][-]{subsubsection.33.3.1}{a}{subsection.33.3}% 386
\BOOKMARK [3][-]{subsubsection.33.3.2}{b}{subsection.33.3}% 387
\BOOKMARK [3][-]{subsubsection.33.3.3}{c}{subsection.33.3}% 388
\BOOKMARK [3][-]{subsubsection.33.3.4}{d}{subsection.33.3}% 389
\BOOKMARK [2][-]{subsection.33.4}{9}{section.33}% 390
\BOOKMARK [2][-]{subsection.33.5}{10}{section.33}% 391
\BOOKMARK [3][-]{subsubsection.33.5.1}{a}{subsection.33.5}% 392
\BOOKMARK [3][-]{subsubsection.33.5.2}{b}{subsection.33.5}% 393
\BOOKMARK [3][-]{subsubsection.33.5.3}{c}{subsection.33.5}% 394
\BOOKMARK [1][-]{section.34}{Spring 2019 Part I}{}% 395
\BOOKMARK [2][-]{subsection.34.1}{1}{section.34}% 396
\BOOKMARK [3][-]{subsubsection.34.1.1}{a}{subsection.34.1}% 397
\BOOKMARK [3][-]{subsubsection.34.1.2}{b}{subsection.34.1}% 398
\BOOKMARK [2][-]{subsection.34.2}{2}{section.34}% 399
\BOOKMARK [3][-]{subsubsection.34.2.1}{a}{subsection.34.2}% 400
\BOOKMARK [3][-]{subsubsection.34.2.2}{b}{subsection.34.2}% 401
\BOOKMARK [3][-]{subsubsection.34.2.3}{c}{subsection.34.2}% 402
\BOOKMARK [2][-]{subsection.34.3}{3}{section.34}% 403
\BOOKMARK [3][-]{subsubsection.34.3.1}{a}{subsection.34.3}% 404
\BOOKMARK [3][-]{subsubsection.34.3.2}{b}{subsection.34.3}% 405
\BOOKMARK [3][-]{subsubsection.34.3.3}{c}{subsection.34.3}% 406
\BOOKMARK [2][-]{subsection.34.4}{4}{section.34}% 407
\BOOKMARK [3][-]{subsubsection.34.4.1}{a}{subsection.34.4}% 408
\BOOKMARK [3][-]{subsubsection.34.4.2}{b}{subsection.34.4}% 409
\BOOKMARK [3][-]{subsubsection.34.4.3}{c}{subsection.34.4}% 410
\BOOKMARK [2][-]{subsection.34.5}{5}{section.34}% 411
\BOOKMARK [2][-]{subsection.34.6}{10}{section.34}% 412
\BOOKMARK [3][-]{subsubsection.34.6.1}{a}{subsection.34.6}% 413
\BOOKMARK [3][-]{subsubsection.34.6.2}{b}{subsection.34.6}% 414
\BOOKMARK [3][-]{subsubsection.34.6.3}{c}{subsection.34.6}% 415
