\BOOKMARK [1][-]{section.1}{Notes for Meeting}{}% 1
\BOOKMARK [1][-]{section.2}{Spring 2009 Part II}{}% 2
\BOOKMARK [2][-]{subsection.2.1}{1}{section.2}% 3
\BOOKMARK [3][-]{subsubsection.2.1.1}{a}{subsection.2.1}% 4
\BOOKMARK [3][-]{subsubsection.2.1.2}{b}{subsection.2.1}% 5
\BOOKMARK [2][-]{subsection.2.2}{2}{section.2}% 6
\BOOKMARK [3][-]{subsubsection.2.2.1}{a}{subsection.2.2}% 7
\BOOKMARK [3][-]{subsubsection.2.2.2}{b}{subsection.2.2}% 8
\BOOKMARK [2][-]{subsection.2.3}{3}{section.2}% 9
\BOOKMARK [3][-]{subsubsection.2.3.1}{a}{subsection.2.3}% 10
\BOOKMARK [3][-]{subsubsection.2.3.2}{b}{subsection.2.3}% 11
\BOOKMARK [2][-]{subsection.2.4}{4}{section.2}% 12
\BOOKMARK [3][-]{subsubsection.2.4.1}{a HOW??}{subsection.2.4}% 13
\BOOKMARK [3][-]{subsubsection.2.4.2}{b WHAT THE HELL??}{subsection.2.4}% 14
\BOOKMARK [2][-]{subsection.2.5}{5}{section.2}% 15
\BOOKMARK [3][-]{subsubsection.2.5.1}{a}{subsection.2.5}% 16
\BOOKMARK [3][-]{subsubsection.2.5.2}{b}{subsection.2.5}% 17
\BOOKMARK [3][-]{subsubsection.2.5.3}{c}{subsection.2.5}% 18
\BOOKMARK [1][-]{section.3}{Fall 2009 Part I}{}% 19
\BOOKMARK [2][-]{subsection.3.1}{1}{section.3}% 20
\BOOKMARK [3][-]{subsubsection.3.1.1}{a}{subsection.3.1}% 21
\BOOKMARK [3][-]{subsubsection.3.1.2}{b}{subsection.3.1}% 22
\BOOKMARK [2][-]{subsection.3.2}{2}{section.3}% 23
\BOOKMARK [3][-]{subsubsection.3.2.1}{a}{subsection.3.2}% 24
\BOOKMARK [3][-]{subsubsection.3.2.2}{b}{subsection.3.2}% 25
\BOOKMARK [2][-]{subsection.3.3}{3 \(DO THIS!!!!!!\)}{section.3}% 26
\BOOKMARK [2][-]{subsection.3.4}{4}{section.3}% 27
\BOOKMARK [3][-]{subsubsection.3.4.1}{a}{subsection.3.4}% 28
\BOOKMARK [3][-]{subsubsection.3.4.2}{b}{subsection.3.4}% 29
\BOOKMARK [2][-]{subsection.3.5}{5}{section.3}% 30
\BOOKMARK [3][-]{subsubsection.3.5.1}{a}{subsection.3.5}% 31
\BOOKMARK [3][-]{subsubsection.3.5.2}{b \(FIND EXAMPLE\)}{subsection.3.5}% 32
\BOOKMARK [1][-]{section.4}{Fall 2009 Part II}{}% 33
\BOOKMARK [2][-]{subsection.4.1}{1}{section.4}% 34
\BOOKMARK [3][-]{subsubsection.4.1.1}{a}{subsection.4.1}% 35
\BOOKMARK [3][-]{subsubsection.4.1.2}{b \(PROVE THIS\)}{subsection.4.1}% 36
\BOOKMARK [2][-]{subsection.4.2}{2 \(AHH NO IDEA!!\)}{section.4}% 37
\BOOKMARK [2][-]{subsection.4.3}{3}{section.4}% 38
\BOOKMARK [2][-]{subsection.4.4}{4}{section.4}% 39
\BOOKMARK [3][-]{subsubsection.4.4.1}{a}{subsection.4.4}% 40
\BOOKMARK [3][-]{subsubsection.4.4.2}{b \(WHY DID THEY USE T HERE NOT [0,1]?}{subsection.4.4}% 41
\BOOKMARK [2][-]{subsection.4.5}{5}{section.4}% 42
\BOOKMARK [3][-]{subsubsection.4.5.1}{b}{subsection.4.5}% 43
\BOOKMARK [1][-]{section.5}{Fall 2010 Part I}{}% 44
\BOOKMARK [2][-]{subsection.5.1}{1}{section.5}% 45
\BOOKMARK [2][-]{subsection.5.2}{2}{section.5}% 46
\BOOKMARK [2][-]{subsection.5.3}{3}{section.5}% 47
\BOOKMARK [3][-]{subsubsection.5.3.1}{a}{subsection.5.3}% 48
\BOOKMARK [3][-]{subsubsection.5.3.2}{b}{subsection.5.3}% 49
\BOOKMARK [2][-]{subsection.5.4}{4}{section.5}% 50
\BOOKMARK [3][-]{subsubsection.5.4.1}{a}{subsection.5.4}% 51
\BOOKMARK [3][-]{subsubsection.5.4.2}{b}{subsection.5.4}% 52
\BOOKMARK [2][-]{subsection.5.5}{5}{section.5}% 53
\BOOKMARK [3][-]{subsubsection.5.5.1}{a}{subsection.5.5}% 54
\BOOKMARK [3][-]{subsubsection.5.5.2}{b}{subsection.5.5}% 55
\BOOKMARK [3][-]{subsubsection.5.5.3}{c}{subsection.5.5}% 56
\BOOKMARK [3][-]{subsubsection.5.5.4}{d}{subsection.5.5}% 57
\BOOKMARK [1][-]{section.6}{Fall 2010 Part II}{}% 58
\BOOKMARK [2][-]{subsection.6.1}{4}{section.6}% 59
\BOOKMARK [3][-]{subsubsection.6.1.1}{a}{subsection.6.1}% 60
\BOOKMARK [3][-]{subsubsection.6.1.2}{b}{subsection.6.1}% 61
\BOOKMARK [3][-]{subsubsection.6.1.3}{c}{subsection.6.1}% 62
\BOOKMARK [1][-]{section.7}{Spring 2010 Part I}{}% 63
\BOOKMARK [2][-]{subsection.7.1}{1}{section.7}% 64
\BOOKMARK [3][-]{subsubsection.7.1.1}{a}{subsection.7.1}% 65
\BOOKMARK [3][-]{subsubsection.7.1.2}{b}{subsection.7.1}% 66
\BOOKMARK [2][-]{subsection.7.2}{1}{section.7}% 67
\BOOKMARK [3][-]{subsubsection.7.2.1}{a}{subsection.7.2}% 68
\BOOKMARK [3][-]{subsubsection.7.2.2}{b}{subsection.7.2}% 69
\BOOKMARK [2][-]{subsection.7.3}{2 \(WHY NOT p = 1?\)}{section.7}% 70
\BOOKMARK [2][-]{subsection.7.4}{3}{section.7}% 71
\BOOKMARK [3][-]{subsubsection.7.4.1}{a}{subsection.7.4}% 72
\BOOKMARK [3][-]{subsubsection.7.4.2}{b}{subsection.7.4}% 73
\BOOKMARK [2][-]{subsection.7.5}{5 \(DO THIS!!!\)}{section.7}% 74
\BOOKMARK [1][-]{section.8}{Spring 2010 Part II}{}% 75
\BOOKMARK [2][-]{subsection.8.1}{1}{section.8}% 76
\BOOKMARK [3][-]{subsubsection.8.1.1}{a}{subsection.8.1}% 77
\BOOKMARK [3][-]{subsubsection.8.1.2}{b \(DO THIS HOW TO SHOW CONTINUOUS ON SCHWARTZ SPACE}{subsection.8.1}% 78
\BOOKMARK [2][-]{subsection.8.2}{2}{section.8}% 79
\BOOKMARK [1][-]{section.9}{Fall 2011 Part I}{}% 80
\BOOKMARK [2][-]{subsection.9.1}{1}{section.9}% 81
\BOOKMARK [3][-]{subsubsection.9.1.1}{a}{subsection.9.1}% 82
\BOOKMARK [3][-]{subsubsection.9.1.2}{b}{subsection.9.1}% 83
\BOOKMARK [2][-]{subsection.9.2}{2}{section.9}% 84
\BOOKMARK [3][-]{subsubsection.9.2.1}{a}{subsection.9.2}% 85
\BOOKMARK [3][-]{subsubsection.9.2.2}{b}{subsection.9.2}% 86
\BOOKMARK [3][-]{subsubsection.9.2.3}{c}{subsection.9.2}% 87
\BOOKMARK [2][-]{subsection.9.3}{3}{section.9}% 88
\BOOKMARK [3][-]{subsubsection.9.3.1}{a}{subsection.9.3}% 89
\BOOKMARK [3][-]{subsubsection.9.3.2}{b}{subsection.9.3}% 90
\BOOKMARK [3][-]{subsubsection.9.3.3}{c}{subsection.9.3}% 91
\BOOKMARK [2][-]{subsection.9.4}{4}{section.9}% 92
\BOOKMARK [3][-]{subsubsection.9.4.1}{a}{subsection.9.4}% 93
\BOOKMARK [3][-]{subsubsection.9.4.2}{b}{subsection.9.4}% 94
\BOOKMARK [3][-]{subsubsection.9.4.3}{c \(HOW TO DO THIS!!!\)}{subsection.9.4}% 95
\BOOKMARK [2][-]{subsection.9.5}{5}{section.9}% 96
\BOOKMARK [1][-]{section.10}{Fall 2011 Part II}{}% 97
\BOOKMARK [2][-]{subsection.10.1}{1}{section.10}% 98
\BOOKMARK [1][-]{section.11}{Spring 2011 Part I}{}% 99
\BOOKMARK [2][-]{subsection.11.1}{1}{section.11}% 100
\BOOKMARK [2][-]{subsection.11.2}{2}{section.11}% 101
\BOOKMARK [3][-]{subsubsection.11.2.1}{a}{subsection.11.2}% 102
\BOOKMARK [3][-]{subsubsection.11.2.2}{b}{subsection.11.2}% 103
\BOOKMARK [3][-]{subsubsection.11.2.3}{c}{subsection.11.2}% 104
\BOOKMARK [2][-]{subsection.11.3}{3 \(CHECK THIS!!\)}{section.11}% 105
\BOOKMARK [3][-]{subsubsection.11.3.1}{a}{subsection.11.3}% 106
\BOOKMARK [3][-]{subsubsection.11.3.2}{b}{subsection.11.3}% 107
\BOOKMARK [3][-]{subsubsection.11.3.3}{c}{subsection.11.3}% 108
\BOOKMARK [2][-]{subsection.11.4}{4}{section.11}% 109
\BOOKMARK [2][-]{subsection.11.5}{5}{section.11}% 110
\BOOKMARK [1][-]{section.12}{Spring 2011 Part II}{}% 111
\BOOKMARK [2][-]{subsection.12.1}{1 \(Seems too easy!\)}{section.12}% 112
\BOOKMARK [2][-]{subsection.12.2}{2 \(SEEMS TOO EASY??\)}{section.12}% 113
\BOOKMARK [2][-]{subsection.12.3}{3}{section.12}% 114
\BOOKMARK [2][-]{subsection.12.4}{4 \(ASK ABOUT THIS!!\)}{section.12}% 115
\BOOKMARK [3][-]{subsubsection.12.4.1}{a}{subsection.12.4}% 116
\BOOKMARK [3][-]{subsubsection.12.4.2}{b \(DO THIS!!\)}{subsection.12.4}% 117
\BOOKMARK [2][-]{subsection.12.5}{5 \(HOW DOES THIS WORK??\)}{section.12}% 118
\BOOKMARK [3][-]{subsubsection.12.5.1}{a \(FINISH THIS!\)}{subsection.12.5}% 119
\BOOKMARK [3][-]{subsubsection.12.5.2}{b}{subsection.12.5}% 120
\BOOKMARK [1][-]{section.13}{Spring 2012 Part I}{}% 121
\BOOKMARK [2][-]{subsubsection.13.0.1}{5}{section.13}% 122
\BOOKMARK [3][-]{subsubsection.13.0.2}{a}{subsubsection.13.0.1}% 123
\BOOKMARK [3][-]{subsubsection.13.0.3}{b}{subsubsection.13.0.1}% 124
\BOOKMARK [3][-]{subsubsection.13.0.4}{c}{subsubsection.13.0.1}% 125
\BOOKMARK [1][-]{section.14}{Fall 2012 Part II}{}% 126
\BOOKMARK [2][-]{subsection.14.1}{1}{section.14}% 127
\BOOKMARK [3][-]{subsubsection.14.1.1}{a}{subsection.14.1}% 128
\BOOKMARK [3][-]{subsubsection.14.1.2}{b \(DO THIS!!!\)}{subsection.14.1}% 129
\BOOKMARK [1][-]{section.15}{Fall 2013 Part II}{}% 130
\BOOKMARK [2][-]{subsection.15.1}{3}{section.15}% 131
\BOOKMARK [1][-]{section.16}{Spring 2013 Part I}{}% 132
\BOOKMARK [2][-]{subsection.16.1}{1}{section.16}% 133
\BOOKMARK [3][-]{subsubsection.16.1.1}{a}{subsection.16.1}% 134
\BOOKMARK [3][-]{subsubsection.16.1.2}{b}{subsection.16.1}% 135
\BOOKMARK [2][-]{subsection.16.2}{2}{section.16}% 136
\BOOKMARK [3][-]{subsubsection.16.2.1}{a}{subsection.16.2}% 137
\BOOKMARK [3][-]{subsubsection.16.2.2}{b \(CANT DO IT!!!\)}{subsection.16.2}% 138
\BOOKMARK [2][-]{subsection.16.3}{3 \(WHAT THE FUCK IS THIS!!\)}{section.16}% 139
\BOOKMARK [2][-]{subsection.16.4}{4}{section.16}% 140
\BOOKMARK [2][-]{subsection.16.5}{5}{section.16}% 141
\BOOKMARK [3][-]{subsubsection.16.5.1}{a}{subsection.16.5}% 142
\BOOKMARK [3][-]{subsubsection.16.5.2}{b}{subsection.16.5}% 143
\BOOKMARK [3][-]{subsubsection.16.5.3}{c}{subsection.16.5}% 144
\BOOKMARK [1][-]{section.17}{Spring 2013 Part II}{}% 145
\BOOKMARK [2][-]{subsection.17.1}{1 \(NO IDEA!!\)}{section.17}% 146
\BOOKMARK [2][-]{subsection.17.2}{2}{section.17}% 147
\BOOKMARK [2][-]{subsection.17.3}{3}{section.17}% 148
\BOOKMARK [3][-]{subsubsection.17.3.1}{a}{subsection.17.3}% 149
\BOOKMARK [3][-]{subsubsection.17.3.2}{b}{subsection.17.3}% 150
\BOOKMARK [2][-]{subsection.17.4}{4}{section.17}% 151
\BOOKMARK [3][-]{subsubsection.17.4.1}{a}{subsection.17.4}% 152
\BOOKMARK [3][-]{subsubsection.17.4.2}{b}{subsection.17.4}% 153
\BOOKMARK [1][-]{section.18}{Spring 2014 Part I}{}% 154
\BOOKMARK [2][-]{subsection.18.1}{1}{section.18}% 155
\BOOKMARK [3][-]{subsubsection.18.1.1}{a}{subsection.18.1}% 156
\BOOKMARK [3][-]{subsubsection.18.1.2}{b}{subsection.18.1}% 157
\BOOKMARK [1][-]{section.19}{Spring 2015 Part I}{}% 158
\BOOKMARK [2][-]{subsection.19.1}{1}{section.19}% 159
\BOOKMARK [3][-]{subsubsection.19.1.1}{a}{subsection.19.1}% 160
\BOOKMARK [3][-]{subsubsection.19.1.2}{b}{subsection.19.1}% 161
\BOOKMARK [2][-]{subsection.19.2}{2}{section.19}% 162
\BOOKMARK [3][-]{subsubsection.19.2.1}{a}{subsection.19.2}% 163
\BOOKMARK [3][-]{subsubsection.19.2.2}{b}{subsection.19.2}% 164
\BOOKMARK [2][-]{subsection.19.3}{3}{section.19}% 165
\BOOKMARK [3][-]{subsubsection.19.3.1}{a}{subsection.19.3}% 166
\BOOKMARK [3][-]{subsubsection.19.3.2}{b}{subsection.19.3}% 167
\BOOKMARK [2][-]{subsection.19.4}{4}{section.19}% 168
\BOOKMARK [3][-]{subsubsection.19.4.1}{a}{subsection.19.4}% 169
\BOOKMARK [3][-]{subsubsection.19.4.2}{b}{subsection.19.4}% 170
\BOOKMARK [2][-]{subsection.19.5}{5}{section.19}% 171
\BOOKMARK [3][-]{subsubsection.19.5.1}{a}{subsection.19.5}% 172
\BOOKMARK [3][-]{subsubsection.19.5.2}{b}{subsection.19.5}% 173
\BOOKMARK [3][-]{subsubsection.19.5.3}{c FUCK YOU GOD}{subsection.19.5}% 174
\BOOKMARK [1][-]{section.20}{Spring 2015 Part II}{}% 175
\BOOKMARK [2][-]{subsection.20.1}{1}{section.20}% 176
\BOOKMARK [2][-]{subsection.20.2}{2}{section.20}% 177
\BOOKMARK [2][-]{subsection.20.3}{3}{section.20}% 178
\BOOKMARK [3][-]{subsubsection.20.3.1}{a}{subsection.20.3}% 179
\BOOKMARK [3][-]{subsubsection.20.3.2}{b \(HOW TO DO THIS!!\)}{subsection.20.3}% 180
\BOOKMARK [2][-]{subsection.20.4}{4}{section.20}% 181
\BOOKMARK [3][-]{subsubsection.20.4.1}{a}{subsection.20.4}% 182
\BOOKMARK [3][-]{subsubsection.20.4.2}{b}{subsection.20.4}% 183
\BOOKMARK [3][-]{subsubsection.20.4.3}{c}{subsection.20.4}% 184
\BOOKMARK [2][-]{subsection.20.5}{5}{section.20}% 185
\BOOKMARK [1][-]{section.21}{Fall 2015 Part I}{}% 186
\BOOKMARK [2][-]{subsection.21.1}{1}{section.21}% 187
\BOOKMARK [2][-]{subsection.21.2}{2}{section.21}% 188
\BOOKMARK [3][-]{subsubsection.21.2.1}{a}{subsection.21.2}% 189
\BOOKMARK [3][-]{subsubsection.21.2.2}{b}{subsection.21.2}% 190
\BOOKMARK [2][-]{subsection.21.3}{3}{section.21}% 191
\BOOKMARK [2][-]{subsection.21.4}{4 \(ACTUALLY DO THIS\)}{section.21}% 192
\BOOKMARK [3][-]{subsubsection.21.4.1}{a}{subsection.21.4}% 193
\BOOKMARK [2][-]{subsection.21.5}{5 \(DO THIS!!\)}{section.21}% 194
\BOOKMARK [1][-]{section.22}{Fall 2015 Part II}{}% 195
\BOOKMARK [2][-]{subsection.22.1}{1}{section.22}% 196
\BOOKMARK [2][-]{subsection.22.2}{2}{section.22}% 197
\BOOKMARK [2][-]{subsection.22.3}{3}{section.22}% 198
\BOOKMARK [3][-]{subsubsection.22.3.1}{a}{subsection.22.3}% 199
\BOOKMARK [3][-]{subsubsection.22.3.2}{b}{subsection.22.3}% 200
\BOOKMARK [2][-]{subsection.22.4}{4}{section.22}% 201
\BOOKMARK [1][-]{section.23}{Spring 2016 Part I}{}% 202
\BOOKMARK [2][-]{subsection.23.1}{1}{section.23}% 203
\BOOKMARK [3][-]{subsubsection.23.1.1}{a}{subsection.23.1}% 204
\BOOKMARK [3][-]{subsubsection.23.1.2}{b}{subsection.23.1}% 205
\BOOKMARK [2][-]{subsection.23.2}{2 \(OKAY DO THIS ONE\)}{section.23}% 206
\BOOKMARK [2][-]{subsection.23.3}{3}{section.23}% 207
\BOOKMARK [2][-]{subsection.23.4}{4}{section.23}% 208
\BOOKMARK [3][-]{subsubsection.23.4.1}{a}{subsection.23.4}% 209
\BOOKMARK [3][-]{subsubsection.23.4.2}{b}{subsection.23.4}% 210
\BOOKMARK [2][-]{subsection.23.5}{5}{section.23}% 211
\BOOKMARK [1][-]{section.24}{Spring 2016 Part II}{}% 212
\BOOKMARK [2][-]{subsection.24.1}{1}{section.24}% 213
\BOOKMARK [3][-]{subsubsection.24.1.1}{a}{subsection.24.1}% 214
\BOOKMARK [3][-]{subsubsection.24.1.2}{b}{subsection.24.1}% 215
\BOOKMARK [2][-]{subsection.24.2}{2}{section.24}% 216
\BOOKMARK [2][-]{subsection.24.3}{3}{section.24}% 217
\BOOKMARK [3][-]{subsubsection.24.3.1}{a}{subsection.24.3}% 218
\BOOKMARK [3][-]{subsubsection.24.3.2}{b}{subsection.24.3}% 219
\BOOKMARK [3][-]{subsubsection.24.3.3}{c}{subsection.24.3}% 220
\BOOKMARK [2][-]{subsection.24.4}{4}{section.24}% 221
\BOOKMARK [3][-]{subsubsection.24.4.1}{a}{subsection.24.4}% 222
\BOOKMARK [3][-]{subsubsection.24.4.2}{b \(FUCK OFFF!\)}{subsection.24.4}% 223
\BOOKMARK [2][-]{subsection.24.5}{5}{section.24}% 224
\BOOKMARK [3][-]{subsubsection.24.5.1}{a}{subsection.24.5}% 225
\BOOKMARK [3][-]{subsubsection.24.5.2}{b \(NO IDEA HOW TO DO THIS\)}{subsection.24.5}% 226
\BOOKMARK [1][-]{section.25}{Fall 2016 Part I}{}% 227
\BOOKMARK [2][-]{subsection.25.1}{1}{section.25}% 228
\BOOKMARK [2][-]{subsection.25.2}{2}{section.25}% 229
\BOOKMARK [2][-]{subsection.25.3}{3}{section.25}% 230
\BOOKMARK [3][-]{subsubsection.25.3.1}{a}{subsection.25.3}% 231
\BOOKMARK [3][-]{subsubsection.25.3.2}{b}{subsection.25.3}% 232
\BOOKMARK [2][-]{subsection.25.4}{4}{section.25}% 233
\BOOKMARK [3][-]{subsubsection.25.4.1}{a}{subsection.25.4}% 234
\BOOKMARK [3][-]{subsubsection.25.4.2}{b}{subsection.25.4}% 235
\BOOKMARK [3][-]{subsubsection.25.4.3}{c}{subsection.25.4}% 236
\BOOKMARK [2][-]{subsection.25.5}{5 \(WHY THE FUCK??\)}{section.25}% 237
\BOOKMARK [1][-]{section.26}{Fall 2016 Part II}{}% 238
\BOOKMARK [2][-]{subsection.26.1}{1}{section.26}% 239
\BOOKMARK [2][-]{subsection.26.2}{2}{section.26}% 240
\BOOKMARK [2][-]{subsection.26.3}{3}{section.26}% 241
\BOOKMARK [3][-]{subsubsection.26.3.1}{a}{subsection.26.3}% 242
\BOOKMARK [3][-]{subsubsection.26.3.2}{b}{subsection.26.3}% 243
\BOOKMARK [2][-]{subsection.26.4}{4 \(FUCK GOD\)}{section.26}% 244
\BOOKMARK [2][-]{subsection.26.5}{5 \(HOW THE HELL DOES THIS WORK??\)}{section.26}% 245
\BOOKMARK [3][-]{subsubsection.26.5.1}{a}{subsection.26.5}% 246
\BOOKMARK [1][-]{section.27}{Spring 2019 Part I}{}% 247
\BOOKMARK [2][-]{subsection.27.1}{1 \(LOOK UP ABSOLUTE CONTINUITY\)}{section.27}% 248
\BOOKMARK [2][-]{subsection.27.2}{2 \(DO THIS MORE PRECISELY\)}{section.27}% 249
\BOOKMARK [2][-]{subsection.27.3}{3}{section.27}% 250
\BOOKMARK [2][-]{subsection.27.4}{4}{section.27}% 251
\BOOKMARK [3][-]{subsubsection.27.4.1}{a}{subsection.27.4}% 252
\BOOKMARK [2][-]{subsection.27.5}{5}{section.27}% 253
\BOOKMARK [3][-]{subsubsection.27.5.1}{a}{subsection.27.5}% 254
\BOOKMARK [3][-]{subsubsection.27.5.2}{b \(DO THIS ONE!!!\)}{subsection.27.5}% 255
\BOOKMARK [1][-]{section.28}{Spring 2018 Part I}{}% 256
\BOOKMARK [2][-]{subsection.28.1}{2}{section.28}% 257
\BOOKMARK [2][-]{subsection.28.2}{3}{section.28}% 258
\BOOKMARK [3][-]{subsubsection.28.2.1}{a}{subsection.28.2}% 259
\BOOKMARK [3][-]{subsubsection.28.2.2}{b}{subsection.28.2}% 260
\BOOKMARK [3][-]{subsubsection.28.2.3}{c}{subsection.28.2}% 261
\BOOKMARK [2][-]{subsection.28.3}{4 DO THIS!!}{section.28}% 262
\BOOKMARK [2][-]{subsection.28.4}{5}{section.28}% 263
\BOOKMARK [3][-]{subsubsection.28.4.1}{a}{subsection.28.4}% 264
\BOOKMARK [3][-]{subsubsection.28.4.2}{b}{subsection.28.4}% 265
\BOOKMARK [3][-]{subsubsection.28.4.3}{c}{subsection.28.4}% 266
\BOOKMARK [1][-]{section.29}{Spring 2018 Part II}{}% 267
\BOOKMARK [2][-]{subsection.29.1}{1}{section.29}% 268
\BOOKMARK [2][-]{subsection.29.2}{2}{section.29}% 269
\BOOKMARK [3][-]{subsubsection.29.2.1}{a}{subsection.29.2}% 270
\BOOKMARK [3][-]{subsubsection.29.2.2}{b}{subsection.29.2}% 271
\BOOKMARK [2][-]{subsection.29.3}{3 \(HOW TO DO THIS\)}{section.29}% 272
\BOOKMARK [2][-]{subsection.29.4}{4}{section.29}% 273
\BOOKMARK [3][-]{subsubsection.29.4.1}{a}{subsection.29.4}% 274
\BOOKMARK [3][-]{subsubsection.29.4.2}{b}{subsection.29.4}% 275
\BOOKMARK [2][-]{subsection.29.5}{5 HOW TO DO THIS!!}{section.29}% 276
\BOOKMARK [1][-]{section.30}{Spring 2019 Part II}{}% 277
\BOOKMARK [2][-]{subsection.30.1}{4}{section.30}% 278
\BOOKMARK [1][-]{section.31}{Fall 2019 Part I}{}% 279
\BOOKMARK [2][-]{subsection.31.1}{1}{section.31}% 280
\BOOKMARK [2][-]{subsection.31.2}{2}{section.31}% 281
\BOOKMARK [2][-]{subsection.31.3}{3}{section.31}% 282
\BOOKMARK [2][-]{subsection.31.4}{4}{section.31}% 283
\BOOKMARK [3][-]{subsubsection.31.4.1}{a}{subsection.31.4}% 284
\BOOKMARK [3][-]{subsubsection.31.4.2}{b}{subsection.31.4}% 285
\BOOKMARK [2][-]{subsection.31.5}{5 \(DO THIS IN PARTICULAR!!\)}{section.31}% 286
\BOOKMARK [3][-]{subsubsection.31.5.1}{a}{subsection.31.5}% 287
\BOOKMARK [3][-]{subsubsection.31.5.2}{b \(HOW TO GET THE CORRECT BOUND\)}{subsection.31.5}% 288
\BOOKMARK [1][-]{section.32}{Fall 2019 Part II}{}% 289
\BOOKMARK [2][-]{subsubsection.32.0.1}{1}{section.32}% 290
\BOOKMARK [3][-]{subsubsection.32.0.2}{a}{subsubsection.32.0.1}% 291
\BOOKMARK [3][-]{subsubsection.32.0.3}{b}{subsubsection.32.0.1}% 292
\BOOKMARK [2][-]{subsection.32.1}{3 \(DON"T KNOW HOW\)}{section.32}% 293
\BOOKMARK [2][-]{subsection.32.2}{4 \(DON"T KNOW HOW\)}{section.32}% 294
