\BOOKMARK [1][-]{section.1}{Lecture 1}{}% 1
\BOOKMARK [2][-]{subsection.1.1}{Outline}{section.1}% 2
\BOOKMARK [2][-]{subsection.1.2}{Introduction}{section.1}% 3
\BOOKMARK [2][-]{subsection.1.3}{Some General Features}{section.1}% 4
\BOOKMARK [2][-]{subsection.1.4}{Starting the Theory}{section.1}% 5
\BOOKMARK [3][-]{subsubsection.1.4.1}{Symplectic Vector Spaces}{subsection.1.4}% 6
\BOOKMARK [3][-]{subsubsection.1.4.2}{Symplectic Vector Bundles}{subsection.1.4}% 7
\BOOKMARK [3][-]{subsubsection.1.4.3}{Symplectic Manifolds}{subsection.1.4}% 8
\BOOKMARK [1][-]{section.2}{Lecture 2 Mar. 31}{}% 9
\BOOKMARK [2][-]{subsection.2.1}{Examples of Symplectic Manifolds}{section.2}% 10
\BOOKMARK [2][-]{subsection.2.2}{The Cotangent Bundle}{section.2}% 11
\BOOKMARK [2][-]{subsection.2.3}{Hamiltonian Mechanincs Motivation}{section.2}% 12
\BOOKMARK [2][-]{subsection.2.4}{Moser's Trick}{section.2}% 13
\BOOKMARK [1][-]{section.3}{Lecture 3 Moser's Trick and Almost Complex Structures}{}% 14
\BOOKMARK [2][-]{subsection.3.1}{Moser's Trick}{section.3}% 15
\BOOKMARK [2][-]{subsection.3.2}{Local Models}{section.3}% 16
\BOOKMARK [2][-]{subsection.3.3}{Almost Complex Structures}{section.3}% 17
\BOOKMARK [1][-]{section.4}{Lecture 4 Almost Complex Structures, First Chern Class, and Maslov Index}{}% 18
\BOOKMARK [2][-]{subsection.4.1}{Almost Complex Structures}{section.4}% 19
\BOOKMARK [2][-]{subsection.4.2}{When does an Almost Complex Structure Exist}{section.4}% 20
\BOOKMARK [2][-]{subsection.4.3}{Gromov h-Principle}{section.4}% 21
\BOOKMARK [2][-]{subsection.4.4}{Almost Complex Structures and Lagrangians}{section.4}% 22
\BOOKMARK [2][-]{subsection.4.5}{Integrable Almost Complex Structures}{section.4}% 23
\BOOKMARK [2][-]{subsection.4.6}{Chern Classes}{section.4}% 24
\BOOKMARK [2][-]{subsection.4.7}{Maslov Index}{section.4}% 25
\BOOKMARK [1][-]{section.5}{J-holomorphic curves, Basic Properties}{}% 26
\BOOKMARK [2][-]{subsection.5.1}{Local Properties of J-holomorphic Maps}{section.5}% 27
\BOOKMARK [2][-]{subsection.5.2}{Positivity of Intersection}{section.5}% 28
\BOOKMARK [2][-]{subsection.5.3}{Energy and Area}{section.5}% 29
\BOOKMARK [2][-]{subsection.5.4}{How to Construct Invariants}{section.5}% 30
\BOOKMARK [1][-]{section.6}{April 14}{}% 31
\BOOKMARK [2][-]{subsection.6.1}{The Moduli Space of J-holomorphic curves}{section.6}% 32
\BOOKMARK [2][-]{subsection.6.2}{Orientability}{section.6}% 33
\BOOKMARK [2][-]{subsection.6.3}{Moduli Space of Smooth pseudo-holomorphic maps}{section.6}% 34
\BOOKMARK [2][-]{subsection.6.4}{Goals/Hope}{section.6}% 35
\BOOKMARK [1][-]{section.7}{April 21}{}% 36
\BOOKMARK [2][-]{subsection.7.1}{The Moduli Space of Stable Curves}{section.7}% 37
\BOOKMARK [2][-]{subsection.7.2}{Construction of Mg using hyperbolic metrics}{section.7}% 38
\BOOKMARK [2][-]{subsection.7.3}{Compactifying the Moduli Space}{section.7}% 39
\BOOKMARK [2][-]{subsection.7.4}{Bubbling Example}{section.7}% 40
\BOOKMARK [1][-]{section.8}{April 28 Gromov Compactness}{}% 41
\BOOKMARK [2][-]{subsection.8.1}{Isoperimetric Inequality}{section.8}% 42
\BOOKMARK [1][-]{section.9}{Gromov Compactness Theorem}{}% 43
\BOOKMARK [1][-]{section.10}{April 28}{}% 44
\BOOKMARK [2][-]{subsection.10.1}{Linearizations}{section.10}% 45
\BOOKMARK [1][-]{section.11}{Linearizations and Transversality}{}% 46
\BOOKMARK [1][-]{section.12}{Gromov-Witten Invariants}{}% 47
\BOOKMARK [1][-]{section.13}{May 10}{}% 48
\BOOKMARK [2][-]{subsection.13.1}{Applications}{section.13}% 49
\BOOKMARK [3][-]{subsubsection.13.1.1}{Outline of Proof}{subsection.13.1}% 50
\BOOKMARK [1][-]{section.14}{May 12}{}% 51
\BOOKMARK [2][-]{subsection.14.1}{Outline of the Proof}{section.14}% 52
\BOOKMARK [2][-]{subsection.14.2}{Properties of GW Invariants}{section.14}% 53
\BOOKMARK [3][-]{subsubsection.14.2.1}{Division Axiom}{subsection.14.2}% 54
\BOOKMARK [3][-]{subsubsection.14.2.2}{Splitting Axiom}{subsection.14.2}% 55
\BOOKMARK [2][-]{subsection.14.3}{More Applications}{section.14}% 56
