\BOOKMARK [1][-]{section.1}{\376\377\000L\000e\000c\000t\000u\000r\000e\000\040\0001\000\040\000\050\000S\000e\000p\000t\000.\000\040\0002\0000\000\051}{}% 1
\BOOKMARK [2][-]{subsection.1.1}{\376\377\000R\000i\000e\000m\000a\000n\000n\000-\000H\000i\000l\000b\000e\000r\000t\000\040\000C\000o\000r\000r\000e\000s\000p\000o\000n\000d\000e\000n\000c\000e}{section.1}% 2
\BOOKMARK [2][-]{subsection.1.2}{\376\377\000G\000r\000o\000t\000h\000e\000n\000d\000i\000e\000c\000k\000\040\000p\000-\000c\000u\000r\000v\000a\000t\000u\000r\000e\000\040\000C\000o\000n\000j\000e\000c\000t\000u\000r\000e}{section.1}% 3
\BOOKMARK [2][-]{subsection.1.3}{\376\377\000F\000u\000r\000t\000h\000e\000r\000\040\000Q\000u\000e\000s\000t\000i\000o\000n\000s}{section.1}% 4
\BOOKMARK [1][-]{section.2}{\376\377\000L\000e\000c\000t\000u\000r\000e\000\040\0002\000\040\000\050\000S\000e\000p\000t\000.\000\040\0002\0007\000\051\000\040\000T\000h\000e\000\040\000p\000-\000c\000u\000r\000v\000a\000t\000u\000r\000e\000\040\000c\000o\000n\000j\000e\000c\000t\000u\000r\000e}{}% 5
\BOOKMARK [2][-]{subsection.2.1}{\376\377\000K\000r\000o\000n\000e\000c\000k\000e\000r}{section.2}% 6
\BOOKMARK [2][-]{subsection.2.2}{\376\377\000G\000r\000o\000t\000h\000e\000n\000d\000i\000e\000c\000k}{section.2}% 7
\BOOKMARK [1][-]{section.3}{\376\377\000L\000e\000c\000t\000u\000r\000e\000\040\0003\000\040\000\050\000O\000c\000t\000.\000\040\0004\000\051}{}% 8
\BOOKMARK [2][-]{subsection.3.1}{\376\377\000G\000r\000o\000t\000h\000e\000n\000d\000i\000e\000c\000k\000\040\000S\000p\000e\000c\000i\000a\000l\000i\000z\000a\000t\000i\000o\000n}{section.3}% 9
\BOOKMARK [2][-]{subsection.3.2}{\376\377\000M\000o\000d\000e\000l\000\040\000T\000h\000e\000o\000r\000y}{section.3}% 10
\BOOKMARK [1][-]{section.4}{\376\377\000L\000e\000c\000t\000u\000r\000e\000\040\0004\000\040\000\050\000O\000c\000t\000.\000\040\0001\0001\000\051}{}% 11
\BOOKMARK [1][-]{section.5}{\376\377\000L\000e\000c\000t\000u\000r\000e\000\040\0005\000\040\000\050\000O\000c\000t\000.\000\040\0001\0008\000\051}{}% 12
\BOOKMARK [2][-]{subsubsection.5.0.1}{\376\377\000S\000e\000r\000r\000e}{section.5}% 13
\BOOKMARK [3][-]{subsubsection.5.0.2}{\376\377\000D\000e\000l\000i\000g\000n\000e\000-\000I\000l\000l\000u\000s\000i\000e}{subsubsection.5.0.1}% 14
\BOOKMARK [3][-]{subsubsection.5.0.3}{\376\377\000A\000c\000h\000i\000n\000g\000e\000r\000-\000Z\000d\000a\000n\000o\000w\000i\000n\000g}{subsubsection.5.0.1}% 15
\BOOKMARK [2][-]{subsection.5.1}{\376\377\000M\000a\000i\000n\000\040\000T\000o\000o\000l\000\040\000F\000r\000o\000m\000\040\000t\000h\000e\000\040\000D\000e\000f\000n}{section.5}% 16
\BOOKMARK [1][-]{section.6}{\376\377\000L\000e\000c\000t\000u\000r\000e\000\040\0006\000\040\000\050\000O\000c\000t\000.\000\040\0002\0005\000\051}{}% 17
\BOOKMARK [1][-]{section.7}{\376\377\000L\000e\000c\000t\000u\000r\000e\000\040\0007\000\040\000\050\000N\000o\000v\000.\000\040\0001\000\051\000\040\000C\000o\000m\000p\000a\000n\000i\000o\000n\000s}{}% 18
\BOOKMARK [2][-]{subsection.7.1}{\376\377\000O\000v\000e\000r\000\040\000F\000i\000n\000i\000t\000e\000\040\000F\000i\000e\000l\000d\000s}{section.7}% 19
\BOOKMARK [1][-]{section.8}{\376\377\000L\000e\000c\000t\000u\000r\000e\000\040\0008\000\040\000\050\000N\000o\000v\000.\000\040\0001\0005\000\051}{}% 20
\BOOKMARK [2][-]{subsection.8.1}{\376\377\000F\000-\000i\000s\000o\000c\000r\000y\000s\000t\000a\000l\000s}{section.8}% 21
\BOOKMARK [1][-]{section.9}{\376\377\000L\000e\000c\000t\000u\000r\000e\000\040\0009\000\040\000\050\000N\000o\000v\000.\000\040\0002\0002\000\051}{}% 22
\BOOKMARK [1][-]{section.10}{\376\377\000L\000e\000c\000t\000u\000r\000e\000\040\0001\0000\000\040\000\050\000N\000o\000v\000.\000\040\0002\0009\000\051}{}% 23
\BOOKMARK [2][-]{subsection.10.1}{\376\377\000A\000l\000e\000x\000\040\000F\000u\000b\000o\000b\000s\000k\000y}{section.10}% 24
