\BOOKMARK [1][-]{section.1}{Homework 1}{}% 1
\BOOKMARK [1][-]{section.2}{Homework 2}{}% 2
\BOOKMARK [2][-]{subsection.2.1}{A}{section.2}% 3
\BOOKMARK [2][-]{subsection.2.2}{B}{section.2}% 4
\BOOKMARK [2][-]{subsection.2.3}{C}{section.2}% 5
\BOOKMARK [1][-]{section.3}{Homework 3}{}% 6
\BOOKMARK [2][-]{subsection.3.1}{1}{section.3}% 7
\BOOKMARK [2][-]{subsection.3.2}{2}{section.3}% 8
\BOOKMARK [2][-]{subsection.3.3}{3}{section.3}% 9
\BOOKMARK [1][-]{section.4}{Homework 4}{}% 10
\BOOKMARK [2][-]{subsection.4.1}{A}{section.4}% 11
\BOOKMARK [1][-]{section.5}{Homework 5}{}% 12
\BOOKMARK [2][-]{subsection.5.1}{A}{section.5}% 13
\BOOKMARK [2][-]{subsection.5.2}{B}{section.5}% 14
\BOOKMARK [1][-]{section.6}{Homework 6}{}% 15
\BOOKMARK [2][-]{subsection.6.1}{A}{section.6}% 16
\BOOKMARK [2][-]{subsection.6.2}{B}{section.6}% 17
\BOOKMARK [1][-]{section.7}{Homework 7}{}% 18
\BOOKMARK [2][-]{subsection.7.1}{A}{section.7}% 19
\BOOKMARK [2][-]{subsection.7.2}{B}{section.7}% 20
\BOOKMARK [2][-]{subsection.7.3}{C}{section.7}% 21
\BOOKMARK [2][-]{subsection.7.4}{D}{section.7}% 22
