\BOOKMARK [1][-]{section.1}{Sep. 20}{}% 1
\BOOKMARK [2][-]{subsection.1.1}{History}{section.1}% 2
\BOOKMARK [3][-]{subsubsection.1.1.1}{Question: for any field k is there a ``geometry'' for k[X1, \203, Xn]/I?}{subsection.1.1}% 3
\BOOKMARK [3][-]{subsubsection.1.1.2}{The Weil Conjectures \(1948\)}{subsection.1.1}% 4
\BOOKMARK [3][-]{subsubsection.1.1.3}{1950's: Chaos \(K\344hler, Shimura, Nagata, etc.\)}{subsection.1.1}% 5
\BOOKMARK [2][-]{subsection.1.2}{Affine Algebraic Sets}{section.1}% 6
\BOOKMARK [3][-]{subsubsection.1.2.1}{Examples}{subsection.1.2}% 7
\BOOKMARK [1][-]{section.2}{Sep. 22}{}% 8
\BOOKMARK [1][-]{section.3}{Dimension and Regular Functions}{}% 9
\BOOKMARK [2][-]{subsubsection.3.0.1}{``Nice'' functions on algebraic sets}{section.3}% 10
\BOOKMARK [1][-]{section.4}{Sep. 27}{}% 11
\BOOKMARK [2][-]{subsection.4.1}{Regular Functions and Coordinate Rings}{section.4}% 12
\BOOKMARK [1][-]{section.5}{Sept. 29}{}% 13
\BOOKMARK [2][-]{subsection.5.1}{Morphisms of Algebraic Sets}{section.5}% 14
\BOOKMARK [1][-]{section.6}{Oct. 1}{}% 15
\BOOKMARK [2][-]{subsection.6.1}{Local Rings and Smoothness}{section.6}% 16
\BOOKMARK [1][-]{section.7}{Oct. 4}{}% 17
\BOOKMARK [2][-]{subsection.7.1}{Tangent Spaces and Presheaves}{section.7}% 18
\BOOKMARK [2][-]{subsection.7.2}{Schemes}{section.7}% 19
\BOOKMARK [1][-]{section.8}{Sheaves and Ringed Spaces}{}% 20
\BOOKMARK [1][-]{section.9}{Oct. 8}{}% 21
\BOOKMARK [2][-]{subsection.9.1}{Locally Ringed Spaces}{section.9}% 22
\BOOKMARK [2][-]{subsection.9.2}{Examples of Ringed Spaces}{section.9}% 23
\BOOKMARK [2][-]{subsection.9.3}{Locally Ringed Spaces}{section.9}% 24
\BOOKMARK [2][-]{subsection.9.4}{Evaluation}{section.9}% 25
\BOOKMARK [2][-]{subsection.9.5}{Functoriality of Evaluation}{section.9}% 26
\BOOKMARK [1][-]{section.10}{Oct. 11}{}% 27
\BOOKMARK [1][-]{section.11}{Properties of Sheafification}{}% 28
\BOOKMARK [1][-]{section.12}{Oct. 15}{}% 29
\BOOKMARK [2][-]{subsection.12.1}{Some Loose Ends on Exactness}{section.12}% 30
\BOOKMARK [2][-]{subsection.12.2}{Sheaf Pullback}{section.12}% 31
\BOOKMARK [1][-]{section.13}{Oct. 18}{}% 32
\BOOKMARK [2][-]{subsection.13.1}{More sheaf pullback and manifolds without charts}{section.13}% 33
\BOOKMARK [2][-]{subsection.13.2}{Universal property of open immersion}{section.13}% 34
\BOOKMARK [2][-]{subsection.13.3}{Gluing of Ringed Spaces}{section.13}% 35
\BOOKMARK [1][-]{section.14}{Oct. 20 Schemes}{}% 36
\BOOKMARK [2][-]{subsection.14.1}{Goal}{section.14}% 37
\BOOKMARK [1][-]{section.15}{Oct. 22}{}% 38
\BOOKMARK [2][-]{subsection.15.1}{Some basic properties of schemes and morphisms}{section.15}% 39
\BOOKMARK [1][-]{section.16}{Oct. 25}{}% 40
\BOOKMARK [1][-]{section.17}{Oct. 27}{}% 41
\BOOKMARK [1][-]{section.18}{Oct. 29}{}% 42
\BOOKMARK [2][-]{subsection.18.1}{Proj and More Morphism Properties}{section.18}% 43
\BOOKMARK [2][-]{subsection.18.2}{Functoriality}{section.18}% 44
\BOOKMARK [1][-]{section.19}{Nov. 1}{}% 45
\BOOKMARK [2][-]{subsection.19.1}{Some Examples}{section.19}% 46
\BOOKMARK [2][-]{subsection.19.2}{Further Properties of Schemes and Morphisms}{section.19}% 47
\BOOKMARK [2][-]{subsection.19.3}{Comparison to Classical Varieties}{section.19}% 48
\BOOKMARK [2][-]{subsection.19.4}{Relation to the Classical Theory}{section.19}% 49
\BOOKMARK [2][-]{subsection.19.5}{Nov. 3}{section.19}% 50
\BOOKMARK [3][-]{subsubsection.19.5.1}{Fiber Products and Universal Structures}{subsection.19.5}% 51
\BOOKMARK [2][-]{subsection.19.6}{The Construction of Fiber Products}{section.19}% 52
\BOOKMARK [2][-]{subsection.19.7}{Viewpoints on the Fiber Product}{section.19}% 53
\BOOKMARK [2][-]{subsection.19.8}{Yoneda's Lemma and Fiber Products}{section.19}% 54
\BOOKMARK [2][-]{subsection.19.9}{Construction of Fiber Products}{section.19}% 55
\BOOKMARK [1][-]{section.20}{Nov. 8}{}% 56
\BOOKMARK [2][-]{subsection.20.1}{Applications of Fiber Products}{section.20}% 57
\BOOKMARK [2][-]{subsection.20.2}{Applications of Fiber Products}{section.20}% 58
\BOOKMARK [3][-]{subsubsection.20.2.1}{Remarks}{subsection.20.2}% 59
\BOOKMARK [3][-]{subsubsection.20.2.2}{Scheme Theoretic Intersection}{subsection.20.2}% 60
\BOOKMARK [3][-]{subsubsection.20.2.3}{Cartesian}{subsection.20.2}% 61
\BOOKMARK [3][-]{subsubsection.20.2.4}{Flatness}{subsection.20.2}% 62
\BOOKMARK [3][-]{subsubsection.20.2.5}{The Diagonal}{subsection.20.2}% 63
\BOOKMARK [2][-]{subsection.20.3}{Nov. 10}{section.20}% 64
\BOOKMARK [2][-]{subsection.20.4}{Separatedness}{section.20}% 65
\BOOKMARK [2][-]{subsection.20.5}{Graph Construction}{section.20}% 66
\BOOKMARK [2][-]{subsection.20.6}{Separatedness criterion}{section.20}% 67
\BOOKMARK [1][-]{section.21}{Nov. 12}{}% 68
\BOOKMARK [2][-]{subsection.21.1}{Applications of Separatedness}{section.21}% 69
\BOOKMARK [2][-]{subsection.21.2}{Triangular Implication of Properties}{section.21}% 70
\BOOKMARK [2][-]{subsection.21.3}{Quasi-Separatedness}{section.21}% 71
\BOOKMARK [1][-]{section.22}{Nov. 15 Projectivity and Properness}{}% 72
\BOOKMARK [2][-]{subsection.22.1}{Projectivity}{section.22}% 73
\BOOKMARK [2][-]{subsection.22.2}{Elimination Theory}{section.22}% 74
\BOOKMARK [3][-]{subsubsection.22.2.1}{Merits of Properness over Projectivity}{subsection.22.2}% 75
\BOOKMARK [1][-]{section.23}{Valuative Criterion}{}% 76
\BOOKMARK [2][-]{subsection.23.1}{Killer App}{section.23}% 77
\BOOKMARK [1][-]{section.24}{Nov. 17 Hilbert Functors and Quasi-Coherent Sheaves}{}% 78
\BOOKMARK [2][-]{subsection.24.1}{Hilbert Functors}{section.24}% 79
\BOOKMARK [2][-]{subsection.24.2}{Quasi-Coherent Sheaves}{section.24}% 80
\BOOKMARK [1][-]{section.25}{Nov. 19}{}% 81
\BOOKMARK [2][-]{subsection.25.1}{Localization Criterion}{section.25}% 82
\BOOKMARK [1][-]{section.26}{Nov. 29}{}% 83
\BOOKMARK [2][-]{subsection.26.1}{Quasi-Coherent Sheaves on Proj}{section.26}% 84
\BOOKMARK [1][-]{section.27}{Dec. 1 The Serre Twist, I}{}% 85
\BOOKMARK [1][-]{section.28}{Dec. 3}{}% 86
\BOOKMARK [1][-]{section.29}{Jan. 7}{}% 87
\BOOKMARK [2][-]{subsection.29.1}{Equivalence of Picard Group and Class Group}{section.29}% 88
\BOOKMARK [1][-]{section.30}{Jan. 10}{}% 89
\BOOKMARK [2][-]{subsection.30.1}{Automorphisms of \266n}{section.30}% 90
\BOOKMARK [2][-]{subsection.30.2}{Ample Line Bundle}{section.30}% 91
\BOOKMARK [1][-]{section.31}{Cech Cohomology}{}% 92
\BOOKMARK [2][-]{subsection.31.1}{Refinement}{section.31}% 93
\BOOKMARK [1][-]{section.32}{Feb. 9}{}% 94
\BOOKMARK [1][-]{section.33}{Feb. 11}{}% 95
\BOOKMARK [1][-]{section.34}{Feb. 14}{}% 96
\BOOKMARK [2][-]{subsection.34.1}{Affine Vanishing and Its Applications}{section.34}% 97
\BOOKMARK [1][-]{section.35}{Serre's Converse}{}% 98
\BOOKMARK [1][-]{section.36}{Ampleness and Higher direct Images}{}% 99
\BOOKMARK [1][-]{section.37}{Feb. 23}{}% 100
\BOOKMARK [2][-]{subsection.37.1}{Duality Formalism}{section.37}% 101
\BOOKMARK [3][-]{subsubsection.37.1.1}{Coherence of Higher Direct Images}{subsection.37.1}% 102
\BOOKMARK [2][-]{subsection.37.2}{Coherent Duality}{section.37}% 103
\BOOKMARK [1][-]{section.38}{Feb. 25}{}% 104
\BOOKMARK [2][-]{subsection.38.1}{Ext Sheaves}{section.38}% 105
\BOOKMARK [1][-]{section.39}{Theorem on Formal Functions}{}% 106
\BOOKMARK [2][-]{subsection.39.1}{Completions}{section.39}% 107
\BOOKMARK [1][-]{section.40}{Mar. 4}{}% 108
\BOOKMARK [1][-]{section.41}{Mar 7}{}% 109
\BOOKMARK [2][-]{subsection.41.1}{Base Change for Cohomology}{section.41}% 110
\BOOKMARK [2][-]{subsection.41.2}{General Base Change Map}{section.41}% 111
\BOOKMARK [1][-]{section.42}{Cohomology and Base Change II}{}% 112
\BOOKMARK [2][-]{subsection.42.1}{Setup for the Proof of Cohomology and Base Change}{section.42}% 113
\BOOKMARK [1][-]{section.43}{Proof and Applications of Base Change Theorem}{}% 114
\BOOKMARK [1][-]{section.44}{Applications}{}% 115
