\BOOKMARK [1][-]{section.1}{\376\377\000C\000l\000e\000m\000e\000n\000s\000\040\000P\000r\000o\000o\000f}{}% 1
\BOOKMARK [2][-]{subsection.1.1}{\376\377\000S\000e\000m\000i\000p\000o\000s\000i\000t\000i\000v\000i\000t\000y\000\040\000o\000f\000\040\000t\000h\000e\000\040\000N\000o\000r\000m\000a\000l\000\040\000B\000u\000n\000d\000l\000e}{section.1}% 2
\BOOKMARK [2][-]{subsection.1.2}{\376\377\000S\000e\000m\000i\000p\000o\000s\000i\000t\000i\000v\000i\000t\000y\000\040\000o\000f\000\040\000N\000o\000r\000m\000a\000l\000\040\000B\000u\000n\000d\000l\000e\000s}{section.1}% 3
\BOOKMARK [2][-]{subsection.1.3}{\376\377\000S\000e\000t\000u\000p\000\040\000f\000o\000r\000\040\000P\000r\000o\000o\000f\000\040\000o\000f\000\040\000t\000h\000e\000\040\000M\000a\000i\000n\000\040\000T\000h\000e\000o\000r\000e\000m}{section.1}% 4
\BOOKMARK [2][-]{subsection.1.4}{\376\377\000S\000e\000m\000i\000p\000o\000s\000i\000t\000i\000v\000i\000t\000y\000\040\000o\000f\000\040\000t\000h\000e\000\040\000B\000u\000n\000d\000l\000e\000\040\000T}{section.1}% 5
\BOOKMARK [2][-]{subsection.1.5}{\376\377\000C\000o\000m\000p\000l\000e\000t\000i\000n\000g\000\040\000t\000h\000e\000\040\000P\000r\000o\000o\000f}{section.1}% 6
\BOOKMARK [1][-]{section.2}{\376\377\000M\000i\000n\000g\000\040\000H\000a\000o\000\040\000R\000e\000a\000d\000i\000n\000g\000\040\000G\000r\000o\000u\000p}{}% 7
\BOOKMARK [2][-]{subsubsection.2.0.1}{\376\377\000M\000e\000n\000g\000\040\000a\000n\000d\000\040\000P\000o\000p\000a}{section.2}% 8
\BOOKMARK [2][-]{subsection.2.1}{\376\377\000P\000r\000o\000o\000f\000\040\000o\000f\000\040\000L\000e\000m\000m\000a\000\040\0002\000.\0006}{section.2}% 9
\BOOKMARK [2][-]{subsection.2.2}{\376\377\000Q\000u\000e\000s\000t\000i\000o\000n\000s\000\040\000a\000n\000d\000\040\000T\000a\000k\000e\000a\000w\000a\000y\000s}{section.2}% 10
\BOOKMARK [3][-]{subsubsection.2.2.1}{\376\377\000C\000a\000m\000p\000a\000n\000a}{subsection.2.2}% 11
\BOOKMARK [3][-]{subsubsection.2.2.2}{\376\377\000V\000I\000E\000H\000W\000E\000G\040\031\000S\000\040\000H\000Y\000P\000E\000R\000B\000O\000L\000I\000C\000I\000T\000Y\000\040\000C\000O\000N\000J\000E\000C\000T\000U\000R\000E\000\040\000F\000O\000R\000\040\000F\000A\000M\000I\000L\000I\000E\000S\000\040\000W\000I\000T\000H\000\040\000M\000A\000X\000I\000M\000A\000L\000\040\000V\000A\000R\000I\000A\000T\000I\000O\000N}{subsection.2.2}% 12
\BOOKMARK [3][-]{subsubsection.2.2.3}{\376\377\000A\000L\000G\000E\000B\000R\000A\000I\000C\000\040\000F\000I\000B\000E\000R\000\040\000S\000P\000A\000C\000E\000S\000\040\000O\000V\000E\000R\000\040\000A\000B\000E\000L\000I\000A\000N\000\040\000V\000A\000R\000I\000E\000T\000I\000E\000S}{subsection.2.2}% 13
\BOOKMARK [1][-]{section.3}{\376\377\000N\000a\000t\000h\000a\000n\000\040\000R\000e\000f\000e\000r\000e\000n\000c\000e\000s}{}% 14
\BOOKMARK [1][-]{section.4}{\376\377\000R\000a\000t\000i\000o\000n\000a\000l\000\040\000S\000i\000n\000g\000u\000l\000a\000r\000i\000t\000i\000e}{}% 15
\BOOKMARK [1][-]{section.5}{\376\377\000K\000o\000l\000l\000\341\000r\000\040\000V\000a\000n\000i\000s\000h\000i\000n\000g}{}% 16
\BOOKMARK [1][-]{section.6}{\376\377\000P\000r\000i\000s\000m\000a\000t\000i\000c\000\040\000C\000o\000h\000o\000m\000o\000l\000o\000g\000y}{}% 17
\BOOKMARK [2][-]{subsection.6.1}{\376\377\000M\000o\000d\000-\000p\000\040\000C\000o\000h\000o\000m\000o\000l\000o\000g\000y}{section.6}% 18
\BOOKMARK [3][-]{subsubsection.6.1.1}{\376\377\000L\000o\000g\000\040\000d\000e\000\040\000R\000h\000a\000m\000\040\000c\000o\000h\000o\000m\000o\000l\000o\000g\000y}{subsection.6.1}% 19
\BOOKMARK [3][-]{subsubsection.6.1.2}{\376\377\000P\000r\000i\000s\000m\000s}{subsection.6.1}% 20
\BOOKMARK [3][-]{subsubsection.6.1.3}{\376\377\000L\000o\000g\000a\000r\000i\000t\000h\000m\000i\000c\000\040\000C\000o\000h\000o\000m\000o\000l\000o\000g\000y}{subsection.6.1}% 21
\BOOKMARK [3][-]{subsubsection.6.1.4}{\376\377\000P\000r\000i\000s\000m\000a\000t\000i\000c\000\040\000C\000o\000h\000o\000m\000o\000l\000o\000g\000y}{subsection.6.1}% 22
\BOOKMARK [2][-]{subsection.6.2}{\376\377\000M\000a\000i\000n\000\040\000R\000e\000s\000u\000l\000t}{section.6}% 23
\BOOKMARK [1][-]{section.7}{\376\377\000R\000u\000n\000n\000i\000n\000g\000\040\000N\000o\000t\000e\000s}{}% 24
\BOOKMARK [2][-]{subsection.7.1}{\376\377\000N\000u\000m\000e\000r\000i\000c\000a\000l\000\040\000K\000o\000d\000a\000i\000r\000a\000\040\000D\000i\000m\000e\000n\000s\000i\000o\000n}{section.7}% 25
