\BOOKMARK [1][-]{section.1}{Definitions}{}% 1
\BOOKMARK [1][-]{section.2}{Domains}{}% 2
\BOOKMARK [1][-]{section.3}{Principal Ideal Domains}{}% 3
\BOOKMARK [1][-]{section.4}{Unique Factorization Domains}{}% 4
\BOOKMARK [2][-]{subsection.4.1}{Height One Prime Ideals}{section.4}% 5
\BOOKMARK [1][-]{section.5}{Simple Modules}{}% 6
\BOOKMARK [1][-]{section.6}{Artinian Modules}{}% 7
\BOOKMARK [1][-]{section.7}{Artinian Rings}{}% 8
\BOOKMARK [1][-]{section.8}{Weakly Associated Points}{}% 9
\BOOKMARK [2][-]{subsection.8.1}{Weakly Associated Primes}{section.8}% 10
\BOOKMARK [2][-]{subsection.8.2}{Associated Primes}{section.8}% 11
\BOOKMARK [2][-]{subsection.8.3}{Primary Decomposition}{section.8}% 12
\BOOKMARK [2][-]{subsection.8.4}{Weakly Associated Points}{section.8}% 13
\BOOKMARK [2][-]{subsection.8.5}{Associated Points: the Noetherian Case}{section.8}% 14
\BOOKMARK [1][-]{section.9}{Depth}{}% 15
\BOOKMARK [2][-]{subsection.9.1}{Definitions}{section.9}% 16
\BOOKMARK [2][-]{subsection.9.2}{The Cohomological Criterion}{section.9}% 17
\BOOKMARK [2][-]{subsection.9.3}{Vanishing Criteria on Ext}{section.9}% 18
\BOOKMARK [2][-]{subsection.9.4}{Locality of Depth}{section.9}% 19
\BOOKMARK [2][-]{subsection.9.5}{Additional Lemmas}{section.9}% 20
\BOOKMARK [2][-]{subsection.9.6}{Cohen-Macaulay Rings}{section.9}% 21
\BOOKMARK [2][-]{subsection.9.7}{Dimension}{section.9}% 22
\BOOKMARK [2][-]{subsection.9.8}{Properties}{section.9}% 23
\BOOKMARK [1][-]{section.10}{Projective and Global Dimension}{}% 24
\BOOKMARK [2][-]{subsection.10.1}{Projective Dimension}{section.10}% 25
\BOOKMARK [2][-]{subsection.10.2}{Global Dimension}{section.10}% 26
\BOOKMARK [2][-]{subsection.10.3}{Auslander-Buchsbaum}{section.10}% 27
\BOOKMARK [2][-]{subsection.10.4}{Regular Rings}{section.10}% 28
\BOOKMARK [1][-]{section.11}{Pseudomorphisms}{}% 29
\BOOKMARK [2][-]{subsection.11.1}{Annhiliators}{section.11}% 30
\BOOKMARK [1][-]{section.12}{Singularities of Curves}{}% 31
