\BOOKMARK [1][-]{section.1}{Basic Definitions and Examples}{}% 1
\BOOKMARK [2][-]{subsection.1.1}{Genera}{section.1}% 2
\BOOKMARK [2][-]{subsection.1.2}{Riemann-Roch}{section.1}% 3
\BOOKMARK [2][-]{subsection.1.3}{Riemann\205Hurwitz}{section.1}% 4
\BOOKMARK [1][-]{section.2}{Hyperelliptic Curves}{}% 5
\BOOKMARK [1][-]{section.3}{Tangent Space}{}% 6
\BOOKMARK [1][-]{section.4}{Formal Schemes}{}% 7
\BOOKMARK [1][-]{section.5}{Multiplicity of a Point}{}% 8
\BOOKMARK [2][-]{subsection.5.1}{Hilbert-Samuel Polynomial}{section.5}% 9
\BOOKMARK [2][-]{subsection.5.2}{Schemes of Dimension One}{section.5}% 10
\BOOKMARK [2][-]{subsection.5.3}{Normalization}{section.5}% 11
\BOOKMARK [1][-]{section.6}{Ramification}{}% 12
\BOOKMARK [2][-]{subsection.6.1}{Ramification For Curves}{section.6}% 13
\BOOKMARK [2][-]{subsection.6.2}{Ramification for Dedekind Domains}{section.6}% 14
\BOOKMARK [2][-]{subsection.6.3}{The Discriminant of an Extension}{section.6}% 15
\BOOKMARK [1][-]{section.7}{Maps between Curves}{}% 16
\BOOKMARK [2][-]{subsection.7.1}{Maps of a Proper Curve are Finite}{section.7}% 17
\BOOKMARK [2][-]{subsection.7.2}{Maps of Normal Curves Are Flat}{section.7}% 18
\BOOKMARK [1][-]{section.8}{Finite Maps}{}% 19
\BOOKMARK [2][-]{subsection.8.1}{Finite Locally Free Morphisms}{section.8}% 20
\BOOKMARK [2][-]{subsection.8.2}{Ramification}{section.8}% 21
\BOOKMARK [1][-]{section.9}{Interesting Flasque Resolutions on Curves}{}% 22
\BOOKMARK [2][-]{subsection.9.1}{Godement Resolution}{section.9}% 23
\BOOKMARK [2][-]{subsection.9.2}{Subsheaves of Godement}{section.9}% 24
\BOOKMARK [2][-]{subsection.9.3}{The Case for Curves}{section.9}% 25
\BOOKMARK [2][-]{subsection.9.4}{Resolutions on Curves}{section.9}% 26
\BOOKMARK [1][-]{section.10}{Appendix}{}% 27
\BOOKMARK [2][-]{subsection.10.1}{Curves and Genera}{section.10}% 28
\BOOKMARK [2][-]{subsection.10.2}{The Locus on Which Morphisms Agree}{section.10}% 29
\BOOKMARK [2][-]{subsection.10.3}{Extending Rational Maps}{section.10}% 30
\BOOKMARK [2][-]{subsection.10.4}{Lemmas}{section.10}% 31
\BOOKMARK [2][-]{subsection.10.5}{Reflexive Sheaves \(WIP\)}{section.10}% 32
