\BOOKMARK [1][-]{section.1}{Cartier Divisors}{}% 1
\BOOKMARK [2][-]{subsection.1.1}{Regular Sections}{section.1}% 2
\BOOKMARK [2][-]{subsection.1.2}{Torsion-Free Modules}{section.1}% 3
\BOOKMARK [2][-]{subsection.1.3}{Meromorphic Sections}{section.1}% 4
\BOOKMARK [2][-]{subsection.1.4}{Cartier Divisors}{section.1}% 5
\BOOKMARK [2][-]{subsection.1.5}{Cousins Problems}{section.1}% 6
\BOOKMARK [1][-]{section.2}{Effective Cartier Divisors}{}% 7
\BOOKMARK [2][-]{subsection.2.1}{Closed Subschemes}{section.2}% 8
\BOOKMARK [2][-]{subsection.2.2}{Sheaves Defining Closed Subschemes}{section.2}% 9
\BOOKMARK [2][-]{subsection.2.3}{Effective Cartier Divisors as Closed Subschemes}{section.2}% 10
\BOOKMARK [2][-]{subsection.2.4}{Checking Effective Cartier Divisors on Noetherian Schemes}{section.2}% 11
\BOOKMARK [2][-]{subsection.2.5}{Effective Cartier Divisors Defined by Global Sections}{section.2}% 12
\BOOKMARK [2][-]{subsection.2.6}{Relationship to the Previous Definition}{section.2}% 13
\BOOKMARK [1][-]{section.3}{Weil Divisors}{}% 14
\BOOKMARK [2][-]{subsection.3.1}{Reflexive Sheaves}{section.3}% 15
\BOOKMARK [2][-]{subsection.3.2}{The Sheaf Associated to a Weil Divisor}{section.3}% 16
\BOOKMARK [2][-]{subsection.3.3}{The Relationship between Weil Divisors and Cartier Divisors}{section.3}% 17
\BOOKMARK [1][-]{section.4}{Linear Systems of Divisors}{}% 18
\BOOKMARK [1][-]{section.5}{The Chow Ring}{}% 19
\BOOKMARK [1][-]{section.6}{Pushforward and Pullback of Divisors}{}% 20
\BOOKMARK [1][-]{section.7}{Divisors on Curves}{}% 21
