\BOOKMARK [1][-]{section.1}{\376\377\000I\000\040\000V\000a\000r\000i\000e\000t\000i\000e\000s}{}% 1
\BOOKMARK [2][-]{subsection.1.1}{\376\377\000S\000e\000c\000t\000i\000o\000n\000\040\0001}{section.1}% 2
\BOOKMARK [3][-]{subsubsection.1.1.1}{\376\377\0001\000.\0001\000\040\000D\000O\000\040\000T\000H\000I\000S}{subsection.1.1}% 3
\BOOKMARK [3][-]{subsubsection.1.1.2}{\376\377\0001\000.\0002}{subsection.1.1}% 4
\BOOKMARK [3][-]{subsubsection.1.1.3}{\376\377\0001\000.\0003}{subsection.1.1}% 5
\BOOKMARK [3][-]{subsubsection.1.1.4}{\376\377\0001\000.\0005}{subsection.1.1}% 6
\BOOKMARK [3][-]{subsubsection.1.1.5}{\376\377\0001\000.\0007\000\040\000\050\000I\000N\000\040\000M\000Y\000\040\000N\000O\000T\000E\000S\000\040\000S\000O\000M\000E\000W\000H\000E\000R\000E\000\040\000P\000R\000E\000T\000T\000Y\000\040\000O\000B\000V\000I\000O\000U\000S\000\051}{subsection.1.1}% 7
\BOOKMARK [3][-]{subsubsection.1.1.6}{\376\377\0001\000.\0001\0000}{subsection.1.1}% 8
\BOOKMARK [3][-]{subsubsection.1.1.7}{\376\377\0001\000.\0001\0001}{subsection.1.1}% 9
\BOOKMARK [3][-]{subsubsection.1.1.8}{\376\377\0001\000.\0001\0002}{subsection.1.1}% 10
\BOOKMARK [2][-]{subsection.1.2}{\376\377\0003}{section.1}% 11
\BOOKMARK [3][-]{subsubsection.1.2.1}{\376\377\0003\000.\0002}{subsection.1.2}% 12
\BOOKMARK [3][-]{subsubsection.1.2.2}{\376\377\0003\000.\0003\000\040\000D\000O\000\040\000T\000H\000I\000S\000!\000!}{subsection.1.2}% 13
\BOOKMARK [2][-]{subsection.1.3}{\376\377\0005}{section.1}% 14
\BOOKMARK [1][-]{section.2}{\376\377\000I\000I\000\040\000S\000c\000h\000e\000m\000e\000s}{}% 15
\BOOKMARK [2][-]{subsection.2.1}{\376\377\0001}{section.2}% 16
\BOOKMARK [3][-]{subsubsection.2.1.1}{\376\377\0001\000.\0001}{subsection.2.1}% 17
\BOOKMARK [3][-]{subsubsection.2.1.2}{\376\377\0001\000.\0002}{subsection.2.1}% 18
\BOOKMARK [3][-]{subsubsection.2.1.3}{\376\377\0001\000.\0003}{subsection.2.1}% 19
\BOOKMARK [3][-]{subsubsection.2.1.4}{\376\377\0001\000.\0004}{subsection.2.1}% 20
\BOOKMARK [3][-]{subsubsection.2.1.5}{\376\377\0001\000.\0005}{subsection.2.1}% 21
\BOOKMARK [3][-]{subsubsection.2.1.6}{\376\377\0001\000.\0006}{subsection.2.1}% 22
\BOOKMARK [3][-]{subsubsection.2.1.7}{\376\377\0001\000.\0007}{subsection.2.1}% 23
\BOOKMARK [3][-]{subsubsection.2.1.8}{\376\377\0001\000.\0008}{subsection.2.1}% 24
\BOOKMARK [3][-]{subsubsection.2.1.9}{\376\377\0001\000.\0009}{subsection.2.1}% 25
\BOOKMARK [3][-]{subsubsection.2.1.10}{\376\377\0001\000.\0001\0000}{subsection.2.1}% 26
\BOOKMARK [3][-]{subsubsection.2.1.11}{\376\377\0001\000.\0001\0001}{subsection.2.1}% 27
\BOOKMARK [3][-]{subsubsection.2.1.12}{\376\377\0001\000.\0001\0002}{subsection.2.1}% 28
\BOOKMARK [3][-]{subsubsection.2.1.13}{\376\377\0001\000.\0001\0003}{subsection.2.1}% 29
\BOOKMARK [3][-]{subsubsection.2.1.14}{\376\377\0001\000.\0001\0004}{subsection.2.1}% 30
\BOOKMARK [3][-]{subsubsection.2.1.15}{\376\377\0001\000.\0001\0005\000\040\000\050\000C\000H\000E\000C\000K\000\051}{subsection.2.1}% 31
\BOOKMARK [3][-]{subsubsection.2.1.16}{\376\377\0001\000.\0001\0006\000\040\000\050\000C\000H\000E\000C\000K\000\051}{subsection.2.1}% 32
\BOOKMARK [3][-]{subsubsection.2.1.17}{\376\377\0001\000.\0001\0007}{subsection.2.1}% 33
\BOOKMARK [3][-]{subsubsection.2.1.18}{\376\377\0001\000.\0001\0008}{subsection.2.1}% 34
\BOOKMARK [3][-]{subsubsection.2.1.19}{\376\377\0001\000.\0001\0009}{subsection.2.1}% 35
\BOOKMARK [3][-]{subsubsection.2.1.20}{\376\377\0001\000.\0002\0000}{subsection.2.1}% 36
\BOOKMARK [3][-]{subsubsection.2.1.21}{\376\377\0001\000.\0002\0001\000\040\000\050\000D\000O\000\040\000T\000H\000I\000S\000\040\000O\000N\000E\000!\000!\000\051}{subsection.2.1}% 37
\BOOKMARK [3][-]{subsubsection.2.1.22}{\376\377\0001\000.\0002\0002\000\040\000\050\000D\000O\000N\000E\000\040\000I\000N\000\040\000B\000R\000I\000A\000N\000'\000S\000\040\000N\000O\000T\000E\000S\000\051}{subsection.2.1}% 38
\BOOKMARK [2][-]{subsection.2.2}{\376\377\0002}{section.2}% 39
\BOOKMARK [3][-]{subsubsection.2.2.1}{\376\377\0002\000.\0002\000\040\000\050\000D\000O\000\040\000T\000H\000I\000S\000\040\000O\000N\000E\000!\000!\000\051}{subsection.2.2}% 40
\BOOKMARK [3][-]{subsubsection.2.2.2}{\376\377\0002\000.\0003\000\040\000\050\000B\000R\000I\000A\000N\000\040\000A\000D\000D\000I\000T\000I\000O\000N\000S\000\051}{subsection.2.2}% 41
\BOOKMARK [3][-]{subsubsection.2.2.3}{\376\377\0002\000.\0004\000\040\000\050\000D\000O\000N\000E\000\040\000I\000N\000\040\000C\000L\000A\000S\000S\000\040\000A\000N\000D\000\040\000A\000L\000S\000O\000\040\000W\000O\000R\000K\000S\000\040\000M\000O\000R\000E\000\040\000G\000E\000N\000E\000R\000A\000L\000L\000Y\000\051}{subsection.2.2}% 42
\BOOKMARK [3][-]{subsubsection.2.2.4}{\376\377\0002\000.\0005}{subsection.2.2}% 43
\BOOKMARK [3][-]{subsubsection.2.2.5}{\376\377\0002\000.\0006}{subsection.2.2}% 44
\BOOKMARK [3][-]{subsubsection.2.2.6}{\376\377\0002\000.\0007}{subsection.2.2}% 45
\BOOKMARK [3][-]{subsubsection.2.2.7}{\376\377\0002\000.\0008\000\040\000\050\000T\000H\000I\000S\000\040\000I\000S\000\040\000D\000O\000N\000E\000\040\000B\000E\000T\000T\000E\000R\000\040\000I\000N\000\040\000M\000Y\000\040\000N\000O\000T\000E\000S\000\051}{subsection.2.2}% 46
\BOOKMARK [3][-]{subsubsection.2.2.8}{\376\377\0002\000.\0009\000\040\000\050\000T\000H\000I\000S\000\040\000I\000S\000\040\000D\000O\000N\000E\000\040\000I\000N\000\040\000M\000Y\000\040\000N\000O\000T\000E\000S\000\051}{subsection.2.2}% 47
\BOOKMARK [3][-]{subsubsection.2.2.9}{\376\377\0002\000.\0001\0000}{subsection.2.2}% 48
\BOOKMARK [3][-]{subsubsection.2.2.10}{\376\377\0002\000.\0001\0001}{subsection.2.2}% 49
\BOOKMARK [3][-]{subsubsection.2.2.11}{\376\377\0002\000.\0001\0002\000\040\000\050\000I\000S\000N\000T\000\040\000T\000H\000I\000S\000\040\000I\000N\000\040\000B\000R\000I\000A\000N\000'\000S\000\040\000N\000O\000T\000E\000S\000\051}{subsection.2.2}% 50
\BOOKMARK [3][-]{subsubsection.2.2.12}{\376\377\0002\000.\0001\0003}{subsection.2.2}% 51
\BOOKMARK [3][-]{subsubsection.2.2.13}{\376\377\0002\000.\0001\0004}{subsection.2.2}% 52
\BOOKMARK [3][-]{subsubsection.2.2.14}{\376\377\0002\000.\0001\0005\000\040\000\050\000D\000O\000\040\000T\000H\000I\000S\000\051}{subsection.2.2}% 53
\BOOKMARK [3][-]{subsubsection.2.2.15}{\376\377\0002\000.\0001\0006}{subsection.2.2}% 54
\BOOKMARK [3][-]{subsubsection.2.2.16}{\376\377\0002\000.\0001\0007}{subsection.2.2}% 55
\BOOKMARK [3][-]{subsubsection.2.2.17}{\376\377\0002\000.\0001\0008}{subsection.2.2}% 56
\BOOKMARK [3][-]{subsubsection.2.2.18}{\376\377\0002\000.\0001\0009}{subsection.2.2}% 57
\BOOKMARK [2][-]{subsection.2.3}{\376\377\0003}{section.2}% 58
\BOOKMARK [3][-]{subsubsection.2.3.1}{\376\377\0003\000.\0001}{subsection.2.3}% 59
\BOOKMARK [3][-]{subsubsection.2.3.2}{\376\377\0003\000.\0002}{subsection.2.3}% 60
\BOOKMARK [3][-]{subsubsection.2.3.3}{\376\377\0003\000.\0003}{subsection.2.3}% 61
\BOOKMARK [3][-]{subsubsection.2.3.4}{\376\377\0003\000.\0004}{subsection.2.3}% 62
\BOOKMARK [3][-]{subsubsection.2.3.5}{\376\377\0003\000.\0005}{subsection.2.3}% 63
\BOOKMARK [3][-]{subsubsection.2.3.6}{\376\377\0003\000.\0006}{subsection.2.3}% 64
\BOOKMARK [3][-]{subsubsection.2.3.7}{\376\377\0003\000.\0007}{subsection.2.3}% 65
\BOOKMARK [3][-]{subsubsection.2.3.8}{\376\377\0003\000.\0008}{subsection.2.3}% 66
\BOOKMARK [3][-]{subsubsection.2.3.9}{\376\377\0003\000.\0009}{subsection.2.3}% 67
\BOOKMARK [3][-]{subsubsection.2.3.10}{\376\377\0003\000.\0001\0000\000\040\000D\000O\000\040\000T\000H\000I\000S\000!\000!}{subsection.2.3}% 68
\BOOKMARK [3][-]{subsubsection.2.3.11}{\376\377\0003\000.\0001\0001\000\040\000\050\000D\000D\000D\000D\000\040\000C\000H\000E\000C\000K\000\040\000T\000H\000I\000S\000!\000!\000\051}{subsection.2.3}% 69
\BOOKMARK [3][-]{subsubsection.2.3.12}{\376\377\0003\000.\0001\0002\000\040\000D\000O\000\040\000T\000H\000I\000S\000!\000!}{subsection.2.3}% 70
\BOOKMARK [3][-]{subsubsection.2.3.13}{\376\377\0003\000.\0001\0003\000\040\000D\000O\000\040\000T\000H\000I\000S\000!\000!}{subsection.2.3}% 71
\BOOKMARK [3][-]{subsubsection.2.3.14}{\376\377\0003\000.\0001\0004}{subsection.2.3}% 72
\BOOKMARK [3][-]{subsubsection.2.3.15}{\376\377\0003\000.\0001\0005\000\040\000\050\000D\000O\000\040\000T\000H\000I\000S\000\051}{subsection.2.3}% 73
\BOOKMARK [3][-]{subsubsection.2.3.16}{\376\377\0003\000.\0001\0006}{subsection.2.3}% 74
\BOOKMARK [3][-]{subsubsection.2.3.17}{\376\377\0003\000.\0001\0007\000\040\000\050\000C\000H\000E\000C\000K\000\040\000T\000H\000I\000S\000!\000!\000\051}{subsection.2.3}% 75
\BOOKMARK [3][-]{subsubsection.2.3.18}{\376\377\0003\000.\0001\0008}{subsection.2.3}% 76
\BOOKMARK [3][-]{subsubsection.2.3.19}{\376\377\0003\000.\0001\0009\000\040\000\050\000T\000E\000L\000L\000\040\000D\000A\000N\000I\000E\000L\000\040\000H\000I\000S\000\040\000S\000O\000L\000U\000T\000I\000O\000N\000\040\000H\000A\000S\000\040\000A\000\040\000M\000I\000S\000T\000A\000K\000E\000\040\000I\000N\000\040\000I\000T\000\040\000I\000\040\000T\000H\000I\000N\000K\000\040\000N\000E\000E\000D\000\040\000N\000O\000E\000T\000H\000E\000R\000I\000A\000N\000\051}{subsection.2.3}% 77
\BOOKMARK [3][-]{subsubsection.2.3.20}{\376\377\0003\000.\0002\0000\000\040\000\050\000C\000H\000E\000C\000K\000\040\000T\000H\000I\000S\000!\000!\000\051}{subsection.2.3}% 78
\BOOKMARK [3][-]{subsubsection.2.3.21}{\376\377\0003\000.\0002\0001}{subsection.2.3}% 79
\BOOKMARK [3][-]{subsubsection.2.3.22}{\376\377\0003\000.\0002\0002\000\040\000C\000H\000E\000C\000K\000\040\000T\000H\000I\000S}{subsection.2.3}% 80
\BOOKMARK [3][-]{subsubsection.2.3.23}{\376\377\0003\000.\0002\0003}{subsection.2.3}% 81
\BOOKMARK [2][-]{subsection.2.4}{\376\377\0004}{section.2}% 82
\BOOKMARK [3][-]{subsubsection.2.4.1}{\376\377\0004\000.\0001}{subsection.2.4}% 83
\BOOKMARK [3][-]{subsubsection.2.4.2}{\376\377\0004\000.\0002\000\040\000D\000O\000!\000!\000\040\000\050\000D\000O\000N\000E\000\040\000W\000E\000L\000L\000\040\000I\000N\000\040\000M\000Y\000\040\000N\000O\000T\000E\000S\000\051}{subsection.2.4}% 84
\BOOKMARK [3][-]{subsubsection.2.4.3}{\376\377\0004\000.\0003}{subsection.2.4}% 85
\BOOKMARK [3][-]{subsubsection.2.4.4}{\376\377\0004\000.\0004\000\040\000D\000O\000!\000!\000\040\000\050\000D\000O\000N\000E\000\040\000W\000E\000L\000L\000\040\000I\000N\000\040\000M\000Y\000\040\000N\000O\000T\000E\000S\000\051}{subsection.2.4}% 86
\BOOKMARK [3][-]{subsubsection.2.4.5}{\376\377\0004\000.\0005\000\040\000\050\000C\000H\000E\000C\000K\000\040\000C\000H\000O\000W\000\040\000V\000E\000R\000S\000I\000O\000N\000!\000!\000!\000!\000!\000\051}{subsection.2.4}% 87
\BOOKMARK [3][-]{subsubsection.2.4.6}{\376\377\0004\000.\0006\000\040\000\050\000C\000H\000E\000C\000K\000\040\000T\000H\000I\000S\000\051}{subsection.2.4}% 88
\BOOKMARK [3][-]{subsubsection.2.4.7}{\376\377\0004\000.\0007}{subsection.2.4}% 89
\BOOKMARK [3][-]{subsubsection.2.4.8}{\376\377\0004\000.\0008\000\040\000\050\000D\000O\000N\000E\000\040\000I\000N\000\040\000N\000O\000T\000E\000S\000\051}{subsection.2.4}% 90
\BOOKMARK [3][-]{subsubsection.2.4.9}{\376\377\0004\000.\0009\000\040\000\050\000D\000O\000N\000E\000\040\000I\000N\000\040\000N\000O\000T\000E\000S\000\051}{subsection.2.4}% 91
\BOOKMARK [3][-]{subsubsection.2.4.10}{\376\377\0004\000.\0001\0000\000\040\000F\000I\000N\000I\000S\000H\000!\000!}{subsection.2.4}% 92
\BOOKMARK [3][-]{subsubsection.2.4.11}{\376\377\0004\000.\0001\0001}{subsection.2.4}% 93
\BOOKMARK [3][-]{subsubsection.2.4.12}{\376\377\0004\000.\0001\0002\000\040\000D\000O\000!\000!}{subsection.2.4}% 94
\BOOKMARK [2][-]{subsection.2.5}{\376\377\0005}{section.2}% 95
\BOOKMARK [3][-]{subsubsection.2.5.1}{\376\377\0005\000.\0001}{subsection.2.5}% 96
\BOOKMARK [3][-]{subsubsection.2.5.2}{\376\377\0005\000.\0002}{subsection.2.5}% 97
\BOOKMARK [3][-]{subsubsection.2.5.3}{\376\377\0005\000.\0003}{subsection.2.5}% 98
\BOOKMARK [3][-]{subsubsection.2.5.4}{\376\377\0005\000.\0004}{subsection.2.5}% 99
\BOOKMARK [3][-]{subsubsection.2.5.5}{\376\377\0005\000.\0005}{subsection.2.5}% 100
\BOOKMARK [3][-]{subsubsection.2.5.6}{\376\377\0005\000.\0006}{subsection.2.5}% 101
\BOOKMARK [3][-]{subsubsection.2.5.7}{\376\377\0005\000.\0007}{subsection.2.5}% 102
\BOOKMARK [3][-]{subsubsection.2.5.8}{\376\377\0005\000.\0008}{subsection.2.5}% 103
\BOOKMARK [3][-]{subsubsection.2.5.9}{\376\377\0005\000.\0009}{subsection.2.5}% 104
\BOOKMARK [3][-]{subsubsection.2.5.10}{\376\377\0005\000.\0001\0000}{subsection.2.5}% 105
\BOOKMARK [3][-]{subsubsection.2.5.11}{\376\377\0005\000.\0001\0001\000\040\000D\000O\000!\000!\000\040\000A\000S\000K\000\040\000D\000A\000N\000I\000E\000L\000\040\000A\000B\000O\000U\000T\000\040\000T\000H\000I\000S}{subsection.2.5}% 106
\BOOKMARK [3][-]{subsubsection.2.5.12}{\376\377\0005\000.\0001\0002}{subsection.2.5}% 107
\BOOKMARK [3][-]{subsubsection.2.5.13}{\376\377\0005\000.\0001\0003}{subsection.2.5}% 108
\BOOKMARK [3][-]{subsubsection.2.5.14}{\376\377\0005\000.\0001\0004\000\040\000C\000H\000E\000C\000K\000!\000!}{subsection.2.5}% 109
\BOOKMARK [3][-]{subsubsection.2.5.15}{\376\377\0005\000.\0001\0005\000\040\000\050\000I\000S\000\040\000T\000H\000I\000S\000\040\000D\000O\000N\000E\000?\000\051\000!\000!}{subsection.2.5}% 110
\BOOKMARK [3][-]{subsubsection.2.5.16}{\376\377\0005\000.\0001\0006\000\040\000D\000O\000!\000!}{subsection.2.5}% 111
\BOOKMARK [3][-]{subsubsection.2.5.17}{\376\377\0005\000.\0001\0007\000\040\000D\000O\000!\000!}{subsection.2.5}% 112
\BOOKMARK [3][-]{subsubsection.2.5.18}{\376\377\0005\000.\0001\0008\000\040\000D\000O\000!\000!}{subsection.2.5}% 113
