\BOOKMARK [1][-]{section.1}{II Schemes}{}% 1
\BOOKMARK [2][-]{subsection.1.1}{7}{section.1}% 2
\BOOKMARK [3][-]{subsubsection.1.1.1}{7.1}{subsection.1.1}% 3
\BOOKMARK [3][-]{subsubsection.1.1.2}{7.2}{subsection.1.1}% 4
\BOOKMARK [3][-]{subsubsection.1.1.3}{7.3 DO!!}{subsection.1.1}% 5
\BOOKMARK [3][-]{subsubsection.1.1.4}{7.4}{subsection.1.1}% 6
\BOOKMARK [3][-]{subsubsection.1.1.5}{7.5}{subsection.1.1}% 7
\BOOKMARK [3][-]{subsubsection.1.1.6}{7.6}{subsection.1.1}% 8
\BOOKMARK [3][-]{subsubsection.1.1.7}{7.7 DO!}{subsection.1.1}% 9
\BOOKMARK [3][-]{subsubsection.1.1.8}{7.8}{subsection.1.1}% 10
\BOOKMARK [3][-]{subsubsection.1.1.9}{7.9 CHECK THIS!!}{subsection.1.1}% 11
\BOOKMARK [3][-]{subsubsection.1.1.10}{7.10 DO!}{subsection.1.1}% 12
\BOOKMARK [3][-]{subsubsection.1.1.11}{7.11 DO!}{subsection.1.1}% 13
\BOOKMARK [3][-]{subsubsection.1.1.12}{7.12 DO!}{subsection.1.1}% 14
\BOOKMARK [3][-]{subsubsection.1.1.13}{7.13 DO!!}{subsection.1.1}% 15
\BOOKMARK [3][-]{subsubsection.1.1.14}{7.14 \(CHECK!\)}{subsection.1.1}% 16
\BOOKMARK [1][-]{section.2}{III Cohomology}{}% 17
\BOOKMARK [2][-]{subsection.2.1}{Section 2}{section.2}% 18
\BOOKMARK [3][-]{subsubsection.2.1.1}{2.1 DO!!}{subsection.2.1}% 19
\BOOKMARK [3][-]{subsubsection.2.1.2}{2.2}{subsection.2.1}% 20
\BOOKMARK [3][-]{subsubsection.2.1.3}{2.5 CHECK}{subsection.2.1}% 21
\BOOKMARK [3][-]{subsubsection.2.1.4}{2.6 ASK DANIEL ABOUT THIS}{subsection.2.1}% 22
\BOOKMARK [3][-]{subsubsection.2.1.5}{2.7 \(CHECK OTHER PEOPLES SOLUTIONS\)}{subsection.2.1}% 23
\BOOKMARK [2][-]{subsection.2.2}{Section 3}{section.2}% 24
\BOOKMARK [3][-]{subsubsection.2.2.1}{3.1}{subsection.2.2}% 25
\BOOKMARK [3][-]{subsubsection.2.2.2}{3.2}{subsection.2.2}% 26
\BOOKMARK [3][-]{subsubsection.2.2.3}{3.3}{subsection.2.2}% 27
\BOOKMARK [3][-]{subsubsection.2.2.4}{3.4 \(CHECK!!\)}{subsection.2.2}% 28
\BOOKMARK [3][-]{subsubsection.2.2.5}{3.5 CHECK!!}{subsection.2.2}% 29
\BOOKMARK [3][-]{subsubsection.2.2.6}{3.6 CHECK!!}{subsection.2.2}% 30
\BOOKMARK [3][-]{subsubsection.2.2.7}{3.7 DO!! \(UGH!\)}{subsection.2.2}% 31
\BOOKMARK [3][-]{subsubsection.2.2.8}{3.8}{subsection.2.2}% 32
\BOOKMARK [2][-]{subsection.2.3}{9}{section.2}% 33
\BOOKMARK [3][-]{subsubsection.2.3.1}{9.1}{subsection.2.3}% 34
\BOOKMARK [3][-]{subsubsection.2.3.2}{9.2}{subsection.2.3}% 35
\BOOKMARK [3][-]{subsubsection.2.3.3}{9.3 IS THIS DONE??}{subsection.2.3}% 36
\BOOKMARK [3][-]{subsubsection.2.3.4}{9.4 DO THIS!! MOTHER FUCKER}{subsection.2.3}% 37
\BOOKMARK [3][-]{subsubsection.2.3.5}{9.5 TALK TO DANIEL!!}{subsection.2.3}% 38
\BOOKMARK [3][-]{subsubsection.2.3.6}{9.6 DO THIS!!}{subsection.2.3}% 39
\BOOKMARK [3][-]{subsubsection.2.3.7}{9.7 CHECK}{subsection.2.3}% 40
\BOOKMARK [3][-]{subsubsection.2.3.8}{9.8}{subsection.2.3}% 41
\BOOKMARK [3][-]{subsubsection.2.3.9}{9.9}{subsection.2.3}% 42
\BOOKMARK [3][-]{subsubsection.2.3.10}{9.10 DO THIS!!}{subsection.2.3}% 43
\BOOKMARK [3][-]{subsubsection.2.3.11}{9.11 DO THIS!!}{subsection.2.3}% 44
\BOOKMARK [1][-]{section.3}{Appendix}{}% 45
\BOOKMARK [2][-]{subsection.3.1}{A Intersection Theory}{section.3}% 46
\BOOKMARK [3][-]{subsubsection.3.1.1}{6.7}{subsection.3.1}% 47
\BOOKMARK [3][-]{subsubsection.3.1.2}{6.8}{subsection.3.1}% 48
\BOOKMARK [3][-]{subsubsection.3.1.3}{6.9 DO!!}{subsection.3.1}% 49
\BOOKMARK [3][-]{subsubsection.3.1.4}{6.10}{subsection.3.1}% 50
\BOOKMARK [2][-]{subsection.3.2}{B Transcendental Methods}{section.3}% 51
\BOOKMARK [3][-]{subsubsection.3.2.1}{6.1}{subsection.3.2}% 52
\BOOKMARK [3][-]{subsubsection.3.2.2}{6.2}{subsection.3.2}% 53
\BOOKMARK [3][-]{subsubsection.3.2.3}{6.3 DO!!}{subsection.3.2}% 54
\BOOKMARK [3][-]{subsubsection.3.2.4}{6.4 DO!!}{subsection.3.2}% 55
\BOOKMARK [3][-]{subsubsection.3.2.5}{6.5 DO!!}{subsection.3.2}% 56
\BOOKMARK [3][-]{subsubsection.3.2.6}{6.6 DO!!}{subsection.3.2}% 57
\BOOKMARK [2][-]{subsection.3.3}{C Weil Conjectures}{section.3}% 58
\BOOKMARK [3][-]{subsubsection.3.3.1}{5.1}{subsection.3.3}% 59
\BOOKMARK [3][-]{subsubsection.3.3.2}{5.2}{subsection.3.3}% 60
\BOOKMARK [3][-]{subsubsection.3.3.3}{5.3}{subsection.3.3}% 61
\BOOKMARK [3][-]{subsubsection.3.3.4}{5.4}{subsection.3.3}% 62
\BOOKMARK [3][-]{subsubsection.3.3.5}{5.5 DO!!}{subsection.3.3}% 63
\BOOKMARK [3][-]{subsubsection.3.3.6}{5.6 DO!!}{subsection.3.3}% 64
\BOOKMARK [3][-]{subsubsection.3.3.7}{5.7 DO!!}{subsection.3.3}% 65
