\BOOKMARK [1][-]{section.1}{\376\377\000C\000h\000a\000p\000t\000e\000r\000\040\000I\000I\000\040\000S\000c\000h\000e\000m\000e\000s}{}% 1
\BOOKMARK [2][-]{subsubsection.1.0.1}{\376\377\0005\000.\0001\0003}{section.1}% 2
\BOOKMARK [2][-]{subsection.1.1}{\376\377\0006}{section.1}% 3
\BOOKMARK [3][-]{subsubsection.1.1.1}{\376\377\0006\000.\0001\000\040\000M\000A\000K\000E\000\040\000T\000H\000I\000S\000\040\000A\000C\000T\000U\000A\000L\000L\000Y\000\040\000W\000O\000R\000K}{subsection.1.1}% 4
\BOOKMARK [3][-]{subsubsection.1.1.2}{\376\377\0006\000.\0002\000\040\000D\000O\000!\000!}{subsection.1.1}% 5
\BOOKMARK [3][-]{subsubsection.1.1.3}{\376\377\0006\000.\0003\000\040\000D\000O\000!\000!}{subsection.1.1}% 6
\BOOKMARK [3][-]{subsubsection.1.1.4}{\376\377\0006\000.\0004}{subsection.1.1}% 7
\BOOKMARK [3][-]{subsubsection.1.1.5}{\376\377\0006\000.\0005}{subsection.1.1}% 8
\BOOKMARK [3][-]{subsubsection.1.1.6}{\376\377\0006\000.\0006}{subsection.1.1}% 9
\BOOKMARK [3][-]{subsubsection.1.1.7}{\376\377\0006\000.\0007\000\040\000D\000O\000\040\000T\000H\000I\000S\000!\000!}{subsection.1.1}% 10
\BOOKMARK [3][-]{subsubsection.1.1.8}{\376\377\0006\000.\0008\000\040\000D\000O\000\040\000T\000H\000I\000S\000!\000!}{subsection.1.1}% 11
\BOOKMARK [3][-]{subsubsection.1.1.9}{\376\377\0006\000.\0009}{subsection.1.1}% 12
\BOOKMARK [3][-]{subsubsection.1.1.10}{\376\377\0006\000.\0001\0000}{subsection.1.1}% 13
\BOOKMARK [3][-]{subsubsection.1.1.11}{\376\377\0006\000.\0001\0001}{subsection.1.1}% 14
\BOOKMARK [3][-]{subsubsection.1.1.12}{\376\377\0006\000.\0001\0002}{subsection.1.1}% 15
\BOOKMARK [2][-]{subsection.1.2}{\376\377\0008}{section.1}% 16
\BOOKMARK [3][-]{subsubsection.1.2.1}{\376\377\0008\000.\0001}{subsection.1.2}% 17
\BOOKMARK [3][-]{subsubsection.1.2.2}{\376\377\0008\000.\0002}{subsection.1.2}% 18
\BOOKMARK [3][-]{subsubsection.1.2.3}{\376\377\0008\000.\0003}{subsection.1.2}% 19
\BOOKMARK [3][-]{subsubsection.1.2.4}{\376\377\0008\000.\0004}{subsection.1.2}% 20
\BOOKMARK [3][-]{subsubsection.1.2.5}{\376\377\0008\000.\0005}{subsection.1.2}% 21
\BOOKMARK [3][-]{subsubsection.1.2.6}{\376\377\0008\000.\0006\000\040\000C\000H\000E\000C\000K\000!\000!}{subsection.1.2}% 22
\BOOKMARK [3][-]{subsubsection.1.2.7}{\376\377\0008\000.\0007}{subsection.1.2}% 23
\BOOKMARK [3][-]{subsubsection.1.2.8}{\376\377\0008\000.\0008\000\040\000D\000O\000!\000!}{subsection.1.2}% 24
\BOOKMARK [2][-]{subsection.1.3}{\376\377\0009}{section.1}% 25
\BOOKMARK [3][-]{subsubsection.1.3.1}{\376\377\0009\000.\0001}{subsection.1.3}% 26
\BOOKMARK [3][-]{subsubsection.1.3.2}{\376\377\0009\000.\0002\000\040\000D\000O\000!\000!}{subsection.1.3}% 27
\BOOKMARK [3][-]{subsubsection.1.3.3}{\376\377\0009\000.\0003\000\040\000D\000O\000!\000!}{subsection.1.3}% 28
\BOOKMARK [3][-]{subsubsection.1.3.4}{\376\377\0009\000.\0004\000\040\000\050\000C\000H\000E\000C\000K\000!\000!\000!\000\051}{subsection.1.3}% 29
\BOOKMARK [3][-]{subsubsection.1.3.5}{\376\377\0009\000.\0005}{subsection.1.3}% 30
\BOOKMARK [3][-]{subsubsection.1.3.6}{\376\377\0009\000.\0006\000\040\000D\000O\000!\000!}{subsection.1.3}% 31
\BOOKMARK [1][-]{section.2}{\376\377\000C\000h\000a\000p\000t\000e\000r\000\040\000I\000I\000I\000\040\000C\000o\000h\000o\000m\000o\000l\000o\000g\000y}{}% 32
\BOOKMARK [2][-]{subsection.2.1}{\376\377\0001}{section.2}% 33
\BOOKMARK [2][-]{subsection.2.2}{\376\377\0002}{section.2}% 34
\BOOKMARK [3][-]{subsubsection.2.2.1}{\376\377\0002\000.\0003}{subsection.2.2}% 35
\BOOKMARK [3][-]{subsubsection.2.2.2}{\376\377\0002\000.\0004}{subsection.2.2}% 36
\BOOKMARK [2][-]{subsection.2.3}{\376\377\000S\000e\000c\000t\000i\000o\000n\000\040\0004}{section.2}% 37
\BOOKMARK [3][-]{subsubsection.2.3.1}{\376\377\0004\000.\0001}{subsection.2.3}% 38
\BOOKMARK [3][-]{subsubsection.2.3.2}{\376\377\0004\000.\0002}{subsection.2.3}% 39
\BOOKMARK [3][-]{subsubsection.2.3.3}{\376\377\0004\000.\0003}{subsection.2.3}% 40
\BOOKMARK [3][-]{subsubsection.2.3.4}{\376\377\0004\000.\0004}{subsection.2.3}% 41
\BOOKMARK [3][-]{subsubsection.2.3.5}{\376\377\0004\000.\0005}{subsection.2.3}% 42
\BOOKMARK [3][-]{subsubsection.2.3.6}{\376\377\0004\000.\0006}{subsection.2.3}% 43
\BOOKMARK [3][-]{subsubsection.2.3.7}{\376\377\0004\000.\0007}{subsection.2.3}% 44
\BOOKMARK [3][-]{subsubsection.2.3.8}{\376\377\0004\000.\0008}{subsection.2.3}% 45
\BOOKMARK [3][-]{subsubsection.2.3.9}{\376\377\0004\000.\0009}{subsection.2.3}% 46
\BOOKMARK [3][-]{subsubsection.2.3.10}{\376\377\0004\000.\0001\0000\000\040\000\050\000D\000O\000\040\000T\000H\000E\000\040\000R\000E\000V\000E\000R\000S\000E\000\040\000D\000I\000R\000E\000C\000T\000I\000O\000N\000\051}{subsection.2.3}% 47
\BOOKMARK [3][-]{subsubsection.2.3.11}{\376\377\0004\000.\0001\0001}{subsection.2.3}% 48
\BOOKMARK [2][-]{subsection.2.4}{\376\377\000S\000e\000c\000t\000i\000o\000n\000\040\0005}{section.2}% 49
\BOOKMARK [3][-]{subsubsection.2.4.1}{\376\377\0005\000.\0001}{subsection.2.4}% 50
\BOOKMARK [3][-]{subsubsection.2.4.2}{\376\377\0005\000.\0002}{subsection.2.4}% 51
\BOOKMARK [3][-]{subsubsection.2.4.3}{\376\377\0005\000.\0003}{subsection.2.4}% 52
\BOOKMARK [3][-]{subsubsection.2.4.4}{\376\377\0005\000.\0004}{subsection.2.4}% 53
\BOOKMARK [3][-]{subsubsection.2.4.5}{\376\377\0005\000.\0005}{subsection.2.4}% 54
\BOOKMARK [3][-]{subsubsection.2.4.6}{\376\377\0005\000.\0006}{subsection.2.4}% 55
\BOOKMARK [3][-]{subsubsection.2.4.7}{\376\377\0005\000.\0007\000\040\000\050\000C\000H\000E\000C\000K\000!\000!\000!\000\051}{subsection.2.4}% 56
\BOOKMARK [3][-]{subsubsection.2.4.8}{\376\377\0005\000.\0008\000\040\000\050\000C\000H\000E\000C\000K\000!\000\051}{subsection.2.4}% 57
\BOOKMARK [3][-]{subsubsection.2.4.9}{\376\377\0005\000.\0009}{subsection.2.4}% 58
\BOOKMARK [3][-]{subsubsection.2.4.10}{\376\377\0005\000.\0001\0000}{subsection.2.4}% 59
\BOOKMARK [2][-]{subsection.2.5}{\376\377\000S\000e\000c\000t\000i\000o\000n\000\040\0006}{section.2}% 60
\BOOKMARK [3][-]{subsubsection.2.5.1}{\376\377\0006\000.\0001}{subsection.2.5}% 61
\BOOKMARK [3][-]{subsubsection.2.5.2}{\376\377\0006\000.\0002\000\040\000\050\000C\000H\000E\000C\000K\000!\000!\000\051}{subsection.2.5}% 62
\BOOKMARK [3][-]{subsubsection.2.5.3}{\376\377\0006\000.\0003}{subsection.2.5}% 63
\BOOKMARK [3][-]{subsubsection.2.5.4}{\376\377\0006\000.\0004}{subsection.2.5}% 64
\BOOKMARK [3][-]{subsubsection.2.5.5}{\376\377\0006\000.\0005}{subsection.2.5}% 65
\BOOKMARK [3][-]{subsubsection.2.5.6}{\376\377\0006\000.\0006}{subsection.2.5}% 66
\BOOKMARK [3][-]{subsubsection.2.5.7}{\376\377\0006\000.\0007}{subsection.2.5}% 67
\BOOKMARK [3][-]{subsubsection.2.5.8}{\376\377\0006\000.\0008\000\040\000\050\000C\000H\000E\000C\000K\000\040\000T\000H\000I\000S\000\040\000A\000S\000K\000\040\000D\000\040\000A\000B\000O\000U\000T\000\040\000H\000I\000S\000\040\000S\000O\000L\000U\000T\000I\000O\000N\000!\000!\000\051}{subsection.2.5}% 68
\BOOKMARK [3][-]{subsubsection.2.5.9}{\376\377\0006\000.\0009\000\040\000\050\000A\000S\000K\000\040\000A\000B\000O\000U\000T\000\040\000T\000H\000I\000S\000!\000!\000\051}{subsection.2.5}% 69
\BOOKMARK [3][-]{subsubsection.2.5.10}{\376\377\0006\000.\0001\0000\000\040\000C\000H\000E\000C\000K}{subsection.2.5}% 70
\BOOKMARK [2][-]{subsection.2.6}{\376\377\000S\000e\000c\000t\000i\000o\000n\000\040\0007}{section.2}% 71
\BOOKMARK [3][-]{subsubsection.2.6.1}{\376\377\0007\000.\0001}{subsection.2.6}% 72
\BOOKMARK [3][-]{subsubsection.2.6.2}{\376\377\0007\000.\0002}{subsection.2.6}% 73
\BOOKMARK [3][-]{subsubsection.2.6.3}{\376\377\0007\000.\0003}{subsection.2.6}% 74
\BOOKMARK [3][-]{subsubsection.2.6.4}{\376\377\0007\000.\0004\000\040\000\050\000C\000H\000E\000C\000K\000\040\000T\000H\000I\000S\000\040\000!\000!\000!\000\051}{subsection.2.6}% 75
\BOOKMARK [2][-]{subsection.2.7}{\376\377\000S\000e\000c\000t\000i\000o\000n\000\040\0008}{section.2}% 76
\BOOKMARK [3][-]{subsubsection.2.7.1}{\376\377\0008\000.\0001}{subsection.2.7}% 77
\BOOKMARK [3][-]{subsubsection.2.7.2}{\376\377\0008\000.\0002}{subsection.2.7}% 78
\BOOKMARK [3][-]{subsubsection.2.7.3}{\376\377\0008\000.\0003}{subsection.2.7}% 79
\BOOKMARK [3][-]{subsubsection.2.7.4}{\376\377\0008\000.\0004}{subsection.2.7}% 80
\BOOKMARK [2][-]{subsection.2.8}{\376\377\000S\000e\000c\000t\000i\000o\000n\000\040\0009}{section.2}% 81
\BOOKMARK [2][-]{subsection.2.9}{\376\377\000S\000e\000c\000t\000i\000o\000n\000\040\0001\0000}{section.2}% 82
\BOOKMARK [3][-]{subsubsection.2.9.1}{\376\377\0001\0000\000.\0001}{subsection.2.9}% 83
\BOOKMARK [3][-]{subsubsection.2.9.2}{\376\377\0001\0000\000.\0002}{subsection.2.9}% 84
\BOOKMARK [3][-]{subsubsection.2.9.3}{\376\377\0001\0000\000.\0003}{subsection.2.9}% 85
\BOOKMARK [3][-]{subsubsection.2.9.4}{\376\377\0001\0000\000.\0004}{subsection.2.9}% 86
\BOOKMARK [3][-]{subsubsection.2.9.5}{\376\377\0001\0000\000.\0005}{subsection.2.9}% 87
\BOOKMARK [3][-]{subsubsection.2.9.6}{\376\377\0001\0000\000.\0006}{subsection.2.9}% 88
\BOOKMARK [3][-]{subsubsection.2.9.7}{\376\377\0001\0000\000.\0007\000\040\000D\000O\000!\000!}{subsection.2.9}% 89
\BOOKMARK [3][-]{subsubsection.2.9.8}{\376\377\0001\0000\000.\0008}{subsection.2.9}% 90
\BOOKMARK [3][-]{subsubsection.2.9.9}{\376\377\0001\0000\000.\0009}{subsection.2.9}% 91
\BOOKMARK [2][-]{subsection.2.10}{\376\377\000S\000e\000c\000t\000i\000o\000n\000\040\0001\0001}{section.2}% 92
\BOOKMARK [3][-]{subsubsection.2.10.1}{\376\377\0001\0001\000.\0001}{subsection.2.10}% 93
\BOOKMARK [3][-]{subsubsection.2.10.2}{\376\377\0001\0001\000.\0002\000\040\000\050\000C\000H\000E\000C\000K\000!\000!\000\051}{subsection.2.10}% 94
\BOOKMARK [3][-]{subsubsection.2.10.3}{\376\377\0001\0001\000.\0003\000\040\000C\000H\000E\000C\000K\000!\000!}{subsection.2.10}% 95
\BOOKMARK [3][-]{subsubsection.2.10.4}{\376\377\0001\0001\000.\0004\000\040\000D\000O}{subsection.2.10}% 96
\BOOKMARK [3][-]{subsubsection.2.10.5}{\376\377\0001\0001\000.\0005\000\040\000\050\000C\000H\000E\000C\000K\000\051}{subsection.2.10}% 97
\BOOKMARK [3][-]{subsubsection.2.10.6}{\376\377\0001\0001\000.\0006\000\040\000D\000O\000!\000!}{subsection.2.10}% 98
\BOOKMARK [3][-]{subsubsection.2.10.7}{\376\377\0001\0001\000.\0007}{subsection.2.10}% 99
\BOOKMARK [3][-]{subsubsection.2.10.8}{\376\377\0001\0001\000.\0008}{subsection.2.10}% 100
\BOOKMARK [2][-]{subsection.2.11}{\376\377\000S\000e\000c\000t\000i\000o\000n\000\040\0001\0002}{section.2}% 101
\BOOKMARK [3][-]{subsubsection.2.11.1}{\376\377\0001\0002\000.\0001}{subsection.2.11}% 102
\BOOKMARK [3][-]{subsubsection.2.11.2}{\376\377\0001\0002\000.\0002}{subsection.2.11}% 103
\BOOKMARK [3][-]{subsubsection.2.11.3}{\376\377\0001\0002\000.\0003\000\040\000\050\000C\000H\000E\000C\000K\000\040\000T\000H\000I\000S\000\040\000W\000I\000T\000H\000\040\000D\000!\000!\000!\000\051\000!\000!}{subsection.2.11}% 104
\BOOKMARK [3][-]{subsubsection.2.11.4}{\376\377\0001\0002\000.\0004\000\040\000C\000H\000E\000C\000K\000E\000!\000?}{subsection.2.11}% 105
\BOOKMARK [3][-]{subsubsection.2.11.5}{\376\377\0001\0002\000.\0005\000\040\000F\000I\000X\000\040\000T\000H\000I\000S\000\040\000A\000N\000D\000\040\000C\000H\000E\000C\000K\000\040\000E\000x\000\040\0007\000.\0009}{subsection.2.11}% 106
\BOOKMARK [3][-]{subsubsection.2.11.6}{\376\377\0001\0002\000.\0006\000\040\000C\000H\000E\000C\000K\000!\000?\000!}{subsection.2.11}% 107
\BOOKMARK [1][-]{section.3}{\376\377\000I\000V}{}% 108
\BOOKMARK [2][-]{subsection.3.1}{\376\377\0001}{section.3}% 109
\BOOKMARK [3][-]{subsubsection.3.1.1}{\376\377\0001\000.\0001}{subsection.3.1}% 110
\BOOKMARK [3][-]{subsubsection.3.1.2}{\376\377\0001\000.\0002}{subsection.3.1}% 111
\BOOKMARK [2][-]{subsection.3.2}{\376\377\0002}{section.3}% 112
\BOOKMARK [2][-]{subsection.3.3}{\376\377\0003}{section.3}% 113
\BOOKMARK [3][-]{subsubsection.3.3.1}{\376\377\0003\000.\0001}{subsection.3.3}% 114
\BOOKMARK [3][-]{subsubsection.3.3.2}{\376\377\0003\000.\0002}{subsection.3.3}% 115
\BOOKMARK [3][-]{subsubsection.3.3.3}{\376\377\0003\000.\0003}{subsection.3.3}% 116
\BOOKMARK [1][-]{section.4}{\376\377\000V}{}% 117
\BOOKMARK [1][-]{section.5}{\376\377\000L\000e\000m\000m\000a\000t\000a}{}% 118
