\BOOKMARK [1][-]{section.1}{Introduction}{}% 1
\BOOKMARK [2][-]{subsection.1.1}{Background on Dark Matter}{section.1}% 2
\BOOKMARK [2][-]{subsection.1.2}{Apparent Problems for the CDM Scenario}{section.1}% 3
\BOOKMARK [2][-]{subsection.1.3}{Ultra-light Dark Matter}{section.1}% 4
\BOOKMARK [2][-]{subsection.1.4}{Dynamical Effects of Dark Matter on Stars}{section.1}% 5
\BOOKMARK [1][-]{section.2}{Galactic discs}{}% 6
\BOOKMARK [1][-]{section.3}{The Theory of Heating via Substructure Dynamics}{}% 7
\BOOKMARK [2][-]{subsection.3.1}{Estimating The Heating Due to Transits}{section.3}% 8
\BOOKMARK [2][-]{subsection.3.2}{Heating Due to Subhalos}{section.3}% 9
\BOOKMARK [2][-]{subsection.3.3}{Heating Due to Quantum Wavelets}{section.3}% 10
\BOOKMARK [2][-]{subsection.3.4}{Modeling Adiabatic Changes in the Disc}{section.3}% 11
\BOOKMARK [1][-]{section.4}{Applications to a Milky-Way-like Disc and Halo}{}% 12
\BOOKMARK [2][-]{subsection.4.1}{Heating in the CDM Paradigm}{section.4}% 13
\BOOKMARK [2][-]{subsection.4.2}{Heating in the FDM Paradigm}{section.4}% 14
\BOOKMARK [1][-]{section.5}{Discussion}{}% 15
\BOOKMARK [2][-]{subsection.5.1}{Disc Destruction at Large Radii}{section.5}% 16
\BOOKMARK [2][-]{subsection.5.2}{Constraints on Particle Mass}{section.5}% 17
\BOOKMARK [2][-]{subsection.5.3}{Heating History}{section.5}% 18
\BOOKMARK [2][-]{subsection.5.4}{Comparisons With Other Current Work}{section.5}% 19
\BOOKMARK [2][-]{subsection.5.5}{Sources of Error}{section.5}% 20
\BOOKMARK [1][-]{section.6}{Conclusion}{}% 21
