This is LuaTeX, Version 1.0.4 (TeX Live 2017/Debian)  (format=lualatex 2018.12.3)  15 FEB 2019 09:24
 restricted system commands enabled.
**FDM_heating_manuscript_edits_response.tex
(./FDM_heating_manuscript_edits_response.tex
LaTeX2e <2017-04-15>
Lua module: luaotfload-main 2017/01/29 2.80001 OpenType layout system.
Lua module: lualibs 2017-02-01 2.5 ConTeXt Lua standard libraries.
Lua module: lualibs-extended 2017-02-01 2.5 ConTeXt Lua libraries -- extended co
llection.(using write cache: /home/ben/.texlive2017/texmf-var/luatex-cache/gener
ic)(using read cache: /var/lib/texmf/luatex-cache/generic /home/ben/.texlive2017
/texmf-var/luatex-cache/generic)
luaotfload | conf : Root cache directory is /home/ben/.texlive2017/texmf-var/lua
tex-cache/generic/names.
luaotfload | init : Loading fontloader “fontloader-2017-02-11.lua” from kpse
-resolved path “/usr/share/texlive/texmf-dist/tex/luatex/luaotfload/fontloader
-2017-02-11.lua”.
Lua-only attribute luaotfload@state = 1
Lua-only attribute luaotfload@noligature = 2
Lua-only attribute luaotfload@syllabe = 3
luaotfload | init : Context OpenType loader version “3.027”
Inserting `luaotfload.node_processor' at position 1 in `pre_linebreak_filter'.
Inserting `luaotfload.node_processor' at position 1 in `hpack_filter'.
Inserting `luaotfload.define_font' at position 1 in `define_font'.
Lua-only attribute luaotfload_color_attribute = 4
luaotfload | conf : Root cache directory is /home/ben/.texlive2017/texmf-var/lua
tex-cache/generic/names.
Inserting `luaotfload.aux.set_sscale_dimens' at position 1 in `luaotfload.patch_
font'.
Inserting `luaotfload.aux.patch_cambria_domh' at position 2 in `luaotfload.patch
_font'.
Inserting `luaotfload.aux.fixup_fontdata' at position 1 in `luaotfload.patch_fon
t_unsafe'.
Inserting `luaotfload.aux.set_capheight' at position 3 in `luaotfload.patch_font
'.
Inserting `luaotfload.rewrite_fontname' at position 4 in `luaotfload.patch_font'
.
luaotfload | main : initialization completed in 0.138 seconds
Babel <3.18> and hyphenation patterns for 1 language(s) loaded.
(/usr/share/texlive/texmf-dist/tex/latex/mnras/mnras.cls
Document Class: mnras 2015/05/22\ v3.0\ LaTeX2e MNRAS document class
MNRAS document style v3.0, released 2015/05/22
(/usr/share/texlive/texmf-dist/tex/latex/geometry/geometry.sty
Package: geometry 2010/09/12 v5.6 Page Geometry

(/usr/share/texlive/texmf-dist/tex/latex/graphics/keyval.sty
Package: keyval 2014/10/28 v1.15 key=value parser (DPC)
\KV@toks@=\toks14
)
(/usr/share/texlive/texmf-dist/tex/generic/oberdiek/ifpdf.sty
Package: ifpdf 2017/03/15 v3.2 Provides the ifpdf switch
)
(/usr/share/texlive/texmf-dist/tex/generic/oberdiek/ifvtex.sty
Package: ifvtex 2016/05/16 v1.6 Detect VTeX and its facilities (HO)
Package ifvtex Info: VTeX not detected.
)
(/usr/share/texlive/texmf-dist/tex/generic/ifxetex/ifxetex.sty
Package: ifxetex 2010/09/12 v0.6 Provides ifxetex conditional
)
\Gm@cnth=\count79
\Gm@cntv=\count80
\c@Gm@tempcnt=\count81
\Gm@bindingoffset=\dimen102
\Gm@wd@mp=\dimen103
\Gm@odd@mp=\dimen104
\Gm@even@mp=\dimen105
\Gm@layoutwidth=\dimen106
\Gm@layoutheight=\dimen107
\Gm@layouthoffset=\dimen108
\Gm@layoutvoffset=\dimen109
\Gm@dimlist=\toks15
)
(/usr/share/texlive/texmf-dist/tex/latex/base/fixltx2e.sty
Package: fixltx2e 2016/12/29 v2.1a fixes to LaTeX (obsolete)
Applying: [2015/01/01] Old fixltx2e package on input line 46.


Package fixltx2e Warning: fixltx2e is not required with releases after 2015
(fixltx2e)                All fixes are now in the LaTeX kernel.
(fixltx2e)                See the latexrelease package for details.

Already applied: [0000/00/00] Old fixltx2e package on input line 53.
) (/usr/share/texlive/texmf-dist/tex/latex/hyperref/hyperref.sty
Package: hyperref 2018/02/06 v6.86b Hypertext links for LaTeX

(/usr/share/texlive/texmf-dist/tex/generic/oberdiek/hobsub-hyperref.sty
Package: hobsub-hyperref 2016/05/16 v1.14 Bundle oberdiek, subset hyperref (HO)

(/usr/share/texlive/texmf-dist/tex/generic/oberdiek/hobsub-generic.sty
Package: hobsub-generic 2016/05/16 v1.14 Bundle oberdiek, subset generic (HO)
Package: hobsub 2016/05/16 v1.14 Construct package bundles (HO)
Package: infwarerr 2016/05/16 v1.4 Providing info/warning/error messages (HO)
Package: ltxcmds 2016/05/16 v1.23 LaTeX kernel commands for general use (HO)
Package: ifluatex 2016/05/16 v1.4 Provides the ifluatex switch (HO)
Package ifluatex Info: LuaTeX detected.
Package hobsub Info: Skipping package `ifvtex' (already loaded).
Package: intcalc 2016/05/16 v1.2 Expandable calculations with integers (HO)
Package hobsub Info: Skipping package `ifpdf' (already loaded).
Package: etexcmds 2016/05/16 v1.6 Avoid name clashes with e-TeX commands (HO)
Package: kvsetkeys 2016/05/16 v1.17 Key value parser (HO)
Package: kvdefinekeys 2016/05/16 v1.4 Define keys (HO)
Package: luatex-loader 2016/05/16 v0.6 Lua module loader (HO)

(/usr/share/texlive/texmf-dist/scripts/oberdiek/oberdiek.luatex.lua)
Package: pdftexcmds 2018/01/21 v0.26 Utility functions of pdfTeX for LuaTeX (HO)

Package pdftexcmds Info: \pdf@primitive is available.
Package pdftexcmds Info: \pdf@ifprimitive is available.
Package pdftexcmds Info: \pdfdraftmode found.
\pdftexcmds@toks=\toks16
Package: pdfescape 2016/05/16 v1.14 Implements pdfTeX's escape features (HO)
Package: bigintcalc 2016/05/16 v1.4 Expandable calculations on big integers (HO)

Package: bitset 2016/05/16 v1.2 Handle bit-vector datatype (HO)
Package: uniquecounter 2016/05/16 v1.3 Provide unlimited unique counter (HO)
)
Package hobsub Info: Skipping package `hobsub' (already loaded).
Package: letltxmacro 2016/05/16 v1.5 Let assignment for LaTeX macros (HO)
Package: hopatch 2016/05/16 v1.3 Wrapper for package hooks (HO)
Package: xcolor-patch 2016/05/16 xcolor patch
Package: atveryend 2016/05/16 v1.9 Hooks at the very end of document (HO)
Package atveryend Info: \enddocument detected (standard20110627).
Package: atbegshi 2016/06/09 v1.18 At begin shipout hook (HO)
Package: refcount 2016/05/16 v3.5 Data extraction from label references (HO)
Package: hycolor 2016/05/16 v1.8 Color options for hyperref/bookmark (HO)
)
(/usr/share/texlive/texmf-dist/tex/latex/oberdiek/auxhook.sty
Package: auxhook 2016/05/16 v1.4 Hooks for auxiliary files (HO)
)
(/usr/share/texlive/texmf-dist/tex/latex/oberdiek/kvoptions.sty
Package: kvoptions 2016/05/16 v3.12 Key value format for package options (HO)
)
\@linkdim=\dimen110
\Hy@linkcounter=\count82
\Hy@pagecounter=\count83

(/usr/share/texlive/texmf-dist/tex/latex/hyperref/pd1enc.def
File: pd1enc.def 2018/02/06 v6.86b Hyperref: PDFDocEncoding definition (HO)
)
\Hy@SavedSpaceFactor=\count84

(/usr/share/texlive/texmf-dist/tex/latex/latexconfig/hyperref.cfg
File: hyperref.cfg 2002/06/06 v1.2 hyperref configuration of TeXLive
)
Package hyperref Info: Hyper figures OFF on input line 4509.
Package hyperref Info: Link nesting OFF on input line 4514.
Package hyperref Info: Hyper index ON on input line 4517.
Package hyperref Info: Plain pages OFF on input line 4524.
Package hyperref Info: Backreferencing OFF on input line 4529.
Package hyperref Info: Implicit mode ON; LaTeX internals redefined.
Package hyperref Info: Bookmarks ON on input line 4762.
\c@Hy@tempcnt=\count85

(/usr/share/texlive/texmf-dist/tex/latex/url/url.sty
\Urlmuskip=\muskip10
Package: url 2013/09/16  ver 3.4  Verb mode for urls, etc.
)
LaTeX Info: Redefining \url on input line 5115.
\XeTeXLinkMargin=\dimen111
\Fld@menulength=\count86
\Field@Width=\dimen112
\Fld@charsize=\dimen113
Package hyperref Info: Hyper figures OFF on input line 6369.
Package hyperref Info: Link nesting OFF on input line 6374.
Package hyperref Info: Hyper index ON on input line 6377.
Package hyperref Info: backreferencing OFF on input line 6384.
Package hyperref Info: Link coloring OFF on input line 6389.
Package hyperref Info: Link coloring with OCG OFF on input line 6394.
Package hyperref Info: PDF/A mode OFF on input line 6399.
LaTeX Info: Redefining \ref on input line 6439.
LaTeX Info: Redefining \pageref on input line 6443.


Package hyperref Warning: Option `pdfpagelabels' is turned off
(hyperref)                because \thepage is undefined.

\c@Item=\count87
\c@Hfootnote=\count88
)
Package hyperref Info: Driver (autodetected): hluatex.
 (/usr/share/texlive/texmf-dist/tex/latex/hyperref/hluatex.def
File: hluatex.def 2018/02/06 v6.86b Hyperref driver for luaTeX
\Fld@listcount=\count89
\c@bookmark@seq@number=\count90

(/usr/share/texlive/texmf-dist/tex/latex/oberdiek/rerunfilecheck.sty
Package: rerunfilecheck 2016/05/16 v1.8 Rerun checks for auxiliary files (HO)
Package uniquecounter Info: New unique counter `rerunfilecheck' on input line 28
2.
)
\Hy@SectionHShift=\skip41
)
Package hyperref Info: Option `colorlinks' set `true' on input line 123.
luaotfload | db : Font names database loaded from /home/ben/.texlive2017/texmf-v
ar/luatex-cache/generic/names/luaotfload-names.luc(load luc: /home/ben/.texlive2
017/texmf-var/luatex-cache/generic/fonts/otl/lmroman9-regular.luc)
\math@groups=\toks17
LaTeX Font Info:    Overwriting symbol font `symbols' in version `bold'
(Font)                  OMS/cmsy/b/n --> OMS/cmsy/b/n on input line 276.
\symbmisymbols=\mathgroup4
\SFB@measure=\dimen114
\realparindent=\skip42
\c@part=\count91
\c@section=\count92
\c@subsection=\count93
\c@subsubsection=\count94
\c@paragraph=\count95
\c@subparagraph=\count96
\@indentskip=\skip43
\smallindent=\skip44
\@footindent=\skip45
\@leftskip=\skip46
 (/usr/share/texlive/texmf-dist/tex/latex/natbib/natbib.sty
Package: natbib 2010/09/13 8.31b (PWD, AO)
\bibhang=\skip47
\bibsep=\skip48
LaTeX Info: Redefining \cite on input line 694.
\c@NAT@ctr=\count97
)
\c@table=\count98
\c@figure=\count99
)
(/usr/share/texlive/texmf-dist/tex/latex/siunitx/siunitx.sty
(/usr/share/texlive/texmf-dist/tex/latex/l3kernel/expl3.sty
Package: expl3 2018/02/21 L3 programming layer (loader) 

(/usr/share/texlive/texmf-dist/tex/latex/l3kernel/expl3-code.tex
Package: expl3 2018/02/21 L3 programming layer (code)
\ucharcat@table=\catcodetable5
\c_max_int=\count100
\l_tmpa_int=\count101
\l_tmpb_int=\count102
\g_tmpa_int=\count103
\g_tmpb_int=\count104
\g__intarray_font_int=\count105
\g__prg_map_int=\count106
\c_log_iow=\count107
\l_iow_line_count_int=\count108
\l__iow_line_target_int=\count109
\l__iow_one_indent_int=\count110
\l__iow_indent_int=\count111
\c_zero_dim=\dimen115
\c_max_dim=\dimen116
\l_tmpa_dim=\dimen117
\l_tmpb_dim=\dimen118
\g_tmpa_dim=\dimen119
\g_tmpb_dim=\dimen120
\c_zero_skip=\skip49
\c_max_skip=\skip50
\l_tmpa_skip=\skip51
\l_tmpb_skip=\skip52
\g_tmpa_skip=\skip53
\g_tmpb_skip=\skip54
\c_zero_muskip=\muskip11
\c_max_muskip=\muskip12
\l_tmpa_muskip=\muskip13
\l_tmpb_muskip=\muskip14
\g_tmpa_muskip=\muskip15
\g_tmpb_muskip=\muskip16
\l_keys_choice_int=\count112
\c__fp_leading_shift_int=\count113
\c__fp_middle_shift_int=\count114
\c__fp_trailing_shift_int=\count115
\c__fp_big_leading_shift_int=\count116
\c__fp_big_middle_shift_int=\count117
\c__fp_big_trailing_shift_int=\count118
\c__fp_Bigg_leading_shift_int=\count119
\c__fp_Bigg_middle_shift_int=\count120
\c__fp_Bigg_trailing_shift_int=\count121
\c__fp_rand_size_int=\count122
\c__fp_rand_four_int=\count123
\c__fp_rand_eight_int=\count124
\l__sort_length_int=\count125
\l__sort_min_int=\count126
\l__sort_top_int=\count127
\l__sort_max_int=\count128
\l__sort_true_max_int=\count129
\l__sort_block_int=\count130
\l__sort_begin_int=\count131
\l__sort_end_int=\count132
\l__sort_A_int=\count133
\l__sort_B_int=\count134
\l__sort_C_int=\count135
\l__tl_build_start_index_int=\count136
\l__tl_build_index_int=\count137
\l__tl_analysis_normal_int=\count138
\l__tl_analysis_index_int=\count139
\l__tl_analysis_nesting_int=\count140
\l__tl_analysis_type_int=\count141
\l__regex_internal_a_int=\count142
\l__regex_internal_b_int=\count143
\l__regex_internal_c_int=\count144
\l__regex_balance_int=\count145
\l__regex_group_level_int=\count146
\l__regex_mode_int=\count147
\c__regex_cs_in_class_mode_int=\count148
\c__regex_cs_mode_int=\count149
\l__regex_catcodes_int=\count150
\l__regex_default_catcodes_int=\count151
\c__regex_catcode_L_int=\count152
\c__regex_catcode_O_int=\count153
\c__regex_catcode_A_int=\count154
\c__regex_all_catcodes_int=\count155
\l__regex_show_lines_int=\count156
\l__regex_min_state_int=\count157
\l__regex_max_state_int=\count158
\l__regex_left_state_int=\count159
\l__regex_right_state_int=\count160
\l__regex_capturing_group_int=\count161
\l__regex_min_pos_int=\count162
\l__regex_max_pos_int=\count163
\l__regex_curr_pos_int=\count164
\l__regex_start_pos_int=\count165
\l__regex_success_pos_int=\count166
\l__regex_curr_char_int=\count167
\l__regex_curr_catcode_int=\count168
\l__regex_last_char_int=\count169
\l__regex_case_changed_char_int=\count170
\l__regex_curr_state_int=\count171
\l__regex_step_int=\count172
\l__regex_min_active_int=\count173
\l__regex_max_active_int=\count174
\l__regex_replacement_csnames_int=\count175
\l__regex_match_count_int=\count176
\l__regex_min_submatch_int=\count177
\l__regex_submatch_int=\count178
\l__regex_zeroth_submatch_int=\count179
\g__regex_trace_regex_int=\count180
\c_empty_box=\box26
\l_tmpa_box=\box27
\l_tmpb_box=\box28
\g_tmpa_box=\box29
\g_tmpb_box=\box30
\l__box_top_dim=\dimen121
\l__box_bottom_dim=\dimen122
\l__box_left_dim=\dimen123
\l__box_right_dim=\dimen124
\l__box_top_new_dim=\dimen125
\l__box_bottom_new_dim=\dimen126
\l__box_left_new_dim=\dimen127
\l__box_right_new_dim=\dimen128
\l__box_internal_box=\box31
\l__coffin_internal_box=\box32
\l__coffin_internal_dim=\dimen129
\l__coffin_offset_x_dim=\dimen130
\l__coffin_offset_y_dim=\dimen131
\l__coffin_x_dim=\dimen132
\l__coffin_y_dim=\dimen133
\l__coffin_x_prime_dim=\dimen134
\l__coffin_y_prime_dim=\dimen135
\c_empty_coffin=\box33
\l__coffin_aligned_coffin=\box34
\l__coffin_aligned_internal_coffin=\box35
\l_tmpa_coffin=\box36
\l_tmpb_coffin=\box37
\l__coffin_display_coffin=\box38
\l__coffin_display_coord_coffin=\box39
\l__coffin_display_pole_coffin=\box40
\l__coffin_display_offset_dim=\dimen136
\l__coffin_display_x_dim=\dimen137
\l__coffin_display_y_dim=\dimen138
\l__coffin_bounding_shift_dim=\dimen139
\l__coffin_left_corner_dim=\dimen140
\l__coffin_right_corner_dim=\dimen141
\l__coffin_bottom_corner_dim=\dimen142
\l__coffin_top_corner_dim=\dimen143
\l__coffin_scaled_total_height_dim=\dimen144
\l__coffin_scaled_width_dim=\dimen145
)
(/usr/share/texlive/texmf-dist/tex/latex/l3kernel/l3pdfmode.def
File: l3pdfmode.def 2017/03/18 v L3 Experimental driver: PDF mode
\l__driver_color_stack_int=\count181
\l__driver_tmp_box=\box41
))
(/usr/share/texlive/texmf-dist/tex/latex/l3packages/xparse/xparse.sty
Package: xparse 2018/02/21 L3 Experimental document command parser
\l__xparse_current_arg_int=\count182
\g__xparse_grabber_int=\count183
\l__xparse_m_args_int=\count184
\l__xparse_mandatory_args_int=\count185
\l__xparse_v_nesting_int=\count186
)
Package: siunitx 2017/11/26 v2.7k A comprehensive (SI) units package

(/usr/share/texlive/texmf-dist/tex/latex/amsmath/amstext.sty
Package: amstext 2000/06/29 v2.01 AMS text

(/usr/share/texlive/texmf-dist/tex/latex/amsmath/amsgen.sty
File: amsgen.sty 1999/11/30 v2.0 generic functions
\@emptytoks=\toks18
\ex@=\dimen146
))
(/usr/share/texlive/texmf-dist/tex/latex/tools/array.sty
Package: array 2016/10/06 v2.4d Tabular extension package (FMi)
\col@sep=\dimen147
\extrarowheight=\dimen148
\NC@list=\toks19
\extratabsurround=\skip55
\backup@length=\skip56
)
(/usr/share/texlive/texmf-dist/tex/latex/l3packages/l3keys2e/l3keys2e.sty
Package: l3keys2e 2018/02/21 LaTeX2e option processing using LaTeX3 keys
)
\l__siunitx_tmp_box=\box42
\l__siunitx_tmp_dim=\dimen149
\l__siunitx_tmp_int=\count187
\l__siunitx_number_mantissa_length_int=\count188
\l__siunitx_number_uncert_length_int=\count189
\l__siunitx_round_int=\count190
\l__siunitx_process_decimal_int=\count191
\l__siunitx_process_uncertainty_int=\count192
\l__siunitx_process_fixed_int=\count193
\l__siunitx_process_integer_min_int=\count194
\l__siunitx_process_precision_int=\count195
\l__siunitx_group_min_int=\count196
\l__siunitx_angle_marker_box=\box43
\l__siunitx_angle_unit_box=\box44
\l__siunitx_angle_marker_dim=\dimen150
\l__siunitx_angle_unit_dim=\dimen151
\l__siunitx_unit_int=\count197
\l__siunitx_unit_denominator_int=\count198
\l__siunitx_unit_numerator_int=\count199
\l__siunitx_unit_prefix_int=\count266
\l__siunitx_unit_prefix_base_int=\count267
\l__siunitx_unit_prefix_gram_int=\count268
\l__siunitx_number_product_int=\count269
\c__siunitx_one_fill_skip=\skip57
\l__siunitx_table_unit_align_skip=\skip58
\l__siunitx_table_exponent_dim=\dimen152
\l__siunitx_table_integer_dim=\dimen153
\l__siunitx_table_mantissa_dim=\dimen154
\l__siunitx_table_marker_dim=\dimen155
\l__siunitx_table_result_dim=\dimen156
\l__siunitx_table_uncert_dim=\dimen157
\l__siunitx_table_fill_pre_dim=\dimen158
\l__siunitx_table_fill_post_dim=\dimen159
\l__siunitx_table_fill_mid_dim=\dimen160
\l__siunitx_table_pre_box=\box45
\l__siunitx_table_post_box=\box46
\l__siunitx_table_mantissa_box=\box47
\l__siunitx_table_result_box=\box48
\l__siunitx_table_number_align_skip=\skip59
\l__siunitx_table_text_align_skip=\skip60
.................................................
. LaTeX info: "xparse/define-command"
. 
. Defining command \DeclareBinaryPrefix with sig. 'mmm' on line 7250.
.................................................
.................................................
. LaTeX info: "xparse/define-command"
. 
. Defining command \DeclareSIPostPower with sig. 'mm' on line 7253.
.................................................
.................................................
. LaTeX info: "xparse/define-command"
. 
. Defining command \DeclareSIPrefix with sig. 'mmm' on line 7256.
.................................................
.................................................
. LaTeX info: "xparse/define-command"
. 
. Defining command \DeclareSIPrePower with sig. 'mm' on line 7259.
.................................................
.................................................
. LaTeX info: "xparse/define-command"
. 
. Defining command \DeclareSIQualifier with sig. 'mm' on line 7262.
.................................................
.................................................
. LaTeX info: "xparse/define-command"
. 
. Defining command \DeclareSIUnit with sig. 'O{}mm' on line 7265.
.................................................
.................................................
. LaTeX info: "xparse/define-command"
. 
. Defining command \DeclareSIUnitWithOptions with sig. 'mmm' on line 7268.
.................................................
.................................................
. LaTeX info: "xparse/define-command"
. 
. Defining command \ang with sig. 'o>{\SplitArgument {2}{;}}m' on line 7283.
.................................................
.................................................
. LaTeX info: "xparse/define-command"
. 
. Defining command \num with sig. 'om' on line 7292.
.................................................
.................................................
. LaTeX info: "xparse/define-command"
. 
. Defining command \numlist with sig. 'o>{\SplitList {;}}m' on line 7301.
.................................................
.................................................
. LaTeX info: "xparse/define-command"
. 
. Defining command \numrange with sig. 'omm' on line 7310.
.................................................
.................................................
. LaTeX info: "xparse/define-command"
. 
. Defining command \SIlist with sig. 'o>{\SplitList {;}}mm' on line 7322.
.................................................
.................................................
. LaTeX info: "xparse/define-command"
. 
. Defining command \SIrange with sig. 'ommm' on line 7334.
.................................................
.................................................
. LaTeX info: "xparse/define-command"
. 
. Defining command \SI with sig. 'omom' on line 7346.
.................................................
.................................................
. LaTeX info: "xparse/define-command"
. 
. Defining command \sisetup with sig. 'm' on line 7349.
.................................................
.................................................
. LaTeX info: "xparse/define-command"
. 
. Defining command \tablenum with sig. 'om' on line 7364.
.................................................
.................................................
. LaTeX info: "xparse/define-command"
. 
. Defining command \si with sig. 'om' on line 7376.
.................................................
.................................................
. LaTeX info: "xparse/define-command"
. 
. Defining command \numInBookmark with sig. 'om' on line 7423.
.................................................
.................................................
. LaTeX info: "xparse/define-command"
. 
. Defining command \numrangeInBookmark with sig. 'omm' on line 7425.
.................................................
.................................................
. LaTeX info: "xparse/define-command"
. 
. Defining command \SIInBookmark with sig. 'omom' on line 7427.
.................................................
.................................................
. LaTeX info: "xparse/define-command"
. 
. Defining command \SIlistInBookmark with sig. 'omm' on line 7429.
.................................................
.................................................
. LaTeX info: "xparse/define-command"
. 
. Defining command \SIrangeInBookmark with sig. 'ommm' on line 7431.
.................................................
.................................................
. LaTeX info: "xparse/define-command"
. 
. Defining command \siInBookmark with sig. 'om' on line 7432.
.................................................
\g__file_internal_ior=\read1

(/usr/share/texlive/texmf-dist/tex/latex/translator/translator.sty
Package: translator 2018/01/04 v1.12 Easy translation of strings in LaTeX
))
(/usr/share/texlive/texmf-dist/tex/latex/graphics/graphicx.sty
Package: graphicx 2017/06/01 v1.1a Enhanced LaTeX Graphics (DPC,SPQR)

(/usr/share/texlive/texmf-dist/tex/latex/graphics/graphics.sty
Package: graphics 2017/06/25 v1.2c Standard LaTeX Graphics (DPC,SPQR)

(/usr/share/texlive/texmf-dist/tex/latex/graphics/trig.sty
Package: trig 2016/01/03 v1.10 sin cos tan (DPC)
)
(/usr/share/texlive/texmf-dist/tex/latex/graphics-cfg/graphics.cfg
File: graphics.cfg 2016/06/04 v1.11 sample graphics configuration
)
Package graphics Info: Driver file: luatex.def on input line 99.

(/usr/share/texlive/texmf-dist/tex/latex/graphics-def/luatex.def
File: luatex.def 2018/01/08 v1.0l Graphics/color driver for luatex
))
\Gin@req@height=\dimen161
\Gin@req@width=\dimen162
)
(/usr/share/texlive/texmf-dist/tex/latex/base/inputenc.sty
Package: inputenc 2015/03/17 v1.2c Input encoding file
\inpenc@prehook=\toks20
\inpenc@posthook=\toks21


Package inputenc Warning: inputenc package ignored with utf8 based engines.

) (/usr/share/texlive/texmf-dist/tex/generic/babel/babel.sty
Package: babel 2018/02/14 3.18 The Babel package

(/usr/share/texlive/texmf-dist/tex/generic/babel/switch.def
File: switch.def 2018/02/14 3.18 Babel switching mechanism
)
(/usr/share/texlive/texmf-dist/tex/generic/babel/luababel.def
\l@dumylang=\language2
Package babel Info: Non-standard hyphenation setup on input line 113.
\l@nohyphenation=\language3
\l@portuguese=\language4
\l@ukrainian=\language5
\l@nynorsk=\language6
\l@slovenian=\language7
\l@croatian=\language8
\l@indonesian=\language9
\l@oriya=\language10
\l@turkmen=\language11
\l@uppersorbian=\language12
\l@pinyin=\language13
\l@occitan=\language14
\l@slovak=\language15
\l@usenglishmax=\language16
\l@hungarian=\language17
\l@sanskrit=\language18
\l@hindi=\language19
\l@assamese=\language20
\l@danish=\language21
\l@greek=\language22
\l@german=\language23
\l@belarusian=\language24
\l@thai=\language25
\l@friulan=\language26
\l@estonian=\language27
\l@czech=\language28
\l@farsi=\language29
\l@lithuanian=\language30
\l@liturgicallatin=\language31
\l@serbian=\language32
\l@kannada=\language33
\l@georgian=\language34
\l@piedmontese=\language35
\l@classiclatin=\language36
\l@polish=\language37
\l@latin=\language38
\l@basque=\language39
\l@gujarati=\language40
\l@bokmal=\language41
\l@ethiopic=\language42
\l@german-x-2017-03-31=\language43
\l@welsh=\language44
\l@bengali=\language45
\l@romanian=\language46
\l@ngerman=\language47
\l@swedish=\language48
\l@dutch=\language49
\l@tamil=\language50
\l@turkish=\language51
\l@panjabi=\language52
\l@latvian=\language53
\l@swissgerman=\language54
\l@bulgarian=\language55
\l@mongolianlmc=\language56
\l@interlingua=\language57
\l@monogreek=\language58
\l@russian=\language59
\l@coptic=\language60
\l@ngerman-x-2017-03-31=\language61
\l@catalan=\language62
\l@kurmanji=\language63
\l@irish=\language64
\l@mongolian=\language65
\l@armenian=\language66
\l@ancientgreek=\language67
\l@serbianc=\language68
\l@spanish=\language69
\l@arabic=\language70
\l@esperanto=\language71
\l@churchslavonic=\language72
\l@ukenglish=\language73
\l@marathi=\language74
\l@icelandic=\language75
\l@french=\language76
\l@italian=\language77
\l@finnish=\language78
\l@telugu=\language79
\l@ibycus=\language80
\l@galician=\language81
\l@malayalam=\language82
\l@romansh=\language83
\l@afrikaans=\language84
)
(/usr/share/texlive/texmf-dist/tex/generic/babel-english/english.ldf
Language: english 2017/06/06 v3.3r English support from the babel system

(/usr/share/texlive/texmf-dist/tex/generic/babel/babel.def
File: babel.def 2018/02/14 3.18 Babel common definitions
\babel@savecnt=\count270
\U@D=\dimen163

(/usr/share/texlive/texmf-dist/tex/generic/babel/luababel.def))
\l@canadian = a dialect from \language\l@american 
\l@australian = a dialect from \language\l@british 
\l@newzealand = a dialect from \language\l@british 
))
(/usr/share/texlive/texmf-dist/tex/latex/float/float.sty
Package: float 2001/11/08 v1.3d Float enhancements (AL)
\c@float@type=\count271
\float@exts=\toks22
\float@box=\box49
\@float@everytoks=\toks23
\@floatcapt=\box50
)
(/usr/share/texlive/texmf-dist/tex/latex/amsfonts/amssymb.sty
Package: amssymb 2013/01/14 v3.01 AMS font symbols

(/usr/share/texlive/texmf-dist/tex/latex/amsfonts/amsfonts.sty
Package: amsfonts 2013/01/14 v3.01 Basic AMSFonts support
\symAMSa=\mathgroup5
\symAMSb=\mathgroup6
LaTeX Font Info:    Overwriting math alphabet `\mathfrak' in version `bold'
(Font)                  U/euf/m/n --> U/euf/b/n on input line 106.
))
(/usr/share/texlive/texmf-dist/tex/latex/amsmath/amsmath.sty
Package: amsmath 2017/09/02 v2.17a AMS math features
\@mathmargin=\skip61

For additional information on amsmath, use the `?' option.
(/usr/share/texlive/texmf-dist/tex/latex/amsmath/amsbsy.sty
Package: amsbsy 1999/11/29 v1.2d Bold Symbols
\pmbraise@=\dimen164
)
(/usr/share/texlive/texmf-dist/tex/latex/amsmath/amsopn.sty
Package: amsopn 2016/03/08 v2.02 operator names
)
\inf@bad=\count272
LaTeX Info: Redefining \frac on input line 213.
\uproot@=\count273
\leftroot@=\count274
LaTeX Info: Redefining \overline on input line 375.
\classnum@=\count275
\DOTSCASE@=\count276
LaTeX Info: Redefining \ldots on input line 472.
LaTeX Info: Redefining \dots on input line 475.
LaTeX Info: Redefining \cdots on input line 596.
\Mathstrutbox@=\box51
\strutbox@=\box52
\big@size=\dimen165
LaTeX Font Info:    Redeclaring font encoding OML on input line 712.
LaTeX Font Info:    Redeclaring font encoding OMS on input line 713.
\macc@depth=\count277
\c@MaxMatrixCols=\count278
\dotsspace@=\muskip17
\c@parentequation=\count279
\dspbrk@lvl=\count280
\tag@help=\toks24
\row@=\count281
\column@=\count282
\maxfields@=\count283
\andhelp@=\toks25
\eqnshift@=\dimen166
\alignsep@=\dimen167
\tagshift@=\dimen168
\tagwidth@=\dimen169
\totwidth@=\dimen170
\lineht@=\dimen171
\@envbody=\toks26
\multlinegap=\skip62
\multlinetaggap=\skip63
\mathdisplay@stack=\toks27
LaTeX Info: Redefining \[ on input line 2817.
LaTeX Info: Redefining \] on input line 2818.
)
(/usr/share/texlive/texmf-dist/tex/latex/yhmath/yhmath.sty
Package: yhmath 
\symyhlargesymbols=\mathgroup7
LaTeX Font Info:    Redeclaring math accent \widetilde on input line 13.
LaTeX Font Info:    Redeclaring math accent \widehat on input line 14.
)
(/usr/share/texlive/texmf-dist/tex/latex/tools/verbatim.sty
Package: verbatim 2014/10/28 v1.5q LaTeX2e package for verbatim enhancements
\every@verbatim=\toks28
\verbatim@line=\toks29
\verbatim@in@stream=\read2
)
No file FDM_heating_manuscript_edits_response.aux.

\openout1 = FDM_heating_manuscript_edits_response.aux
LaTeX Font Info:    Checking defaults for OML/cmm/m/it on input line 38.
LaTeX Font Info:    ... okay on input line 38.
LaTeX Font Info:    Checking defaults for T1/cmr/m/n on input line 38.
LaTeX Font Info:    ... okay on input line 38.
LaTeX Font Info:    Checking defaults for OT1/cmr/m/n on input line 38.
LaTeX Font Info:    ... okay on input line 38.
LaTeX Font Info:    Checking defaults for OMS/cmsy/m/n on input line 38.
LaTeX Font Info:    ... okay on input line 38.
LaTeX Font Info:    Checking defaults for TU/lmr/m/n on input line 38.
LaTeX Font Info:    ... okay on input line 38.
LaTeX Font Info:    Checking defaults for OMX/cmex/m/n on input line 38.
LaTeX Font Info:    ... okay on input line 38.
LaTeX Font Info:    Checking defaults for U/cmr/m/n on input line 38.
LaTeX Font Info:    ... okay on input line 38.
LaTeX Font Info:    Checking defaults for PD1/pdf/m/n on input line 38.
LaTeX Font Info:    ... okay on input line 38.
*geometry* driver: auto-detecting
*geometry* detected driver: pdftex
*geometry* verbose mode - [ preamble ] result:
* driver: pdftex
* paper: a4paper
* layout: <same size as paper>
* layoutoffset:(h,v)=(0.0pt,0.0pt)
* modes: twoside 
* h-part:(L,W,R)=(71.70166pt, 418.25368pt, 107.55254pt)
* v-part:(T,H,B)=(101.40665pt, 591.5302pt, 152.11pt)
* \paperwidth=597.50787pt
* \paperheight=845.04684pt
* \textwidth=504.0pt
* \textheight=682.0pt
* \oddsidemargin=-30.0pt
* \evensidemargin=-30.0pt
* \topmargin=0.0pt
* \headheight=14.0pt
* \headsep=15.0pt
* \topskip=9.0pt
* \footskip=22.0pt
* \marginparwidth=48.0pt
* \marginparsep=6.0pt
* \columnsep=24.0pt
* \skip\footins=19.5pt plus 12.0pt minus 1.0pt
* \hoffset=0.0pt
* \voffset=0.0pt
* \mag=1000
* \@twocolumntrue
* \@twosidetrue
* \@mparswitchtrue
* \@reversemarginfalse
* (1in=72.27pt=25.4mm, 1cm=28.453pt)

\AtBeginShipoutBox=\box53
(/usr/share/texlive/texmf-dist/tex/latex/graphics/color.sty
Package: color 2016/07/10 v1.1e Standard LaTeX Color (DPC)

(/usr/share/texlive/texmf-dist/tex/latex/graphics-cfg/color.cfg
File: color.cfg 2016/01/02 v1.6 sample color configuration
)
Package color Info: Driver file: luatex.def on input line 147.
)
Package hyperref Info: Link coloring ON on input line 38.

(/usr/share/texlive/texmf-dist/tex/latex/hyperref/nameref.sty
Package: nameref 2016/05/21 v2.44 Cross-referencing by name of section

(/usr/share/texlive/texmf-dist/tex/generic/oberdiek/gettitlestring.sty
Package: gettitlestring 2016/05/16 v1.5 Cleanup title references (HO)
)
\c@section@level=\count284
)
LaTeX Info: Redefining \ref on input line 38.
LaTeX Info: Redefining \pageref on input line 38.
LaTeX Info: Redefining \nameref on input line 38.
\@outlinefile=\write3

\openout3 = FDM_heating_manuscript_edits_response.out

(/usr/share/texlive/texmf-dist/tex/latex/translator/translator-basic-dictionary
-English.dict
Dictionary: translator-basic-dictionary, Language: English 
)
(/usr/share/texlive/texmf-dist/tex/latex/siunitx/siunitx-abbreviations.cfg
File: siunitx-abbreviations.cfg 2017/11/26 v2.7k siunitx: Abbreviated units
)
(/usr/share/texlive/texmf-dist/tex/context/base/mkii/supp-pdf.mkii
[Loading MPS to PDF converter (version 2006.09.02).]
\scratchcounter=\count285
\scratchdimen=\dimen172
\scratchbox=\box54
\nofMPsegments=\count286
\nofMParguments=\count287
\everyMPshowfont=\toks30
\MPscratchCnt=\count288
\MPscratchDim=\dimen173
\MPnumerator=\count289
\makeMPintoPDFobject=\count290
\everyMPtoPDFconversion=\toks31
) (/usr/share/texlive/texmf-dist/tex/latex/oberdiek/epstopdf-base.sty
Package: epstopdf-base 2016/05/15 v2.6 Base part for package epstopdf

(/usr/share/texlive/texmf-dist/tex/latex/oberdiek/grfext.sty
Package: grfext 2016/05/16 v1.2 Manage graphics extensions (HO)
)
Package epstopdf-base Info: Redefining graphics rule for `.eps' on input line 43
8.
Package grfext Info: Graphics extension search list:
(grfext)             [.pdf,.png,.jpg,.mps,.jpeg,.jbig2,.jb2,.PDF,.PNG,.JPG,.JPEG
,.JBIG2,.JB2,.eps]
(grfext)             \AppendGraphicsExtensions on input line 456.

(/usr/share/texlive/texmf-dist/tex/latex/latexconfig/epstopdf-sys.cfg
File: epstopdf-sys.cfg 2010/07/13 v1.3 Configuration of (r)epstopdf for TeX Live

))
\c__siunitx_mathsf_int=\count291
LaTeX Font Info:    Try loading font information for U+msa on input line 38.

(/usr/share/texlive/texmf-dist/tex/latex/amsfonts/umsa.fd
File: umsa.fd 2013/01/14 v3.01 AMS symbols A
)
LaTeX Font Info:    Try loading font information for U+msb on input line 38.

(/usr/share/texlive/texmf-dist/tex/latex/amsfonts/umsb.fd
File: umsb.fd 2013/01/14 v3.01 AMS symbols B
)
LaTeX Font Info:    Try loading font information for OMX+yhex on input line 38.

(/usr/share/texlive/texmf-dist/tex/latex/yhmath/OMXyhex.fd
File: OMXyhex.fd 
File: OMXyhex.fd 2013/07/03 v1.1 YH's humble contribution to TeX maths (NP)
)
LaTeX Font Info:    External font `yhcmex10' loaded for size
(Font)              <9> on input line 38.
LaTeX Font Info:    External font `yhcmex10' loaded for size
(Font)              <6> on input line 38.
LaTeX Font Info:    External font `yhcmex10' loaded for size
(Font)              <5> on input line 38.
\c__siunitx_mathtt_int=\count292
(load luc: /home/ben/.texlive2017/texmf-var/luatex-cache/generic/fonts/otl/lmrom
an17-regular.luc)(load luc: /home/ben/.texlive2017/texmf-var/luatex-cache/generi
c/fonts/otl/lmroman12-bold.luc)(load luc: /home/ben/.texlive2017/texmf-var/luate
x-cache/generic/fonts/otl/lmroman12-regular.luc)
LaTeX Font Info:    External font `yhcmex10' loaded for size
(Font)              <14.4> on input line 50.
LaTeX Font Info:    External font `yhcmex10' loaded for size
(Font)              <10> on input line 50.
LaTeX Font Info:    External font `yhcmex10' loaded for size
(Font)              <7> on input line 50.
(load luc: /home/ben/.texlive2017/texmf-var/luatex-cache/generic/fonts/otl/lmrom
an8-regular.luc)(load luc: /home/ben/.texlive2017/texmf-var/luatex-cache/generic
/fonts/otl/lmroman8-italic.luc)
LaTeX Font Info:    External font `yhcmex10' loaded for size
(Font)              <8> on input line 50.
(load luc: /home/ben/.texlive2017/texmf-var/luatex-cache/generic/fonts/otl/lmrom
an9-bold.luc)(load luc: /home/ben/.texlive2017/texmf-var/luatex-cache/generic/fo
nts/otl/lmroman10-regular.luc)(load luc: /home/ben/.texlive2017/texmf-var/luatex
-cache/generic/fonts/otl/lmroman7-regular.luc)(load luc: /home/ben/.texlive2017/
texmf-var/luatex-cache/generic/fonts/otl/lmroman5-regular.luc)(load luc: /home/b
en/.texlive2017/texmf-var/luatex-cache/generic/fonts/otl/lmroman10-bold.luc)

Package natbib Warning: Citation `structure' on page 1 undefined on input line 6
4.


Package natbib Warning: Citation `planck' on page 1 undefined on input line 68.


Package natbib Warning: Citation `can_neutrinos' on page 1 undefined on input li
ne 68.


Package natbib Warning: Citation `direct_detection' on page 1 undefined on input
 line 68.


Underfull \vbox (badness 10000) has occurred while \output is active []

(load luc: /home/ben/.texlive2017/texmf-var/luatex-cache/generic/fonts/otl/lmrom
an8-bold.luc)(load luc: /home/ben/.texlive2017/texmf-var/luatex-cache/generic/fo
nts/otl/lmroman6-regular.luc) [1{/var/lib/texmf/fonts/map/pdftex/updmap/pdftex.m
ap}


]

Package natbib Warning: Citation `ultralight' on page 2 undefined on input line 
73.


Package natbib Warning: Citation `missing_satellites' on page 2 undefined on inp
ut line 73.


Package natbib Warning: Citation `too_big_to_fail' on page 2 undefined on input 
line 73.


Package natbib Warning: Citation `ultralight' on page 2 undefined on input line 
77.


Package natbib Warning: Citation `axion_cosmology' on page 2 undefined on input 
line 77.


Package natbib Warning: Citation `axion_cosmology' on page 2 undefined on input 
line 77.


Package natbib Warning: Citation `substructure_FDM' on page 2 undefined on input
 line 77.


Package natbib Warning: Citation `schive_solitons' on page 2 undefined on input 
line 81.


Package natbib Warning: Citation `Schrodinger-Poisson' on page 2 undefined on in
put line 81.


Package natbib Warning: Citation `Schive-virialized-wave-halos' on page 2 undefi
ned on input line 81.


Package natbib Warning: Citation `relaxation' on page 2 undefined on input line 
81.


Package natbib Warning: Citation `power_spectra_JPO' on page 2 undefined on inpu
t line 84.


Package natbib Warning: Citation `axion_cosmology' on page 2 undefined on input 
line 92.


Package natbib Warning: Citation `Schrodinger-Poisson' on page 2 undefined on in
put line 96.


Package natbib Warning: Citation `structure-FDM-halos' on page 2 undefined on in
put line 96.


Package natbib Warning: Citation `cold_and_fuzzy' on page 2 undefined on input l
ine 96.


Package natbib Warning: Citation `Schrodinger-Poisson' on page 2 undefined on in
put line 96.


Underfull \hbox (badness 2951) in paragraph at lines 96--97
\TU/lmr/m/n/9 on scales smaller than the co-her-ence length. Above
 []


Underfull \hbox (badness 1810) in paragraph at lines 96--97
\TU/lmr/m/n/9 spon-dence pre-dicts that the self-gravitating non-linear
 []


Underfull \hbox (badness 3492) in paragraph at lines 96--97
\TU/lmr/m/n/9 Schrödinger equa-tion gov-ern-ing FDM re-pro-duces the
 []


Package natbib Warning: Citation `heating_history' on page 2 undefined on input 
line 98.

(load luc: /home/ben/.texlive2017/texmf-var/luatex-cache/generic/fonts/otl/lmrom
an12-italic.luc) [2]

Package natbib Warning: Citation `binney_tremaine_2008' on page 3 undefined on i
nput line 102.


Package natbib Warning: Citation `milkyway-thickdisc' on page 3 undefined on inp
ut line 106.


Package natbib Warning: Citation `age_of_thick_disc' on page 3 undefined on inpu
t line 107.


Package natbib Warning: Citation `GALAH_thick_disc' on page 3 undefined on input
 line 108.


Package natbib Warning: Citation `chemical_thick_disc' on page 3 undefined on in
put line 108.

(load luc: /home/ben/.texlive2017/texmf-var/luatex-cache/generic/fonts/otl/lmrom
an9-italic.luc)

Package natbib Warning: Citation `heating_history' on page 3 undefined on input 
line 110.


Package natbib Warning: Citation `emergence-thick-disc' on page 3 undefined on i
nput line 110.


Package natbib Warning: Citation `thick-disc-mergers' on page 3 undefined on inp
ut line 110.


Package natbib Warning: Citation `mergers' on page 3 undefined on input line 110
.


Package natbib Warning: Citation `mergers' on page 3 undefined on input line 110
.


Package natbib Warning: Citation `gaia_normal_process' on page 3 undefined on in
put line 111.


Package natbib Warning: Citation `thin-and-thick-disc' on page 3 undefined on in
put line 112.


Package natbib Warning: Citation `radial_migration' on page 3 undefined on input
 line 114.


Package natbib Warning: Citation `vertical_heating_modes' on page 3 undefined on
 input line 114.


Package natbib Warning: Citation `vertical_structure_and_GMC' on page 3 undefine
d on input line 115.


Package natbib Warning: Citation `heating_history' on page 3 undefined on input 
line 115.


Underfull \vbox (badness 10000) has occurred while \output is active []

 [3]

Package natbib Warning: Citation `dynamical_measurement' on page 4 undefined on 
input line 128.


Package natbib Warning: Citation `milky_way_halo' on page 4 undefined on input l
ine 128.


LaTeX Warning: Reference `scale' on page 4 undefined on input line 153.


LaTeX Warning: Reference `secton:heating' on page 4 undefined on input line 157.



Underfull \vbox (badness 10000) has occurred while \output is active []



Package natbib Warning: Citation `milky_way' on page 4 undefined on input line 1
59.


Package natbib Warning: Citation `milky_way' on page 4 undefined on input line 1
59.


Package natbib Warning: Citation `milkyway-thickdisc' on page 4 undefined on inp
ut line 163.

[4
warning  (pdf backend): ignoring duplicate destination with the name 'equation.6
'

warning  (pdf backend): ignoring duplicate destination with the name 'equation.6
'

warning  (pdf backend): ignoring duplicate destination with the name 'equation.7
'

warning  (pdf backend): ignoring duplicate destination with the name 'equation.7
'
]

LaTeX Warning: Reference `adiabatic' on page 5 undefined on input line 192.


LaTeX Warning: Reference `period' on page 5 undefined on input line 192.


Package natbib Warning: Citation `milkywayblackholes' on page 5 undefined on inp
ut line 201.


Package natbib Warning: Citation `ultralight' on page 5 undefined on input line 
205.


LaTeX Warning: Reference `heating' on page 5 undefined on input line 205.


Underfull \vbox (badness 10000) has occurred while \output is active []



Package natbib Warning: Citation `ultralight' on page 5 undefined on input line 
209.


Package natbib Warning: Citation `tidal_limit' on page 5 undefined on input line
 214.


Package natbib Warning: Citation `unified_model' on page 5 undefined on input li
ne 214.


Package natbib Warning: Citation `unified_model' on page 5 undefined on input li
ne 218.


Package natbib Warning: Citation `press-schechter' on page 5 undefined on input 
line 218.


Package natbib Warning: Citation `structure' on page 5 undefined on input line 2
27.


Package natbib Warning: Citation `press-schechter' on page 5 undefined on input 
line 231.


Package natbib Warning: Citation `excursion-set' on page 5 undefined on input li
ne 231.

[5
warning  (pdf backend): ignoring duplicate destination with the name 'equation.1
2'

warning  (pdf backend): ignoring duplicate destination with the name 'equation.1
2'

warning  (pdf backend): ignoring duplicate destination with the name 'equation.1
4'

warning  (pdf backend): ignoring duplicate destination with the name 'equation.1
4'
]

LaTeX Warning: Reference `subhaloheating' on page 6 undefined on input line 240.



LaTeX Warning: Reference `subhaloheating' on page 6 undefined on input line 240.



LaTeX Warning: Reference `section:adiabatic' on page 6 undefined on input line 2
40.


LaTeX Warning: Reference `section:heating_histories' on page 6 undefined on inpu
t line 240.


Package natbib Warning: Citation `BECDM' on page 6 undefined on input line 244.


Package natbib Warning: Citation `numerical-Schrodinger' on page 6 undefined on 
input line 258.


Package natbib Warning: Citation `Schrodinger-Poisson' on page 6 undefined on in
put line 267.


Package natbib Warning: Citation `BECDM' on page 6 undefined on input line 268.


LaTeX Warning: Reference `multiple_of_background' on page 6 undefined on input l
ine 274.


LaTeX Warning: Reference `phase_dist' on page 6 undefined on input line 274.


LaTeX Warning: Reference `phase_dist' on page 6 undefined on input line 274.


LaTeX Warning: Reference `const' on page 6 undefined on input line 274.


LaTeX Warning: Reference `multiple_of_background' on page 6 undefined on input l
ine 274.


LaTeX Warning: Reference `characteristic_wavelength' on page 6 undefined on inpu
t line 274.


LaTeX Warning: Reference `FDMheating' on page 6 undefined on input line 284.


Underfull \vbox (badness 10000) has occurred while \output is active []

 [6
warning  (pdf backend): ignoring duplicate destination with the name 'equation.2
4'

warning  (pdf backend): ignoring duplicate destination with the name 'equation.2
4'
]

LaTeX Warning: Reference `adiabatic_heating_rate' on page 7 undefined on input l
ine 306.


Package natbib Warning: Citation `gunn_gott' on page 7 undefined on input line 3
06.


Package natbib Warning: Citation `gunn_gott' on page 7 undefined on input line 3
06.


LaTeX Warning: Reference `fig:time_dep' on page 7 undefined on input line 306.


Package natbib Warning: Citation `planck' on page 7 undefined on input line 306.



Package natbib Warning: Citation `Dokkum_in_out' on page 7 undefined on input li
ne 306.


LaTeX Warning: Reference `adiabatic_heating_rate' on page 7 undefined on input l
ine 314.


LaTeX Warning: Reference `fig:time_dep' on page 7 undefined on input line 314.


LaTeX Warning: Reference `fig:mass_dep_heating' on page 7 undefined on input lin
e 314.


LaTeX Warning: Reference `section:application' on page 7 undefined on input line
 314.


LaTeX Warning: Reference `fig:time_dep' on page 7 undefined on input line 314.


Package natbib Warning: Citation `subhalo_abundance' on page 7 undefined on inpu
t line 325.


Package natbib Warning: Citation `pop_of_subhalos' on page 7 undefined on input 
line 325.


Package natbib Warning: Citation `unified_model' on page 7 undefined on input li
ne 325.


Underfull \vbox (badness 3930) has occurred while \output is active []

 [7
warning  (pdf backend): ignoring duplicate destination with the name 'equation.2
6'

warning  (pdf backend): ignoring duplicate destination with the name 'equation.2
6'
]
Underfull \vbox (badness 3919) has occurred while \output is active []



Package natbib Warning: Citation `unified_model' on page 8 undefined on input li
ne 372.


Package natbib Warning: Citation `subhalo_truncation_sims' on page 8 undefined o
n input line 372.


Package natbib Warning: Citation `dark_matter_substructure_numerics' on page 8 u
ndefined on input line 372.


Package natbib Warning: Citation `disruption_numerics' on page 8 undefined on in
put line 372.


Package natbib Warning: Citation `subhalo_truncation_sims' on page 8 undefined o
n input line 372.


Package natbib Warning: Citation `milky_way_halo' on page 8 undefined on input l
ine 381.


LaTeX Warning: Reference `fig:CDMheating' on page 8 undefined on input line 381.



LaTeX Warning: Reference `fig:disc_scale_height' on page 8 undefined on input li
ne 381.


LaTeX Warning: Reference `section:disc_destruction' on page 8 undefined on input
 line 381.

[8
warning  (pdf backend): ignoring duplicate destination with the name 'equation.3
0'

warning  (pdf backend): ignoring duplicate destination with the name 'equation.3
0'

warning  (pdf backend): ignoring duplicate destination with the name 'equation.3
0'
]
<CDM_velocity.pdf, id=131, 903.375pt x 401.5pt>
File: CDM_velocity.pdf Graphic file (type pdf)
<use CDM_velocity.pdf>
Package luatex.def Info: CDM_velocity.pdf  used on input line 386.
(luatex.def)             Requested size: 483.69684pt x 214.9811pt.
<FDM_velocity.pdf, id=132, 903.375pt x 401.5pt>
File: FDM_velocity.pdf Graphic file (type pdf)
<use FDM_velocity.pdf>
Package luatex.def Info: FDM_velocity.pdf  used on input line 391.
(luatex.def)             Requested size: 483.69684pt x 214.9811pt.
<time_dep.pdf, id=133, 361.35pt x 553.06625pt>
File: time_dep.pdf Graphic file (type pdf)
<use time_dep.pdf>
Package luatex.def Info: time_dep.pdf  used on input line 397.
(luatex.def)             Requested size: 240.0pt x 367.33716pt.


Package natbib Warning: Citation `planck' on page 9 undefined on input line 399.



LaTeX Warning: Reference `adiabatic_heating_rate' on page 9 undefined on input l
ine 399.


Package natbib Warning: Citation `planck' on page 9 undefined on input line 399.



LaTeX Warning: Reference `adiabatic_heating_rate' on page 9 undefined on input l
ine 399.

<FDM_mass_dep.pdf, id=134, 501.875pt x 351.3125pt>
File: FDM_mass_dep.pdf Graphic file (type pdf)
<use FDM_mass_dep.pdf>
Package luatex.def Info: FDM_mass_dep.pdf  used on input line 404.
(luatex.def)             Requested size: 240.0pt x 168.00089pt.

Package natbib Warning: Citation `substructure_FDM' on page 9 undefined on input
 line 412.


Package natbib Warning: Citation `marsh' on page 9 undefined on input line 412.


Package natbib Warning: Citation `schive_solitons' on page 9 undefined on input 
line 412.


Package natbib Warning: Citation `solitons' on page 9 undefined on input line 41
6.


LaTeX Warning: Reference `fig:CDMheating' on page 9 undefined on input line 421.



LaTeX Warning: Reference `fig:CDMheating' on page 9 undefined on input line 421.



LaTeX Warning: Reference `fig:radiusheating' on page 9 undefined on input line 4
21.


LaTeX Warning: Reference `fig:CDMheating' on page 9 undefined on input line 422.



LaTeX Warning: Reference `fig:radiusheating' on page 9 undefined on input line 4
26.


Underfull \vbox (badness 1062) has occurred while \output is active []

<disk_shape.pdf, id=135, 903.375pt x 401.5pt>
File: disk_shape.pdf Graphic file (type pdf)
<use disk_shape.pdf>
Package luatex.def Info: disk_shape.pdf  used on input line 431.
(luatex.def)             Requested size: 512.1496pt x 227.6321pt.

Overfull \hbox (8.1496pt too wide) in paragraph at lines 431--433
 [][] 
 []

<disk_scale_height.pdf, id=136, 903.375pt x 401.5pt>
File: disk_scale_height.pdf Graphic file (type pdf)
<use disk_scale_height.pdf>
Package luatex.def Info: disk_scale_height.pdf  used on input line 438.
(luatex.def)             Requested size: 512.1496pt x 227.6321pt.

Overfull \hbox (8.1496pt too wide) in paragraph at lines 438--440
 [][] 
 []


LaTeX Warning: Reference `scale' on page 9 undefined on input line 446.


LaTeX Warning: Reference `fig:disc_shape_FDM' on page 9 undefined on input line 
446.


Package natbib Warning: Citation `LAMOST' on page 9 undefined on input line 446.



LaTeX Warning: Reference `fig:disc_scale_height' on page 9 undefined on input li
ne 452.

[9]

Package natbib Warning: Citation `ultralight' on page 10 undefined on input line
 454.


Underfull \vbox (badness 10000) has occurred while \output is active []



Package natbib Warning: Citation `milky_way' on page 10 undefined on input line 
459.


LaTeX Warning: Reference `section:errors' on page 10 undefined on input line 459
.


Underfull \vbox (badness 10000) has occurred while \output is active []

 [10
warning  (pdf backend): ignoring duplicate destination with the name 'figure.1'

warning  (pdf backend): ignoring duplicate destination with the name 'figure.2'
<./CDM_velocity.pdf><./FDM_velocity.pdf>]

LaTeX Warning: Reference `fig:heating_shape' on page 11 undefined on input line 
463.

<heating_shape.pdf, id=224, 556.0775pt x 360.34625pt>
File: heating_shape.pdf Graphic file (type pdf)
<use heating_shape.pdf>
Package luatex.def Info: heating_shape.pdf  used on input line 466.
(luatex.def)             Requested size: 240.0pt x 155.5232pt.

Package natbib Warning: Citation `heating_history' on page 11 undefined on input
 line 475.


LaTeX Warning: Reference `fig:time_dep' on page 11 undefined on input line 475.


LaTeX Warning: Reference `fig:time_dep' on page 11 undefined on input line 475.


Package natbib Warning: Citation `Gaia_vertical_motions' on page 11 undefined on
 input line 475.


Package natbib Warning: Citation `Gaia_vertical_motions' on page 11 undefined on
 input line 475.


Package natbib Warning: Citation `Gaia_vertical_motions' on page 11 undefined on
 input line 476.

[11
warning  (pdf backend): ignoring duplicate destination with the name 'figure.3'

warning  (pdf backend): ignoring duplicate destination with the name 'figure.4'
<./time_dep.pdf><./FDM_mass_dep.pdf>]
Underfull \vbox (badness 10000) has occurred while \output is active []


Underfull \vbox (badness 10000) has occurred while \output is active []

 [12
warning  (pdf backend): ignoring duplicate destination with the name 'figure.5'

warning  (pdf backend): ignoring duplicate destination with the name 'figure.6'
<./disk_shape.pdf><./disk_scale_height.pdf>]

Package natbib Warning: Citation `stellar_streams_bound' on page 13 undefined on
 input line 480.


Package natbib Warning: Citation `relaxation' on page 13 undefined on input line
 482.


Package natbib Warning: Citation `relaxation' on page 13 undefined on input line
 490.


Package natbib Warning: Citation `relaxation' on page 13 undefined on input line
 494.


Package natbib Warning: Citation `relaxation' on page 13 undefined on input line
 494.


Package natbib Warning: Citation `relaxation' on page 13 undefined on input line
 500.


Underfull \vbox (badness 10000) has occurred while \output is active []

 [13
warning  (pdf backend): ignoring duplicate destination with the name 'figure.7'
<./heating_shape.pdf>]

Package natbib Warning: Citation `milky_way' on page 14 undefined on input line 
505.


Package natbib Warning: Citation `mass_profile_milky_way' on page 14 undefined o
n input line 510.


Package natbib Warning: Citation `superthin' on page 14 undefined on input line 
520.

[14]

Package natbib Warning: Citation `binney_tremaine_2008' on page 15 undefined on 
input line 555.


Overfull \hbox (2.29137pt too wide) detected at line 636
[]
 []


Overfull \hbox (3.74225pt too wide) detected at line 654
[]
 []


Underfull \vbox (badness 10000) has occurred while \output is active []

 [15
warning  (pdf backend): ignoring duplicate destination with the name 'equation.4
8'

warning  (pdf backend): ignoring duplicate destination with the name 'equation.4
8'

warning  (pdf backend): ignoring duplicate destination with the name 'equation.4
8'

warning  (pdf backend): ignoring duplicate destination with the name 'equation.4
8'
]
No file FDM_heating_manuscript_edits_response.bbl.

Package natbib Warning: There were undefined citations.

Package atveryend Info: Empty hook `BeforeClearDocument' on input line 685.
[16

]
Package atveryend Info: Empty hook `AfterLastShipout' on input line 685.
 (./FDM_heating_manuscript_edits_response.aux)
Package atveryend Info: Empty hook `AtVeryEndDocument' on input line 685.
Package atveryend Info: Executing hook `AtEndAfterFileList' on input line 685.


Package rerunfilecheck Warning: File `FDM_heating_manuscript_edits_response.out'
 has changed.
(rerunfilecheck)                Rerun to get outlines right
(rerunfilecheck)                or use package `bookmark'.

Package rerunfilecheck Info: Checksums for `FDM_heating_manuscript_edits_respons
e.out':
(rerunfilecheck)             Before: <no file>
(rerunfilecheck)             After:  C6EF4043D23F3D749A7F9B94A5FAE558;1533.

LaTeX Warning: There were undefined references.


LaTeX Warning: Label(s) may have changed. Rerun to get cross-references right.

Package atveryend Info: Empty hook `AtVeryVeryEnd' on input line 685.
)

Here is how much of LuaTeX's memory you used:
 18728 strings out of 494480
 125009,552014 words of node,token memory allocated
 951 words of node memory still in use:
   7 hlist, 2 vlist, 2 rule, 6 glue, 1 kern, 105 attribute, 64 glue_spec, 105 at
tribute_list, 1 write nodes
   avail lists: 2:1543,3:248,4:64,5:700,6:8672,7:2674,8:197,9:1535,10:24,11:735
 22243 multiletter control sequences out of 65536+600000
 111 fonts using 11962671 bytes
 35i,20n,38p,3411b,1126s stack positions out of 5000i,500n,10000p,200000b,100000s

warning  (pdf backend): unreferenced destination with name 'Hfootnote.3'

warning  (pdf backend): unreferenced destination with name 'Hfootnote.2'

warning  (pdf backend): unreferenced destination with name 'Hfootnote.1'
</usr/share/texmf/fonts/opentype/public/lm/lmroman9-italic.otf></usr/share/texmf
/fonts/opentype/public/lm/lmroman12-italic.otf></usr/share/texmf/fonts/opentype/
public/lm/lmroman9-regular.otf></usr/share/texmf/fonts/opentype/public/lm/lmroma
n10-bold.otf></usr/share/texmf/fonts/opentype/public/lm/lmroman10-regular.otf></
usr/share/texmf/fonts/opentype/public/lm/lmroman9-bold.otf></usr/share/texmf/fon
ts/opentype/public/lm/lmroman8-italic.otf></usr/share/texmf/fonts/opentype/publi
c/lm/lmroman12-regular.otf></usr/share/texmf/fonts/opentype/public/lm/lmroman12-
bold.otf></usr/share/texmf/fonts/opentype/public/lm/lmroman6-regular.otf></usr/s
hare/texmf/fonts/opentype/public/lm/lmroman8-bold.otf></usr/share/texmf/fonts/op
entype/public/lm/lmroman8-regular.otf></usr/share/texlive/texmf-dist/fonts/type1
/public/amsfonts/cm/cmbx6.pfb></usr/share/texlive/texmf-dist/fonts/type1/public/
amsfonts/cm/cmbx9.pfb></usr/share/texlive/texmf-dist/fonts/type1/public/amsfonts
/cm/cmex10.pfb></usr/share/texlive/texmf-dist/fonts/type1/public/amsfonts/cmextr
a/cmex8.pfb></usr/share/texlive/texmf-dist/fonts/type1/public/amsfonts/cmextra/c
mex9.pfb></usr/share/texlive/texmf-dist/fonts/type1/public/amsfonts/cm/cmmi10.pf
b></usr/share/texlive/texmf-dist/fonts/type1/public/amsfonts/cm/cmmi5.pfb></usr/
share/texlive/texmf-dist/fonts/type1/public/amsfonts/cm/cmmi6.pfb></usr/share/te
xlive/texmf-dist/fonts/type1/public/amsfonts/cm/cmmi7.pfb></usr/share/texlive/te
xmf-dist/fonts/type1/public/amsfonts/cm/cmmi8.pfb></usr/share/texlive/texmf-dist
/fonts/type1/public/amsfonts/cm/cmmi9.pfb></usr/share/texlive/texmf-dist/fonts/t
ype1/public/amsfonts/cm/cmr10.pfb></usr/share/texlive/texmf-dist/fonts/type1/pub
lic/amsfonts/cm/cmr5.pfb></usr/share/texlive/texmf-dist/fonts/type1/public/amsfo
nts/cm/cmr6.pfb></usr/share/texlive/texmf-dist/fonts/type1/public/amsfonts/cm/cm
r7.pfb></usr/share/texlive/texmf-dist/fonts/type1/public/amsfonts/cm/cmr8.pfb></
usr/share/texlive/texmf-dist/fonts/type1/public/amsfonts/cm/cmr9.pfb></usr/share
/texlive/texmf-dist/fonts/type1/public/amsfonts/cm/cmsy10.pfb></usr/share/texliv
e/texmf-dist/fonts/type1/public/amsfonts/cm/cmsy6.pfb></usr/share/texlive/texmf-
dist/fonts/type1/public/amsfonts/cm/cmsy7.pfb></usr/share/texlive/texmf-dist/fon
ts/type1/public/amsfonts/cm/cmsy8.pfb></usr/share/texlive/texmf-dist/fonts/type1
/public/amsfonts/cm/cmsy9.pfb></usr/share/texlive/texmf-dist/fonts/type1/public/
amsfonts/symbols/msbm10.pfb>
Output written on FDM_heating_manuscript_edits_response.pdf (16 pages, 728942 by
tes).

PDF statistics: 597 PDF objects out of 1000 (max. 8388607)
 444 compressed objects within 5 object streams
 130 named destinations out of 1000 (max. 131072)
 1 words of extra memory for PDF output out of 10000 (max. 100000000)

