\BOOKMARK [1][-]{section.1}{On Affine Varieties}{}% 1
\BOOKMARK [1][-]{section.2}{On Projective Varieties}{}% 2
\BOOKMARK [2][-]{subsection.2.1}{Conversion to Weighted Projective Space}{section.2}% 3
\BOOKMARK [2][-]{subsection.2.2}{Supersingular Projective Varieties}{section.2}% 4
\BOOKMARK [1][-]{section.3}{Conjectures and Other Theorems}{}% 5
\BOOKMARK [1][-]{section.4}{Facts from Daniel Litt and Alex Perry?}{}% 6
\BOOKMARK [1][-]{section.5}{On Zeta functions}{}% 7
\BOOKMARK [1][-]{section.6}{On Gaussian Sums}{}% 8
\BOOKMARK [2][-]{subsection.6.1}{Previously Known Facts and Some Lemmas}{section.6}% 9
\BOOKMARK [2][-]{subsection.6.2}{Jacobi Sums}{section.6}% 10
\BOOKMARK [2][-]{subsection.6.3}{Products of Gauss Sums}{section.6}% 11
\BOOKMARK [1][-]{section.7}{On Fermat Surfaces}{}% 12
\BOOKMARK [1][-]{section.8}{On Non-Supersingularity using Factorization of Gauss sum}{}% 13
\BOOKMARK [1][-]{section.9}{On Sum-Product Varieties}{}% 14
\BOOKMARK [2][-]{subsection.9.1}{Introduction}{section.9}% 15
\BOOKMARK [2][-]{subsection.9.2}{Relationships Between m-values}{section.9}% 16
\BOOKMARK [2][-]{subsection.9.3}{Powers of Gaussian Sums}{section.9}% 17
\BOOKMARK [2][-]{subsection.9.4}{Special Cases of Sum-Product Varieties}{section.9}% 18
\BOOKMARK [1][-]{section.10}{On the Relationships Between Diagonal Varieties}{}% 19
\BOOKMARK [1][-]{section.11}{On Newton Polygon}{}% 20
\BOOKMARK [1][-]{section.12}{On Surface of the form xp + yq + zps + wqs}{}% 21
\BOOKMARK [1][-]{section.13}{On Rationality}{}% 22
\BOOKMARK [1][-]{section.14}{Surfaces of the Form xa+yb+zc+wabc}{}% 23
\BOOKMARK [1][-]{section.15}{Varieties of the Form wa + xa + yab + zab}{}% 24
\BOOKMARK [1][-]{section.16}{Varieties of the Form wa + xar + xbr + xab}{}% 25
