\BOOKMARK [1][-]{section.1}{Category Theory}{}% 1
\BOOKMARK [2][-]{subsection.1.1}{Limits and Colimits}{section.1}% 2
\BOOKMARK [1][-]{section.2}{Homotopy Theory}{}% 3
\BOOKMARK [2][-]{subsection.2.1}{CW Complexes}{section.2}% 4
\BOOKMARK [2][-]{subsection.2.2}{Product-Hom Adjunction}{section.2}% 5
\BOOKMARK [2][-]{subsection.2.3}{Homotopy}{section.2}% 6
\BOOKMARK [2][-]{subsection.2.4}{Based Homotopy}{section.2}% 7
\BOOKMARK [2][-]{subsection.2.5}{Higher Homotopy Groups}{section.2}% 8
\BOOKMARK [2][-]{subsection.2.6}{Fibrations and Cofibrations}{section.2}% 9
\BOOKMARK [2][-]{subsection.2.7}{Fiber and Cofiber Sequences}{section.2}% 10
\BOOKMARK [1][-]{section.3}{Homology}{}% 11
\BOOKMARK [2][-]{subsection.3.1}{Introduction}{section.3}% 12
\BOOKMARK [2][-]{subsection.3.2}{Basic Definitions}{section.3}% 13
\BOOKMARK [2][-]{subsection.3.3}{Simplicial Homology}{section.3}% 14
\BOOKMARK [2][-]{subsection.3.4}{Singluar Homology}{section.3}% 15
\BOOKMARK [2][-]{subsection.3.5}{Classical Results of Homology}{section.3}% 16
\BOOKMARK [2][-]{subsection.3.6}{Cellular Homology}{section.3}% 17
\BOOKMARK [2][-]{subsection.3.7}{The Hurewicz Theorem}{section.3}% 18
\BOOKMARK [2][-]{subsection.3.8}{K\374nneth Theorem}{section.3}% 19
\BOOKMARK [3][-]{subsubsection.3.8.1}{Derived Functors}{subsection.3.8}% 20
\BOOKMARK [3][-]{subsubsection.3.8.2}{Tensor Products of Chain Complexes}{subsection.3.8}% 21
\BOOKMARK [1][-]{section.4}{Cohomology}{}% 22
