\BOOKMARK [1][-]{section.1}{Introduction and Sketches}{}% 1
\BOOKMARK [2][-]{subsection.1.1}{Rational Curves}{section.1}% 2
\BOOKMARK [2][-]{subsection.1.2}{The Method and Main Results}{section.1}% 3
\BOOKMARK [2][-]{subsection.1.3}{Examples}{section.1}% 4
\BOOKMARK [2][-]{subsection.1.4}{Outline of the Proof of the Main Theorem}{section.1}% 5
\BOOKMARK [2][-]{subsection.1.5}{Bend}{section.1}% 6
\BOOKMARK [3][-]{subsubsection.1.5.1}{The Hom Scheme}{subsection.1.5}% 7
\BOOKMARK [3][-]{subsubsection.1.5.2}{Local Structure of the Hom Scheme}{subsection.1.5}% 8
\BOOKMARK [3][-]{subsubsection.1.5.3}{Bending in Positive Characteristic}{subsection.1.5}% 9
\BOOKMARK [2][-]{subsection.1.6}{Break}{section.1}% 10
\BOOKMARK [2][-]{subsection.1.7}{Reduction to Positive Characteristic}{section.1}% 11
\BOOKMARK [1][-]{section.2}{Bend}{}% 12
\BOOKMARK [2][-]{subsection.2.1}{Infinitesimal Deformation Theory}{section.2}% 13
\BOOKMARK [2][-]{subsection.2.2}{Examples}{section.2}% 14
\BOOKMARK [2][-]{subsection.2.3}{Fixing a Base Point}{section.2}% 15
\BOOKMARK [1][-]{section.3}{Break \(TODO Vaughan\)}{}% 16
\BOOKMARK [2][-]{subsection.3.1}{The Rigidity Lemma}{section.3}% 17
\BOOKMARK [2][-]{subsection.3.2}{Rational Curves In The Indeterminacy Locus \(TODO Vaughan\)}{section.3}% 18
\BOOKMARK [2][-]{subsection.3.3}{The Main Breaking Results}{section.3}% 19
\BOOKMARK [1][-]{section.4}{Reduction to Positive Characteristic and Completion of the Proof \(TODO Vaughan\)}{}% 20
\BOOKMARK [1][-]{section.5}{Applications of Bend and Break \(TODO Spencer\)}{}% 21
\BOOKMARK [2][-]{subsection.5.1}{Ample Vector Bundles}{section.5}% 22
\BOOKMARK [2][-]{subsection.5.2}{Characterizing \266n, Hartshorne's Conjecture}{section.5}% 23
\BOOKMARK [1][-]{section*.2}{References}{}% 24
\BOOKMARK [1][-]{section.6}{Feb. 9}{}% 25
\BOOKMARK [2][-]{subsection.6.1}{Rigidity Lemma}{section.6}% 26
\BOOKMARK [2][-]{subsection.6.2}{Rational Curves in Indeterminacy Locus}{section.6}% 27
\BOOKMARK [1][-]{section.7}{Feb. 16}{}% 28
\BOOKMARK [1][-]{section.8}{Ample Vector Bundles}{}% 29
\BOOKMARK [2][-]{subsection.8.1}{Hartshorne's Conjecture}{section.8}% 30
