This is pdfTeX, Version 3.1415926-2.4-1.40.13 (TeX Live 2012) (format=pdflatex 2012.6.30)  19 JAN 2014 13:13
entering extended mode
 restricted \write18 enabled.
 %&-line parsing enabled.
**ProblemSet7.tex
(./ProblemSet7.tex
LaTeX2e <2011/06/27>
Babel <v3.8m> and hyphenation patterns for english, dumylang, nohyphenation, ge
rman-x-2012-05-30, ngerman-x-2012-05-30, afrikaans, ancientgreek, ibycus, arabi
c, armenian, basque, bulgarian, catalan, pinyin, coptic, croatian, czech, danis
h, dutch, ukenglish, usenglishmax, esperanto, estonian, ethiopic, farsi, finnis
h, french, friulan, galician, german, ngerman, swissgerman, monogreek, greek, h
ungarian, icelandic, assamese, bengali, gujarati, hindi, kannada, malayalam, ma
rathi, oriya, panjabi, tamil, telugu, indonesian, interlingua, irish, italian, 
kurmanji, latin, latvian, lithuanian, mongolian, mongolianlmc, bokmal, nynorsk,
 polish, portuguese, romanian, romansh, russian, sanskrit, serbian, serbianc, s
lovak, slovenian, spanish, swedish, turkish, turkmen, ukrainian, uppersorbian, 
welsh, loaded.
(/usr/local/texlive/2012/texmf-dist/tex/latex/amscls/amsart.cls
Document Class: amsart 2009/07/02 v2.20.1
\linespacing=\dimen102
\normalparindent=\dimen103
\normaltopskip=\skip41
(/usr/local/texlive/2012/texmf-dist/tex/latex/amsmath/amsmath.sty
Package: amsmath 2000/07/18 v2.13 AMS math features
\@mathmargin=\skip42

For additional information on amsmath, use the `?' option.
(/usr/local/texlive/2012/texmf-dist/tex/latex/amsmath/amstext.sty
Package: amstext 2000/06/29 v2.01

(/usr/local/texlive/2012/texmf-dist/tex/latex/amsmath/amsgen.sty
File: amsgen.sty 1999/11/30 v2.0
\@emptytoks=\toks14
\ex@=\dimen104
))
(/usr/local/texlive/2012/texmf-dist/tex/latex/amsmath/amsbsy.sty
Package: amsbsy 1999/11/29 v1.2d
\pmbraise@=\dimen105
)
(/usr/local/texlive/2012/texmf-dist/tex/latex/amsmath/amsopn.sty
Package: amsopn 1999/12/14 v2.01 operator names
)
\inf@bad=\count79
LaTeX Info: Redefining \frac on input line 211.
\uproot@=\count80
\leftroot@=\count81
LaTeX Info: Redefining \overline on input line 307.
\classnum@=\count82
\DOTSCASE@=\count83
LaTeX Info: Redefining \ldots on input line 379.
LaTeX Info: Redefining \dots on input line 382.
LaTeX Info: Redefining \cdots on input line 467.
\Mathstrutbox@=\box26
\strutbox@=\box27
\big@size=\dimen106
LaTeX Font Info:    Redeclaring font encoding OML on input line 567.
LaTeX Font Info:    Redeclaring font encoding OMS on input line 568.
\macc@depth=\count84
\c@MaxMatrixCols=\count85
\dotsspace@=\muskip10
\c@parentequation=\count86
\dspbrk@lvl=\count87
\tag@help=\toks15
\row@=\count88
\column@=\count89
\maxfields@=\count90
\andhelp@=\toks16
\eqnshift@=\dimen107
\alignsep@=\dimen108
\tagshift@=\dimen109
\tagwidth@=\dimen110
\totwidth@=\dimen111
\lineht@=\dimen112
\@envbody=\toks17
\multlinegap=\skip43
\multlinetaggap=\skip44
\mathdisplay@stack=\toks18
LaTeX Info: Redefining \[ on input line 2666.
LaTeX Info: Redefining \] on input line 2667.
)
LaTeX Font Info:    Try loading font information for U+msa on input line 388.

(/usr/local/texlive/2012/texmf-dist/tex/latex/amsfonts/umsa.fd
File: umsa.fd 2009/06/22 v3.00 AMS symbols A
)
(/usr/local/texlive/2012/texmf-dist/tex/latex/amsfonts/amsfonts.sty
Package: amsfonts 2009/06/22 v3.00 Basic AMSFonts support
\symAMSa=\mathgroup4
\symAMSb=\mathgroup5
LaTeX Font Info:    Overwriting math alphabet `\mathfrak' in version `bold'
(Font)                  U/euf/m/n --> U/euf/b/n on input line 96.
)
\copyins=\insert233
\abstractbox=\box28
\listisep=\skip45
\c@part=\count91
\c@section=\count92
\c@subsection=\count93
\c@subsubsection=\count94
\c@paragraph=\count95
\c@subparagraph=\count96
\c@figure=\count97
\c@table=\count98
\abovecaptionskip=\skip46
\belowcaptionskip=\skip47
\captionindent=\dimen113
\thm@style=\toks19
\thm@bodyfont=\toks20
\thm@headfont=\toks21
\thm@notefont=\toks22
\thm@headpunct=\toks23
\thm@preskip=\skip48
\thm@postskip=\skip49
\thm@headsep=\skip50
\dth@everypar=\toks24
)
(/usr/local/texlive/2012/texmf-dist/tex/latex/geometry/geometry.sty
Package: geometry 2010/09/12 v5.6 Page Geometry

(/usr/local/texlive/2012/texmf-dist/tex/latex/graphics/keyval.sty
Package: keyval 1999/03/16 v1.13 key=value parser (DPC)
\KV@toks@=\toks25
)
(/usr/local/texlive/2012/texmf-dist/tex/generic/oberdiek/ifpdf.sty
Package: ifpdf 2011/01/30 v2.3 Provides the ifpdf switch (HO)
Package ifpdf Info: pdfTeX in PDF mode is detected.
)
(/usr/local/texlive/2012/texmf-dist/tex/generic/oberdiek/ifvtex.sty
Package: ifvtex 2010/03/01 v1.5 Detect VTeX and its facilities (HO)
Package ifvtex Info: VTeX not detected.
)
(/usr/local/texlive/2012/texmf-dist/tex/generic/ifxetex/ifxetex.sty
Package: ifxetex 2010/09/12 v0.6 Provides ifxetex conditional
)
\Gm@cnth=\count99
\Gm@cntv=\count100
\c@Gm@tempcnt=\count101
\Gm@bindingoffset=\dimen114
\Gm@wd@mp=\dimen115
\Gm@odd@mp=\dimen116
\Gm@even@mp=\dimen117
\Gm@layoutwidth=\dimen118
\Gm@layoutheight=\dimen119
\Gm@layouthoffset=\dimen120
\Gm@layoutvoffset=\dimen121
\Gm@dimlist=\toks26
)
(/usr/local/texlive/2012/texmf-dist/tex/latex/graphics/graphicx.sty
Package: graphicx 1999/02/16 v1.0f Enhanced LaTeX Graphics (DPC,SPQR)

(/usr/local/texlive/2012/texmf-dist/tex/latex/graphics/graphics.sty
Package: graphics 2009/02/05 v1.0o Standard LaTeX Graphics (DPC,SPQR)

(/usr/local/texlive/2012/texmf-dist/tex/latex/graphics/trig.sty
Package: trig 1999/03/16 v1.09 sin cos tan (DPC)
)
(/usr/local/texlive/2012/texmf-dist/tex/latex/latexconfig/graphics.cfg
File: graphics.cfg 2010/04/23 v1.9 graphics configuration of TeX Live
)
Package graphics Info: Driver file: pdftex.def on input line 91.

(/usr/local/texlive/2012/texmf-dist/tex/latex/pdftex-def/pdftex.def
File: pdftex.def 2011/05/27 v0.06d Graphics/color for pdfTeX

(/usr/local/texlive/2012/texmf-dist/tex/generic/oberdiek/infwarerr.sty
Package: infwarerr 2010/04/08 v1.3 Providing info/warning/error messages (HO)
)
(/usr/local/texlive/2012/texmf-dist/tex/generic/oberdiek/ltxcmds.sty
Package: ltxcmds 2011/11/09 v1.22 LaTeX kernel commands for general use (HO)
)
\Gread@gobject=\count102
))
\Gin@req@height=\dimen122
\Gin@req@width=\dimen123
)
(/usr/local/texlive/2012/texmf-dist/tex/latex/mh/breqn.sty
(/usr/local/texlive/2012/texmf-dist/tex/latex/l3kernel/expl3.sty
(/usr/local/texlive/2012/texmf-dist/tex/latex/l3kernel/l3names.sty
(/usr/local/texlive/2012/texmf-dist/tex/latex/l3kernel/l3bootstrap.sty
Package: l3bootstrap 2011/12/29 v3110 L3 Experimental bootstrap code
)
Package: l3names 2012/03/04 v3494 L3 Experimental namespace for primitives
)
(/usr/local/texlive/2012/texmf-dist/tex/latex/etex-pkg/etex.sty
Package: etex 1998/03/26 v2.0 eTeX basic definition package (PEB)
\et@xins=\count103
)
Package: expl3 2012/04/23 v3570 L3 Experimental code bundle wrapper

(/usr/local/texlive/2012/texmf-dist/tex/latex/graphics/color.sty
Package: color 2005/11/14 v1.0j Standard LaTeX Color (DPC)

(/usr/local/texlive/2012/texmf-dist/tex/latex/latexconfig/color.cfg
File: color.cfg 2007/01/18 v1.5 color configuration of teTeX/TeXLive
)
Package color Info: Driver file: pdftex.def on input line 130.
)
(/usr/local/texlive/2012/texmf-dist/tex/latex/l3kernel/l3basics.sty
Package: l3basics 2012/03/04 v3491 L3 Experimental basic definitions
)
(/usr/local/texlive/2012/texmf-dist/tex/latex/l3kernel/l3expan.sty
Package: l3expan 2012/02/26 v3460 L3 Experimental argument expansion
)
(/usr/local/texlive/2012/texmf-dist/tex/latex/l3kernel/l3tl.sty
Package: l3tl 2012/03/04 v3490 L3 Experimental token lists
)
(/usr/local/texlive/2012/texmf-dist/tex/latex/l3kernel/l3seq.sty
Package: l3seq 2012/03/04 v3490 L3 Experimental sequences and stacks
)
(/usr/local/texlive/2012/texmf-dist/tex/latex/l3kernel/l3int.sty
Package: l3int 2012/03/04 v3490 L3 Experimental integers
\c_max_int=\count104
\l_tmpa_int=\count105
\l_tmpb_int=\count106
\l_tmpc_int=\count107
\g_tmpa_int=\count108
\g_tmpb_int=\count109
)
(/usr/local/texlive/2012/texmf-dist/tex/latex/l3kernel/l3quark.sty
Package: l3quark 2012/02/12 v3384 L3 Experimental quarks
)
(/usr/local/texlive/2012/texmf-dist/tex/latex/l3kernel/l3prg.sty
Package: l3prg 2012/03/04 v3490 L3 Experimental control structures
\g_prg_map_int=\count110
)
(/usr/local/texlive/2012/texmf-dist/tex/latex/l3kernel/l3clist.sty
Package: l3clist 2012/03/04 v3490 L3 Experimental comma separated lists
)
(/usr/local/texlive/2012/texmf-dist/tex/latex/l3kernel/l3token.sty
Package: l3token 2012/03/04 v3491 L3 Experimental token manipulation
)
(/usr/local/texlive/2012/texmf-dist/tex/latex/l3kernel/l3prop.sty
Package: l3prop 2012/03/04 v3490 L3 Experimental property lists
)
(/usr/local/texlive/2012/texmf-dist/tex/latex/l3kernel/l3msg.sty
Package: l3msg 2012/04/23 v3568 L3 Experimental messages
)
(/usr/local/texlive/2012/texmf-dist/tex/latex/l3kernel/l3file.sty
Package: l3file 2012/03/09 v3520 L3 Experimental file and I/O operations
\l_iow_stream_int=\count111
\l_iow_line_length_int=\count112
\l_iow_target_length_int=\count113
\l_iow_current_line_int=\count114
\l_iow_current_word_int=\count115
\l_iow_current_indentation_int=\count116
)
(/usr/local/texlive/2012/texmf-dist/tex/latex/l3kernel/l3skip.sty
Package: l3skip 2012/03/05 v3499 L3 Experimental dimensions and skips
\l_tmpa_dim=\dimen124
\l_tmpb_dim=\dimen125
\l_tmpc_dim=\dimen126
\g_tmpa_dim=\dimen127
\g_tmpb_dim=\dimen128
\l_tmpa_skip=\skip51
\l_tmpb_skip=\skip52
\l_tmpc_skip=\skip53
\g_tmpa_skip=\skip54
\g_tmpb_skip=\skip55
)
(/usr/local/texlive/2012/texmf-dist/tex/latex/l3kernel/l3keys.sty
Package: l3keys 2012/03/03 v3487 L3 Experimental key-value interfaces
\g_keyval_level_int=\count117
\l_keys_choice_int=\count118
)
(/usr/local/texlive/2012/texmf-dist/tex/latex/l3kernel/l3fp.sty
Package: l3fp 2012/03/04 v3490 L3 Experimental floating-point operations
\c_one_million=\count119
\c_one_hundred_million=\count120
\c_five_hundred_million=\count121
\c_one_thousand_million=\count122
\c_fp_pi_by_four_decimal_int=\count123
\c_fp_pi_by_four_extended_int=\count124
\c_fp_pi_decimal_int=\count125
\c_fp_pi_extended_int=\count126
\c_fp_two_pi_decimal_int=\count127
\c_fp_two_pi_extended_int=\count128
\l_fp_count_int=\count129
\l_fp_div_offset_int=\count130
\l_fp_exp_integer_int=\count131
\l_fp_exp_decimal_int=\count132
\l_fp_exp_extended_int=\count133
\l_fp_exp_exponent_int=\count134
\l_fp_input_a_sign_int=\count135
\l_fp_input_a_integer_int=\count136
\l_fp_input_a_decimal_int=\count137
\l_fp_input_a_exponent_int=\count138
\l_fp_input_b_sign_int=\count139
\l_fp_input_b_integer_int=\count140
\l_fp_input_b_decimal_int=\count141
\l_fp_input_b_exponent_int=\count142
\l_fp_input_a_extended_int=\count143
\l_fp_input_b_extended_int=\count144
\l_fp_mul_a_i_int=\count145
\l_fp_mul_a_ii_int=\count146
\l_fp_mul_a_iii_int=\count147
\l_fp_mul_a_iv_int=\count148
\l_fp_mul_a_v_int=\count149
\l_fp_mul_a_vi_int=\count150
\l_fp_mul_b_i_int=\count151
\l_fp_mul_b_ii_int=\count152
\l_fp_mul_b_iii_int=\count153
\l_fp_mul_b_iv_int=\count154
\l_fp_mul_b_v_int=\count155
\l_fp_mul_b_vi_int=\count156
\l_fp_mul_output_int=\count157
\l_fp_output_sign_int=\count158
\l_fp_output_integer_int=\count159
\l_fp_output_decimal_int=\count160
\l_fp_output_exponent_int=\count161
\l_fp_output_extended_int=\count162
\l_fp_round_position_int=\count163
\l_fp_round_target_int=\count164
\l_fp_split_sign_int=\count165
\l_fp_internal_int=\count166
\l_fp_trig_octant_int=\count167
\l_fp_trig_sign_int=\count168
\l_fp_trig_decimal_int=\count169
\l_fp_trig_extended_int=\count170
\l_fp_internal_dim=\dimen129
\l_fp_internal_skip=\skip56
)
(/usr/local/texlive/2012/texmf-dist/tex/latex/l3kernel/l3box.sty
Package: l3box 2012/03/04 v3490 L3 Experimental boxes
\l_tmpb_box=\box29
\l_box_top_dim=\dimen130
\l_box_bottom_dim=\dimen131
\l_box_left_dim=\dimen132
\l_box_right_dim=\dimen133
\l_box_top_new_dim=\dimen134
\l_box_bottom_new_dim=\dimen135
\l_box_left_new_dim=\dimen136
\l_box_right_new_dim=\dimen137
\l_box_internal_box=\box30
)
(/usr/local/texlive/2012/texmf-dist/tex/latex/l3kernel/l3coffins.sty
Package: l3coffins 2012/03/03 v3482 L3 Experimental coffin code layer
\l_coffin_internal_box=\box31
\l_coffin_internal_dim=\dimen138
\l_coffin_offset_x_dim=\dimen139
\l_coffin_offset_y_dim=\dimen140
\l_coffin_x_dim=\dimen141
\l_coffin_y_dim=\dimen142
\l_coffin_x_prime_dim=\dimen143
\l_coffin_y_prime_dim=\dimen144
\l_coffin_Depth_dim=\dimen145
\l_coffin_Height_dim=\dimen146
\l_coffin_TotalHeight_dim=\dimen147
\l_coffin_Width_dim=\dimen148
\c_empty_coffin=\box32
\l_coffin_aligned_coffin=\box33
\l_coffin_aligned_internal_coffin=\box34
\l_coffin_bounding_shift_dim=\dimen149
\l_coffin_left_corner_dim=\dimen150
\l_coffin_right_corner_dim=\dimen151
\l_coffin_bottom_corner_dim=\dimen152
\l_coffin_top_corner_dim=\dimen153
\l_coffin_scaled_total_height_dim=\dimen154
\l_coffin_scaled_width_dim=\dimen155
\l_coffin_display_coffin=\box35
\l_coffin_display_coord_coffin=\box36
\l_coffin_display_pole_coffin=\box37
\l_coffin_display_offset_dim=\dimen156
\l_coffin_display_x_dim=\dimen157
\l_coffin_display_y_dim=\dimen158
)
(/usr/local/texlive/2012/texmf-dist/tex/latex/l3kernel/l3color.sty
Package: l3color 2011/09/07 v2776 L3 Experimental colour support
)
(/usr/local/texlive/2012/texmf-dist/tex/latex/l3kernel/l3luatex.sty
Package: l3luatex 2012/02/09 v3355 L3 Experimental LuaTeX-specific functions
\g_cctab_allocate_int=\count171
\g_cctab_stack_int=\count172
))
Package: breqn 2012/05/10 v0.98b Breaking equations

(/usr/local/texlive/2012/texmf-dist/tex/latex/mh/flexisym.sty
Package: flexisym 2010/09/17 v0.97b Make math characters macros
LaTeX Info: Redefining \textprime on input line 296.
LaTeX Info: Redefining \not on input line 354.

(/usr/local/texlive/2012/texmf-dist/tex/latex/mh/cmbase.sym
File: cmbase.sym 2007/12/19 v0.92
LaTeX Info: Redefining \hbar on input line 323.
LaTeX Info: Redefining \surd on input line 325.
LaTeX Info: Redefining \angle on input line 333.
LaTeX Info: Redefining \neq on input line 334.
LaTeX Info: Redefining \mapsto on input line 335.
LaTeX Info: Redefining \cong on input line 336.
LaTeX Info: Redefining \notin on input line 339.
LaTeX Info: Redefining \rightleftharpoons on input line 340.
LaTeX Info: Redefining \doteq on input line 341.
LaTeX Info: Redefining \hookrightarrow on input line 342.
LaTeX Info: Redefining \hookleftarrow on input line 343.
LaTeX Info: Redefining \bowtie on input line 344.
LaTeX Info: Redefining \models on input line 345.
LaTeX Info: Redefining \Longrightarrow on input line 346.
LaTeX Info: Redefining \longrightarrow on input line 347.
LaTeX Info: Redefining \Longleftarrow on input line 348.
LaTeX Info: Redefining \longleftarrow on input line 349.
LaTeX Info: Redefining \longmapsto on input line 350.
LaTeX Info: Redefining \longleftrightarrow on input line 351.
LaTeX Info: Redefining \Longleftrightarrow on input line 352.
LaTeX Info: Redefining \cdots on input line 356.
LaTeX Info: Redefining \vdots on input line 359.
LaTeX Info: Redefining \ddots on input line 364.
)
(/usr/local/texlive/2012/texmf-dist/tex/latex/mh/mathstyle.sty
Package: mathstyle 2011/08/03 v0.90 Tracking mathstyle implicitly
LaTeX Info: Redefining \displaystyle on input line 81.
LaTeX Info: Redefining \textstyle on input line 83.
LaTeX Info: Redefining \scriptstyle on input line 85.
LaTeX Info: Redefining \scriptscriptstyle on input line 87.
LaTeX Info: Redefining \genfrac on input line 121.
))
(/usr/local/texlive/2012/texmf-dist/tex/latex/tools/calc.sty
Package: calc 2007/08/22 v4.3 Infix arithmetic (KKT,FJ)
\calc@Acount=\count173
\calc@Bcount=\count174
\calc@Adimen=\dimen159
\calc@Bdimen=\dimen160
\calc@Askip=\skip57
\calc@Bskip=\skip58
LaTeX Info: Redefining \setlength on input line 76.
LaTeX Info: Redefining \addtolength on input line 77.
\calc@Ccount=\count175
\calc@Cskip=\skip59
)
\inf@bad=\count176
\maxint=\count177
\listwidth=\dimen161
\eqnumsep=\dimen162
\eqmargin=\dimen163
\eqlinespacing=\skip60
\eqlineskip=\skip61
\eqlineskiplimit=\dimen164
\eqbinoffset=\muskip11
\eqdelimoffset=\muskip12
\eqindentstep=\dimen165
\eqstyle=\toks27
\eqbreakdepth=\count178
\eqinterlinepenalty=\count179
\intereqpenalty=\count180
\intereqskip=\skip62
\prerelpenalty=\count181
\prebinoppenalty=\count182
\Dmedmuskip=\muskip13
\Dthickmuskip=\muskip14
\eqleftskip=\skip63
\eqrightskip=\skip64
\eq@vspan=\skip65
\eq@binoffset=\muskip15
\EQ@box=\box38
\EQ@copy=\box39
\EQ@numbox=\box40
\eq@wdNum=\dimen166
\GRP@numbox=\box41
\grp@wdNum=\dimen167
\eq@lines=\count183
\eq@curline=\count184
\eq@badness=\count185
\EQ@vims=\count186
\eq@dp=\dimen168
\eq@wdL=\dimen169
\eq@wdT=\dimen170
\eq@wdMin=\dimen171
\grp@wdL=\dimen172
\grp@wdR=\dimen173
\grp@wdT=\dimen174
\eq@wdRmax=\dimen175
\eq@firstht=\dimen176
\eq@wdCond=\dimen177
\eq@indentstep=\dimen178
\eq@linewidth=\dimen179
\grp@linewidth=\dimen180
\eq@hshift=\dimen181
\eq@given@sidespace=\dimen182
\mathindent=\dimen183
\eq@final@linecount=\count187
\eq@wdR=\dimen184
\EQ@continue=\toks28
\lr@level=\count188
\GRP@queue=\toks29
\GRP@box=\box42
\GRP@wholebox=\box43
\darraycolsep=\skip66
\cur@row=\count189
\cur@col=\count190
\conditionsep=\skip67
) (./tcilatex.tex
TCILATEX Macros for Scientific Word 2.5 <22 Dec 95>.
NOTICE: This macro file is NOT proprietary and may be freely copied and distrib
uted.
\@hour=\count191
\@minute=\count192
\GRAPHICSTYPE=\count193
\draft=\count194
\dispkind=\count195
\c@chapter=\count196
\theight=\dimen185
LaTeX Info: Redefining \rm on input line 557.
LaTeX Info: Redefining \sf on input line 558.
LaTeX Info: Redefining \tt on input line 559.
LaTeX Info: Redefining \bf on input line 560.
LaTeX Info: Redefining \it on input line 561.
LaTeX Info: Redefining \sl on input line 562.
LaTeX Info: Redefining \sc on input line 563.
(/usr/local/texlive/2012/texmf-dist/tex/latex/base/latexsym.sty
Package: latexsym 1998/08/17 v2.2e Standard LaTeX package (lasy symbols)
\symlasy=\mathgroup6
LaTeX Font Info:    Overwriting symbol font `lasy' in version `bold'
(Font)                  U/lasy/m/n --> U/lasy/b/n on input line 47.
)
\c@theorem=\count197
\c@axiom=\count198
\c@remark=\count199
\c@example=\count200
Normal \count register pool exhausted, switching to extended pool.
\c@exercise=\count277
\c@definition=\count278
\c@equationnumber=\count279

amsgen already loaded) (./ProblemSet7.aux)
\openout1 = `ProblemSet7.aux'.

LaTeX Font Info:    Checking defaults for OML/cmm/m/it on input line 56.
LaTeX Font Info:    ... okay on input line 56.
LaTeX Font Info:    Checking defaults for T1/cmr/m/n on input line 56.
LaTeX Font Info:    ... okay on input line 56.
LaTeX Font Info:    Checking defaults for OT1/cmr/m/n on input line 56.
LaTeX Font Info:    ... okay on input line 56.
LaTeX Font Info:    Checking defaults for OMS/cmsy/m/n on input line 56.
LaTeX Font Info:    ... okay on input line 56.
LaTeX Font Info:    Checking defaults for OMX/cmex/m/n on input line 56.
LaTeX Font Info:    ... okay on input line 56.
LaTeX Font Info:    Checking defaults for U/cmr/m/n on input line 56.
LaTeX Font Info:    ... okay on input line 56.
LaTeX Font Info:    Try loading font information for U+msa on input line 56.

(/usr/local/texlive/2012/texmf-dist/tex/latex/amsfonts/umsa.fd
File: umsa.fd 2009/06/22 v3.00 AMS symbols A
)
LaTeX Font Info:    Try loading font information for U+msb on input line 56.

(/usr/local/texlive/2012/texmf-dist/tex/latex/amsfonts/umsb.fd
File: umsb.fd 2009/06/22 v3.00 AMS symbols B
)
LaTeX Font Info:    Try loading font information for U+lasy on input line 56.

(/usr/local/texlive/2012/texmf-dist/tex/latex/base/ulasy.fd
File: ulasy.fd 1998/08/17 v2.2e LaTeX symbol font definitions
)
*geometry* driver: auto-detecting
*geometry* detected driver: pdftex
*geometry* verbose mode - [ preamble ] result:
* driver: pdftex
* paper: a4paper
* layout: <same size as paper>
* layoutoffset:(h,v)=(0.0pt,0.0pt)
* modes: twoside 
* h-part:(L,W,R)=(71.70166pt, 418.25368pt, 107.55254pt)
* v-part:(T,H,B)=(101.40665pt, 591.5302pt, 152.11pt)
* \paperwidth=597.50787pt
* \paperheight=845.04684pt
* \textwidth=483.69684pt
* \textheight=739.77165pt
* \oddsidemargin=-8.5359pt
* \evensidemargin=8.5359pt
* \topmargin=-28.45274pt
* \headheight=8.0pt
* \headsep=14.0pt
* \topskip=10.0pt
* \footskip=12.0pt
* \marginparwidth=90.0pt
* \marginparsep=11.0pt
* \columnsep=10.0pt
* \skip\footins=7.0pt plus 11.0pt
* \hoffset=0.0pt
* \voffset=0.0pt
* \mag=1000
* \@twocolumnfalse
* \@twosidetrue
* \@mparswitchtrue
* \@reversemarginfalse
* (1in=72.27pt=25.4mm, 1cm=28.453pt)

(/usr/local/texlive/2012/texmf-dist/tex/context/base/supp-pdf.mkii
[Loading MPS to PDF converter (version 2006.09.02).]
\scratchcounter=\count280
\scratchdimen=\dimen186
\scratchbox=\box44
\nofMPsegments=\count281
\nofMParguments=\count282
\everyMPshowfont=\toks30
\MPscratchCnt=\count283
\MPscratchDim=\dimen187
\MPnumerator=\count284
\makeMPintoPDFobject=\count285
\everyMPtoPDFconversion=\toks31
) (/usr/local/texlive/2012/texmf-dist/tex/generic/oberdiek/pdftexcmds.sty
Package: pdftexcmds 2011/11/29 v0.20 Utility functions of pdfTeX for LuaTeX (HO
)

(/usr/local/texlive/2012/texmf-dist/tex/generic/oberdiek/ifluatex.sty
Package: ifluatex 2010/03/01 v1.3 Provides the ifluatex switch (HO)
Package ifluatex Info: LuaTeX not detected.
)
Package pdftexcmds Info: LuaTeX not detected.
Package pdftexcmds Info: \pdf@primitive is available.
Package pdftexcmds Info: \pdf@ifprimitive is available.
Package pdftexcmds Info: \pdfdraftmode found.
)
(/usr/local/texlive/2012/texmf-dist/tex/latex/oberdiek/epstopdf-base.sty
Package: epstopdf-base 2010/02/09 v2.5 Base part for package epstopdf

(/usr/local/texlive/2012/texmf-dist/tex/latex/oberdiek/grfext.sty
Package: grfext 2010/08/19 v1.1 Manage graphics extensions (HO)

(/usr/local/texlive/2012/texmf-dist/tex/generic/oberdiek/kvdefinekeys.sty
Package: kvdefinekeys 2011/04/07 v1.3 Define keys (HO)
))
(/usr/local/texlive/2012/texmf-dist/tex/latex/oberdiek/kvoptions.sty
Package: kvoptions 2011/06/30 v3.11 Key value format for package options (HO)

(/usr/local/texlive/2012/texmf-dist/tex/generic/oberdiek/kvsetkeys.sty
Package: kvsetkeys 2012/04/25 v1.16 Key value parser (HO)

(/usr/local/texlive/2012/texmf-dist/tex/generic/oberdiek/etexcmds.sty
Package: etexcmds 2011/02/16 v1.5 Avoid name clashes with e-TeX commands (HO)
Package etexcmds Info: Could not find \expanded.
(etexcmds)             That can mean that you are not using pdfTeX 1.50 or
(etexcmds)             that some package has redefined \expanded.
(etexcmds)             In the latter case, load this package earlier.
)))
Package grfext Info: Graphics extension search list:
(grfext)             [.png,.pdf,.jpg,.mps,.jpeg,.jbig2,.jb2,.PNG,.PDF,.JPG,.JPE
G,.JBIG2,.JB2,.eps]
(grfext)             \AppendGraphicsExtensions on input line 452.

(/usr/local/texlive/2012/texmf-dist/tex/latex/latexconfig/epstopdf-sys.cfg
File: epstopdf-sys.cfg 2010/07/13 v1.3 Configuration of (r)epstopdf for TeX Liv
e
))
Underfull \hbox (badness 10000) in paragraph at lines 61--63

 []


Underfull \hbox (badness 10000) in paragraph at lines 65--67

 []


Underfull \hbox (badness 10000) in paragraph at lines 70--72

 []


Underfull \hbox (badness 10000) in paragraph at lines 74--76

 []

[1{/usr/local/texlive/2012/texmf-var/fonts/map/pdftex/updmap/pdftex.map}]
(./ProblemSet7.aux) )
(\end occurred when \ifx on line 678 was incomplete) 
Here is how much of TeX's memory you used:
 8642 strings out of 493488
 133796 string characters out of 3141326
 187860 words of memory out of 3000000
 11646 multiletter control sequences out of 15000+200000
 12282 words of font info for 50 fonts, out of 3000000 for 9000
 1118 hyphenation exceptions out of 8191
 38i,13n,33p,354b,200s stack positions out of 5000i,500n,10000p,200000b,50000s
</usr/local/texlive/2012/te
xmf-dist/fonts/type1/public/amsfonts/cm/cmbx10.pfb></usr/local/texlive/2012/tex
mf-dist/fonts/type1/public/amsfonts/cm/cmmi10.pfb></usr/local/texlive/2012/texm
f-dist/fonts/type1/public/amsfonts/cm/cmmi8.pfb></usr/local/texlive/2012/texmf-
dist/fonts/type1/public/amsfonts/cm/cmr10.pfb></usr/local/texlive/2012/texmf-di
st/fonts/type1/public/amsfonts/cm/cmr8.pfb></usr/local/texlive/2012/texmf-dist/
fonts/type1/public/amsfonts/cm/cmr9.pfb></usr/local/texlive/2012/texmf-dist/fon
ts/type1/public/amsfonts/cm/cmsy10.pfb></usr/local/texlive/2012/texmf-dist/font
s/type1/public/amsfonts/cm/cmsy8.pfb></usr/local/texlive/2012/texmf-dist/fonts/
type1/public/amsfonts/cm/cmti9.pfb>
Output written on ProblemSet7.pdf (1 page, 96316 bytes).
PDF statistics:
 44 PDF objects out of 1000 (max. 8388607)
 31 compressed objects within 1 object stream
 0 named destinations out of 1000 (max. 500000)
 1 words of extra memory for PDF output out of 10000 (max. 10000000)

