\BOOKMARK [1][-]{section.1}{Moduli of L-parameters}{}% 1
\BOOKMARK [2][-]{subsection.1.1}{Goal}{section.1}% 2
\BOOKMARK [2][-]{subsection.1.2}{For Now}{section.1}% 3
\BOOKMARK [2][-]{subsection.1.3}{A Tale of Two Centers}{section.1}% 4
\BOOKMARK [2][-]{subsection.1.4}{Spectral Berstein Center}{section.1}% 5
\BOOKMARK [1][-]{section.2}{Weil-Deligne Representations}{}% 6
\BOOKMARK [1][-]{section.3}{April 12}{}% 7
\BOOKMARK [2][-]{subsection.3.1}{Introduction to DHKM}{section.3}% 8
\BOOKMARK [2][-]{subsection.3.2}{Affine Scheme}{section.3}% 9
\BOOKMARK [1][-]{section.4}{April 28 Reduction to tame Parameters}{}% 10
\BOOKMARK [2][-]{subsection.4.1}{Consequences}{section.4}% 11
\BOOKMARK [2][-]{subsection.4.2}{Outline of the Proof}{section.4}% 12
\BOOKMARK [2][-]{subsection.4.3}{Completing the Proof}{section.4}% 13
\BOOKMARK [3][-]{subsubsection.4.3.1}{Step 1}{subsection.4.3}% 14
\BOOKMARK [3][-]{subsubsection.4.3.2}{Step 2}{subsection.4.3}% 15
\BOOKMARK [3][-]{subsubsection.4.3.3}{Step 3}{subsection.4.3}% 16
\BOOKMARK [3][-]{subsubsection.4.3.4}{Step 4}{subsection.4.3}% 17
\BOOKMARK [3][-]{subsubsection.4.3.5}{Step 5}{subsection.4.3}% 18
\BOOKMARK [1][-]{section.5}{May 3}{}% 19
\BOOKMARK [2][-]{subsection.5.1}{Quotients and GIT of Cocycles}{section.5}% 20
\BOOKMARK [2][-]{subsection.5.2}{Base Change}{section.5}% 21
\BOOKMARK [2][-]{subsection.5.3}{L-parts of H1}{section.5}% 22
\BOOKMARK [2][-]{subsection.5.4}{\200}{section.5}% 23
