\BOOKMARK [1][-]{section.1}{\376\377\000S\000y\000m\000b\000o\000l\000s\000\040\000o\000f\000\040\000D\000i\000f\000f\000e\000r\000e\000n\000t\000i\000a\000l\000\040\000O\000p\000e\000r\000a\000t\000o\000r\000s\000\040\000a\000n\000d\000\040\000P\000s\000e\000d\000u\000o\000d\000i\000f\000f\000e\000r\000e\000n\000t\000i\000a\000l\000\040\000O\000p\000e\000r\000a\000t\000o\000r\000s}{}% 1
\BOOKMARK [2][-]{subsection.1.1}{\376\377\000S\000t\000r\000u\000c\000t\000u\000r\000e\000s\000\040\000o\000n\000\040\000M\000a\000n\000i\000f\000o\000l\000d\000s}{section.1}% 2
\BOOKMARK [2][-]{subsection.1.2}{\376\377\000S\000o\000b\000o\000l\000e\000v\000\040\000S\000p\000a\000c\000e\000s}{section.1}% 3
\BOOKMARK [2][-]{subsection.1.3}{\376\377\000D\000i\000f\000f\000e\000r\000e\000n\000t\000i\000a\000l\000\040\000O\000p\000e\000r\000a\000t\000o\000r\000s}{section.1}% 4
\BOOKMARK [2][-]{subsection.1.4}{\376\377\000S\000y\000m\000b\000o\000l}{section.1}% 5
\BOOKMARK [2][-]{subsection.1.5}{\376\377\000A\000l\000g\000e\000b\000r\000a\000i\000c\000\040\000S\000y\000m\000b\000o\000l\000s}{section.1}% 6
\BOOKMARK [2][-]{subsection.1.6}{\376\377\000P\000s\000e\000u\000d\000o\000d\000i\000f\000f\000e\000r\000e\000n\000t\000i\000a\000l\000\040\000O\000p\000e\000r\000a\000t\000o\000r\000s}{section.1}% 7
\BOOKMARK [1][-]{section.2}{\376\377\000P\000r\000e\000-\000T\000a\000l\000k\000\040\000f\000o\000r\000\040\000H\000e\000l\000e\000n\000e}{}% 8
\BOOKMARK [2][-]{subsection.2.1}{\376\377\000T\000h\000e\000\040\000M\000o\000d\000u\000l\000i\000\040\000S\000p\000a\000c\000e\000s}{section.2}% 9
\BOOKMARK [2][-]{subsection.2.2}{\376\377\000I\000r\000r\000e\000d\000u\000c\000i\000b\000i\000l\000i\000t\000y}{section.2}% 10
\BOOKMARK [2][-]{subsection.2.3}{\376\377\000S\000p\000e\000c\000i\000a\000l\000i\000z\000a\000t\000i\000o\000n\000\040\000a\000n\000d\000\040\000T\000a\000m\000e\000\040\000F\000u\000n\000d\000a\000m\000e\000n\000t\000a\000l\000\040\000G\000r\000o\000u\000p\000s}{section.2}% 11
\BOOKMARK [2][-]{subsection.2.4}{\376\377\000T\000a\000m\000e\000\040\000F\000u\000n\000d\000a\000m\000e\000n\000t\000a\000l\000\040\000G\000r\000o\000u\000p\000s}{section.2}% 12
\BOOKMARK [2][-]{subsection.2.5}{\376\377\000F\000i\000x\000i\000n\000g\000\040\000M\000o\000n\000o\000d\000r\000o\000m\000y\000\040\000a\000t\000\040\000I\000n\000f\000i\000n\000i\000t\000y}{section.2}% 13
\BOOKMARK [2][-]{subsection.2.6}{\376\377\000A\000r\000i\000t\000h\000m\000e\000t\000i\000c\000\040\000R\000e\000p\000r\000e\000s\000e\000n\000t\000a\000t\000i\000o\000n\000s}{section.2}% 14
\BOOKMARK [2][-]{subsection.2.7}{\376\377\000C\000o\000m\000p\000a\000n\000i\000o\000n\000s}{section.2}% 15
\BOOKMARK [2][-]{subsection.2.8}{\376\377\000L\000o\000c\000a\000l\000\040\000S\000t\000r\000u\000c\000t\000u\000r\000e\000:\000\040\000d\000e\000\040\000J\000o\000n\000g\000'\000s\000\040\000T\000h\000e\000o\000r\000e\000m}{section.2}% 16
\BOOKMARK [1][-]{section.3}{\376\377\000H\000e\000l\000e\000n\000e}{}% 17
\BOOKMARK [2][-]{subsection.3.1}{\376\377\000P\000r\000e\000l\000i\000m\000i\000n\000a\000r\000i\000e\000s}{section.3}% 18
\BOOKMARK [2][-]{subsection.3.2}{\376\377\040\042}{section.3}% 19
\BOOKMARK [2][-]{subsection.3.3}{\376\377\000P\000r\000o\000o\000f\000\040\000o\000f\000\040\000T\000h\000e\000o\000r\000e\000m\000\040\000I}{section.3}% 20
\BOOKMARK [1][-]{section.4}{\376\377\000A\000m\000p\000l\000e\000\040\000L\000i\000n\000e\000\040\000b\000u\000n\000d\000l\000e\000s\000\040\000o\000n\000\040\000A\000b\000e\000l\000i\000a\000n\000\040\000V\000a\000r\000i\000t\000i\000e\000s}{}% 21
\BOOKMARK [1][-]{section.5}{\376\377\000C\000u\000b\000i\000c\000\040\000F\000o\000u\000r\000f\000o\000l\000d\000s}{}% 22
\BOOKMARK [1][-]{section.6}{\376\377\000T\000w\000i\000s\000t\000e\000d\000\040\000I\000n\000t\000e\000r\000m\000e\000d\000i\000a\000t\000e\000\040\000J\000a\000c\000o\000b\000i\000a\000n\000\040\000F\000i\000b\000r\000a\000t\000i\000o\000n\000s}{}% 23
\BOOKMARK [2][-]{subsection.6.1}{\376\377\040\042}{section.6}% 24
\BOOKMARK [2][-]{subsection.6.2}{\376\377\000H\000o\000d\000g\000e\000\040\000M\000o\000d\000u\000l\000e\000s}{section.6}% 25
\BOOKMARK [1][-]{section.7}{\376\377\000H\000o\000d\000g\000e\000\040\000I\000n\000d\000e\000x\000\040\000T\000h\000e\000o\000r\000e\000m}{}% 26
\BOOKMARK [1][-]{section.8}{\376\377\000I\000n\000t\000e\000r\000s\000e\000c\000t\000i\000o\000n\000\040\000a\000n\000d\000\040\000L\000i\000n\000k\000i\000n\000g\000\040\000F\000o\000r\000m}{}% 27
\BOOKMARK [2][-]{subsection.8.1}{\376\377\000L\000i\000n\000k\000i\000n\000g\000\040\000F\000o\000r\000m}{section.8}% 28
\BOOKMARK [1][-]{section.9}{\376\377\000T\000a\000l\000k}{}% 29
\BOOKMARK [2][-]{subsection.9.1}{\376\377\000P\000r\000o\000o\000f\000\040\000o\000f\000\040\000t\000h\000e\000\040\000M\000a\000i\000n\000\040\000R\000e\000s\000u\000l\000t}{section.9}% 30
\BOOKMARK [2][-]{subsection.9.2}{\376\377\000S\000t\000e\000p\000\040\000\050\000a\000\051}{section.9}% 31
\BOOKMARK [2][-]{subsection.9.3}{\376\377\000S\000t\000e\000p\000\040\000\050\000b\000\051}{section.9}% 32
\BOOKMARK [1][-]{section.10}{\376\377\000B\000r\000i\000g\000e\000l\000a\000n\000d\000\040\000S\000t\000a\000b\000i\000l\000i\000t\000y}{}% 33
\BOOKMARK [2][-]{subsection.10.1}{\376\377\000C\000o\000r\000r\000e\000c\000t\000\040\000D\000e\000f\000i\000n\000i\000t\000i\000o\000n\000s}{section.10}% 34
\BOOKMARK [2][-]{subsection.10.2}{\376\377\000R\000e\000i\000d\000e\000r\000\040\000r\000e\000d\000u\000x}{section.10}% 35
\BOOKMARK [3][-]{subsubsection.10.2.1}{\376\377\000C\000h\000e\000c\000k\000i\000n\000g\000\040\000i\000n\000\040\000t\000h\000e\000\040\000H\000e\000a\000r\000t}{subsection.10.2}% 36
\BOOKMARK [3][-]{subsubsection.10.2.2}{\376\377\000C\000o\000m\000p\000u\000t\000i\000n\000g\000\040\000t\000h\000e\000\040\000S\000l\000o\000p\000e\000s}{subsection.10.2}% 37
\BOOKMARK [3][-]{subsubsection.10.2.3}{\376\377\000W\000e\000\040\000n\000e\000e\000d\000\040\000t\000o\000\040\000s\000h\000o\000w\000\040\000t\000h\000a\000t\000\040\000t\000h\000e\000\040\000o\000b\000j\000e\000c\000t\000s\000\040\000a\000r\000e\000\040\000s\000e\000m\000i\000s\000t\000a\000b\000l\000e}{subsection.10.2}% 38
\BOOKMARK [1][-]{section.11}{\376\377\000K\000r\000i\000s\000t\000e\000n\000\040\000E\000x\000e\000r\000c\000i\000s\000e\000s}{}% 39
\BOOKMARK [2][-]{subsubsection.11.0.1}{\376\377\000\050\000a\000\051}{section.11}% 40
\BOOKMARK [3][-]{subsubsection.11.0.2}{\376\377\000\050\000b\000\051}{subsubsection.11.0.1}% 41
\BOOKMARK [3][-]{subsubsection.11.0.3}{\376\377\000\050\0003\000\051}{subsubsection.11.0.1}% 42
\BOOKMARK [3][-]{subsubsection.11.0.4}{\376\377\000\050\0004\000\051}{subsubsection.11.0.1}% 43
\BOOKMARK [2][-]{subsection.11.1}{\376\377\0004\000.\0003\000\040\000E\000x\000e\000r\000c\000i\000e\000s}{section.11}% 44
\BOOKMARK [3][-]{subsubsection.11.1.1}{\376\377\000\050\0001\000\051}{subsection.11.1}% 45
\BOOKMARK [3][-]{subsubsection.11.1.2}{\376\377\000\050\0002\000\051}{subsection.11.1}% 46
\BOOKMARK [3][-]{subsubsection.11.1.3}{\376\377\000\050\0003\000\051}{subsection.11.1}% 47
\BOOKMARK [3][-]{subsubsection.11.1.4}{\376\377\000\050\0004\000\051}{subsection.11.1}% 48
\BOOKMARK [3][-]{subsubsection.11.1.5}{\376\377\000\050\0005\000\051}{subsection.11.1}% 49
\BOOKMARK [3][-]{subsubsection.11.1.6}{\376\377\000\050\0006\000\051}{subsection.11.1}% 50
\BOOKMARK [3][-]{subsubsection.11.1.7}{\376\377\000\050\0007\000\051}{subsection.11.1}% 51
\BOOKMARK [3][-]{subsubsection.11.1.8}{\376\377\000\050\0008\000\051}{subsection.11.1}% 52
\BOOKMARK [3][-]{subsubsection.11.1.9}{\376\377\000\050\0009\000\051}{subsection.11.1}% 53
\BOOKMARK [3][-]{subsubsection.11.1.10}{\376\377\000\050\0001\0000\000\051}{subsection.11.1}% 54
\BOOKMARK [1][-]{section.12}{\376\377\000A\000n\000t\000i\000-\000I\000i\000t\000a\000k\000a}{}% 55
\BOOKMARK [2][-]{subsection.12.1}{\376\377\000U\000s\000e\000\040\000n\000u\000m\000e\000r\000i\000c\000a\000l\000l\000y\000\040\000f\000l\000a\000t\000\040\000b\000u\000n\000d\000l\000e\000s\000\040\000f\000o\000r\000\040\000i\000s\000o\000t\000r\000i\000v\000i\000a\000l\000i\000t\000y}{section.12}% 56
\BOOKMARK [2][-]{subsection.12.2}{\376\377\000I\000n\000\040\000t\000h\000e\000\040\000-\000K\000X\000\040\000n\000e\000f\000\040\000c\000a\000s\000e\000\040\000w\000e\000\040\000h\000a\000v\000e\000\040\000m\000a\000n\000y\000\040\000e\000f\000f\000e\000c\000t\000i\000v\000i\000t\000y\000\040\000r\000e\000s\000u\000l\000t\000s}{section.12}% 57
\BOOKMARK [2][-]{subsection.12.3}{\376\377\000P\000r\000o\000o\000f\000\040\000o\000f\000\040\000M\000a\000i\000n\000\040\000T\000h\000e\000o\000r\000e\000m}{section.12}% 58
\BOOKMARK [2][-]{subsection.12.4}{\376\377\000G\000l\000o\000b\000a\000l\000\040\000G\000e\000n\000e\000r\000a\000t\000i\000o\000n\000\040\000R\000e\000s\000u\000l\000t\000s}{section.12}% 59
\BOOKMARK [3][-]{subsubsection.12.4.1}{\376\377\000I\000m\000p\000o\000r\000t\000a\000n\000t\000\040\000L\000e\000m\000m\000m\000a\000s\000\040\000P\000r\000o\000o\000f\000s}{subsection.12.4}% 60
\BOOKMARK [2][-]{subsection.12.5}{\376\377\000G\000u\000e\000s\000s\000e\000s}{section.12}% 61
\BOOKMARK [2][-]{subsection.12.6}{\376\377\000A\000n\000a\000l\000y\000t\000i\000c\000\040\000G\000l\000o\000s\000s\000a\000r\000y}{section.12}% 62
\BOOKMARK [3][-]{subsubsection.12.6.1}{\376\377\000M\000u\000l\000t\000i\000p\000l\000i\000e\000r\000\040\000I\000d\000e\000a\000l\000s}{subsection.12.6}% 63
\BOOKMARK [3][-]{subsubsection.12.6.2}{\376\377\000M\000e\000t\000r\000i\000c\000s\000\040\000o\000n\000\040\000L\000i\000n\000e\000\040\000B\000u\000n\000d\000l\000e\000s}{subsection.12.6}% 64
\BOOKMARK [1][-]{section.13}{\376\377\000E\000l\000i\000o\000t\000'\000s\000\040\000T\000a\000l\000k\000\040\000-\000\040\000M\000o\000n\000o\000d\000r\000o\000m\000y\000\040\000E\000q\000u\000i\000d\000i\000s\000t\000r\000i\000b\000u\000t\000i\000o\000n\000\040\000a\000n\000d\000\040\000C\000l\000a\000s\000s\000\040\000G\000r\000o\000u\000p\000s}{}% 65
\BOOKMARK [2][-]{subsection.13.1}{\376\377\000W\000h\000a\000t\000\040\000i\000s\000\040\000a\000\040\000R\000a\000n\000d\000o\000m\000\040\000E\000l\000l\000i\000p\000t\000i\000c\000\040\000C\000u\000r\000v\000e}{section.13}% 66
\BOOKMARK [2][-]{subsection.13.2}{\376\377\000\351\000t\000a\000l\000e\000\040\000F\000u\000n\000d\000a\000m\000e\000n\000t\000a\000l\000\040\000G\000r\000o\000u\000p}{section.13}% 67
\BOOKMARK [2][-]{subsection.13.3}{\376\377\000A\000p\000p\000l\000i\000c\000a\000t\000i\000o\000n}{section.13}% 68
\BOOKMARK [1][-]{section.14}{\376\377\000N\000o\000n\000c\000o\000m\000m\000u\000t\000a\000t\000i\000v\000e\000\040\000P\000r\000i\000m\000e\000\040\000I\000d\000e\000a\000l\000s}{}% 69
\BOOKMARK [1][-]{section.15}{\376\377\000B\000o\000g\000o\000m\000o\000l\000o\000v\000\040\000I\000n\000e\000q\000u\000a\000l\000i\000t\000y\000\040\000a\000n\000d\000\040\000P\000r\000o\000j\000e\000c\000t\000i\000v\000e\000\040\000F\000L\000a\000t\000n\000e\000s\000s}{}% 70
\BOOKMARK [2][-]{subsection.15.1}{\376\377\000V\000e\000c\000t\000o\000r\000\040\000B\000u\000n\000d\000l\000e\000s\000\040\000o\000f\000\040\000R\000a\000n\000k\000\040\0002}{section.15}% 71
\BOOKMARK [3][-]{subsubsection.15.1.1}{\376\377\000P\000a\000i\000r\000i\000n\000g\000s}{subsection.15.1}% 72
\BOOKMARK [3][-]{subsubsection.15.1.2}{\376\377\000C\000l\000a\000s\000s\000i\000f\000i\000c\000a\000t\000i\000o\000n\000\040\000o\000n\000\040\000\266\0002}{subsection.15.1}% 73
\BOOKMARK [1][-]{section.16}{\376\377\000P\000o\000s\000i\000t\000i\000v\000i\000t\000y\000\040\000o\000f\000\040\000C\000M\000\040\000l\000i\000n\000e\000\040\000b\000u\000n\000d\000l\000e}{}% 74
\BOOKMARK [2][-]{subsection.16.1}{\376\377\000N\000e\000f\000n\000e\000s\000s\000\040\000r\000e\000s\000u\000l\000t\000s}{section.16}% 75
\BOOKMARK [2][-]{subsection.16.2}{\376\377\000T\000h\000e\000\040\000C\000M\000\040\000l\000i\000n\000e\000\040\000b\000u\000n\000d\000l\000e}{section.16}% 76
\BOOKMARK [2][-]{subsection.16.3}{\376\377\000I\000n\000v\000a\000r\000i\000a\000n\000t\000s\000\040\000o\000f\000\040\000F\000i\000l\000t\000r\000a\000t\000i\000o\000n\000s}{section.16}% 77
\BOOKMARK [2][-]{subsection.16.4}{\376\377\000N\000e\000f\000n\000e\000s\000s}{section.16}% 78
\BOOKMARK [1][-]{section.17}{\376\377\000M\000a\000r\000y\000l\000a\000n\000d\000\040\000T\000h\000o\000u\000g\000h\000t\000s}{}% 79
\BOOKMARK [2][-]{subsection.17.1}{\376\377\000T\000O\000D\000O\000\040\000l\000i\000s\000t}{section.17}% 80
\BOOKMARK [1][-]{section.18}{\376\377\000C\000o\000n\000s\000t\000r\000u\000c\000t\000i\000n\000g\000\040\000a\000\040\000H\000o\000d\000g\000e\000\040\000M\000o\000d\000u\000l\000e}{}% 81
\BOOKMARK [2][-]{subsection.18.1}{\376\377\000T\000h\000e\000\040\000c\000o\000t\000a\000g\000e\000n\000t\000\040\000b\000u\000n\000d\000l\000e\000s}{section.18}% 82
\BOOKMARK [2][-]{subsection.18.2}{\376\377\000T\000h\000e\000\040\000i\000n\000t\000e\000r\000e\000s\000t\000i\000n\000g\000\040\000s\000u\000b\000s\000h\000e\000a\000v\000e\000s}{section.18}% 83
\BOOKMARK [1][-]{section.19}{\376\377\000C\000o\000n\000s\000t\000r\000u\000c\000t\000i\000n\000g\000\040\000t\000h\000e\000\040\000G\000r\000a\000d\000e\000d\000\040\000M\000o\000d\000u\000l\000e}{}% 84
\BOOKMARK [2][-]{subsection.19.1}{\376\377\000A\000d\000d\000i\000t\000i\000o\000n\000a\000l\000\040\000p\000r\000o\000p\000e\000r\000t\000i\000e\000s}{section.19}% 85
\BOOKMARK [2][-]{subsection.19.2}{\376\377\000P\000r\000o\000o\000f\000\040\000o\000f\000\040\000T\000h\000e\000o\000r\000e\000m\000\040\0009\000.\0002}{section.19}% 86
\BOOKMARK [2][-]{subsection.19.3}{\376\377\000P\000r\000o\000o\000f\000\040\000o\000f\000\040\000T\000h\000e\000o\000r\000e\000m\000\040\000A}{section.19}% 87
\BOOKMARK [2][-]{subsection.19.4}{\376\377\000Q\000u\000e\000s\000t\000i\000o\000n\000s\000\040\000f\000o\000r\000\040\000M\000i\000h\000n\000e\000a}{section.19}% 88
\BOOKMARK [1][-]{section.20}{\376\377\000R\000e\000v\000i\000e\000w\000\040\000o\000f\000\040\000M\000H\000M}{}% 89
\BOOKMARK [2][-]{subsection.20.1}{\376\377\000P\000u\000s\000h\000f\000o\000r\000w\000a\000r\000d\000s}{section.20}% 90
\BOOKMARK [1][-]{section.21}{\376\377\000C\000h\000u\000d\000n\000o\000v\000s\000k\000y}{}% 91
\BOOKMARK [1][-]{section.22}{\376\377\000D\000e\000l\000i\000g\000n\000e\000'\000s\000\040\000F\000i\000x\000e\000d\000\040\000P\000o\000i\000n\000t\000\040\000T\000h\000e\000o\000r\000e\000m}{}% 92
\BOOKMARK [2][-]{subsection.22.1}{\376\377\000R\000a\000t\000i\000o\000n\000a\000l\000\040\000v\000e\000r\000s\000i\000o\000n\000\040\000p\000r\000o\000o\000f}{section.22}% 93
\BOOKMARK [2][-]{subsection.22.2}{\376\377\000I\000n\000t\000e\000g\000r\000a\000l\000\040\000v\000e\000r\000i\000s\000o\000n}{section.22}% 94
\BOOKMARK [1][-]{section.23}{\376\377\000A\000\040\000n\000o\000n\000-\000a\000b\000e\000l\000i\000a\000n\000\040\000v\000e\000r\000s\000i\000o\000n\000\040\000o\000f\000\040\000D\000e\000l\000i\000g\000n\000e\000'\000s\000\040\000F\000i\000x\000e\000d\000\040\000P\000o\000i\000n\000t\000\040\000T\000h\000e\000o\000r\000e\000m}{}% 95
\BOOKMARK [2][-]{subsection.23.1}{\376\377\000D\000e\000l\000i\000g\000n\000e\000'\000s\000\040\000F\000i\000x\000e\000d\000\040\000P\000o\000i\000n\000t\000\040\000T\000h\000e\000o\000r\000e\000m}{section.23}% 96
\BOOKMARK [2][-]{subsection.23.2}{\376\377\000N\000o\000n\000a\000b\000e\000l\000i\000a\000n\000\040\000v\000e\000r\000s\000i\000o\000n}{section.23}% 97
\BOOKMARK [2][-]{subsection.23.3}{\376\377\000M\000a\000i\000n\000\040\000g\000r\000o\000u\000p\000\040\000t\000h\000e\000o\000r\000e\000t\000i\000c\000\040\000t\000o\000o\000l\000s}{section.23}% 98
\BOOKMARK [2][-]{subsection.23.4}{\376\377\000M\000u\000m\000f\000o\000r\000d\000-\000T\000a\000t\000e\000\040\000G\000r\000o\000u\000p}{section.23}% 99
\BOOKMARK [1][-]{section.24}{\376\377\000T\000h\000o\000u\000g\000h\000t\000s\000\040\000o\000n\000\040\000I\000s\000o\000t\000r\000i\000v\000i\000a\000l\000\040\000f\000i\000b\000r\000a\000t\000i\000o\000n\000s}{}% 100
\BOOKMARK [1][-]{section.25}{\376\377\000K\000o\000d\000a\000i\000r\000a\000\040\000V\000a\000n\000i\000s\000h\000i\000n\000g\000\040\000I\000n\000\040\000t\000h\000e\000\040\000S\000e\000n\000s\000e\000\040\000o\000f\000\040\000D\000e\000l\000i\000g\000n\000e\000-\000I\000l\000l\000u\000s\000i\000e}{}% 101
\BOOKMARK [2][-]{subsection.25.1}{\376\377\000F\000r\000o\000b\000e\000n\000i\000u\000s\000\040\000S\000p\000l\000i\000t\000t\000i\000n\000g}{section.25}% 102
\BOOKMARK [2][-]{subsection.25.2}{\376\377\000S\000o\000m\000e\000\040\000H\000o\000m\000o\000l\000o\000g\000i\000c\000a\000l\000\040\000A\000l\000g\000e\000b\000r\000a}{section.25}% 103
\BOOKMARK [2][-]{subsection.25.3}{\376\377\000B\000o\000t\000t\000\040\000V\000a\000n\000i\000s\000h\000i\000n\000g}{section.25}% 104
\BOOKMARK [1][-]{section.26}{\376\377\000O\000b\000s\000t\000r\000u\000c\000t\000i\000o\000n\000s\000\040\000f\000o\000r\000\040\000S\000u\000b\000s\000c\000h\000e\000m\000e\000s}{}% 105
\BOOKMARK [1][-]{section.27}{\376\377\000A\000n\000d\000r\000e\000w\000'\000s\000\040\000T\000a\000l\000k}{}% 106
\BOOKMARK [2][-]{subsection.27.1}{\376\377\000G\000r\000a\000d\000e\000d\000\040\000G\000r\000o\000t\000h\000e\000n\000d\000i\000e\000c\000k\000\040\000R\000i\000n\000g}{section.27}% 107
\BOOKMARK [2][-]{subsection.27.2}{\376\377\000G\000r\000o\000t\000h\000e\000n\000d\000i\000e\000c\000k\000\040\000R\000i\000n\000g\000\040\000o\000f\000\040\000S\000t\000a\000c\000k\000s}{section.27}% 108
\BOOKMARK [1][-]{section.28}{\376\377\000W\000e\000i\000r\000d\000\040\000P\000r\000o\000p\000e\000r\000\040\000V\000a\000r\000i\000e\000t\000i\000e\000s}{}% 109
\BOOKMARK [2][-]{subsection.28.1}{\376\377\000A\000\040\000v\000a\000r\000i\000e\000t\000y\000\040\000w\000i\000t\000h\000\040\000n\000o\000\040\000e\000m\000b\000e\000d\000d\000i\000n\000g\000\040\000i\000n\000\040\000a\000\040\000s\000m\000o\000o\000t\000h\000\040\000v\000a\000r\000i\000e\000t\000y}{section.28}% 110
\BOOKMARK [2][-]{subsection.28.2}{\376\377\000I\000n\000v\000e\000r\000t\000i\000b\000l\000e\000\040\000S\000h\000e\000a\000f\000\040\000N\000o\000t\000\040\000A\000r\000i\000s\000i\000n\000g\000\040\000F\000r\000o\000m\000\040\000C\000a\000r\000t\000i\000e\000r\000\040\000D\000i\000v\000i\000s\000o\000r\000s}{section.28}% 111
\BOOKMARK [2][-]{subsection.28.3}{\376\377\000R\000e\000l\000a\000t\000i\000o\000n\000s\000h\000i\000p\000\040\000t\000o\000\040\000E\000f\000f\000e\000c\000t\000i\000v\000e\000\040\000C\000a\000r\000t\000i\000e\000r\000\040\000D\000i\000v\000i\000s\000o\000r\000s}{section.28}% 112
\BOOKMARK [1][-]{section.29}{\376\377\000E\000n\000d\000o\000m\000o\000r\000p\000h\000i\000s\000m\000s\000\040\000o\000f\000\040\000V\000a\000r\000i\000e\000t\000i\000e\000s}{}% 113
\BOOKMARK [1][-]{section.30}{\376\377\000D\000e\000f\000o\000r\000m\000a\000t\000i\000o\000n\000s\000\040\000o\000f\000\040\000V\000e\000c\000t\000o\000r\000\040\000B\000u\000n\000d\000l\000e\000s}{}% 114
\BOOKMARK [2][-]{subsection.30.1}{\376\377\000P\000r\000o\000o\000f}{section.30}% 115
\BOOKMARK [2][-]{subsection.30.2}{\376\377\000C\000a\000l\000c\000u\000l\000a\000t\000i\000o\000n\000s}{section.30}% 116
\BOOKMARK [2][-]{subsection.30.3}{\376\377\000S\000u\000b\000s\000c\000h\000e\000m\000e\000s}{section.30}% 117
\BOOKMARK [2][-]{subsection.30.4}{\376\377\000M\000o\000r\000p\000h\000i\000s\000m\000s}{section.30}% 118
\BOOKMARK [2][-]{subsection.30.5}{\376\377\000I\000n\000t\000e\000r\000l\000u\000d\000e}{section.30}% 119
\BOOKMARK [1][-]{section.31}{\376\377\000D\000e\000r\000i\000v\000e\000d\000\040\000S\000e\000t\000u\000p}{}% 120
\BOOKMARK [2][-]{subsection.31.1}{\376\377\000L\000i\000f\000t\000i\000n\000g\000\040\000P\000r\000o\000b\000l\000e\000m\000s}{section.31}% 121
\BOOKMARK [2][-]{subsection.31.2}{\376\377\000D\000e\000f\000o\000m\000i\000n\000g\000\040\000M\000a\000p\000s}{section.31}% 122
\BOOKMARK [1][-]{section.32}{\376\377\000N\000o\000t\000e\000s\000\040\000f\000o\000r\000\040\000M\000e\000e\000t\000i\000n\000g}{}% 123
\BOOKMARK [1][-]{section.33}{\376\377\000H\000i\000g\000h\000e\000r\000\040\000K\000o\000d\000a\000i\000r\000a\000-\000S\000p\000e\000n\000c\000e\000r\000\040\000m\000a\000p\000s}{}% 124
\BOOKMARK [2][-]{subsection.33.1}{\376\377\000L\000i\000n\000e\000a\000r\000\040\000K\000a\000t\000z\000-\000O\000d\000a\000\040\000m\000a\000p\000s}{section.33}% 125
\BOOKMARK [1][-]{section.34}{\376\377\000T\000O\000D\000O}{}% 126
\BOOKMARK [1][-]{section.35}{\376\377\000H\000o\000c\000h\000s\000c\000h\000i\000l\000d\000\040\000h\000o\000m\000o\000l\000o\000g\000y}{}% 127
\BOOKMARK [2][-]{subsection.35.1}{\376\377\000T\000o\000p\000o\000l\000o\000g\000i\000c\000a\000l\000\040\000K\000-\000t\000h\000e\000o\000r\000y}{section.35}% 128
\BOOKMARK [1][-]{section.36}{\376\377\000S\000a\000s\000h\000a\000\040\000-\000\040\000C\000h\000e\000r\000n\000\040\000c\000l\000a\000s\000s\000e\000s\000\040\000o\000f\000\040\000v\000.\000b\000.\000\040\000o\000n\000\040\000t\000h\000e\000\040\000F\000a\000r\000g\000u\000e\000s\000-\000F\000o\000n\000t\000a\000i\000n\000e\000\040\000c\000u\000r\000v\000e}{}% 129
\BOOKMARK [2][-]{subsection.36.1}{\376\377\000C\000h\000a\000r\000a\000c\000t\000e\000r\000i\000s\000t\000i\000c\000\040\000c\000l\000a\000s\000s\000e\000s\000\040\000o\000f\000\040\000\351\000t\000a\000l\000e\000\040\000l\000o\000c\000a\000l\000\040\000s\000y\000s\000t\000e\000m\000s}{section.36}% 130
\BOOKMARK [2][-]{subsection.36.2}{\376\377\000F\000a\000r\000g\000u\000e\000s\000-\000F\000o\000n\000t\000a\000i\000n\000e\000\040\000c\000u\000r\000v\000e}{section.36}% 131
\BOOKMARK [1][-]{section.37}{\376\377\000T\000h\000e\000\040\000n\000o\000n\000c\000o\000m\000m\000u\000t\000a\000t\000i\000v\000e\000\040\000M\000M\000P}{}% 132
\BOOKMARK [1][-]{section.38}{\376\377\000N\000e\000r\000o\000n\000\040\000M\000o\000d\000e\000l}{}% 133
\BOOKMARK [2][-]{subsection.38.1}{\376\377\000T\000h\000e\000\040\000N\000\351\000r\000o\000n\000\040\000m\000o\000d\000e\000l}{section.38}% 134
\BOOKMARK [2][-]{subsection.38.2}{\376\377\000M\000o\000t\000i\000v\000a\000t\000i\000o\000n\000:\000\040\000m\000i\000n\000i\000m\000a\000l\000\040\000r\000e\000g\000u\000l\000a\000r\000\040\000m\000o\000d\000e\000l\000s}{section.38}% 135
\BOOKMARK [3][-]{subsubsection.38.2.1}{\376\377\000R\000e\000l\000a\000t\000o\000n\000s\000h\000i\000p\000\040\000t\000o\000\040\000N\000\351\000r\000o\000n\000\040\000M\000o\000d\000e\000l\000s}{subsection.38.2}% 136
\BOOKMARK [3][-]{subsubsection.38.2.2}{\376\377\000R\000e\000f\000e\000r\000e\000n\000c\000e\000s}{subsection.38.2}% 137
\BOOKMARK [1][-]{section.39}{\376\377\000M\000i\000n\000g\000\040\000H\000a\000o\000\040\000F\000e\000b\000.\000\040\0003}{}% 138
\BOOKMARK [2][-]{subsection.39.1}{\376\377\000L\000o\000c\000a\000l\000\040\000u\000n\000i\000f\000o\000r\000m\000i\000z\000a\000t\000i\000o\000n}{section.39}% 139
\BOOKMARK [3][-]{subsubsection.39.1.1}{\376\377\000Z\000a\000r\000i\000s\000k\000i\000\040\000P\000a\000t\000c\000h\000i\000n\000g}{subsection.39.1}% 140
\BOOKMARK [1][-]{section.40}{\376\377\000F\000e\000b\000.\000\040\0005}{}% 141
\BOOKMARK [2][-]{subsection.40.1}{\376\377\000C\000o\000s\000s\000a\000r\000t\000'\000s\000\040\000p\000r\000o\000o\000f\000\040\000o\000f\000\040\000L\000e\000m\000m\000a\000\040\0001}{section.40}% 142
\BOOKMARK [1][-]{section.41}{\376\377\000N\000\351\000r\000o\000n\000\040\000m\000o\000d\000e\000l\000s\000\040\000o\000f\000\040\000L\000a\000g\000r\000a\000n\000g\000i\000a\000n\000\040\000f\000i\000b\000r\000a\000t\000i\000o\000n\000s}{}% 143
\BOOKMARK [2][-]{subsection.41.1}{\376\377\000N\000\351\000r\000o\000n\000\040\000m\000o\000d\000e\000l\000s}{section.41}% 144
\BOOKMARK [2][-]{subsection.41.2}{\376\377\000L\000a\000g\000r\000a\000n\000g\000i\000a\000n\000\040\000F\000i\000b\000r\000a\000t\000i\000o\000n\000s}{section.41}% 145
