\BOOKMARK [1][-]{section.1}{\376\377\000S\000c\000h\000e\000m\000e\000s}{}% 1
\BOOKMARK [1][-]{section.2}{\376\377\000M\000o\000r\000e\000\040\000S\000c\000h\000e\000m\000e\000s}{}% 2
\BOOKMARK [1][-]{section.3}{\376\377\000S\000e\000p\000e\000r\000a\000t\000e\000d\000\040\000S\000c\000h\000e\000m\000e\000s}{}% 3
\BOOKMARK [2][-]{subsection.3.1}{\376\377\000P\000r\000o\000p\000e\000r\000\040\000M\000o\000r\000p\000h\000i\000s\000m}{section.3}% 4
\BOOKMARK [1][-]{section.4}{\376\377\000C\000l\000a\000s\000s\000i\000c\000a\000l\000\040\000A\000l\000g\000e\000b\000r\000a\000i\000c\000\040\000V\000a\000r\000i\000e\000t\000i\000e\000s}{}% 5
\BOOKMARK [1][-]{section.5}{\376\377\000S\000h\000e\000a\000v\000e\000s\000\040\000o\000f\000\040\000M\000o\000d\000u\000l\000e\000s}{}% 6
\BOOKMARK [1][-]{section.6}{\376\377\000P\000i\000c\000a\000r\000d\000\040\000G\000r\000o\000u\000p}{}% 7
\BOOKMARK [1][-]{section.7}{\376\377\000F\000e\000b\000\040\0008}{}% 8
\BOOKMARK [1][-]{section.8}{\376\377\000F\000e\000b\000\040\0001\0004}{}% 9
\BOOKMARK [2][-]{subsection.8.1}{\376\377\000N\000u\000m\000b\000e\000r\000\040\000T\000h\000e\000o\000r\000y}{section.8}% 10
\BOOKMARK [2][-]{subsection.8.2}{\376\377\000I\000n\000t\000e\000g\000r\000a\000l\000\040\000S\000c\000h\000e\000m\000e\000s}{section.8}% 11
\BOOKMARK [2][-]{subsection.8.3}{\376\377\000A\000b\000s\000t\000r\000a\000c\000t\000\040\000V\000a\000r\000i\000e\000t\000i\000e\000s}{section.8}% 12
\BOOKMARK [2][-]{subsection.8.4}{\376\377\000C\000u\000r\000v\000e\000s}{section.8}% 13
\BOOKMARK [2][-]{subsection.8.5}{\376\377\000S\000m\000o\000o\000t\000h\000n\000e\000s\000s}{section.8}% 14
\BOOKMARK [1][-]{section.9}{\376\377\000F\000e\000b\000.\000\040\0001\0009}{}% 15
\BOOKMARK [1][-]{section.10}{\376\377\000F\000e\000b\000.\000\040\0002\0001}{}% 16
\BOOKMARK [1][-]{section.11}{\376\377\000F\000e\000b\000.\000\040\0002\0006}{}% 17
\BOOKMARK [1][-]{section.12}{\376\377\000C\000o\000h\000o\000m\000o\000l\000o\000g\000y}{}% 18
\BOOKMARK [2][-]{subsection.12.1}{\376\377\000G\000o\000d\000e\000m\000e\000n\000t\000\040\000R\000e\000s\000o\000l\000u\000t\000i\000o\000n}{section.12}% 19
\BOOKMARK [1][-]{section.13}{\376\377\000F\000e\000b\000.\000\040\0005}{}% 20
\BOOKMARK [1][-]{section.14}{\376\377\000M\000a\000r\000c\000h\000\040\0007}{}% 21
\BOOKMARK [2][-]{subsection.14.1}{\376\377\000C\000e\000c\000h\000\040\000C\000o\000h\000o\000m\000o\000l\000o\000g\000y\000\040\000a\000n\000d\000\040\000C\000o\000h\000o\000m\000o\000l\000o\000g\000y}{section.14}% 22
\BOOKMARK [1][-]{section.15}{}{}% 23
\BOOKMARK [1][-]{section.16}{\376\377\000M\000a\000r\000c\000h\000\040\0001\0004}{}% 24
\BOOKMARK [1][-]{section.17}{\376\377\000M\000a\000r\000c\000h\000\040\0002\0008}{}% 25
\BOOKMARK [1][-]{section.18}{\376\377\000G\000A\000G\000A}{}% 26
\BOOKMARK [1][-]{section.19}{\376\377\000A\000p\000r\000i\000l\000\040\0003}{}% 27
\BOOKMARK [1][-]{section.20}{\376\377\000S\000h\000e\000a\000v\000e\000s\000\040\000o\000f\000\040\000D\000e\000r\000i\000v\000a\000t\000i\000o\000n\000s}{}% 28
\BOOKMARK [1][-]{section.21}{\376\377\000A\000p\000r\000i\000l\000\040\0001\0006}{}% 29
\BOOKMARK [2][-]{subsection.21.1}{\376\377\000N\000o\000r\000m\000a\000l\000i\000z\000a\000t\000i\000o\000n}{section.21}% 30
\BOOKMARK [1][-]{section.22}{\376\377\000S\000e\000r\000r\000e\000\040\000D\000u\000a\000l\000i\000t\000y}{}% 31
\BOOKMARK [1][-]{section.23}{\376\377\000A\000p\000r\000i\000l\000\040\0002\0003}{}% 32
\BOOKMARK [1][-]{section.24}{\376\377\000A\000p\000r\000i\000l\000\040\0002\0006}{}% 33
\BOOKMARK [1][-]{section.25}{\376\377\000M\000o\000r\000p\000h\000i\000s\000m\000s\000\040\000T\000o\000\040\000P\000r\000o\000j\000e\000c\000t\000i\000v\000e\000\040\000S\000p\000a\000c\000e}{}% 34
\BOOKMARK [2][-]{subsection.25.1}{\376\377\000L\000i\000n\000e\000a\000r\000\040\000S\000y\000s\000t\000e\000m\000s}{section.25}% 35
\BOOKMARK [1][-]{section.26}{\376\377\000I\000n\000d\000u\000c\000e\000d\000\040\000S\000u\000b\000s\000c\000h\000e\000m\000e\000\040\000S\000t\000r\000u\000c\000t\000u\000r\000e}{}% 36
