\BOOKMARK [1][-]{section.1}{\376\377\000I\000n\000t\000r\000o\000d\000u\000c\000t\000i\000o\000n}{}% 1
\BOOKMARK [1][-]{section.2}{\376\377\000A\000r\000i\000t\000h\000m\000e\000t\000i\000c\000\040\000a\000n\000d\000\040\000L\000o\000g\000i\000c\000\040\000i\000n\000\040\000t\000h\000e\000\040\000-\000C\000a\000l\000c\000u\000l\000u\000s}{}% 2
\BOOKMARK [1][-]{section.3}{\376\377\000`\000`\000C\000o\000n\000s\000i\000s\000t\000e\000n\000c\000y\000'\000'\000\040\000o\000f\000\040\000t\000h\000e\000\040\000-\000C\000a\000l\000c\000u\000l\000u\000s\000\040\000\050\000S\000K\000I\000P\000\051}{}% 3
\BOOKMARK [1][-]{section.4}{\376\377\000R\000e\000c\000u\000r\000s\000i\000o\000n\000\040\000a\000n\000d\000\040\000F\000i\000x\000e\000d\000\040\000P\000o\000i\000n\000t\000s}{}% 4
\BOOKMARK [1][-]{section.5}{\376\377\000-\000M\000o\000d\000e\000l\000s\000\040\000\050\000D\000O\000\040\000A\000T\000\040\000T\000H\000E\000\040\000E\000N\000D\000\051}{}% 5
\BOOKMARK [2][-]{subsection.5.1}{\376\377\000S\000y\000n\000t\000a\000x\000-\000F\000r\000e\000e\000\040\000M\000o\000d\000e\000l\000s}{section.5}% 6
\BOOKMARK [1][-]{section.6}{\376\377\000D\000o\000m\000a\000i\000n\000\040\000T\000h\000e\000o\000r\000y}{}% 7
\BOOKMARK [2][-]{subsection.6.1}{\376\377\000C\000o\000n\000t\000i\000n\000u\000i\000t\000y}{section.6}% 8
\BOOKMARK [2][-]{subsection.6.2}{\376\377\000T\000h\000e\000\040\000S\000c\000o\000t\000t\000\040\000T\000o\000p\000o\000l\000o\000g\000y}{section.6}% 9
\BOOKMARK [2][-]{subsection.6.3}{\376\377\000F\000i\000x\000e\000d\000\040\000P\000o\000i\000n\000t\000s}{section.6}% 10
\BOOKMARK [2][-]{subsection.6.4}{\376\377\000S\000c\000o\000t\000t\000\040\000D\000o\000m\000a\000i\000n\000s}{section.6}% 11
\BOOKMARK [2][-]{subsection.6.5}{\376\377\000S\000c\000o\000t\000t\000'\000s\000\040\000M\000o\000d\000e\000l\000\040\000D}{section.6}% 12
\BOOKMARK [2][-]{subsection.6.6}{\376\377\000D\000\040\000i\000s\000\040\000a\000\040\000-\000m\000o\000d\000e\000l}{section.6}% 13
\BOOKMARK [2][-]{subsection.6.7}{\376\377\000F\000i\000x\000p\000o\000i\000n\000t\000s\000\040\000i\000n\000\040\000D}{section.6}% 14
\BOOKMARK [1][-]{section.7}{\376\377\000T\000h\000e\000\040\000S\000i\000m\000p\000l\000y\000-\000T\000y\000p\000e\000d\000\040\000-\000C\000a\000l\000c\000u\000l\000u\000s}{}% 15
\BOOKMARK [2][-]{subsection.7.1}{\376\377\000S\000i\000m\000p\000l\000y\000\040\000T\000y\000p\000e\000d\000\040\000L\000a\000m\000b\000d\000a\000\040\000T\000e\000r\000m\000s}{section.7}% 16
\BOOKMARK [2][-]{subsection.7.2}{\376\377\000T\000h\000e\000\040\000C\000a\000t\000e\000g\000o\000r\000i\000c\000a\000l\000\040\000S\000e\000m\000a\000n\000t\000i\000c\000s}{section.7}% 17
\BOOKMARK [2][-]{subsection.7.3}{\376\377\000E\000x\000p\000r\000e\000s\000s\000i\000b\000l\000e\000\040\000F\000u\000n\000c\000t\000i\000o\000n\000s}{section.7}% 18
\BOOKMARK [2][-]{subsection.7.4}{\376\377\000M\000o\000d\000e\000l\000s}{section.7}% 19
\BOOKMARK [1][-]{section.8}{\376\377\000C\000u\000r\000r\000y\000-\000H\000o\000w\000a\000r\000d}{}% 20
\BOOKMARK [2][-]{subsection.8.1}{\376\377\000C\000u\000r\000r\000y\000-\000H\000o\000w\000a\000r\000d\000-\000L\000a\000m\000b\000e\000c\000k\000\040\000f\000o\000r\000\040\000s\000i\000m\000p\000l\000y\000\040\000t\000y\000p\000e\000d\000\040\000-\000c\000a\000l\000c\000u\000l\000u\000s}{section.8}% 21
\BOOKMARK [1][-]{section.9}{\376\377\000L\000i\000n\000e\000a\000r\000\040\000L\000o\000g\000i\000c}{}% 22
\BOOKMARK [2][-]{subsection.9.1}{\376\377\000D\000i\000f\000f\000e\000r\000e\000n\000t\000i\000a\000t\000i\000o\000n}{section.9}% 23
\BOOKMARK [1][-]{section.10}{\376\377\000R\000e\000f\000e\000r\000e\000n\000c\000e\000s}{}% 24
\BOOKMARK [1][-]{section.11}{\376\377\000L\000i\000n\000e\000a\000r\000\040\000L\000o\000g\000i\000c}{}% 25
\BOOKMARK [2][-]{subsection.11.1}{\376\377\000D\000e\000d\000u\000c\000t\000i\000o\000n\000\040\000R\000u\000l\000e\000s}{section.11}% 26
\BOOKMARK [2][-]{subsection.11.2}{\376\377\000L\000i\000n\000e\000a\000r\000\040\000S\000e\000m\000a\000n\000t\000i\000c\000s}{section.11}% 27
\BOOKMARK [2][-]{subsection.11.3}{\376\377\000D\000e\000r\000i\000v\000a\000t\000i\000v\000e\000s}{section.11}% 28
\BOOKMARK [3][-]{subsubsection.11.3.1}{\376\377\000E\000n\000c\000o\000d\000i\000n\000g\000\040\000t\000h\000e\000\040\000p\000r\000o\000d\000u\000c\000t\000\040\000r\000u\000l\000e\000\040\000a\000s\000\040\000a\000\040\000c\000u\000t\000-\000e\000l\000i\000m\000i\000n\000a\000t\000i\000o\000n\000\040\000r\000u\000l\000e}{subsection.11.3}% 29
\BOOKMARK [2][-]{subsection.11.4}{\376\377\000E\000x\000a\000m\000p\000l\000e}{section.11}% 30
\BOOKMARK [2][-]{subsection.11.5}{\376\377\000P\000r\000o\000b\000a\000b\000i\000l\000i\000s\000t\000i\000c\000\040\000I\000n\000t\000e\000r\000p\000r\000e\000t\000a\000t\000i\000o\000n}{section.11}% 31
