\BOOKMARK [1][-]{section.1}{\376\377\000R\000a\000t\000i\000o\000n\000a\000l\000i\000t\000y\000\040\000a\000n\000d\000\040\000U\000n\000i\000r\000a\000t\000i\000o\000n\000a\000l\000i\000t\000y}{}% 1
\BOOKMARK [2][-]{subsection.1.1}{}{section.1}% 2
\BOOKMARK [2][-]{subsection.1.2}{}{section.1}% 3
\BOOKMARK [2][-]{subsection.1.3}{}{section.1}% 4
\BOOKMARK [1][-]{section.2}{\376\377\000L\000u\000r\000o\000t\000h\000\040\000a\000n\000d\000\040\000S\000h\000i\000o\000d\000a}{}% 5
\BOOKMARK [2][-]{subsection.2.1}{}{section.2}% 6
\BOOKMARK [2][-]{subsection.2.2}{}{section.2}% 7
\BOOKMARK [2][-]{subsection.2.3}{}{section.2}% 8
\BOOKMARK [1][-]{section.3}{\376\377\000C\000o\000u\000n\000t\000i\000n\000g\000\040\000P\000o\000i\000n\000t\000s\000\040\000o\000v\000e\000r\000\040\000F\000q}{}% 9
\BOOKMARK [2][-]{subsection.3.1}{}{section.3}% 10
\BOOKMARK [2][-]{subsection.3.2}{}{section.3}% 11
\BOOKMARK [2][-]{subsection.3.3}{}{section.3}% 12
\BOOKMARK [2][-]{subsection.3.4}{}{section.3}% 13
\BOOKMARK [1][-]{section.4}{\376\377\000T\000h\000e\000\040\000W\000e\000i\000l\000\040\000C\000o\000n\000j\000e\000c\000t\000u\000r\000e\000s}{}% 14
\BOOKMARK [2][-]{subsection.4.1}{}{section.4}% 15
\BOOKMARK [2][-]{subsection.4.2}{}{section.4}% 16
\BOOKMARK [2][-]{subsection.4.3}{}{section.4}% 17
\BOOKMARK [2][-]{subsection.4.4}{}{section.4}% 18
\BOOKMARK [2][-]{subsection.4.5}{}{section.4}% 19
\BOOKMARK [2][-]{subsection.4.6}{}{section.4}% 20
\BOOKMARK [2][-]{subsection.4.7}{}{section.4}% 21
\BOOKMARK [1][-]{section.5}{\376\377\000S\000u\000p\000e\000r\000s\000i\000n\000g\000u\000l\000a\000r\000i\000t\000y}{}% 22
\BOOKMARK [2][-]{subsection.5.1}{}{section.5}% 23
\BOOKMARK [2][-]{subsection.5.2}{}{section.5}% 24
\BOOKMARK [1][-]{section.6}{\376\377\000D\000i\000a\000g\000o\000n\000a\000l\000\040\000H\000y\000p\000e\000r\000s\000u\000r\000f\000a\000c\000e\000s\000,\000\040\000W\000e\000i\000l\000'\000s\000\040\000M\000e\000t\000h\000o\000d\000,\000\040\000a\000n\000d\000\040\000G\000a\000u\000s\000s\000\040\000S\000u\000m\000s}{}% 25
\BOOKMARK [2][-]{subsection.6.1}{}{section.6}% 26
\BOOKMARK [2][-]{subsection.6.2}{}{section.6}% 27
\BOOKMARK [2][-]{subsection.6.3}{}{section.6}% 28
\BOOKMARK [2][-]{subsection.6.4}{}{section.6}% 29
\BOOKMARK [2][-]{subsection.6.5}{}{section.6}% 30
\BOOKMARK [2][-]{subsection.6.6}{}{section.6}% 31
\BOOKMARK [1][-]{section.7}{\376\377\000G\000a\000u\000s\000s\000i\000a\000n\000\040\000S\000u\000m\000s}{}% 32
\BOOKMARK [2][-]{subsection.7.1}{}{section.7}% 33
\BOOKMARK [2][-]{subsection.7.2}{}{section.7}% 34
\BOOKMARK [2][-]{subsection.7.3}{}{section.7}% 35
\BOOKMARK [2][-]{subsection.7.4}{}{section.7}% 36
