\BOOKMARK [1][-]{section.1}{\376\377\000C\000h\000a\000p\000t\000e\000r\000\040\0001}{}% 1
\BOOKMARK [1][-]{section.2}{\376\377\000C\000h\000a\000p\000t\000e\000r\000\040\0002}{}% 2
\BOOKMARK [2][-]{subsection.2.1}{\376\377\000S\000e\000c\000t\000i\000o\000n\000\040\0002\000.\0001}{section.2}% 3
\BOOKMARK [3][-]{subsubsection.2.1.1}{\376\377\0002\000.\0002\000.\0002}{subsection.2.1}% 4
\BOOKMARK [3][-]{subsubsection.2.1.2}{\376\377\0002\000.\0002\000.\0003}{subsection.2.1}% 5
\BOOKMARK [3][-]{subsubsection.2.1.3}{\376\377\0002\000.\0002\000.\0005}{subsection.2.1}% 6
\BOOKMARK [3][-]{subsubsection.2.1.4}{\376\377\0002\000.\0002\000.\0006\000\040\000D\000O\000!\000!}{subsection.2.1}% 7
\BOOKMARK [2][-]{subsection.2.2}{\376\377\000S\000e\000c\000t\000i\000o\000n\000\040\0002\000.\0006}{section.2}% 8
\BOOKMARK [3][-]{subsubsection.2.2.1}{\376\377\0002\000.\0006\000.\0001}{subsection.2.2}% 9
\BOOKMARK [3][-]{subsubsection.2.2.2}{\376\377\0002\000.\0006\000.\0002\000\040\000D\000O\000!\000!}{subsection.2.2}% 10
\BOOKMARK [3][-]{subsubsection.2.2.3}{\376\377\0002\000.\0006\000.\0003\000\040\000D\000O\000!\000!}{subsection.2.2}% 11
\BOOKMARK [3][-]{subsubsection.2.2.4}{\376\377\0002\000.\0006\000.\0004\000\040\000C\000H\000E\000C\000K\000!\000!}{subsection.2.2}% 12
\BOOKMARK [3][-]{subsubsection.2.2.5}{\376\377\0002\000.\0006\000.\0005\000\040\000C\000H\000E\000C\000K\000!\000!}{subsection.2.2}% 13
\BOOKMARK [3][-]{subsubsection.2.2.6}{\376\377\0002\000.\0006\000.\0005\000\040\000D\000O\000!\000!}{subsection.2.2}% 14
\BOOKMARK [3][-]{subsubsection.2.2.7}{\376\377\0002\000.\0006\000.\0007}{subsection.2.2}% 15
\BOOKMARK [3][-]{subsubsection.2.2.8}{\376\377\0002\000.\0006\000.\0008\000\040\000A\000S\000K\000\040\000R\000O\000N\000!\000!}{subsection.2.2}% 16
\BOOKMARK [3][-]{subsubsection.2.2.9}{\376\377\0002\000.\0006\000.\0009\000\040\000D\000O\000!\000!}{subsection.2.2}% 17
\BOOKMARK [3][-]{subsubsection.2.2.10}{\376\377\0002\000.\0006\000.\0001\0000\000\040\000D\000O\000!\000!}{subsection.2.2}% 18
\BOOKMARK [3][-]{subsubsection.2.2.11}{\376\377\0002\000.\0006\000.\0001\0001\000\040\000A\000S\000K\000\040\000R\000O\000N\000!\000!}{subsection.2.2}% 19
\BOOKMARK [1][-]{section.3}{\376\377\000C\000h\000a\000p\000t\000e\000r\000\040\0003}{}% 20
\BOOKMARK [2][-]{subsection.3.1}{\376\377\000S\000e\000c\000t\000i\000o\000n\000\040\0003\000.\0001}{section.3}% 21
\BOOKMARK [3][-]{subsubsection.3.1.1}{\376\377\0003\000.\0001\000.\0001\000\040\000D\000O\000!\000!}{subsection.3.1}% 22
\BOOKMARK [3][-]{subsubsection.3.1.2}{\376\377\0003\000.\0001\000.\0002}{subsection.3.1}% 23
\BOOKMARK [3][-]{subsubsection.3.1.3}{\376\377\0003\000.\0001\000.\0003\000\040\000D\000O\000!\000!}{subsection.3.1}% 24
\BOOKMARK [3][-]{subsubsection.3.1.4}{\376\377\0003\000.\0001\000.\0004\000\040\000D\000O\000!\000!}{subsection.3.1}% 25
\BOOKMARK [3][-]{subsubsection.3.1.5}{\376\377\0003\000.\0001\000.\0005\000\040\000D\000O\000!\000!}{subsection.3.1}% 26
\BOOKMARK [3][-]{subsubsection.3.1.6}{\376\377\0003\000.\0001\000.\0007\000\040\000D\000O\000!\000!}{subsection.3.1}% 27
\BOOKMARK [3][-]{subsubsection.3.1.7}{\376\377\0003\000.\0001\000.\0008\000\040\000D\000O\000!\000!}{subsection.3.1}% 28
\BOOKMARK [3][-]{subsubsection.3.1.8}{\376\377\0003\000.\0001\000.\0001\0002\000\040\000D\000O\000!\000!}{subsection.3.1}% 29
\BOOKMARK [3][-]{subsubsection.3.1.9}{\376\377\0003\000.\0001\000.\0001\0003\000\040\000D\000O\000!\000!}{subsection.3.1}% 30
\BOOKMARK [2][-]{subsection.3.2}{\376\377\000S\000e\000c\000t\000i\000o\000n\000\040\0003\000.\0002}{section.3}% 31
\BOOKMARK [3][-]{subsubsection.3.2.1}{\376\377\0003\000.\0002\000.\0001}{subsection.3.2}% 32
\BOOKMARK [3][-]{subsubsection.3.2.2}{\376\377\0003\000.\0002\000.\0002}{subsection.3.2}% 33
\BOOKMARK [3][-]{subsubsection.3.2.3}{\376\377\0003\000.\0002\000.\0004}{subsection.3.2}% 34
\BOOKMARK [3][-]{subsubsection.3.2.4}{\376\377\0003\000.\0002\000.\0005\000\040\000D\000O\000!\000!}{subsection.3.2}% 35
\BOOKMARK [3][-]{subsubsection.3.2.5}{\376\377\0003\000.\0002\000.\0006}{subsection.3.2}% 36
\BOOKMARK [3][-]{subsubsection.3.2.6}{\376\377\0003\000.\0002\000.\0007\000\040\000D\000O\000!\000!}{subsection.3.2}% 37
\BOOKMARK [3][-]{subsubsection.3.2.7}{\376\377\0003\000.\0002\000.\0008}{subsection.3.2}% 38
\BOOKMARK [3][-]{subsubsection.3.2.8}{\376\377\0003\000.\0002\000.\0009\000\040\000D\000O\000!\000!}{subsection.3.2}% 39
\BOOKMARK [3][-]{subsubsection.3.2.9}{\376\377\0003\000.\0002\000.\0001\0000\000\040\000C\000H\000E\000C\000K\000!\000!}{subsection.3.2}% 40
\BOOKMARK [3][-]{subsubsection.3.2.10}{\376\377\0003\000.\0002\000.\0001\0001}{subsection.3.2}% 41
\BOOKMARK [3][-]{subsubsection.3.2.11}{\376\377\0003\000.\0002\000.\0001\0002\000\040\000D\000O\000!\000!}{subsection.3.2}% 42
\BOOKMARK [3][-]{subsubsection.3.2.12}{\376\377\0003\000.\0002\000.\0001\0003}{subsection.3.2}% 43
\BOOKMARK [3][-]{subsubsection.3.2.13}{\376\377\0003\000.\0002\000.\0001\0004\000\040\000D\000O\000!\000!}{subsection.3.2}% 44
\BOOKMARK [3][-]{subsubsection.3.2.14}{\376\377\0003\000.\0002\000.\0001\0005}{subsection.3.2}% 45
\BOOKMARK [3][-]{subsubsection.3.2.15}{\376\377\0003\000.\0002\000.\0001\0006}{subsection.3.2}% 46
\BOOKMARK [2][-]{subsection.3.3}{\376\377\000S\000e\000c\000t\000i\000o\000n\000\040\0003\000.\0003}{section.3}% 47
\BOOKMARK [3][-]{subsubsection.3.3.1}{\376\377\0003\000.\0003\000.\0001\000\040\000D\000O\000!\000!}{subsection.3.3}% 48
\BOOKMARK [3][-]{subsubsection.3.3.2}{\376\377\0003\000.\0003\000.\0002\000\040\000D\000O\000!\000!}{subsection.3.3}% 49
\BOOKMARK [3][-]{subsubsection.3.3.3}{\376\377\0003\000.\0003\000.\0003\000\040\000D\000O\000!\000!}{subsection.3.3}% 50
\BOOKMARK [1][-]{section.4}{\376\377\000C\000h\000a\000p\000t\000e\000r\000\040\0004}{}% 51
\BOOKMARK [2][-]{subsection.4.1}{\376\377\000S\000e\000c\000t\000i\000o\000n\000\040\0004\000.\0001}{section.4}% 52
\BOOKMARK [3][-]{subsubsection.4.1.1}{\376\377\0004\000.\0001\000.\0001}{subsection.4.1}% 53
\BOOKMARK [3][-]{subsubsection.4.1.2}{\376\377\0004\000.\0001\000.\0002}{subsection.4.1}% 54
\BOOKMARK [3][-]{subsubsection.4.1.3}{\376\377\0004\000.\0001\000.\0003\000\040\000D\000O\000!\000!}{subsection.4.1}% 55
\BOOKMARK [3][-]{subsubsection.4.1.4}{\376\377\0004\000.\0001\000.\0004}{subsection.4.1}% 56
\BOOKMARK [3][-]{subsubsection.4.1.5}{\376\377\0004\000.\0001\000.\0005\000\040\000D\000O\000!\000!}{subsection.4.1}% 57
\BOOKMARK [2][-]{subsection.4.2}{\376\377\000S\000e\000c\000t\000i\000o\000n\000\040\0004\000.\0002}{section.4}% 58
\BOOKMARK [3][-]{subsubsection.4.2.1}{\376\377\0004\000.\0002\000.\0001\000\040\000D\000O\000!\000!}{subsection.4.2}% 59
\BOOKMARK [3][-]{subsubsection.4.2.2}{\376\377\0004\000.\0002\000.\0002\000\040\000D\000O\000!\000!}{subsection.4.2}% 60
\BOOKMARK [3][-]{subsubsection.4.2.3}{\376\377\0004\000.\0002\000.\0003\000\040\000D\000O\000!\000!}{subsection.4.2}% 61
\BOOKMARK [3][-]{subsubsection.4.2.4}{\376\377\0004\000.\0002\000.\0004\000\040\000D\000O\000!\000!}{subsection.4.2}% 62
\BOOKMARK [3][-]{subsubsection.4.2.5}{\376\377\0004\000.\0002\000.\0005\000\040\000D\000O\000!\000!}{subsection.4.2}% 63
\BOOKMARK [3][-]{subsubsection.4.2.6}{\376\377\0004\000.\0002\000.\0006}{subsection.4.2}% 64
\BOOKMARK [3][-]{subsubsection.4.2.7}{\376\377\0004\000.\0002\000.\0007\000\040\000D\000O\000!\000!}{subsection.4.2}% 65
\BOOKMARK [3][-]{subsubsection.4.2.8}{\376\377\0004\000.\0002\000.\0008}{subsection.4.2}% 66
\BOOKMARK [3][-]{subsubsection.4.2.9}{\376\377\0004\000.\0002\000.\0009\000\040\000D\000O\000!\000!}{subsection.4.2}% 67
\BOOKMARK [2][-]{subsection.4.3}{\376\377\000S\000e\000c\000t\000i\000o\000n\000\040\0004\000.\0003}{section.4}% 68
\BOOKMARK [3][-]{subsubsection.4.3.1}{\376\377\0004\000.\0003\000.\0001\000\040\000D\000O\000!\000!}{subsection.4.3}% 69
\BOOKMARK [3][-]{subsubsection.4.3.2}{\376\377\0004\000.\0003\000.\0002\000\040\000D\000O\000!\000!}{subsection.4.3}% 70
\BOOKMARK [3][-]{subsubsection.4.3.3}{\376\377\0004\000.\0003\000.\0003\000\040\000D\000O\000!\000!}{subsection.4.3}% 71
\BOOKMARK [3][-]{subsubsection.4.3.4}{\376\377\0004\000.\0003\000.\0004\000\040\000D\000O\000!\000!}{subsection.4.3}% 72
\BOOKMARK [3][-]{subsubsection.4.3.5}{\376\377\0004\000.\0003\000.\0005\000\040\000C\000H\000E\000C\000K\000!\000!}{subsection.4.3}% 73
\BOOKMARK [3][-]{subsubsection.4.3.6}{\376\377\0004\000.\0003\000.\0006}{subsection.4.3}% 74
\BOOKMARK [3][-]{subsubsection.4.3.7}{\376\377\0004\000.\0003\000.\0007\000\040\000D\000O\000!\000!}{subsection.4.3}% 75
\BOOKMARK [3][-]{subsubsection.4.3.8}{\376\377\0004\000.\0003\000.\0008\000\040\000D\000O\000!\000!}{subsection.4.3}% 76
\BOOKMARK [3][-]{subsubsection.4.3.9}{\376\377\0004\000.\0003\000.\0009}{subsection.4.3}% 77
\BOOKMARK [3][-]{subsubsection.4.3.10}{\376\377\0004\000.\0003\000.\0001\0000\000\040\000D\000O\000!\000!}{subsection.4.3}% 78
\BOOKMARK [2][-]{subsection.4.4}{\376\377\000S\000e\000c\000t\000i\000o\000n\000\040\0004\000.\0004}{section.4}% 79
\BOOKMARK [3][-]{subsubsection.4.4.1}{\376\377\0004\000.\0004\000.\0001\000\040\000D\000O\000!\000!}{subsection.4.4}% 80
\BOOKMARK [3][-]{subsubsection.4.4.2}{\376\377\0004\000.\0004\000.\0002}{subsection.4.4}% 81
\BOOKMARK [3][-]{subsubsection.4.4.3}{\376\377\0004\000.\0004\000.\0003\000\040\000A\000S\000K\000\040\000R\000O\000N\000!\000!}{subsection.4.4}% 82
\BOOKMARK [3][-]{subsubsection.4.4.4}{\376\377\0004\000.\0004\000.\0004\000\040\000A\000S\000K\000\040\000R\000O\000N\000!\000!}{subsection.4.4}% 83
\BOOKMARK [3][-]{subsubsection.4.4.5}{\376\377\0004\000.\0004\000.\0005\000\040\000D\000O\000!\000!}{subsection.4.4}% 84
\BOOKMARK [3][-]{subsubsection.4.4.6}{\376\377\0004\000.\0004\000.\0006\000\040\000D\000O\000!\000!}{subsection.4.4}% 85
\BOOKMARK [3][-]{subsubsection.4.4.7}{\376\377\0004\000.\0004\000.\0007\000\040\000D\000O\000!\000!}{subsection.4.4}% 86
\BOOKMARK [3][-]{subsubsection.4.4.8}{\376\377\0004\000.\0004\000.\0008\000\040\000D\000O\000!\000!}{subsection.4.4}% 87
\BOOKMARK [3][-]{subsubsection.4.4.9}{\376\377\0004\000.\0004\000.\0009}{subsection.4.4}% 88
\BOOKMARK [3][-]{subsubsection.4.4.10}{\376\377\0004\000.\0004\000.\0001\0000}{subsection.4.4}% 89
\BOOKMARK [3][-]{subsubsection.4.4.11}{\376\377\0004\000.\0004\000.\0001\0001}{subsection.4.4}% 90
\BOOKMARK [3][-]{subsubsection.4.4.12}{\376\377\0004\000.\0004\000.\0001\0002}{subsection.4.4}% 91
\BOOKMARK [1][-]{section.5}{\376\377\000C\000h\000a\000p\000t\000e\000r\000\040\0005}{}% 92
\BOOKMARK [2][-]{subsection.5.1}{\376\377\000S\000e\000c\000t\000i\000o\000n\000\040\0005\000.\0001}{section.5}% 93
\BOOKMARK [3][-]{subsubsection.5.1.1}{\376\377\0005\000.\0001\000.\0001\000\040\000D\000O\000!\000!}{subsection.5.1}% 94
\BOOKMARK [2][-]{subsection.5.2}{\376\377\000S\000e\000c\000t\000i\000o\000n\000\040\0005\000.\0002}{section.5}% 95
\BOOKMARK [3][-]{subsubsection.5.2.1}{\376\377\0005\000.\0002\000.\0001\000\040\000D\000O\000!\000!}{subsection.5.2}% 96
\BOOKMARK [2][-]{subsection.5.3}{\376\377\000S\000e\000c\000t\000i\000o\000n\000\040\0005\000.\0003}{section.5}% 97
\BOOKMARK [3][-]{subsubsection.5.3.1}{\376\377\0005\000.\0003\000.\0001\000\040\000D\000O\000!\000!}{subsection.5.3}% 98
\BOOKMARK [1][-]{section.6}{\376\377\000C\000h\000a\000p\000t\000e\000r\000\040\0006}{}% 99
\BOOKMARK [2][-]{subsection.6.1}{\376\377\000S\000e\000c\000t\000i\000o\000n\000\040\0006\000.\0001}{section.6}% 100
\BOOKMARK [3][-]{subsubsection.6.1.1}{\376\377\0006\000.\0001\000.\0001}{subsection.6.1}% 101
\BOOKMARK [3][-]{subsubsection.6.1.2}{\376\377\0006\000.\0001\000.\0002\000\040\000D\000O\000!\000!}{subsection.6.1}% 102
\BOOKMARK [3][-]{subsubsection.6.1.3}{\376\377\0006\000.\0001\000.\0003}{subsection.6.1}% 103
\BOOKMARK [1][-]{section.7}{\376\377\000E\000x\000t\000r\000a\000\040\000Q\000u\000e\000s\000t\000i\000o\000n\000s\000\040\000f\000o\000r\000\040\000R\000o\000n}{}% 104
\BOOKMARK [2][-]{subsubsection.7.0.1}{\376\377\0001}{section.7}% 105
\BOOKMARK [3][-]{subsubsection.7.0.2}{\376\377\0002}{subsubsection.7.0.1}% 106
