\BOOKMARK [1][-]{section.1}{Introduction}{}% 1
\BOOKMARK [2][-]{subsection.1.1}{Conventions and Basic Definitions}{section.1}% 2
\BOOKMARK [2][-]{subsection.1.2}{Acknowledgments}{section.1}% 3
\BOOKMARK [1][-]{section.2}{A Brief Review of Toric Geometry}{}% 4
\BOOKMARK [2][-]{subsection.2.1}{The Toric Variety Associated to a Fan}{section.2}% 5
\BOOKMARK [2][-]{subsection.2.2}{Smoothness and Singularities of Toric Varieties}{section.2}% 6
\BOOKMARK [2][-]{subsection.2.3}{Toric Divisors}{section.2}% 7
\BOOKMARK [2][-]{subsection.2.4}{The Toric Variety Associated to a Polytope}{section.2}% 8
\BOOKMARK [2][-]{subsection.2.5}{Cohomology and Duality on Toric Varieties}{section.2}% 9
\BOOKMARK [1][-]{section.3}{Curves on Toric Surfaces}{}% 10
\BOOKMARK [2][-]{subsection.3.1}{Introduction}{section.3}% 11
\BOOKMARK [2][-]{subsection.3.2}{Very General Curves Do Not Lie on Toric Surfaces}{section.3}% 12
\BOOKMARK [2][-]{subsection.3.3}{Polytopes and Laurent Polynomials}{section.3}% 13
\BOOKMARK [2][-]{subsection.3.4}{Baker's Theorem on the Genus for Toric Embeddings}{section.3}% 14
\BOOKMARK [2][-]{subsection.3.5}{The Inverse Situation}{section.3}% 15
\BOOKMARK [1][-]{section.4}{Models of Curves}{}% 16
\BOOKMARK [2][-]{subsection.4.1}{Minimal Models}{section.4}% 17
\BOOKMARK [2][-]{subsection.4.2}{Contracting Exceptional Curves}{section.4}% 18
\BOOKMARK [2][-]{subsection.4.3}{Existence of Minimal Models}{section.4}% 19
\BOOKMARK [2][-]{subsection.4.4}{Normal Crossings Models}{section.4}% 20
\BOOKMARK [2][-]{subsection.4.5}{Structure of the Special Fiber}{section.4}% 21
\BOOKMARK [1][-]{section.5}{Toric Construction of Models}{}% 22
\BOOKMARK [2][-]{subsection.5.1}{Notations and Definitions}{section.5}% 23
\BOOKMARK [2][-]{subsection.5.2}{Main Theorems}{section.5}% 24
\BOOKMARK [1][-]{section.6}{Relationships Between Toric Notions of Regularity}{}% 25
\BOOKMARK [2][-]{subsection.6.1}{Genus One Example}{section.6}% 26
\BOOKMARK [2][-]{subsection.6.2}{Genus Five Example}{section.6}% 27
\BOOKMARK [1][-]{section.7}{Appendix}{}% 28
\BOOKMARK [2][-]{subsection.7.1}{Curves and Genera}{section.7}% 29
\BOOKMARK [2][-]{subsection.7.2}{Extending Rational Maps}{section.7}% 30
\BOOKMARK [2][-]{subsection.7.3}{General Lemmata}{section.7}% 31
\BOOKMARK [2][-]{subsection.7.4}{Reflexive Sheaves}{section.7}% 32
